\BOOKMARK [1][-]{title.1}{SAM Users Manual}{}% 1
\BOOKMARK [1][-]{contents.1}{Contents}{}% 2
\BOOKMARK [1][-]{section.1}{1 Introduction}{}% 3
\BOOKMARK [2][-]{subsection.1.1}{1.1 Version}{section.1}% 4
\BOOKMARK [2][-]{subsection.1.2}{1.2 Citing SAM}{section.1}% 5
\BOOKMARK [2][-]{subsection.1.3}{1.3 Software license}{section.1}% 6
\BOOKMARK [2][-]{subsection.1.4}{1.4 System requirements}{section.1}% 7
\BOOKMARK [2][-]{subsection.1.5}{1.5 Necessary files}{section.1}% 8
\BOOKMARK [2][-]{subsection.1.6}{1.6 Getting help}{section.1}% 9
\BOOKMARK [2][-]{subsection.1.7}{1.7 Technical details}{section.1}% 10
\BOOKMARK [1][-]{section.2}{2 Model overview}{}% 11
\BOOKMARK [2][-]{subsection.2.1}{2.1 Introduction}{section.2}% 12
\BOOKMARK [2][-]{subsection.2.2}{2.2 The population section}{section.2}% 13
\BOOKMARK [2][-]{subsection.2.3}{2.3 The estimation section}{section.2}% 14
\BOOKMARK [2][-]{subsection.2.4}{2.4 The observation section}{section.2}% 15
\BOOKMARK [2][-]{subsection.2.5}{2.5 The report section}{section.2}% 16
\BOOKMARK [1][-]{section.3}{3 Running SAM}{}% 17
\BOOKMARK [2][-]{subsection.3.1}{3.1 Using SAM}{section.3}% 18
\BOOKMARK [2][-]{subsection.3.2}{3.2 The input configuration file}{section.3}% 19
\BOOKMARK [2][-]{subsection.3.3}{3.3 Redirecting standard output}{section.3}% 20
\BOOKMARK [2][-]{subsection.3.4}{3.4 Command line arguments}{section.3}% 21
\BOOKMARK [2][-]{subsection.3.5}{3.5 Constructing an SAM input configuration file}{section.3}% 22
\BOOKMARK [3][-]{subsubsection.3.5.1}{3.5.1 Commands}{subsection.3.5}% 23
\BOOKMARK [3][-]{subsubsection.3.5.2}{3.5.2 Subcommands}{subsection.3.5}% 24
\BOOKMARK [3][-]{subsubsection.3.5.3}{3.5.3 The command-block format}{subsection.3.5}% 25
\BOOKMARK [3][-]{subsubsection.3.5.4}{3.5.4 Commenting out lines}{subsection.3.5}% 26
\BOOKMARK [3][-]{subsubsection.3.5.5}{3.5.5 Determining parameter names}{subsection.3.5}% 27
\BOOKMARK [2][-]{subsection.3.6}{3.6 SAM exit status values}{section.3}% 28
\BOOKMARK [1][-]{section.4}{4 The population section}{}% 29
\BOOKMARK [2][-]{subsection.4.1}{4.1 Introduction}{section.4}% 30
\BOOKMARK [2][-]{subsection.4.2}{4.2 Population structure}{section.4}% 31
\BOOKMARK [2][-]{subsection.4.3}{4.3 The state object and the partition}{section.4}% 32
\BOOKMARK [2][-]{subsection.4.4}{4.4 Time sequences}{section.4}% 33
\BOOKMARK [2][-]{subsection.4.5}{4.5 Time sequences}{section.4}% 34
\BOOKMARK [3][-]{subsubsection.4.5.1}{4.5.1 Annual cycle}{subsection.4.5}% 35
\BOOKMARK [3][-]{subsubsection.4.5.2}{4.5.2 Initialisation}{subsection.4.5}% 36
\BOOKMARK [3][-]{subsubsection.4.5.3}{4.5.3 Model years}{subsection.4.5}% 37
\BOOKMARK [3][-]{subsubsection.4.5.4}{4.5.4 Projections}{subsection.4.5}% 38
\BOOKMARK [2][-]{subsection.4.6}{4.6 Population processes}{section.4}% 39
\BOOKMARK [3][-]{subsubsection.4.6.1}{4.6.1 Recruitment}{subsection.4.6}% 40
\BOOKMARK [3][-]{subsubsection.4.6.2}{4.6.2 Ageing}{subsection.4.6}% 41
\BOOKMARK [3][-]{subsubsection.4.6.3}{4.6.3 Mortality}{subsection.4.6}% 42
\BOOKMARK [3][-]{subsubsection.4.6.4}{4.6.4 Maturation}{subsection.4.6}% 43
\BOOKMARK [3][-]{subsubsection.4.6.5}{4.6.5 Migration}{subsection.4.6}% 44
\BOOKMARK [4][-]{paragraph.4.6.5.1}{4.6.5.1 Tag release events}{subsubsection.4.6.5}% 45
\BOOKMARK [4][-]{paragraph.4.6.5.2}{4.6.5.2 Tag shedding rate}{subsubsection.4.6.5}% 46
\BOOKMARK [2][-]{subsection.4.7}{4.7 Derived quantities}{section.4}% 47
\BOOKMARK [2][-]{subsection.4.8}{4.8 Derived quantities by cell}{section.4}% 48
\BOOKMARK [2][-]{subsection.4.9}{4.9 Size-age relationship}{section.4}% 49
\BOOKMARK [3][-]{paragraph.4.9.0.3}{4.9.0.3 Calculation of size-at-age \(in an age-based model\)}{subsection.4.9}% 50
\BOOKMARK [4][-]{paragraph.4.9.0.4}{4.9.0.4 Interpolation of size-at-age}{paragraph.4.9.0.3}% 51
\BOOKMARK [2][-]{subsection.4.10}{4.10 Size-weight relationship}{section.4}% 52
\BOOKMARK [3][-]{paragraph.4.10.0.5}{4.10.0.5 Calculation of mean weight}{subsection.4.10}% 53
\BOOKMARK [2][-]{subsection.4.11}{4.11 Weightless model}{section.4}% 54
\BOOKMARK [2][-]{subsection.4.12}{4.12 Maturity, in models without maturing in the partition}{section.4}% 55
\BOOKMARK [2][-]{subsection.4.13}{4.13 Selectivities}{section.4}% 56
\BOOKMARK [3][-]{subsubsection.4.13.1}{4.13.1 Constant}{subsection.4.13}% 57
\BOOKMARK [3][-]{subsubsection.4.13.2}{4.13.2 Knife-edge}{subsection.4.13}% 58
\BOOKMARK [3][-]{subsubsection.4.13.3}{4.13.3 All-values}{subsection.4.13}% 59
\BOOKMARK [3][-]{subsubsection.4.13.4}{4.13.4 All-values-bounded}{subsection.4.13}% 60
\BOOKMARK [3][-]{subsubsection.4.13.5}{4.13.5 Increasing}{subsection.4.13}% 61
\BOOKMARK [3][-]{subsubsection.4.13.6}{4.13.6 Logistic}{subsection.4.13}% 62
\BOOKMARK [3][-]{subsubsection.4.13.7}{4.13.7 Inverse logistic}{subsection.4.13}% 63
\BOOKMARK [3][-]{subsubsection.4.13.8}{4.13.8 Logistic producing}{subsection.4.13}% 64
\BOOKMARK [3][-]{subsubsection.4.13.9}{4.13.9 Double-normal}{subsection.4.13}% 65
\BOOKMARK [3][-]{subsubsection.4.13.10}{4.13.10 Double-exponential}{subsection.4.13}% 66
\BOOKMARK [3][-]{subsubsection.4.13.11}{4.13.11 Spline}{subsection.4.13}% 67
\BOOKMARK [1][-]{section.5}{5 The estimation section}{}% 68
\BOOKMARK [2][-]{subsection.5.1}{5.1 Role of the estimation section}{section.5}% 69
\BOOKMARK [2][-]{subsection.5.2}{5.2 The objective function}{section.5}% 70
\BOOKMARK [2][-]{subsection.5.3}{5.3 Specifying the parameters to be estimated}{section.5}% 71
\BOOKMARK [2][-]{subsection.5.4}{5.4 Point estimation}{section.5}% 72
\BOOKMARK [3][-]{subsubsection.5.4.1}{5.4.1 The numerical differences minimiser}{subsection.5.4}% 73
\BOOKMARK [3][-]{subsubsection.5.4.2}{5.4.2 The differential evolution minimiser}{subsection.5.4}% 74
\BOOKMARK [2][-]{subsection.5.5}{5.5 Posterior profiles}{section.5}% 75
\BOOKMARK [2][-]{subsection.5.6}{5.6 Bayesian estimation}{section.5}% 76
\BOOKMARK [2][-]{subsection.5.7}{5.7 Priors}{section.5}% 77
\BOOKMARK [2][-]{subsection.5.8}{5.8 Penalties}{section.5}% 78
\BOOKMARK [1][-]{section.6}{6 The observation section}{}% 79
\BOOKMARK [2][-]{subsection.6.1}{6.1 Observations and likelihoods}{section.6}% 80
\BOOKMARK [2][-]{subsection.6.2}{6.2 Proportions-at-age observations}{section.6}% 81
\BOOKMARK [3][-]{subsubsection.6.2.1}{6.2.1 Likelihoods for proportions-at-age observations}{subsection.6.2}% 82
\BOOKMARK [2][-]{subsection.6.3}{6.3 Proportions-by-category observations}{section.6}% 83
\BOOKMARK [3][-]{subsubsection.6.3.1}{6.3.1 Likelihoods for proportions-by-category observations}{subsection.6.3}% 84
\BOOKMARK [2][-]{subsection.6.4}{6.4 Abundance or biomass observations}{section.6}% 85
\BOOKMARK [3][-]{subsubsection.6.4.1}{6.4.1 Likelihoods for abundance observations}{subsection.6.4}% 86
\BOOKMARK [2][-]{subsection.6.5}{6.5 Process error}{section.6}% 87
\BOOKMARK [2][-]{subsection.6.6}{6.6 Ageing error}{section.6}% 88
\BOOKMARK [2][-]{subsection.6.7}{6.7 Simulating observations}{section.6}% 89
\BOOKMARK [2][-]{subsection.6.8}{6.8 Pseudo-observations}{section.6}% 90
\BOOKMARK [1][-]{section.7}{7 The report section}{}% 91
