\BOOKMARK [1][-]{title.1}{Getting started with CASAL2}{}% 1
\BOOKMARK [1][-]{contents.1}{Contents}{}% 2
\BOOKMARK [1][-]{section.1}{1 Introduction}{}% 3
\BOOKMARK [2][-]{subsection.1.1}{1.1 Version}{section.1}% 4
\BOOKMARK [2][-]{subsection.1.2}{1.2 Citing the Casal2 Getting Started Guide}{section.1}% 5
\BOOKMARK [2][-]{subsection.1.3}{1.3 Software license}{section.1}% 6
\BOOKMARK [2][-]{subsection.1.4}{1.4 System requirements}{section.1}% 7
\BOOKMARK [2][-]{subsection.1.5}{1.5 Necessary files}{section.1}% 8
\BOOKMARK [2][-]{subsection.1.6}{1.6 Getting help}{section.1}% 9
\BOOKMARK [1][-]{section.2}{2 Data Requirements}{}% 10
\BOOKMARK [1][-]{section.3}{3 Where to get Casal2}{}% 11
\BOOKMARK [1][-]{section.4}{4 How it works}{}% 12
\BOOKMARK [1][-]{section.5}{5 Syntax of a CASAL2 file}{}% 13
\BOOKMARK [1][-]{section.6}{6 Components of a model}{}% 14
\BOOKMARK [1][-]{section.7}{7 Examples}{}% 15
\BOOKMARK [2][-]{subsection.7.1}{7.1 Simple Example}{section.7}% 16
\BOOKMARK [1][-]{section.8}{8 Analyses of output}{}% 17
\BOOKMARK [1][-]{section.9}{9 References}{}% 18
\BOOKMARK [1][-]{section.10}{10 Acknowledgements}{}% 19
\BOOKMARK [1][-]{section.11}{11 Index}{}% 20
