-- The C compiler identification is GNU 4.8.5
-- The CXX compiler identification is GNU 4.8.5
-- Check for working C compiler: /usr/bin/cc
-- Check for working C compiler: /usr/bin/cc -- works
-- Detecting C compiler ABI info
-- Detecting C compiler ABI info - done
-- Check for working CXX compiler: /usr/bin/c++
-- Check for working CXX compiler: /usr/bin/c++ -- works
-- Detecting CXX compiler ABI info
-- Detecting CXX compiler ABI info - done
COMPILE_OPTIONS: -O2 -g0 -Wall -Werror -fmessage-length=0 -Wno-unused-local-typedefs -fPIC -std=c++11 -DUSE_AUTODIFF -DUSE_ADOLC
SPECIAL_LIBRARIES: -l:libadolc.a
Third Party Folder: bin/linux/thirdparty/lib/debug/
-- Configuring done
-- Generating done
-- Build files have been written to: /opt/data/CASAL2/BuildSystem/bin/linux/library_adolc
Scanning dependencies of target casal2
[  0%] Building CXX object CMakeFiles/casal2.dir/opt/data/CASAL2/CASAL2/source/AdditionalPriors/AdditionalPrior.cpp.o
[  0%] Building CXX object CMakeFiles/casal2.dir/opt/data/CASAL2/CASAL2/source/AdditionalPriors/Children/Beta.cpp.o
[  1%] Building CXX object CMakeFiles/casal2.dir/opt/data/CASAL2/CASAL2/source/AdditionalPriors/Children/VectorAverage.cpp.o
[  1%] Building CXX object CMakeFiles/casal2.dir/opt/data/CASAL2/CASAL2/source/AdditionalPriors/Children/VectorSmoothing.cpp.o
[  1%] Building CXX object CMakeFiles/casal2.dir/opt/data/CASAL2/CASAL2/source/AdditionalPriors/Factory.cpp.o
[  2%] Building CXX object CMakeFiles/casal2.dir/opt/data/CASAL2/CASAL2/source/AgeLengths/AgeLength.cpp.o
[  2%] Building CXX object CMakeFiles/casal2.dir/opt/data/CASAL2/CASAL2/source/AgeLengths/Children/Data.cpp.o
[  2%] Building CXX object CMakeFiles/casal2.dir/opt/data/CASAL2/CASAL2/source/AgeLengths/Children/None.cpp.o
[  3%] Building CXX object CMakeFiles/casal2.dir/opt/data/CASAL2/CASAL2/source/AgeLengths/Children/Schnute.cpp.o
[  3%] Building CXX object CMakeFiles/casal2.dir/opt/data/CASAL2/CASAL2/source/AgeLengths/Children/VonBertalanffy.cpp.o
[  4%] Building CXX object CMakeFiles/casal2.dir/opt/data/CASAL2/CASAL2/source/AgeLengths/Factory.cpp.o
[  4%] Building CXX object CMakeFiles/casal2.dir/opt/data/CASAL2/CASAL2/source/AgeLengths/Manager.cpp.o
[  4%] Building CXX object CMakeFiles/casal2.dir/opt/data/CASAL2/CASAL2/source/AgeingErrors/AgeingError.cpp.o
[  5%] Building CXX object CMakeFiles/casal2.dir/opt/data/CASAL2/CASAL2/source/AgeingErrors/Children/Data.cpp.o
[  5%] Building CXX object CMakeFiles/casal2.dir/opt/data/CASAL2/CASAL2/source/AgeingErrors/Children/None.cpp.o
[  5%] Building CXX object CMakeFiles/casal2.dir/opt/data/CASAL2/CASAL2/source/AgeingErrors/Children/Normal.cpp.o
[  6%] Building CXX object CMakeFiles/casal2.dir/opt/data/CASAL2/CASAL2/source/AgeingErrors/Children/OffByOne.cpp.o
[  6%] Building CXX object CMakeFiles/casal2.dir/opt/data/CASAL2/CASAL2/source/AgeingErrors/Factory.cpp.o
[  7%] Building CXX object CMakeFiles/casal2.dir/opt/data/CASAL2/CASAL2/source/AgeingErrors/Manager.cpp.o
[  7%] Building CXX object CMakeFiles/casal2.dir/opt/data/CASAL2/CASAL2/source/Asserts/Assert.cpp.o
[  7%] Building CXX object CMakeFiles/casal2.dir/opt/data/CASAL2/CASAL2/source/Asserts/Children/Estimable.cpp.o
[  8%] Building CXX object CMakeFiles/casal2.dir/opt/data/CASAL2/CASAL2/source/Asserts/Children/ObjectiveFunction.cpp.o
[  8%] Building CXX object CMakeFiles/casal2.dir/opt/data/CASAL2/CASAL2/source/Asserts/Factory.cpp.o
[  8%] Building CXX object CMakeFiles/casal2.dir/opt/data/CASAL2/CASAL2/source/BaseClasses/Object.cpp.o
[  9%] Building CXX object CMakeFiles/casal2.dir/opt/data/CASAL2/CASAL2/source/Catchabilities/Catchability.cpp.o
[  9%] Building CXX object CMakeFiles/casal2.dir/opt/data/CASAL2/CASAL2/source/Catchabilities/Children/Free.cpp.o
[ 10%] Building CXX object CMakeFiles/casal2.dir/opt/data/CASAL2/CASAL2/source/Catchabilities/Children/Nuisance.cpp.o
[ 10%] Building CXX object CMakeFiles/casal2.dir/opt/data/CASAL2/CASAL2/source/Catchabilities/Factory.cpp.o
[ 10%] Building CXX object CMakeFiles/casal2.dir/opt/data/CASAL2/CASAL2/source/Catchabilities/Manager.cpp.o
[ 11%] Building CXX object CMakeFiles/casal2.dir/opt/data/CASAL2/CASAL2/source/Categories/Categories.cpp.o
[ 11%] Building CXX object CMakeFiles/casal2.dir/opt/data/CASAL2/CASAL2/source/ConfigurationLoader/EstimableValuesLoader.cpp.o
[ 11%] Building CXX object CMakeFiles/casal2.dir/opt/data/CASAL2/CASAL2/source/ConfigurationLoader/File.cpp.o
[ 12%] Building CXX object CMakeFiles/casal2.dir/opt/data/CASAL2/CASAL2/source/ConfigurationLoader/Loader.cpp.o
[ 12%] Building CXX object CMakeFiles/casal2.dir/opt/data/CASAL2/CASAL2/source/ConfigurationLoader/MCMCObjective.cpp.o
[ 13%] Building CXX object CMakeFiles/casal2.dir/opt/data/CASAL2/CASAL2/source/ConfigurationLoader/MCMCSample.cpp.o
[ 13%] Building CXX object CMakeFiles/casal2.dir/opt/data/CASAL2/CASAL2/source/ConfigurationLoader/MPD.cpp.o
[ 13%] Building CXX object CMakeFiles/casal2.dir/opt/data/CASAL2/CASAL2/source/DerivedQuantities/Children/Abundance.cpp.o
[ 14%] Building CXX object CMakeFiles/casal2.dir/opt/data/CASAL2/CASAL2/source/DerivedQuantities/Children/Biomass.cpp.o
[ 14%] Building CXX object CMakeFiles/casal2.dir/opt/data/CASAL2/CASAL2/source/DerivedQuantities/DerivedQuantity.cpp.o
[ 14%] Building CXX object CMakeFiles/casal2.dir/opt/data/CASAL2/CASAL2/source/DerivedQuantities/Factory.cpp.o
[ 15%] Building CXX object CMakeFiles/casal2.dir/opt/data/CASAL2/CASAL2/source/DerivedQuantities/Manager.cpp.o
[ 15%] Building CXX object CMakeFiles/casal2.dir/opt/data/CASAL2/CASAL2/source/Estimables/Estimables.cpp.o
[ 16%] Building CXX object CMakeFiles/casal2.dir/opt/data/CASAL2/CASAL2/source/EstimateTransformations/Children/AverageDifference.cpp.o
[ 16%] Building CXX object CMakeFiles/casal2.dir/opt/data/CASAL2/CASAL2/source/EstimateTransformations/Children/Inverse.cpp.o
[ 16%] Building CXX object CMakeFiles/casal2.dir/opt/data/CASAL2/CASAL2/source/EstimateTransformations/Children/Log.cpp.o
[ 17%] Building CXX object CMakeFiles/casal2.dir/opt/data/CASAL2/CASAL2/source/EstimateTransformations/Children/LogOdds.cpp.o
[ 17%] Building CXX object CMakeFiles/casal2.dir/opt/data/CASAL2/CASAL2/source/EstimateTransformations/Children/Orthogonal.cpp.o
[ 17%] Building CXX object CMakeFiles/casal2.dir/opt/data/CASAL2/CASAL2/source/EstimateTransformations/Children/Simplex.cpp.o
[ 18%] Building CXX object CMakeFiles/casal2.dir/opt/data/CASAL2/CASAL2/source/EstimateTransformations/Children/SquareRoot.cpp.o
[ 18%] Building CXX object CMakeFiles/casal2.dir/opt/data/CASAL2/CASAL2/source/EstimateTransformations/EstimateTransformation.cpp.o
[ 19%] Building CXX object CMakeFiles/casal2.dir/opt/data/CASAL2/CASAL2/source/EstimateTransformations/Factory.cpp.o
[ 19%] Building CXX object CMakeFiles/casal2.dir/opt/data/CASAL2/CASAL2/source/EstimateTransformations/Manager.cpp.o
[ 19%] Building CXX object CMakeFiles/casal2.dir/opt/data/CASAL2/CASAL2/source/Estimates/Children/Beta.cpp.o
[ 20%] Building CXX object CMakeFiles/casal2.dir/opt/data/CASAL2/CASAL2/source/Estimates/Children/Lognormal.cpp.o
[ 20%] Building CXX object CMakeFiles/casal2.dir/opt/data/CASAL2/CASAL2/source/Estimates/Children/Normal.cpp.o
[ 20%] Building CXX object CMakeFiles/casal2.dir/opt/data/CASAL2/CASAL2/source/Estimates/Children/NormalByStdev.cpp.o
[ 21%] Building CXX object CMakeFiles/casal2.dir/opt/data/CASAL2/CASAL2/source/Estimates/Children/NormalLog.cpp.o
[ 21%] Building CXX object CMakeFiles/casal2.dir/opt/data/CASAL2/CASAL2/source/Estimates/Children/Uniform.cpp.o
[ 22%] Building CXX object CMakeFiles/casal2.dir/opt/data/CASAL2/CASAL2/source/Estimates/Children/UniformLog.cpp.o
[ 22%] Building CXX object CMakeFiles/casal2.dir/opt/data/CASAL2/CASAL2/source/Estimates/Creators/Children/Beta.cpp.o
[ 22%] Building CXX object CMakeFiles/casal2.dir/opt/data/CASAL2/CASAL2/source/Estimates/Creators/Children/Lognormal.cpp.o
[ 23%] Building CXX object CMakeFiles/casal2.dir/opt/data/CASAL2/CASAL2/source/Estimates/Creators/Children/Normal.cpp.o
[ 23%] Building CXX object CMakeFiles/casal2.dir/opt/data/CASAL2/CASAL2/source/Estimates/Creators/Children/NormalByStdev.cpp.o
[ 23%] Building CXX object CMakeFiles/casal2.dir/opt/data/CASAL2/CASAL2/source/Estimates/Creators/Children/NormalLog.cpp.o
[ 24%] Building CXX object CMakeFiles/casal2.dir/opt/data/CASAL2/CASAL2/source/Estimates/Creators/Children/Uniform.cpp.o
[ 24%] Building CXX object CMakeFiles/casal2.dir/opt/data/CASAL2/CASAL2/source/Estimates/Creators/Children/UniformLog.cpp.o
[ 25%] Building CXX object CMakeFiles/casal2.dir/opt/data/CASAL2/CASAL2/source/Estimates/Creators/Creator.cpp.o
[ 25%] Building CXX object CMakeFiles/casal2.dir/opt/data/CASAL2/CASAL2/source/Estimates/Creators/Factory.cpp.o
[ 25%] Building CXX object CMakeFiles/casal2.dir/opt/data/CASAL2/CASAL2/source/Estimates/Estimate.cpp.o
[ 26%] Building CXX object CMakeFiles/casal2.dir/opt/data/CASAL2/CASAL2/source/Estimates/Factory.cpp.o
[ 26%] Building CXX object CMakeFiles/casal2.dir/opt/data/CASAL2/CASAL2/source/Estimates/Manager.cpp.o
[ 26%] Building CXX object CMakeFiles/casal2.dir/opt/data/CASAL2/CASAL2/source/GlobalConfiguration/GlobalConfiguration.cpp.o
[ 27%] Building CXX object CMakeFiles/casal2.dir/opt/data/CASAL2/CASAL2/source/InitialisationPhases/Children/Cinitial.cpp.o
[ 27%] Building CXX object CMakeFiles/casal2.dir/opt/data/CASAL2/CASAL2/source/InitialisationPhases/Children/Derived.cpp.o
[ 28%] Building CXX object CMakeFiles/casal2.dir/opt/data/CASAL2/CASAL2/source/InitialisationPhases/Children/Iterative.cpp.o
[ 28%] Building CXX object CMakeFiles/casal2.dir/opt/data/CASAL2/CASAL2/source/InitialisationPhases/Children/StateCategoryByAge.cpp.o
[ 28%] Building CXX object CMakeFiles/casal2.dir/opt/data/CASAL2/CASAL2/source/InitialisationPhases/Factory.cpp.o
[ 29%] Building CXX object CMakeFiles/casal2.dir/opt/data/CASAL2/CASAL2/source/InitialisationPhases/InitialisationPhase.cpp.o
[ 29%] Building CXX object CMakeFiles/casal2.dir/opt/data/CASAL2/CASAL2/source/InitialisationPhases/Manager.cpp.o
[ 29%] Building CXX object CMakeFiles/casal2.dir/opt/data/CASAL2/CASAL2/source/LengthWeights/Children/Basic.cpp.o
[ 30%] Building CXX object CMakeFiles/casal2.dir/opt/data/CASAL2/CASAL2/source/LengthWeights/Children/None.cpp.o
[ 30%] Building CXX object CMakeFiles/casal2.dir/opt/data/CASAL2/CASAL2/source/LengthWeights/Factory.cpp.o
[ 31%] Building CXX object CMakeFiles/casal2.dir/opt/data/CASAL2/CASAL2/source/LengthWeights/LengthWeight.cpp.o
[ 31%] Building CXX object CMakeFiles/casal2.dir/opt/data/CASAL2/CASAL2/source/LengthWeights/Manager.cpp.o
[ 31%] Building CXX object CMakeFiles/casal2.dir/opt/data/CASAL2/CASAL2/source/Likelihoods/Children/Binomial.cpp.o
[ 32%] Building CXX object CMakeFiles/casal2.dir/opt/data/CASAL2/CASAL2/source/Likelihoods/Children/BinomialApprox.cpp.o
[ 32%] Building CXX object CMakeFiles/casal2.dir/opt/data/CASAL2/CASAL2/source/Likelihoods/Children/Dirichlet.cpp.o
[ 32%] Building CXX object CMakeFiles/casal2.dir/opt/data/CASAL2/CASAL2/source/Likelihoods/Children/LogNormal.cpp.o
[ 33%] Building CXX object CMakeFiles/casal2.dir/opt/data/CASAL2/CASAL2/source/Likelihoods/Children/LogNormalWithQ.cpp.o
[ 33%] Building CXX object CMakeFiles/casal2.dir/opt/data/CASAL2/CASAL2/source/Likelihoods/Children/Multinomial.cpp.o
[ 34%] Building CXX object CMakeFiles/casal2.dir/opt/data/CASAL2/CASAL2/source/Likelihoods/Children/Normal.cpp.o
[ 34%] Building CXX object CMakeFiles/casal2.dir/opt/data/CASAL2/CASAL2/source/Likelihoods/Children/Pseudo.cpp.o
[ 34%] Building CXX object CMakeFiles/casal2.dir/opt/data/CASAL2/CASAL2/source/Likelihoods/Factory.cpp.o
[ 35%] Building CXX object CMakeFiles/casal2.dir/opt/data/CASAL2/CASAL2/source/Likelihoods/Likelihood.cpp.o
[ 35%] Building CXX object CMakeFiles/casal2.dir/opt/data/CASAL2/CASAL2/source/Likelihoods/Manager.cpp.o
[ 35%] Building CXX object CMakeFiles/casal2.dir/opt/data/CASAL2/CASAL2/source/Logging/Logging.cpp.o
[ 36%] Building CXX object CMakeFiles/casal2.dir/opt/data/CASAL2/CASAL2/source/Logging/Record.cpp.o
[ 36%] Building CXX object CMakeFiles/casal2.dir/opt/data/CASAL2/CASAL2/source/MCMCs/Children/IndependenceMetropolis.cpp.o
[ 37%] Building CXX object CMakeFiles/casal2.dir/opt/data/CASAL2/CASAL2/source/MCMCs/Factory.cpp.o
[ 37%] Building CXX object CMakeFiles/casal2.dir/opt/data/CASAL2/CASAL2/source/MCMCs/MCMC.cpp.o
[ 37%] Building CXX object CMakeFiles/casal2.dir/opt/data/CASAL2/CASAL2/source/MCMCs/Manager.cpp.o
[ 38%] Building CXX object CMakeFiles/casal2.dir/opt/data/CASAL2/CASAL2/source/Minimisers/Children/ADOLC.cpp.o
[ 38%] Building CXX object CMakeFiles/casal2.dir/opt/data/CASAL2/CASAL2/source/Minimisers/Children/ADOLC/Callback.cpp.o
[ 38%] Building CXX object CMakeFiles/casal2.dir/opt/data/CASAL2/CASAL2/source/Minimisers/Children/ADOLC/Engine.cpp.o
[ 39%] Building CXX object CMakeFiles/casal2.dir/opt/data/CASAL2/CASAL2/source/Minimisers/Children/ADOLC/FMM.cpp.o
[ 39%] Building CXX object CMakeFiles/casal2.dir/opt/data/CASAL2/CASAL2/source/Minimisers/Children/BetaDiff.cpp.o
[ 40%] Building CXX object CMakeFiles/casal2.dir/opt/data/CASAL2/CASAL2/source/Minimisers/Children/CPPAD.cpp.o
[ 40%] Building CXX object CMakeFiles/casal2.dir/opt/data/CASAL2/CASAL2/source/Minimisers/Children/DESolver.cpp.o
[ 40%] Building CXX object CMakeFiles/casal2.dir/opt/data/CASAL2/CASAL2/source/Minimisers/Children/DESolver/CallBack.cpp.o
[ 41%] Building CXX object CMakeFiles/casal2.dir/opt/data/CASAL2/CASAL2/source/Minimisers/Children/DESolver/Engine.cpp.o
[ 41%] Building CXX object CMakeFiles/casal2.dir/opt/data/CASAL2/CASAL2/source/Minimisers/Children/DLib.cpp.o
[ 41%] Building CXX object CMakeFiles/casal2.dir/opt/data/CASAL2/CASAL2/source/Minimisers/Children/DLib/CallBack.cpp.o
[ 42%] Building CXX object CMakeFiles/casal2.dir/opt/data/CASAL2/CASAL2/source/Minimisers/Children/Dummy/Dummy.cpp.o
[ 42%] Building CXX object CMakeFiles/casal2.dir/opt/data/CASAL2/CASAL2/source/Minimisers/Children/GammaDiff.cpp.o
[ 43%] Building CXX object CMakeFiles/casal2.dir/opt/data/CASAL2/CASAL2/source/Minimisers/Children/GammaDiff/Callback.cpp.o
[ 43%] Building CXX object CMakeFiles/casal2.dir/opt/data/CASAL2/CASAL2/source/Minimisers/Children/GammaDiff/Engine.cpp.o
[ 43%] Building CXX object CMakeFiles/casal2.dir/opt/data/CASAL2/CASAL2/source/Minimisers/Children/GammaDiff/FMM.cpp.o
[ 44%] Building CXX object CMakeFiles/casal2.dir/opt/data/CASAL2/CASAL2/source/Minimisers/Factory.cpp.o
[ 44%] Building CXX object CMakeFiles/casal2.dir/opt/data/CASAL2/CASAL2/source/Minimisers/Manager.cpp.o
[ 44%] Building CXX object CMakeFiles/casal2.dir/opt/data/CASAL2/CASAL2/source/Minimisers/Minimiser.cpp.o
[ 45%] Building CXX object CMakeFiles/casal2.dir/opt/data/CASAL2/CASAL2/source/Model/Factory.cpp.o
[ 45%] Building CXX object CMakeFiles/casal2.dir/opt/data/CASAL2/CASAL2/source/Model/Managers.cpp.o
[ 46%] Building CXX object CMakeFiles/casal2.dir/opt/data/CASAL2/CASAL2/source/Model/Model.cpp.o
[ 46%] Building CXX object CMakeFiles/casal2.dir/opt/data/CASAL2/CASAL2/source/Model/Objects.cpp.o
[ 46%] Building CXX object CMakeFiles/casal2.dir/opt/data/CASAL2/CASAL2/source/ObjectiveFunction/ObjectiveFunction.cpp.o
[ 47%] Building CXX object CMakeFiles/casal2.dir/opt/data/CASAL2/CASAL2/source/Observations/Children/Abundance.cpp.o
[ 47%] Building CXX object CMakeFiles/casal2.dir/opt/data/CASAL2/CASAL2/source/Observations/Children/Abundance/Process.cpp.o
[ 47%] Building CXX object CMakeFiles/casal2.dir/opt/data/CASAL2/CASAL2/source/Observations/Children/Abundance/TimeStep.cpp.o
[ 48%] Building CXX object CMakeFiles/casal2.dir/opt/data/CASAL2/CASAL2/source/Observations/Children/Biomass.cpp.o
[ 48%] Building CXX object CMakeFiles/casal2.dir/opt/data/CASAL2/CASAL2/source/Observations/Children/Biomass/Process.cpp.o
[ 49%] Building CXX object CMakeFiles/casal2.dir/opt/data/CASAL2/CASAL2/source/Observations/Children/Biomass/TimeStep.cpp.o
[ 49%] Building CXX object CMakeFiles/casal2.dir/opt/data/CASAL2/CASAL2/source/Observations/Children/ProcessRemovalsByAge.cpp.o
[ 49%] Building CXX object CMakeFiles/casal2.dir/opt/data/CASAL2/CASAL2/source/Observations/Children/ProcessRemovalsByLength.cpp.o
[ 50%] Building CXX object CMakeFiles/casal2.dir/opt/data/CASAL2/CASAL2/source/Observations/Children/ProportionsAtAge.cpp.o
[ 50%] Building CXX object CMakeFiles/casal2.dir/opt/data/CASAL2/CASAL2/source/Observations/Children/ProportionsAtAge/Process.cpp.o
[ 50%] Building CXX object CMakeFiles/casal2.dir/opt/data/CASAL2/CASAL2/source/Observations/Children/ProportionsAtAge/TimeStep.cpp.o
[ 51%] Building CXX object CMakeFiles/casal2.dir/opt/data/CASAL2/CASAL2/source/Observations/Children/ProportionsAtLength.cpp.o
[ 51%] Building CXX object CMakeFiles/casal2.dir/opt/data/CASAL2/CASAL2/source/Observations/Children/ProportionsAtLength/Process.cpp.o
[ 52%] Building CXX object CMakeFiles/casal2.dir/opt/data/CASAL2/CASAL2/source/Observations/Children/ProportionsAtLength/TimeStep.cpp.o
[ 52%] Building CXX object CMakeFiles/casal2.dir/opt/data/CASAL2/CASAL2/source/Observations/Children/ProportionsByCategory.cpp.o
[ 52%] Building CXX object CMakeFiles/casal2.dir/opt/data/CASAL2/CASAL2/source/Observations/Children/ProportionsByCategory/Process.cpp.o
[ 53%] Building CXX object CMakeFiles/casal2.dir/opt/data/CASAL2/CASAL2/source/Observations/Children/ProportionsByCategory/TimeStep.cpp.o
[ 53%] Building CXX object CMakeFiles/casal2.dir/opt/data/CASAL2/CASAL2/source/Observations/Children/ProportionsMigrating.cpp.o
[ 53%] Building CXX object CMakeFiles/casal2.dir/opt/data/CASAL2/CASAL2/source/Observations/Children/TagRecaptureByAge.cpp.o
[ 54%] Building CXX object CMakeFiles/casal2.dir/opt/data/CASAL2/CASAL2/source/Observations/Children/TagRecaptureByLength.cpp.o
[ 54%] Building CXX object CMakeFiles/casal2.dir/opt/data/CASAL2/CASAL2/source/Observations/Factory.cpp.o
[ 55%] Building CXX object CMakeFiles/casal2.dir/opt/data/CASAL2/CASAL2/source/Observations/Manager.cpp.o
[ 55%] Building CXX object CMakeFiles/casal2.dir/opt/data/CASAL2/CASAL2/source/Observations/Observation.cpp.o
[ 55%] Building CXX object CMakeFiles/casal2.dir/opt/data/CASAL2/CASAL2/source/ParameterList/Parameter.cpp.o
[ 56%] Building CXX object CMakeFiles/casal2.dir/opt/data/CASAL2/CASAL2/source/ParameterList/ParameterList.cpp.o
[ 56%] Building CXX object CMakeFiles/casal2.dir/opt/data/CASAL2/CASAL2/source/ParameterList/Parameters/Bindable.cpp.o
[ 56%] Building CXX object CMakeFiles/casal2.dir/opt/data/CASAL2/CASAL2/source/ParameterList/Parameters/BindableVector.cpp.o
[ 57%] Building CXX object CMakeFiles/casal2.dir/opt/data/CASAL2/CASAL2/source/ParameterList/Table.cpp.o
[ 57%] Building CXX object CMakeFiles/casal2.dir/opt/data/CASAL2/CASAL2/source/Partition/Accessors/All.cpp.o
[ 58%] Building CXX object CMakeFiles/casal2.dir/opt/data/CASAL2/CASAL2/source/Partition/Accessors/Cached/Categories.cpp.o
[ 58%] Building CXX object CMakeFiles/casal2.dir/opt/data/CASAL2/CASAL2/source/Partition/Accessors/Cached/CombinedCategories.cpp.o
[ 58%] Building CXX object CMakeFiles/casal2.dir/opt/data/CASAL2/CASAL2/source/Partition/Accessors/Categories.cpp.o
[ 59%] Building CXX object CMakeFiles/casal2.dir/opt/data/CASAL2/CASAL2/source/Partition/Accessors/CategoriesWithAge.cpp.o
[ 59%] Building CXX object CMakeFiles/casal2.dir/opt/data/CASAL2/CASAL2/source/Partition/Accessors/Category.cpp.o
[ 59%] Building CXX object CMakeFiles/casal2.dir/opt/data/CASAL2/CASAL2/source/Partition/Accessors/CombinedCategories.cpp.o
[ 60%] Building CXX object CMakeFiles/casal2.dir/opt/data/CASAL2/CASAL2/source/Partition/Category.cpp.o
[ 60%] Building CXX object CMakeFiles/casal2.dir/opt/data/CASAL2/CASAL2/source/Partition/Partition.cpp.o
[ 61%] Building CXX object CMakeFiles/casal2.dir/opt/data/CASAL2/CASAL2/source/Penalties/Children/Process.cpp.o
[ 61%] Building CXX object CMakeFiles/casal2.dir/opt/data/CASAL2/CASAL2/source/Penalties/Factory.cpp.o
[ 61%] Building CXX object CMakeFiles/casal2.dir/opt/data/CASAL2/CASAL2/source/Penalties/Manager.cpp.o
[ 62%] Building CXX object CMakeFiles/casal2.dir/opt/data/CASAL2/CASAL2/source/Penalties/Penalty.cpp.o
[ 62%] Building CXX object CMakeFiles/casal2.dir/opt/data/CASAL2/CASAL2/source/Processes/Children/Ageing.cpp.o
[ 62%] Building CXX object CMakeFiles/casal2.dir/opt/data/CASAL2/CASAL2/source/Processes/Children/Maturation.cpp.o
[ 63%] Building CXX object CMakeFiles/casal2.dir/opt/data/CASAL2/CASAL2/source/Processes/Children/MortalityConstantRate.cpp.o
[ 63%] Building CXX object CMakeFiles/casal2.dir/opt/data/CASAL2/CASAL2/source/Processes/Children/MortalityEvent.cpp.o
[ 64%] Building CXX object CMakeFiles/casal2.dir/opt/data/CASAL2/CASAL2/source/Processes/Children/MortalityEventBiomass.cpp.o
[ 64%] Building CXX object CMakeFiles/casal2.dir/opt/data/CASAL2/CASAL2/source/Processes/Children/MortalityHollingRate.cpp.o
[ 64%] Building CXX object CMakeFiles/casal2.dir/opt/data/CASAL2/CASAL2/source/Processes/Children/MortalityInitialisationEvent.cpp.o
[ 65%] Building CXX object CMakeFiles/casal2.dir/opt/data/CASAL2/CASAL2/source/Processes/Children/MortalityInitialisationEventBiomass.cpp.o
[ 65%] Building CXX object CMakeFiles/casal2.dir/opt/data/CASAL2/CASAL2/source/Processes/Children/MortalityInstantaneous.cpp.o
[ 65%] Building CXX object CMakeFiles/casal2.dir/opt/data/CASAL2/CASAL2/source/Processes/Children/MortalityPreySuitability.cpp.o
[ 66%] Building CXX object CMakeFiles/casal2.dir/opt/data/CASAL2/CASAL2/source/Processes/Children/Nop.cpp.o
[ 66%] Building CXX object CMakeFiles/casal2.dir/opt/data/CASAL2/CASAL2/source/Processes/Children/RecruitmentBevertonHolt.cpp.o
[ 67%] Building CXX object CMakeFiles/casal2.dir/opt/data/CASAL2/CASAL2/source/Processes/Children/RecruitmentConstant.cpp.o
[ 67%] Building CXX object CMakeFiles/casal2.dir/opt/data/CASAL2/CASAL2/source/Processes/Children/SurvivalConstantRate.cpp.o
[ 67%] Building CXX object CMakeFiles/casal2.dir/opt/data/CASAL2/CASAL2/source/Processes/Children/TagByAge.cpp.o
[ 68%] Building CXX object CMakeFiles/casal2.dir/opt/data/CASAL2/CASAL2/source/Processes/Children/TagByLength.cpp.o
[ 68%] Building CXX object CMakeFiles/casal2.dir/opt/data/CASAL2/CASAL2/source/Processes/Children/TagLoss.cpp.o
[ 68%] Building CXX object CMakeFiles/casal2.dir/opt/data/CASAL2/CASAL2/source/Processes/Children/TransitionCategory.cpp.o
[ 69%] Building CXX object CMakeFiles/casal2.dir/opt/data/CASAL2/CASAL2/source/Processes/Children/TransitionCategoryByAge.cpp.o
[ 69%] Building CXX object CMakeFiles/casal2.dir/opt/data/CASAL2/CASAL2/source/Processes/Factory.cpp.o
[ 70%] Building CXX object CMakeFiles/casal2.dir/opt/data/CASAL2/CASAL2/source/Processes/Manager.cpp.o
[ 70%] Building CXX object CMakeFiles/casal2.dir/opt/data/CASAL2/CASAL2/source/Processes/Process.cpp.o
[ 70%] Building CXX object CMakeFiles/casal2.dir/opt/data/CASAL2/CASAL2/source/Profiles/Factory.cpp.o
[ 71%] Building CXX object CMakeFiles/casal2.dir/opt/data/CASAL2/CASAL2/source/Profiles/Manager.cpp.o
[ 71%] Building CXX object CMakeFiles/casal2.dir/opt/data/CASAL2/CASAL2/source/Profiles/Profile.cpp.o
[ 71%] Building CXX object CMakeFiles/casal2.dir/opt/data/CASAL2/CASAL2/source/Projects/Children/Constant.cpp.o
[ 72%] Building CXX object CMakeFiles/casal2.dir/opt/data/CASAL2/CASAL2/source/Projects/Children/EmpiricalSampling.cpp.o
/opt/data/CASAL2/CASAL2/source/Projects/Children/EmpiricalSampling.cpp: In member function ‘virtual void niwa::projects::EmpiricalSampling::DoReset()’:
/opt/data/CASAL2/CASAL2/source/Projects/Children/EmpiricalSampling.cpp:63:42: error: ‘result’ may be used uninitialized in this function [-Werror=maybe-uninitialized]
     resampled_years_[project_year] = year;
                                          ^
cc1plus: all warnings being treated as errors
make[2]: *** [CMakeFiles/casal2.dir/opt/data/CASAL2/CASAL2/source/Projects/Children/EmpiricalSampling.cpp.o] Error 1
make[1]: *** [CMakeFiles/casal2.dir/all] Error 2
make: *** [all] Error 2
--> Starting SystemInfo object
-- Configuring for Operating System: linux
-- Searching path for g++
-- g++ found @ /opt/local/bin/
-- Searching path for gfortran
-- gfortran found @ /opt/local/bin/
-- Searching path for bibtex
-- bibtex found @ /usr/bin/
-- Searching path for git
-- git found @ /usr/bin/
-- Searching path for unzip
-- unzip found @ /usr/bin/
-- Searching path for cmake
-- cmake found @ /usr/bin/
-- Overriding the system path with new values
-- New Path: /usr/bin/:/usr/bin/:/usr/bin/:/usr/bin/:/opt/local/bin/:/opt/local/bin/:/opt/data/CASAL2/BuildSystem/bin/linux/release_betadiff:/opt/local/bin:/usr/local/bin:/usr/bin:/usr/local/sbin:/usr/sbin:/home/marshc/.local/bin:/home/marshc/bin:/usr/bin/:/usr/bin/:/usr/bin/:/usr/bin/:/opt/local/bin/:/opt/local/bin/:/opt/data/CASAL2/BuildSystem/bin/linux/release_betadiff
--> Full Version: 5.1.0 (GCC)
--> Compiler Version: 5.1.0
-- Checking for dateutil Python module
-- Checking for datetime Python module
-- Checking for re Python module
-- Checking for distutils Python module
 -- Build target: library
 -- Build parameters: adolc

*************************************************************************
*************************************************************************
--> Starting library Build
--> Starting build of the main code base
--> Build configuration library : adolc
--> Operating System: linux
--> Building Library?: True
--> CMake Compiler: Unix
-- Build CASAL2/source/Version.h with Git log information
--> Target output directory: bin/linux/library_adolc
--> Preparing CMake command
--> CMake command: cmake -G "Unix Makefiles" -DLIBRARY=1 -DADOLC=1 ../../..
--> Build main code base




###### ERROR ######
Error Description:
Failed to build code base. Please see above for build error
###### ERROR ######




--> Finished 
Error Occurred
