CASAL2
Call: casal2 -e 
Date: Fri Aug 11 17:53:40 2017
Version: 2017-08-10 08:24:34 UTC (rev. e2a408b7)
Copyright (c) 2012 - 2017, NIWA (www.niwa.co.nz)
Environment: machine:NIWA-1019128, user:marshc, os:Windows_NT, pid:5016

*Init (initialisation_partition)
year: 1972
time_step: 
values {d}
category 3 4 5 6 7 8 9 10 11 12 13 14 15 16 17 18 19 20 21 22 23 24 25 26 27 28
immature 0.000000 8135435.855081 6370782.250729 4757091.417499 2897403.391955 1191760.671595 311085.473025 41831.688424 2316.221965 54.963980 0.000000 0.000000 0.000000 0.000000 0.000000 0.000000 0.000000 0.000000 0.000000 0.000000 0.000000 0.000000 0.000000 0.000000 0.000000 0.000000
mature 0.000000 0.000000 64351.335866 333102.275254 1128942.212387 1993080.594599 2208125.466025 1950865.348881 1573908.071495 1246739.193277 986214.764624 780096.342529 617056.573736 488092.039961 386081.033107 305390.278720 241563.854060 191077.122143 151142.093458 119553.466992 94566.848604 74802.421710 59168.750744 46802.509659 37020.807147 140112.639905
*end

*Rec (process)
process_type: recruitment_beverton_holt
process: Recruitment
parameters:
age: 3
b0: 82200.8
b0_intialisation_phase: 
categories: immature mature
label: Recruitment
print_report: 0
proportions: 1 0
r0: 1.0285e+007
ssb: SSB
ssb_offset: 4
standardise_ycs_years: 1978 1979 1980 1981 1982 1983 1984 1985 1986 1987 1988 1989 1990 1991 1992 1993 1994 1995 1996 1997 1998 1999 2000 2001 2002 2003 2004 2005 2006 2007 2008 2009 2010 2011 2012
steepness: 0.84
type: recruitment_beverton_holt
Recruits: 10284994.967316398 10284994.967316398 10284994.967316398 10284994.967316398 10284994.967316398 10284651.38774284 5279687.821329698 7187614.9272524174 6692173.9850523528 5211989.6635848656 8818028.8030371051 12441429.112995002 6795466.288720903 5350738.7914308514 4988907.5185890682 6381693.4973526541 7042518.4114402467 6778502.1982649351 8455332.1695579216 8885790.1738792975 10008196.949043442 7186743.7759562852 14627505.357108826 7256609.5094316509 8329196.1619628211 6371966.9554737769 6842893.6853342308 5923239.9898474365 8694644.6844977289 5631414.007459553 9230466.146958394 6141902.0440431824 9724167.8289772552 15567685.979022613 6430712.2535033049 17588093.280649289 10499712.500231834 11228686.385407157 5978825.2111233864 6856978.4551134454 12293580.752672166 21299446.870137729 20270832.56043626 26623314.687188216 14280394.007072467
standardiesed_ycs: 1 1 1 1 1 1 0.51339645482664542 0.69932273151472557 0.65201456189430995 0.50919680532640854 0.86136263877916908 1.2151036004572799 0.66369653213969193 0.52288390514411198 0.4882670239267819 0.626142881681922 0.69291226795996375 0.66850745265933997 0.83497685365770435 0.87787950351521005 0.98998353215229784 0.71305429084686989 1.4575063767601666 0.72605810125591963 0.83624353845345678 0.64106398923311037 0.68881524179234299 0.59599906640422085 0.87439489504010437 0.56547276938461621 0.92483983950776516 0.61493914941045347 0.97444107427810234 1.5636759218444398 0.6477201653939626 1.7759188064340192 1.0621519665207255 1.1372420220485038 0.60547866548645057 0.69385781044966977 1.2397035081580536 2.1365632671015091 2.0233687966140939 2.6453065725726375 1.4144679729353373
true_ycs: 1 1 1 1 1 0.99996659409414879 0.51333888233367753 0.69884476852863631 0.65067353035355946 0.50675665667776193 0.85736831481775044 1.2096679825834926 0.66071653999982494 0.52024709865531293 0.48506659793639095 0.62048581624321308 0.68473717622808017 0.65906713807888317 0.82210367593054068 0.86395668662128799 0.97308719944418398 0.69876006734026419 1.4222180374022577 0.7055530442641601 0.80983959529696381 0.61954011409072918 0.66532785937956618 0.57591083016280287 0.84537179766519321 0.54753687535628648 0.89746919432541483 0.59717112779937043 0.94547132593439887 1.5136308795962974 0.62525186195411742 1.7100731051926263 1.0208767756909716 1.0917541934721033 0.58131532685459397 0.66669730776762792 1.1952928311329893 2.070924384292165 1.9709132211394174 2.5885588443933751 1.3884687403788361
ycs_values: 1 1 1 1 1 1 0.51339645482664542 0.69932273151472557 0.65201456189430995 0.50919680532640854 0.52296702433925402 0.73773702919795747 0.40295618227569996 0.31746331642114645 0.2964460508153488 0.38015588893953706 0.42069420078026898 0.40587708071640655 0.506947179841024 0.53299506039926225 0.60105781078262388 0.43292321246374299 0.88490925713945134 0.44081833552634897 0.50771623383592368 0.38921507825723339 0.41820673558610005 0.3618543970146556 0.53087941799364757 0.34332068543057137 0.56150652127572398 0.37335366387924429 0.59162137532623293 0.94936894991979881 0.39325630373370912 1.0782299253021412 0.64487409636748705 0.69046421268886515 0.36760983322789703 0.42126827669204614 0.75267259750578153 1.2971913150218384 1.2284665146446565 1.60606931905489 0.85877895502595025
ycs_years: 1968 1969 1970 1971 1972 1973 1974 1975 1976 1977 1978 1979 1980 1981 1982 1983 1984 1985 1986 1987 1988 1989 1990 1991 1992 1993 1994 1995 1996 1997 1998 1999 2000 2001 2002 2003 2004 2005 2006 2007 2008 2009 2010 2011 2012
*end

*exploit (process)
process_type: mortality_instantaneous
process: Instantaneou_Mortality
parameters:
categories: immature mature
label: Instantaneou_Mortality
m: 0.234457 0.234457
print_report: 0
selectivities: One One
time_step_ratio: 0.75 0.25
type: mortality_instantaneous
actual_catch[wcsiLLN]: 0 20 40 800 2100 4300 323 360 305 300 400 710 595 302 362 370 291 370 399 364 661 716 860 1032 1121 1077 1021 1069 923 977 810 807 814 871 666 933 1170 1009 1063 1011 976 1045 1411 1358 1160
actual_catch[wcsiTRL]: 0 85 144 401 565 715 300 539 540 492 675 1040 924 1156 1082 1105 1428 1959 2205 2163 1631 1609 1136 1750 1838 1749 1887 2146 2247 2304 2250 1980 2013 1558 1753 1306 1067 1089 1346 1733 1744 1915 1721 1786 1780
catch[wcsiLLN]: 0 20 40 800 2100 4300 323 360 305 300 400 710 595 302 362 370 291 370 399 364 661 716 860 1032 1121 1077 1021 1069 923 977 810 807 814 871 666 933 1170 1009 1063 1011 976 1045 1411 1358 1160
catch[wcsiTRL]: 0 85 144 401 565 715 300 539 540 492 675 1040 924 1156 1082 1105 1428 1959 2205 2163 1631 1609 1136 1750 1838 1749 1887 2146 2247 2304 2250 1980 2013 1558 1753 1306 1067 1089 1346 1733 1744 1915 1721 1786 1780
fishing_pressure[wcsiLLN]: 0 0.00040631687200052327 0.00081380624120117083 0.016316512744633853 0.043601850065889 0.092941380194130369 0.0075506194258760503 0.008379417825199997 0.0070896290501122764 0.0069549589801323518 0.0092488866276570596 0.016486152821330813 0.014096155188384646 0.0073270483514536935 0.0090744631589317285 0.0096759578716820102 0.0079729163256308869 0.010626152762337995 0.012039045025976278 0.01149134541911695 0.021785632374311269 0.024765671815181866 0.03149870869204964 0.039669002232558377 0.045549009415213927 0.045633073604375636 0.044030740799383052 0.04610019286675647 0.039554699162035321 0.041226660679271887 0.033760738780636138 0.033330947907341001 0.033691437300051197 0.036803574995108744 0.028737154622182407 0.041085708972158366 0.052126168610833086 0.04507385714001691 0.046727943101875967 0.043326293076617541 0.04023559418205136 0.040674150778848582 0.051742042460073197 0.047323188843711506 0.038797492845214429
fishing_pressure[wcsiTRL]: 0 0.0013871758266848558 0.0023534839097260297 0.0066301445962071168 0.0096266906354893766 0.012919432341624775 0.0054202386428861635 0.0096945727552999704 0.0097174038920079132 0.0088998721543572107 0.012357494983500422 0.019533030152045404 0.017992342214047313 0.023307213657556353 0.022736704583872783 0.024119004119592131 0.032171250526554451 0.045650049287007104 0.053563132669940658 0.055007277665873155 0.043690406944054919 0.044880730827080523 0.032677543342982195 0.050761623933011202 0.053593411370771886 0.05058449559389773 0.053501562566475487 0.059763715134669854 0.061804416820818581 0.063413398316048392 0.062498613104566787 0.05611824035564425 0.058351350544990042 0.046286568961734435 0.052311087057303272 0.039061028466978669 0.031402406011502522 0.030764120584671015 0.036144893675158184 0.044068261503082344 0.042166139238674148 0.044216430634352794 0.038579437582419038 0.038843725229683587 0.03742922726081252
year: 1972 1973 1974 1975 1976 1977 1978 1979 1980 1981 1982 1983 1984 1985 1986 1987 1988 1989 1990 1991 1992 1993 1994 1995 1996 1997 1998 1999 2000 2001 2002 2003 2004 2005 2006 2007 2008 2009 2010 2011 2012 2013 2014 2015 2016
*end

*summary (estimate_value)
values {d}
process[Recruitment].b0 catchability[wcsiTANq].q catchability[wcsiTRLcpueq].q process[Instantaneou_Mortality].m{immature} selectivity[wcsiTANsel_mature].mu selectivity[wcsiTANsel_mature].sigma_l selectivity[wcsiTANsel_mature].sigma_r observation[wcsiTRLcpue].process_error selectivity[wcsiTANsel_immature].alpha selectivity[wcsiTRLsel].mu selectivity[wcsiTRLsel].sigma_l selectivity[wcsiTRLsel].sigma_r selectivity[wcsiLLNsel].a50 selectivity[wcsiLLNsel].ato95 process[Recruitment].ycs_values{1974} process[Recruitment].ycs_values{1975} process[Recruitment].ycs_values{1976} process[Recruitment].ycs_values{1977} process[Recruitment].ycs_values{1978} process[Recruitment].ycs_values{1979} process[Recruitment].ycs_values{1980} process[Recruitment].ycs_values{1981} process[Recruitment].ycs_values{1982} process[Recruitment].ycs_values{1983} process[Recruitment].ycs_values{1984} process[Recruitment].ycs_values{1985} process[Recruitment].ycs_values{1986} process[Recruitment].ycs_values{1987} process[Recruitment].ycs_values{1988} process[Recruitment].ycs_values{1989} process[Recruitment].ycs_values{1990} process[Recruitment].ycs_values{1991} process[Recruitment].ycs_values{1992} process[Recruitment].ycs_values{1993} process[Recruitment].ycs_values{1994} process[Recruitment].ycs_values{1995} process[Recruitment].ycs_values{1996} process[Recruitment].ycs_values{1997} process[Recruitment].ycs_values{1998} process[Recruitment].ycs_values{1999} process[Recruitment].ycs_values{2000} process[Recruitment].ycs_values{2001} process[Recruitment].ycs_values{2002} process[Recruitment].ycs_values{2003} process[Recruitment].ycs_values{2004} process[Recruitment].ycs_values{2005} process[Recruitment].ycs_values{2006} process[Recruitment].ycs_values{2007} process[Recruitment].ycs_values{2008} process[Recruitment].ycs_values{2009} process[Recruitment].ycs_values{2010} process[Recruitment].ycs_values{2011} process[Recruitment].ycs_values{2012} 
82200.8 0.0770786 2.81364e-005 0.234457 21.43 8.03536 200 0.748815 0.0343201 14.1364 4.37714 11.0247 11.5311 3.45314 0.513396 0.699323 0.652015 0.509197 0.522967 0.737737 0.402956 0.317463 0.296446 0.380156 0.420694 0.405877 0.506947 0.532995 0.601058 0.432923 0.884909 0.440818 0.507716 0.389215 0.418207 0.361854 0.530879 0.343321 0.561507 0.373354 0.591621 0.949369 0.393256 1.07823 0.644874 0.690464 0.36761 0.421268 0.752673 1.29719 1.22847 1.60607 0.858779 
*end

*objective (objective_function)
values {v}
obs->wcsiTANbio-2000 -1.21944
obs->wcsiTANbio-2012 -1.10976
obs->wcsiTANbio-2013 -1.28796
obs->wcsiTANbio-2016 -0.948168
obs->wcsiTRLcpue-1987 6.79697
obs->wcsiTRLcpue-1988 0.66945
obs->wcsiTRLcpue-1989 -0.367204
obs->wcsiTRLcpue-1990 0.070579
obs->wcsiTRLcpue-1991 0.705269
obs->wcsiTRLcpue-1992 -0.0971938
obs->wcsiTRLcpue-1993 -0.395679
obs->wcsiTRLcpue-1994 -0.393473
obs->wcsiTRLcpue-1995 0.50928
obs->wcsiTRLcpue-1996 0.286396
obs->wcsiTRLcpue-1997 0.0170335
obs->wcsiTRLcpue-1998 -0.207544
obs->wcsiTRLcpue-1999 0.0178731
obs->wcsiTRLcpue-2000 -0.383624
obs->wcsiTRLcpue-2001 -0.300432
obs->wcsiTRLcpue-2002 -0.126781
obs->wcsiTRLcpue-2003 -0.1845
obs->wcsiTRLcpue-2004 0.0161617
obs->wcsiTRLcpue-2005 -0.341348
obs->wcsiTRLcpue-2006 -0.335939
obs->wcsiTRLcpue-2007 -0.350308
obs->wcsiTRLcpue-2008 -0.149131
obs->wcsiTRLcpue-2009 -0.0228491
obs->wcsiTRLcpue-2010 -0.397253
obs->wcsiTRLcpue-2011 -0.358392
obs->wcsiTRLcpue-2012 -0.394614
obs->wcsiTRLcpue-2013 -0.329501
obs->wcsiTRLcpue-2014 -0.380726
obs->wcsiTRLcpue-2015 -0.29607
obs->wcsiTRLcpue-2016 -0.0309116
obs->wcsiTRLage-1991 65.7663
obs->wcsiTRLage-1994 50.553
obs->wcsiTRLage-1995 49.0192
obs->wcsiTRLage-1996 41.0321
obs->wcsiTRLage-1997 73.6345
obs->wcsiTRLage-1998 67.1445
obs->wcsiTRLage-1999 48.3437
obs->wcsiTRLage-2000 58.3874
obs->wcsiTRLage-2001 40.7449
obs->wcsiTRLage-2002 51.9394
obs->wcsiTRLage-2003 59.7031
obs->wcsiTRLage-2004 62.3834
obs->wcsiTRLage-2005 53.053
obs->wcsiTRLage-2006 45.3474
obs->wcsiTRLage-2007 35.6917
obs->wcsiTRLage-2008 53.6088
obs->wcsiTRLage-2012 59.4268
obs->wcsiTRLage-2013 52.8312
obs->wcsiTRLage-2014 42.8346
obs->wcsiTRLage-2015 49.5898
obs->wcsiLLNage-2003 6.45819
obs->wcsiLLNage-2006 9.82114
obs->wcsiLLNage-2007 10.9165
obs->wcsiLLNage-2012 13.3546
obs->wcsiLLNage-2015 7.71413
obs->Tangaroa_propn_at_age_Aug-2000 36.0403
obs->Tangaroa_propn_at_age_Aug-2012 39.9285
obs->Tangaroa_propn_at_age_Aug-2013 31.1996
obs->Tangaroa_propn_at_age_Aug-2016 33.2449
prior->B0->process[Recruitment].b0 11.3169
prior->wcsiTANq->catchability[wcsiTANq].q -2.45328
prior->wcsiTRLcpueq->catchability[wcsiTRLcpueq].q -10.4784
prior->M->process[Instantaneou_Mortality].m{immature} 0.949812
prior->wcsiTANsel_mature_mu->selectivity[wcsiTANsel_mature].mu 0
prior->wcsiTANsel_mature_sigma_l->selectivity[wcsiTANsel_mature].sigma_l 0
prior->wcsiTANsel_mature_sigma_r->selectivity[wcsiTANsel_mature].sigma_r 0
prior->process_error->observation[wcsiTRLcpue].process_error 0
prior->wcsiTANsel_immature_alpha->selectivity[wcsiTANsel_immature].alpha 0
prior->wcsiTRLsel_mu->selectivity[wcsiTRLsel].mu 0
prior->wcsiTRLsel_sigma_l->selectivity[wcsiTRLsel].sigma_l 0
prior->wcsiTRLsel_sigma_r->selectivity[wcsiTRLsel].sigma_r 0
prior->wcsiLLNsel_a50->selectivity[wcsiLLNsel].a50 0
prior->wcsiLLNsel_at095->selectivity[wcsiLLNsel].ato95 0
prior->YCS->process[Recruitment].ycs_values{1974} -0.392885
prior->YCS->process[Recruitment].ycs_values{1975} -0.326241
prior->YCS->process[Recruitment].ycs_values{1976} -0.362337
prior->YCS->process[Recruitment].ycs_values{1977} -0.391389
prior->YCS->process[Recruitment].ycs_values{1978} -0.395632
prior->YCS->process[Recruitment].ycs_values{1979} -0.290402
prior->YCS->process[Recruitment].ycs_values{1980} -0.277688
prior->YCS->process[Recruitment].ycs_values{1981} -0.0205535
prior->YCS->process[Recruitment].ycs_values{1982} 0.0796693
prior->YCS->process[Recruitment].ycs_values{1983} -0.228044
prior->YCS->process[Recruitment].ycs_values{1984} -0.308932
prior->YCS->process[Recruitment].ycs_values{1985} -0.283251
prior->YCS->process[Recruitment].ycs_values{1986} -0.390512
prior->YCS->process[Recruitment].ycs_values{1987} -0.397565
prior->YCS->process[Recruitment].ycs_values{1988} -0.388822
prior->YCS->process[Recruitment].ycs_values{1989} -0.327137
prior->YCS->process[Recruitment].ycs_values{1990} -0.114813
prior->YCS->process[Recruitment].ycs_values{1991} -0.337561
prior->YCS->process[Recruitment].ycs_values{1992} -0.390818
prior->YCS->process[Recruitment].ycs_values{1993} -0.249141
prior->YCS->process[Recruitment].ycs_values{1994} -0.304907
prior->YCS->process[Recruitment].ycs_values{1995} -0.179335
prior->YCS->process[Recruitment].ycs_values{1996} -0.397235
prior->YCS->process[Recruitment].ycs_values{1997} -0.120711
prior->YCS->process[Recruitment].ycs_values{1998} -0.398221
prior->YCS->process[Recruitment].ycs_values{1999} -0.210927
prior->YCS->process[Recruitment].ycs_values{2000} -0.392044
prior->YCS->process[Recruitment].ycs_values{2001} -0.0247048
prior->YCS->process[Recruitment].ycs_values{2002} -0.257956
prior->YCS->process[Recruitment].ycs_values{2003} 0.169941
prior->YCS->process[Recruitment].ycs_values{2004} -0.366893
prior->YCS->process[Recruitment].ycs_values{2005} -0.333726
prior->YCS->process[Recruitment].ycs_values{2006} -0.195577
prior->YCS->process[Recruitment].ycs_values{2007} -0.309845
prior->YCS->process[Recruitment].ycs_values{2008} -0.275122
prior->YCS->process[Recruitment].ycs_values{2009} 0.52504
prior->YCS->process[Recruitment].ycs_values{2010} 0.411584
prior->YCS->process[Recruitment].ycs_values{2011} 1.04199
prior->YCS->process[Recruitment].ycs_values{2012} -0.149457
total_score 1240.17
*end

*Tangaroa_propn_at_age_Aug (observation)
observation_type: proportions_at_age
likelihood: multinomial
Comparisons {d}
year category age length observed expected residual error_value process_error adjusted_error score pearsons_residuals
2000 immature+mature 3 0 0.021 0.00612624 0.0148738 85 0 85 9.59903 1.75739
2000 immature+mature 4 0 0.0433 0.0506793 -0.00737932 85 0 85 13.6845 -0.310173
2000 immature+mature 5 0 0.0476 0.0352561 0.0123439 85 0 85 16.7819 0.617079
2000 immature+mature 6 0 0.0355 0.0340679 0.00143215 85 0 85 12.0111 0.0727866
2000 immature+mature 7 0 0.0317 0.0444748 -0.0127748 85 0 85 9.80919 -0.571326
2000 immature+mature 8 0 0.1025 0.0677699 0.0347301 85 0 85 35.6097 1.2739
2000 immature+mature 9 0 0.0608 0.0946649 -0.0338649 85 0 85 17.2598 -1.0665
2000 immature+mature 10 0 0.2001 0.111791 0.0883087 85 0 85 70.7971 2.58376
2000 immature+mature 11 0 0.0944 0.103434 -0.00903436 85 0 85 28.861 -0.273517
2000 immature+mature 12 0 0.0794 0.0878663 -0.0084663 85 0 85 24.4366 -0.275716
2000 immature+mature 13 0 0.1029 0.0750498 0.0278502 85 0 85 34.8844 0.974547
2000 immature+mature 14 0 0.0283 0.0609884 -0.0326884 85 0 85 7.82657 -1.25934
2000 immature+mature 15 0 0.039 0.0473147 -0.00831471 85 0 85 12.315 -0.361064
2000 immature+mature 16 0 0.0194 0.0361514 -0.0167514 85 0 85 5.86951 -0.827359
2000 immature+mature 17 0 0.0247 0.0276812 -0.00298124 85 0 85 8.3178 -0.167537
2000 immature+mature 18 0 0.0115 0.0215803 -0.0100803 85 0 85 3.74031 -0.639578
2000 immature+mature 19 0 0.0196 0.0174294 0.00217064 85 0 85 7.15462 0.152924
2000 immature+mature 20 0 0.0062 0.0146336 -0.00843364 85 0 85 2.10682 -0.647514
2000 immature+mature 21 0 0.0044 0.0124261 -0.00802608 85 0 85 1.52343 -0.667976
2000 immature+mature 22 0 0.0125 0.0103181 0.0021819 85 0 85 4.88739 0.199066
2000 immature+mature 23 0 0.0153 0.0402958 -0.0249958 85 0 85 4.33106 -1.17186
2012 immature+mature 3 0 0.0436 0.00730369 0.0362963 93 0 93 23.208 4.11078
2012 immature+mature 4 0 0.0477 0.0593209 -0.0116209 93 0 93 16.3863 -0.474415
2012 immature+mature 5 0 0.0431 0.0345923 0.00850772 93 0 93 16.675 0.448962
2012 immature+mature 6 0 0.0275 0.0330975 -0.00559755 93 0 93 9.98167 -0.301752
2012 immature+mature 7 0 0.05 0.0559546 -0.00595459 93 0 93 17.6086 -0.24985
2012 immature+mature 8 0 0.0607 0.0876746 -0.0269746 93 0 93 19.6653 -0.919782
2012 immature+mature 9 0 0.0761 0.110266 -0.0341661 93 0 93 24.2858 -1.05193
2012 immature+mature 10 0 0.0962 0.106996 -0.0107956 93 0 93 32.6771 -0.336804
2012 immature+mature 11 0 0.0865 0.100412 -0.0139124 93 0 93 29.19 -0.446405
2012 immature+mature 12 0 0.0718 0.0864143 -0.0146143 93 0 93 24.2322 -0.501594
2012 immature+mature 13 0 0.0601 0.0658592 -0.00575917 93 0 93 21.0275 -0.223917
2012 immature+mature 14 0 0.0544 0.0513331 0.00306694 93 0 93 19.9117 0.134027
2012 immature+mature 15 0 0.0418 0.0416667 0.000133286 93 0 93 15.3642 0.00643238
2012 immature+mature 16 0 0.0372 0.0336209 0.00357906 93 0 93 14.1349 0.191484
2012 immature+mature 17 0 0.0187 0.0266971 -0.0079971 93 0 93 6.76742 -0.478429
2012 immature+mature 18 0 0.045 0.021127 0.023873 93 0 93 19.6028 1.60091
2012 immature+mature 19 0 0.0357 0.0168478 0.0188522 93 0 93 15.7657 1.41261
2012 immature+mature 20 0 0.0266 0.0136498 0.0129502 93 0 93 11.7948 1.07631
2012 immature+mature 21 0 0.0226 0.0111646 0.0114354 93 0 93 10.2367 1.04957
2012 immature+mature 22 0 0.0203 0.00903407 0.0112659 93 0 93 9.4781 1.14825
2012 immature+mature 23 0 0.0345 0.0269677 0.00753233 93 0 93 13.6524 0.44842
2013 immature+mature 3 0 0.0339 0.0116304 0.0222696 79 0 79 13.3312 1.84616
2013 immature+mature 4 0 0.0728 0.0946275 -0.0218275 79 0 79 19.6783 -0.66282
2013 immature+mature 5 0 0.0483 0.0528279 -0.00452788 79 0 79 14.1252 -0.179913
2013 immature+mature 6 0 0.0305 0.0310756 -0.000575608 79 0 79 9.46668 -0.0294839
2013 immature+mature 7 0 0.0435 0.0394721 0.00402789 79 0 79 13.4734 0.183862
2013 immature+mature 8 0 0.0838 0.0691193 0.0146807 79 0 79 25.458 0.514416
2013 immature+mature 9 0 0.1055 0.0964457 0.00905429 79 0 79 30.8197 0.272615
2013 immature+mature 10 0 0.1294 0.107923 0.0214771 79 0 79 38.3892 0.615221
2013 immature+mature 11 0 0.0791 0.0985543 -0.0194543 79 0 79 21.5297 -0.580126
2013 immature+mature 12 0 0.0896 0.0858988 0.00370121 79 0 79 26.0581 0.117399
2013 immature+mature 13 0 0.0721 0.0713088 0.000791225 79 0 79 21.0583 0.0273279
2013 immature+mature 14 0 0.0456 0.0538667 -0.00826668 79 0 79 13.1207 -0.325468
2013 immature+mature 15 0 0.0241 0.0406656 -0.0165656 79 0 79 6.70331 -0.745455
2013 immature+mature 16 0 0.0224 0.0319795 -0.00957951 79 0 79 6.58348 -0.483926
2013 immature+mature 17 0 0.0141 0.0252809 -0.0111809 79 0 79 4.14884 -0.633074
2013 immature+mature 18 0 0.0228 0.0197422 0.00305781 79 0 79 7.58742 0.195369
2013 immature+mature 19 0 0.0225 0.0153665 0.00713345 79 0 79 7.91996 0.515452
2013 immature+mature 20 0 0.0204 0.0120564 0.0083436 79 0 79 7.48646 0.679505
2013 immature+mature 21 0 0.0127 0.00960061 0.00309939 79 0 79 4.66266 0.282511
2013 immature+mature 22 0 0.0107 0.00775006 0.00294994 79 0 79 4.05078 0.298994
2013 immature+mature 23 0 0.0161 0.0248082 -0.00870823 79 0 79 4.83922 -0.497623
2016 immature+mature 3 0 0.029 0.00706652 0.0219335 69 0 69 10.6038 2.17505
2016 immature+mature 4 0 0.073 0.0679486 0.00505141 69 0 69 18.3953 0.166735
2016 immature+mature 5 0 0.0574 0.0904886 -0.0330886 69 0 69 12.6343 -0.958081
2016 immature+mature 6 0 0.0297 0.0750924 -0.0453924 69 0 69 6.04483 -1.43074
2016 immature+mature 7 0 0.0439 0.073837 -0.029937 69 0 69 9.72195 -0.950937
2016 immature+mature 8 0 0.0653 0.0660322 -0.000732245 69 0 69 16.2117 -0.0244927
2016 immature+mature 9 0 0.0712 0.0576808 0.0135192 69 0 69 18.6548 0.481682
2016 immature+mature 10 0 0.0976 0.0621337 0.0354663 69 0 69 26.7059 1.22041
2016 immature+mature 11 0 0.0916 0.0745796 0.0170204 69 0 69 23.5941 0.538165
2016 immature+mature 12 0 0.1253 0.0810072 0.0442928 69 0 69 33.7392 1.34846
2016 immature+mature 13 0 0.0669 0.0769173 -0.0100173 69 0 69 15.9866 -0.312278
2016 immature+mature 14 0 0.0725 0.0650479 0.00745209 69 0 69 18.4617 0.25101
2016 immature+mature 15 0 0.0442 0.0516093 -0.00740926 69 0 69 10.8944 -0.27819
2016 immature+mature 16 0 0.0116 0.0394569 -0.0278569 69 0 69 2.51636 -1.18861
2016 immature+mature 17 0 0.0339 0.0289818 0.0049182 69 0 69 9.31079 0.243531
2016 immature+mature 18 0 0.0129 0.020725 -0.00782502 69 0 69 3.40792 -0.456258
2016 immature+mature 19 0 0.0086 0.0150478 -0.00644783 69 0 69 2.37681 -0.43994
2016 immature+mature 20 0 0.0097 0.0111755 -0.0014755 69 0 69 2.90602 -0.116593
2016 immature+mature 21 0 0.0118 0.00836224 0.00343776 69 0 69 3.82819 0.31359
2016 immature+mature 22 0 0.0072 0.00628053 0.000919475 69 0 69 2.39803 0.0966795
2016 immature+mature 23 0 0.0366 0.020529 0.016071 69 0 69 11.0426 0.941426
*end

*wcsiTRLcpue (observation)
observation_type: biomass
likelihood: lognormal
Comparisons {d}
year category age length observed expected residual error_value process_error adjusted_error score normalised_residuals
1987 immature+mature 0 0 0.08 1.27789 -1.19789 0.09 0.748815 0.754204 6.79697 -3.79364
1988 immature+mature 0 0 0.37 1.23449 -0.864493 0.08 0.748815 0.753077 0.66945 -1.46256
1989 immature+mature 0 0 1.13 1.18752 -0.057523 0.07 0.748815 0.75208 -0.367204 0.260612
1990 immature+mature 0 0 1.74 1.13568 0.604321 0.06 0.748815 0.751215 0.070579 0.972286
1991 immature+mature 0 0 0.32 1.08404 -0.764042 0.07 0.748815 0.75208 0.705269 -1.48757
1992 immature+mature 0 0 0.49 1.03364 -0.543639 0.09 0.748815 0.754204 -0.0971938 -0.776785
1993 immature+mature 0 0 0.76 0.992455 -0.232455 0.1 0.748815 0.755463 -0.395679 -0.0611555
1994 immature+mature 0 0 0.72 0.967072 -0.247072 0.09 0.748815 0.754204 -0.393473 -0.1041
1995 immature+mature 0 0 1.88 0.953113 0.926887 0.08 0.748815 0.753077 0.50928 1.34861
1996 immature+mature 0 0 1.66 0.947499 0.712501 0.08 0.748815 0.753077 0.286396 1.17174
1997 immature+mature 0 0 1.41 0.956386 0.453614 0.07 0.748815 0.75208 0.0170335 0.914546
1998 immature+mature 0 0 1.18 0.974527 0.205473 0.08 0.748815 0.753077 -0.207544 0.620568
1999 immature+mature 0 0 1.46 0.989692 0.470308 0.07 0.748815 0.75208 0.0178731 0.915463
2000 immature+mature 0 0 0.91 1.00086 -0.0908628 0.06 0.748815 0.751215 -0.383624 0.192181
2001 immature+mature 0 0 1.08 0.999067 0.0809327 0.06 0.748815 0.751215 -0.300432 0.450908
2002 immature+mature 0 0 1.3 0.98978 0.31022 0.06 0.748815 0.751215 -0.126781 0.742037
2003 immature+mature 0 0 0.5 0.972133 -0.472133 0.07 0.748815 0.75208 -0.1845 -0.658276
2004 immature+mature 0 0 1.4 0.949709 0.450291 0.06 0.748815 0.751215 0.0161617 0.914606
2005 immature+mature 0 0 0.94 0.931184 0.00881587 0.06 0.748815 0.751215 -0.341348 0.348547
2006 immature+mature 0 0 0.58 0.925251 -0.345251 0.06 0.748815 0.751215 -0.335939 -0.363735
2007 immature+mature 0 0 0.6 0.928022 -0.328022 0.08 0.748815 0.753077 -0.350308 -0.315558
2008 immature+mature 0 0 0.47 0.94597 -0.47597 0.08 0.748815 0.753077 -0.149131 -0.708471
2009 immature+mature 0 0 0.44 0.985935 -0.545935 0.08 0.748815 0.753077 -0.0228491 -0.868617
2010 immature+mature 0 0 0.87 1.03542 -0.165423 0.08 0.748815 0.753077 -0.397253 0.0754169
2011 immature+mature 0 0 1.06 1.09044 -0.0304442 0.07 0.748815 0.75208 -0.358392 0.292478
2012 immature+mature 0 0 0.99 1.14736 -0.157358 0.07 0.748815 0.75208 -0.394614 0.114452
2013 immature+mature 0 0 1.24 1.20014 0.0398635 0.05 0.748815 0.750483 -0.329501 0.383085
2014 immature+mature 0 0 1.14 1.23827 -0.0982718 0.05 0.748815 0.750483 -0.380726 0.210485
2015 immature+mature 0 0 1.39 1.27604 0.113964 0.05 0.748815 0.750483 -0.29607 0.462184
2016 immature+mature 0 0 1.88 1.32068 0.559319 0.05 0.748815 0.750483 -0.0309116 0.862515
*end

*biomass (derived_quantity)
SSB {L} 
derived_type: biomass 
B0: 82200.8
Initial_phase_0: 0 6.32683e-006 5.36507e-005 0.000272317 0.000775511 0.00147673 0.00223378 0.00296252 0.00363764 0.00425171 0.00480218 0.00528947 0.00571614 0.00608616 0.00640436 0.00667595 0.0069062 0.00710026 0.00726293 0.00739863 0.00751135 0.00760461 0.00768149 0.00774466 0.00779642 0.00783736 0.00799231 82200.8 
values {v}
1972 82200.8
1973 82143.2
1974 82007.7
1975 81036.9
1976 78790.7
1977 74652
1978 74875.4
1979 75113
1980 75088.8
1981 74293.4
1982 72197.4
1983 68991.7
1984 65722.8
1985 63192.6
1986 61859.3
1987 61416.4
1988 60236.4
1989 57499.7
1990 54042
1991 51046.6
1992 48793.1
1993 47526.6
1994 47205.5
1995 47446.5
1996 47764.3
1997 48699.9
1998 50108.7
1999 50590.5
2000 50017.2
2001 48515.5
2002 46847.9
2003 45450.1
2004 44455.6
2005 43841.3
2006 43889.6
2007 44300.8
2008 46173.8
2009 49352
2010 52729.6
2011 56287.6
2012 59000.3
2013 59984.6
2014 59065.7
2015 58577.9
2016 61070
2017 0
2018 0
2019 0
2020 0
2021 0
end {L}
*end

*wcsiLLNsel (selectivity)
a50: 11.5311 
alpha: 1 
ato95: 3.45314 
intervals: 5 
label: wcsiLLNsel 
length_based: 0 
type: logistic 
Values {v}
3 0.000692604
4 0.00162329
5 0.00379983
6 0.00886878
7 0.0205602
8 0.046934
9 0.103562
10 0.213228
11 0.388673
12 0.598638
13 0.777728
14 0.891404
15 0.950633
16 0.978343
17 0.990652
18 0.995994
19 0.998288
20 0.99927
21 0.999689
22 0.999867
23 0.999943
24 0.999976
25 0.99999
26 0.999996
27 0.999998
28 0.999999
*end

Total elapsed time: 32 seconds
Completed
