Casal2
Call: ..\..\BuildSystem\Casal2\casal2 -M MPD.dat -g 0 
Date: Wed May 18 15:57:39 2022
Seed: 123
Version: v22.05 (2022-05-18)
Copyright (c) 2017-2022, NIWA (www.niwa.co.nz)
Environment: User=alist Machine=QUIET-5950X OS=Windows_NT PID=12308


*info[messages_encountered]
Values {string}
Setting the random number seed to 0
Estimable parameters were loaded from the free parameter file: 
Creating default report for catchability CSacous
Creating default report for catchability WCacous
Creating default report for catchability CRsum
Creating default report for catchability SAsum
Creating default report for catchability SAaut
Creating default report for derived quantity SSB_E
Creating default report for derived quantity SSB_W
Creating default report for addressable transformations log_sum_b0
Creating default report for observation CSacous
Creating default report for observation WCacous
Creating default report for observation CRsumbio
Creating default report for observation SAsumbio
Creating default report for observation SAautbio
Creating default report for observation Espage
Creating default report for observation Wspage
Creating default report for observation EnspOLF
Creating default report for observation Enspage
Creating default report for observation WnspOLF
Creating default report for observation Wnspage
Creating default report for observation CRsumage
Creating default report for observation SAsumage
Creating default report for observation SAautage
Creating default report for observation pspawn_1993
Creating default report for observation pspawn
Creating default report for process Ageing
Creating default report for process Ertn
Creating default report for process Wrtn
Creating default report for process Whome
Creating default report for process Espmg
Creating default report for process Wspmg
Creating default report for process recruit_W
Creating default report for process recruit_E
Creating default report for process Instant_mortality
Creating default report for selectivity M_male
Creating default report for selectivity M_female
skipping the default report for Enspsl this is a length based selectivity. Create a seperate report for this
skipping the default report for Wnspsl this is a length based selectivity. Create a seperate report for this
skipping the default report for Espsl this is a length based selectivity. Create a seperate report for this
skipping the default report for Wspsl this is a length based selectivity. Create a seperate report for this
skipping the default report for CRsl this is a length based selectivity. Create a seperate report for this
skipping the default report for SAsl this is a length based selectivity. Create a seperate report for this
Creating default report for selectivity sel_Whome
Creating default report for selectivity sel_Espmg_Male
Creating default report for selectivity sel_Espmg_Female
Creating default report for selectivity sel_Wspmg_Male
Creating default report for selectivity sel_Wspmg_Female
Creating default report for selectivity One
Creating default report for selectivity Point5
The filename for the report 'objectives' has been modified to objectives.1 as the write_mode is incremental_suffix
The filename for the report 'samples' has been modified to samples.1 as the write_mode is incremental_suffix
Initiating MCMC run mode
Loading MPD from file MPD.dat
Beginning MCMC iterations
Starting MCMC random_walk
Adapting step_size from 0.02 to 0.0625 after 1000 iterations
Adapting step_size from 0.0625 to 0.0929688 after 2000 iterations
MCMC execution complete
*end

*warnings[messages_encountered]
Values {string}
obs sum total (1) for year (1989) doesn't sum to 1.0
obs sum total (1) for year (1990) doesn't sum to 1.0
obs sum total (0.999999) for year (1991) doesn't sum to 1.0
obs sum total (1) for year (1994) doesn't sum to 1.0
obs sum total (1) for year (1995) doesn't sum to 1.0
obs sum total (1) for year (1996) doesn't sum to 1.0
obs sum total (1) for year (1998) doesn't sum to 1.0
obs sum total (1) for year (1999) doesn't sum to 1.0
obs sum total (0.999999) for year (2001) doesn't sum to 1.0
obs sum total (1) for year (2002) doesn't sum to 1.0
obs sum total (1) for year (2003) doesn't sum to 1.0
obs sum total (0.999998) for year (2004) doesn't sum to 1.0
obs sum total (0.999998) for year (2005) doesn't sum to 1.0
obs sum total (1) for year (2006) doesn't sum to 1.0
obs sum total (1) for year (2007) doesn't sum to 1.0
obs sum total (1) for year (2008) doesn't sum to 1.0
obs sum total (1) for year (2009) doesn't sum to 1.0
obs sum total (1) for year (2010) doesn't sum to 1.0
obs sum total (1) for year (2015) doesn't sum to 1.0
obs sum total (1) for year (1988) doesn't sum to 1.0
obs sum total (0.999999) for year (1989) doesn't sum to 1.0
obs sum total (0.999998) for year (1990) doesn't sum to 1.0
obs sum total (1) for year (1991) doesn't sum to 1.0
obs sum total (0.999999) for year (1992) doesn't sum to 1.0
obs sum total (1) for year (1998) doesn't sum to 1.0
obs sum total (1) for year (1999) doesn't sum to 1.0
obs sum total (1) for year (2000) doesn't sum to 1.0
obs sum total (1) for year (2002) doesn't sum to 1.0
obs sum total (0.999999) for year (2003) doesn't sum to 1.0
obs sum total (1) for year (2004) doesn't sum to 1.0
obs sum total (1) for year (2005) doesn't sum to 1.0
obs sum total (0.999999) for year (2006) doesn't sum to 1.0
obs sum total (1) for year (2007) doesn't sum to 1.0
obs sum total (1) for year (2008) doesn't sum to 1.0
obs sum total (1) for year (2009) doesn't sum to 1.0
obs sum total (0.999999) for year (2011) doesn't sum to 1.0
obs sum total (1) for year (2014) doesn't sum to 1.0
obs sum total (1) for year (2015) doesn't sum to 1.0
obs sum total (1) for year (1998) doesn't sum to 1.0
obs sum total (0.999999) for year (1999) doesn't sum to 1.0
obs sum total (0.999999) for year (2000) doesn't sum to 1.0
obs sum total (0.999999) for year (2001) doesn't sum to 1.0
obs sum total (1) for year (2003) doesn't sum to 1.0
obs sum total (1) for year (2004) doesn't sum to 1.0
obs sum total (0.999999) for year (2007) doesn't sum to 1.0
obs sum total (1) for year (2009) doesn't sum to 1.0
obs sum total (1) for year (2010) doesn't sum to 1.0
obs sum total (1) for year (2011) doesn't sum to 1.0
obs sum total (1) for year (2012) doesn't sum to 1.0
obs sum total (1) for year (2014) doesn't sum to 1.0
obs sum total (1) for year (2015) doesn't sum to 1.0
obs sum total (1) for year (1993) doesn't sum to 1.0
obs sum total (1) for year (1996) doesn't sum to 1.0
obs sum total (0.999999) for year (1999) doesn't sum to 1.0
obs sum total (0.999999) for year (2001) doesn't sum to 1.0
obs sum total (0.999999) for year (2003) doesn't sum to 1.0
obs sum total (1) for year (2004) doesn't sum to 1.0
obs sum total (0.999997) for year (2006) doesn't sum to 1.0
obs sum total (0.999999) for year (2009) doesn't sum to 1.0
obs sum total (1) for year (2010) doesn't sum to 1.0
obs sum total (1) for year (2011) doesn't sum to 1.0
obs sum total (1) for year (2012) doesn't sum to 1.0
obs sum total (1) for year (2013) doesn't sum to 1.0
obs sum total (1) for year (1992) doesn't sum to 1.0
obs sum total (0.999998) for year (1994) doesn't sum to 1.0
obs sum total (0.999999) for year (1995) doesn't sum to 1.0
obs sum total (0.999999) for year (1999) doesn't sum to 1.0
obs sum total (0.999999) for year (2004) doesn't sum to 1.0
obs sum total (1) for year (2005) doesn't sum to 1.0
obs sum total (0.999999) for year (2006) doesn't sum to 1.0
obs sum total (1) for year (2007) doesn't sum to 1.0
obs sum total (0.999999) for year (2010) doesn't sum to 1.0
obs sum total (0.999996) for year (2012) doesn't sum to 1.0
obs sum total (1) for year (2013) doesn't sum to 1.0
obs sum total (0.999999) for year (2014) doesn't sum to 1.0
obs sum total (0.999999) for year (2016) doesn't sum to 1.0
obs sum total (0.999999) for year (1992) doesn't sum to 1.0
obs sum total (0.999998) for year (1993) doesn't sum to 1.0
obs sum total (0.999999) for year (2001) doesn't sum to 1.0
obs sum total (0.999998) for year (2004) doesn't sum to 1.0
obs sum total (1) for year (2006) doesn't sum to 1.0
obs sum total (0.999999) for year (2007) doesn't sum to 1.0
obs sum total (1) for year (2009) doesn't sum to 1.0
obs sum total (1) for year (2012) doesn't sum to 1.0
obs sum total (0.999999) for year (2013) doesn't sum to 1.0
obs sum total (1) for year (1998) doesn't sum to 1.0
Estimates were removed because of matching lower and upper bounds. Originally had 150 estimates, now have 149
*end

