* using log directory ‘/home/amart/work/projects/CASAL2/dev/casal2-development/R-libraries/casal2.Rcheck’
* using R version 3.6.0 (2019-04-26)
* using platform: x86_64-redhat-linux-gnu (64-bit)
* using session charset: UTF-8
* checking for file ‘casal2/DESCRIPTION’ ... OK
* this is package ‘casal2’ version ‘1.0’
* checking package namespace information ... OK
* checking package dependencies ... OK
* checking if this is a source package ... OK
* checking if there is a namespace ... OK
* checking for executable files ... OK
* checking for hidden files and directories ... OK
* checking for portable file names ... OK
* checking for sufficient/correct file permissions ... OK
* checking whether package ‘casal2’ can be installed ... OK
* checking installed package size ... OK
* checking package directory ... OK
* checking DESCRIPTION meta-information ... WARNING
Non-standard license specification:
  CPL v1.0. See the CASAL2 User Manual for license details.
Standardizable: FALSE
Checking should be performed on sources prepared by ‘R CMD build’.
* checking top-level files ... OK
* checking for left-over files ... OK
* checking index information ... OK
* checking package subdirectories ... OK
* checking R files for non-ASCII characters ... OK
* checking R files for syntax errors ... OK
* checking whether the package can be loaded ... OK
* checking whether the package can be loaded with stated dependencies ... OK
* checking whether the package can be unloaded cleanly ... OK
* checking whether the namespace can be loaded with stated dependencies ... OK
* checking whether the namespace can be unloaded cleanly ... OK
* checking loading without being on the library search path ... OK
* checking dependencies in R code ... OK
* checking S3 generic/method consistency ... WARNING
plot.fits:
  function(model, report_label, plot.it, xlim, ylim, xlab, ylab, main,
           col, ...)
plot.fits.casal2MPD:
  function(model, report_label, type, plot.it, xlim, ylim, xlab, ylab,
           main, col, ...)

plot.fits:
  function(model, report_label, plot.it, xlim, ylim, xlab, ylab, main,
           col, ...)
plot.fits.casal2TAB:
  function(model, report_label, type, plot.it, xlim, ylim, xlab, ylab,
           main, col, ...)

summary:
  function(object, ...)
summary.casal2MCMC:
  function(model)

summary:
  function(object, ...)
summary.casal2MPD:
  function(model)

plot:
  function(x, ...)
plot.derived_quantities:
  function(model, report_label, type, xlim, ylim, xlab, ylab, main,
           col, plot.it, ...)

plot:
  function(x, ...)
plot.fits:
  function(model, report_label, plot.it, xlim, ylim, xlab, ylab, main,
           col, ...)

plot:
  function(x, ...)
plot.pressure:
  function(model, report_label, xlim, ylim, xlab, ylab, main, col,
           plot.it, ...)

plot:
  function(x, ...)
plot.recruitment:
  function(model, report_label, xlim, ylim, xlab, ylab, main, col, ...)

plot:
  function(x, ...)
plot.ycs:
  function(model, report_label, xlim, ylim, xlab, ylab, main, col,
           plot.it, ...)

See section ‘Generic functions and methods’ in the ‘Writing R
Extensions’ manual.

Found the following apparent S3 methods exported but not registered:
  plot.derived_quantities plot.fits plot.pressure plot.recruitment
  plot.ycs
See section ‘Registering S3 methods’ in the ‘Writing R Extensions’
manual.
* checking replacement functions ... OK
* checking foreign function calls ... OK
* checking R code for possible problems ... NOTE
extract.parameters: warning in gsub(pattern = "\t", replace = " ", x =
  file[1], fixed = TRUE): partial argument match of 'replace' to
  'replacement'
CV.for.CPUE : CV.for.lognormal.error: no visible global function
  definition for ‘optimize’
CV.for.CPUE: no visible global function definition for ‘lowess’
CV.for.CPUE: no visible global function definition for ‘plot’
CV.for.CPUE: no visible global function definition for ‘lines’
Method.TA1.8: no visible global function definition for ‘var’
Method.TA1.8: no visible global function definition for ‘plot’
Method.TA1.8: no visible global function definition for ‘points’
Method.TA1.8: no visible global function definition for ‘segments’
Method.TA1.8: no visible global function definition for ‘lines’
Rlnorm: no visible global function definition for ‘rnorm’
extract.mcmc: no visible global function definition for ‘read.table’
extract.tabular: no visible global function definition for ‘read.table’
generate.starting.pars: no visible global function definition for
  ‘runif’
generate.starting.pars: no visible global function definition for
  ‘rnorm’
make.list: no visible binding for global variable ‘curent_no’
make.list: no visible global function definition for
  ‘make.data_frame_with_row_labs’
plot.derived_quantities.casal2MPD: no visible global function
  definition for ‘par’
plot.derived_quantities.casal2MPD: no visible global function
  definition for ‘quantile’
plot.derived_quantities.casal2MPD: no visible global function
  definition for ‘plot’
plot.derived_quantities.casal2MPD: no visible global function
  definition for ‘palette’
plot.derived_quantities.casal2MPD: no visible global function
  definition for ‘gray’
plot.derived_quantities.casal2MPD: no visible global function
  definition for ‘lines’
plot.derived_quantities.casal2MPD: no visible global function
  definition for ‘legend’
plot.derived_quantities.casal2TAB: no visible global function
  definition for ‘par’
plot.derived_quantities.casal2TAB: no visible binding for global
  variable ‘quantile’
plot.derived_quantities.casal2TAB: no visible global function
  definition for ‘plot’
plot.derived_quantities.casal2TAB: no visible global function
  definition for ‘polygon’
plot.derived_quantities.casal2TAB: no visible global function
  definition for ‘lines’
plot.fits.casal2MPD: no visible global function definition for ‘plot’
plot.fits.casal2MPD: no visible global function definition for
  ‘segments’
plot.fits.casal2MPD: no visible global function definition for ‘points’
plot.fits.casal2TAB: no visible global function definition for
  ‘boxplot’
plot.fits.casal2TAB: no visible global function definition for ‘abline’
plot.fits.casal2TAB: no visible global function definition for ‘par’
plot.pressure.casal2MPD: no visible global function definition for
  ‘palette’
plot.pressure.casal2MPD: no visible global function definition for
  ‘gray’
plot.pressure.casal2MPD: no visible global function definition for
  ‘quantile’
plot.pressure.casal2MPD: no visible global function definition for
  ‘plot’
plot.pressure.casal2MPD: no visible global function definition for
  ‘lines’
plot.pressure.casal2MPD: no visible global function definition for
  ‘legend’
plot.pressure.casal2TAB: no visible global function definition for
  ‘par’
plot.pressure.casal2TAB: no visible binding for global variable
  ‘quantile’
plot.pressure.casal2TAB: no visible global function definition for
  ‘plot’
plot.pressure.casal2TAB: no visible global function definition for
  ‘polygon’
plot.pressure.casal2TAB: no visible global function definition for
  ‘lines’
plot.recruitment.casal2MPD: no visible global function definition for
  ‘quantile’
plot.recruitment.casal2MPD: no visible global function definition for
  ‘plot’
plot.recruitment.casal2MPD: no visible global function definition for
  ‘lines’
plot.recruitment.casal2MPD: no visible global function definition for
  ‘abline’
plot.recruitment.casal2MPD: no visible binding for global variable
  ‘plot.it’
plot.recruitment.casal2TAB: no visible binding for global variable
  ‘plot.it’
plot.recruitment.casal2TAB: no visible binding for global variable
  ‘quantile’
plot.recruitment.casal2TAB: no visible global function definition for
  ‘plot’
plot.recruitment.casal2TAB: no visible global function definition for
  ‘polygon’
plot.recruitment.casal2TAB: no visible global function definition for
  ‘lines’
plot.recruitment.casal2TAB: no visible global function definition for
  ‘abline’
plot.ycs.casal2MPD: no visible global function definition for
  ‘quantile’
plot.ycs.casal2MPD: no visible global function definition for ‘plot’
plot.ycs.casal2MPD: no visible global function definition for ‘abline’
plot.ycs.casal2TAB: no visible binding for global variable ‘quantile’
plot.ycs.casal2TAB: no visible global function definition for ‘plot’
plot.ycs.casal2TAB: no visible global function definition for ‘polygon’
plot.ycs.casal2TAB: no visible global function definition for ‘lines’
plot.ycs.casal2TAB: no visible global function definition for ‘abline’
summary.casal2MCMC: no visible global function definition for ‘plot’
summary.casal2MPD: no visible global function definition for
  ‘summarise_estimate_values’
Undefined global functions or variables:
  abline boxplot curent_no gray legend lines lowess
  make.data_frame_with_row_labs optimize palette par plot plot.it
  points polygon quantile read.table rnorm runif segments
  summarise_estimate_values var
Consider adding
  importFrom("grDevices", "gray", "palette")
  importFrom("graphics", "abline", "boxplot", "legend", "lines", "par",
             "plot", "points", "polygon", "segments")
  importFrom("stats", "lowess", "optimize", "quantile", "rnorm", "runif",
             "var")
  importFrom("utils", "read.table")
to your NAMESPACE file.
* checking Rd files ... OK
* checking Rd metadata ... OK
* checking Rd cross-references ... OK
* checking for missing documentation entries ... WARNING
Undocumented code objects:
  ‘summary’
All user-level objects in a package should have documentation entries.
See chapter ‘Writing R documentation files’ in the ‘Writing R
Extensions’ manual.
* checking for code/documentation mismatches ... OK
* checking Rd \usage sections ... WARNING
Undocumented arguments in documentation object 'check_mpd_identifiability'
  ‘cas2_mod’ ‘delta’
Documented arguments not in \usage in documentation object 'check_mpd_identifiability':
  ‘model’

Undocumented arguments in documentation object 'check_short_hand'
  ‘x’

Undocumented arguments in documentation object 'mpd_derived_quantity'
  ‘report_list’

Undocumented arguments in documentation object 'plot.derived_quantities'
  ‘xlim’ ‘ylim’ ‘xlab’ ‘ylab’ ‘main’ ‘col’

Undocumented arguments in documentation object 'plot.fits'
  ‘xlim’ ‘ylim’ ‘xlab’ ‘ylab’ ‘main’ ‘col’

Undocumented arguments in documentation object 'plot.pressure'
  ‘xlim’ ‘ylim’ ‘xlab’ ‘ylab’ ‘main’ ‘col’

Undocumented arguments in documentation object 'plot.recruitment'
  ‘xlim’ ‘ylim’ ‘xlab’ ‘ylab’ ‘main’ ‘col’

Undocumented arguments in documentation object 'plot.ycs'
  ‘xlim’ ‘ylim’ ‘xlab’ ‘ylab’ ‘main’ ‘col’

Functions with \usage entries need to have the appropriate \alias
entries, and all their arguments documented.
The \usage entries must correspond to syntactically valid R code.
See chapter ‘Writing R documentation files’ in the ‘Writing R
Extensions’ manual.
S3 methods shown with full name in documentation object 'plot.derived_quantities':
  ‘plot.derived_quantities’

S3 methods shown with full name in documentation object 'plot.fits':
  ‘plot.fits’

S3 methods shown with full name in documentation object 'plot.pressure':
  ‘plot.pressure’

S3 methods shown with full name in documentation object 'plot.recruitment':
  ‘plot.recruitment’

S3 methods shown with full name in documentation object 'plot.ycs':
  ‘plot.ycs’

The \usage entries for S3 methods should use the \method markup and not
their full name.
See chapter ‘Writing R documentation files’ in the ‘Writing R
Extensions’ manual.
* checking Rd contents ... OK
* checking for unstated dependencies in examples ... OK
* checking examples ... OK
* checking PDF version of manual ... OK
* DONE
Status: 4 WARNINGs, 1 NOTE
