Hmm ... looks like a package

This is pdfTeX, Version 3.1415926-2.5-1.40.14 (TeX Live 2013)
 restricted \write18 enabled.
entering extended mode
LaTeX2e <2011/06/27>
Babel <v3.8m> and hyphenation patterns for english, dumylang, nohyphenation, lo
aded.
(./Rd2.tex
(/usr/share/texlive/texmf-dist/tex/latex/base/book.cls
Document Class: book 2007/10/19 v1.4h Standard LaTeX document class
(/usr/share/texlive/texmf-dist/tex/latex/base/bk10.clo))
(/usr/share/R/texmf/tex/latex/Rd.sty
(/usr/share/texlive/texmf-dist/tex/latex/base/ifthen.sty)
(/usr/share/texlive/texmf-dist/tex/latex/tools/longtable.sty)
(/usr/share/texlive/texmf-dist/tex/latex/tools/bm.sty)
(/usr/share/texlive/texmf-dist/tex/latex/base/alltt.sty)
(/usr/share/texlive/texmf-dist/tex/latex/tools/verbatim.sty)
(/usr/share/texlive/texmf-dist/tex/latex/url/url.sty)
(/usr/share/texlive/texmf-dist/tex/latex/base/textcomp.sty
(/usr/share/texlive/texmf-dist/tex/latex/base/ts1enc.def))
(/usr/share/texlive/texmf-dist/tex/latex/base/fontenc.sty
(/usr/share/texlive/texmf-dist/tex/latex/base/t1enc.def))
(/usr/share/texlive/texmf-dist/tex/latex/psnfss/times.sty)
(/usr/share/texlive/texmf-dist/tex/latex/graphics/color.sty
(/usr/share/texlive/texmf-dist/tex/latex/latexconfig/color.cfg)
(/usr/share/texlive/texmf-dist/tex/latex/pdftex-def/pdftex.def
(/usr/share/texlive/texmf-dist/tex/generic/oberdiek/infwarerr.sty)
(/usr/share/texlive/texmf-dist/tex/generic/oberdiek/ltxcmds.sty)))
(/usr/share/texlive/texmf-dist/tex/latex/hyperref/hyperref.sty
(/usr/share/texlive/texmf-dist/tex/generic/oberdiek/hobsub-hyperref.sty
(/usr/share/texlive/texmf-dist/tex/generic/oberdiek/hobsub-generic.sty))
(/usr/share/texlive/texmf-dist/tex/latex/graphics/keyval.sty)
(/usr/share/texlive/texmf-dist/tex/generic/ifxetex/ifxetex.sty)
(/usr/share/texlive/texmf-dist/tex/latex/oberdiek/auxhook.sty)
(/usr/share/texlive/texmf-dist/tex/latex/oberdiek/kvoptions.sty)
(/usr/share/texlive/texmf-dist/tex/latex/hyperref/pd1enc.def)
(/usr/share/texlive/texmf-dist/tex/latex/latexconfig/hyperref.cfg))

Package hyperref Message: Driver (autodetected): hpdftex.

(/usr/share/texlive/texmf-dist/tex/latex/hyperref/hpdftex.def
(/usr/share/texlive/texmf-dist/tex/latex/oberdiek/rerunfilecheck.sty))

Package hyperref Warning: Option `hyperindex' has already been used,
(hyperref)                setting the option has no effect on input line 377.


Package hyperref Warning: Option `pagebackref' has already been used,
(hyperref)                setting the option has no effect on input line 377.

) (/usr/share/texlive/texmf-dist/tex/latex/base/makeidx.sty)
(/usr/share/texlive/texmf-dist/tex/latex/base/inputenc.sty
(/usr/share/texlive/texmf-dist/tex/latex/base/utf8.def
(/usr/share/texlive/texmf-dist/tex/latex/base/t1enc.dfu)
(/usr/share/texlive/texmf-dist/tex/latex/base/ot1enc.dfu)
(/usr/share/texlive/texmf-dist/tex/latex/base/omsenc.dfu)
(/usr/share/texlive/texmf-dist/tex/latex/base/ts1enc.dfu))
(/usr/share/texlive/texmf-dist/tex/latex/base/latin1.def))
Writing index file Rd2.idx
No file Rd2.aux.
(/usr/share/texlive/texmf-dist/tex/latex/base/ts1cmr.fd)
(/usr/share/texlive/texmf-dist/tex/latex/psnfss/t1ptm.fd)
(/usr/share/texlive/texmf-dist/tex/context/base/supp-pdf.mkii
[Loading MPS to PDF converter (version 2006.09.02).]
) (/usr/share/texlive/texmf-dist/tex/latex/hyperref/nameref.sty
(/usr/share/texlive/texmf-dist/tex/generic/oberdiek/gettitlestring.sty))
(/usr/share/texlive/texmf-dist/tex/latex/psnfss/t1pcr.fd)
(/usr/share/texlive/texmf-dist/tex/latex/psnfss/t1phv.fd)
(/usr/share/texlive/texmf-dist/tex/latex/base/utf8.def)
Overfull \hbox (24.78088pt too wide) in paragraph at lines 42--42
 []  \T1/pcr/m/n/10 Observation_csl2_file = "Observations.csl2", Observation_la
bel = "",[] 

Overfull \hbox (18.78088pt too wide) in paragraph at lines 43--43
 []  \T1/pcr/m/n/10 Observation_out_filename = "Observation.csl2.0", fileEncodi
ng = "")[] 
[1{/usr/share/texlive/texmf/fonts/map/pdftex/updmap/pdftex.map}]
(/usr/share/texlive/texmf-dist/tex/latex/base/utf8.def)
Overfull \hbox (106.98032pt too wide) in paragraph at lines 103--103
 []\T1/pcr/m/n/9 tab <- extract.tabular(file = system.file("extdata", "tabular_
report.out", package="casal2"))[] 
[2] (/usr/share/texlive/texmf-dist/tex/latex/base/utf8.def)
(/usr/share/texlive/texmf-dist/tex/latex/base/utf8.def)
(/usr/share/texlive/texmf-dist/tex/latex/base/utf8.def) [3]
(/usr/share/texlive/texmf-dist/tex/latex/base/utf8.def) [4]
(/usr/share/texlive/texmf-dist/tex/latex/base/utf8.def) [5]
(/usr/share/texlive/texmf-dist/tex/latex/base/utf8.def)
Overfull \hbox (31.3804pt too wide) in paragraph at lines 292--292
 []\T1/pcr/m/n/9 data <- extract.mpd(file = system.file("extdata", "MPD.log", p
ackage="casal2"))[] 
(/usr/share/texlive/texmf-dist/tex/latex/base/utf8.def) [6]
(/usr/share/texlive/texmf-dist/tex/latex/base/utf8.def) [7]
(/usr/share/texlive/texmf-dist/tex/latex/base/utf8.def)
(/usr/share/texlive/texmf-dist/tex/latex/base/utf8.def) [8]
Overfull \hbox (2.15576pt too wide) in paragraph at lines 429--431
\T1/ptm/m/n/10 weight-ing in sta-tis-ti-cal fish-eries stock as-sess-ment mod-e
ls. Cana-dian Jour-nal of Fish-eries and Aquatic
(/usr/share/texlive/texmf-dist/tex/latex/base/utf8.def) [9]
(/usr/share/texlive/texmf-dist/tex/latex/base/utf8.def)
Overfull \hbox (0.78088pt too wide) in paragraph at lines 464--464
 []\T1/pcr/m/n/10 plot.derived_quantities(model, report_label = "", type = "num
ber",[] 
(/usr/share/texlive/texmf-dist/tex/latex/psnfss/ts1pcr.fd)
Overfull \hbox (30.78088pt too wide) in paragraph at lines 469--469
 []  \T1/pcr/m/n/10 type = "number", xlim, ylim, xlab, ylab, main, col, plot.it
 = T, ...)[] 

Overfull \hbox (30.78088pt too wide) in paragraph at lines 473--473
 []  \T1/pcr/m/n/10 type = "number", xlim, ylim, xlab, ylab, main, col, plot.it
 = T, ...)[] 
[10] (/usr/share/texlive/texmf-dist/tex/latex/base/utf8.def)
Overfull \hbox (0.78088pt too wide) in paragraph at lines 513--513
 []\T1/pcr/m/n/10 plot.fits(model, report_label = "", plot.it = T, xlim, ylim, 
xlab,[] 
[11]
Overfull \hbox (58.38037pt too wide) in paragraph at lines 556--556
 []\T1/pcr/m/n/9 data <- extract.mpd(file = system.file("extdata", "estimate.lo
g", package="casal2"))[] 

Overfull \hbox (171.78024pt too wide) in paragraph at lines 561--561
 []\T1/pcr/m/n/9 # if you are unhappy with the default plotting you can use plo
t.it = FALSE and create a plot of your own.[] 

Overfull \hbox (144.78027pt too wide) in paragraph at lines 562--562
 []\T1/pcr/m/n/9 Tangaroa_fits = plot.fits(model = data, report_label = "Tangar
oa_propn_at_age_Aug", plot.it = FALSE)[] 

Overfull \hbox (106.98032pt too wide) in paragraph at lines 564--564
 []\T1/pcr/m/n/9 tab <- extract.tabular(file = system.file("extdata", "tabular_
report.out", package="casal2"))[] 
(/usr/share/texlive/texmf-dist/tex/latex/base/utf8.def)
Overfull \hbox (18.78088pt too wide) in paragraph at lines 582--582
 []\T1/pcr/m/n/10 plot.pressure(model, report_label = "", xlim, ylim, xlab, yla
b, main,[] 

Overfull \hbox (4.49771pt too wide) in paragraph at lines 598--599
[]\T1/ptm/m/n/10 <casal2MPD, casal2TAB> ob-ject that are gen-er-ated from one o
f the ex-tract.mpd()
[12] (/usr/share/texlive/texmf-dist/tex/latex/base/utf8.def)
Overfull \hbox (36.78088pt too wide) in paragraph at lines 630--630
 []\T1/pcr/m/n/10 plot.recruitment(model, report_label = "", xlim, ylim, xlab, 
ylab, main,[] 

Overfull \hbox (4.49771pt too wide) in paragraph at lines 646--647
[]\T1/ptm/m/n/10 <casal2MPD, casal2TAB> ob-ject that are gen-er-ated from one o
f the ex-tract.mpd()
(/usr/share/texlive/texmf-dist/tex/latex/base/utf8.def)
Overfull \hbox (18.78088pt too wide) in paragraph at lines 676--676
 []\T1/pcr/m/n/10 plot.ycs(model, report_label = "", xlim, ylim, xlab, ylab, ma
in, col,[] 
[13]
Overfull \hbox (4.49771pt too wide) in paragraph at lines 692--693
[]\T1/ptm/m/n/10 <casal2MPD, casal2TAB> ob-ject that are gen-er-ated from one o
f the ex-tract.mpd()
(/usr/share/texlive/texmf-dist/tex/latex/base/utf8.def) [14]
(/usr/share/texlive/texmf-dist/tex/latex/base/utf8.def)
(/usr/share/texlive/texmf-dist/tex/latex/base/utf8.def) [15]
(/usr/share/texlive/texmf-dist/tex/latex/base/utf8.def) [16]
(/usr/share/texlive/texmf-dist/tex/latex/base/utf8.def)
No file Rd2.ind.
[17] (./Rd2.aux)

Package rerunfilecheck Warning: File `Rd2.out' has changed.
(rerunfilecheck)                Rerun to get outlines right
(rerunfilecheck)                or use package `bookmark'.

 )
(see the transcript file for additional information){/usr/share/texlive/texmf-d
ist/fonts/enc/dvips/base/8r.enc}</usr/share/texlive/texmf-dist/fonts/type1/urw/
courier/ucrr8a.pfb></usr/share/texlive/texmf-dist/fonts/type1/urw/helvetic/uhvr
8a.pfb></usr/share/texlive/texmf-dist/fonts/type1/urw/times/utmb8a.pfb></usr/sh
are/texlive/texmf-dist/fonts/type1/urw/times/utmr8a.pfb></usr/share/texlive/tex
mf-dist/fonts/type1/urw/times/utmr8a.pfb></usr/share/texlive/texmf-dist/fonts/t
ype1/urw/times/utmri8a.pfb>
Output written on Rd2.pdf (17 pages, 105130 bytes).
Transcript written on Rd2.log.
This is makeindex, version 2.15 [TeX Live 2013] (kpathsea + Thai support).
Scanning input file Rd2.idx....done (25 entries accepted, 0 rejected).
Sorting entries....done (102 comparisons).
Generating output file Rd2.ind....done (58 lines written, 0 warnings).
Output written in Rd2.ind.
Transcript written in Rd2.ilg.
This is pdfTeX, Version 3.1415926-2.5-1.40.14 (TeX Live 2013)
 restricted \write18 enabled.
entering extended mode
LaTeX2e <2011/06/27>
Babel <v3.8m> and hyphenation patterns for english, dumylang, nohyphenation, lo
aded.
(./Rd2.tex
(/usr/share/texlive/texmf-dist/tex/latex/base/book.cls
Document Class: book 2007/10/19 v1.4h Standard LaTeX document class
(/usr/share/texlive/texmf-dist/tex/latex/base/bk10.clo))
(/usr/share/R/texmf/tex/latex/Rd.sty
(/usr/share/texlive/texmf-dist/tex/latex/base/ifthen.sty)
(/usr/share/texlive/texmf-dist/tex/latex/tools/longtable.sty)
(/usr/share/texlive/texmf-dist/tex/latex/tools/bm.sty)
(/usr/share/texlive/texmf-dist/tex/latex/base/alltt.sty)
(/usr/share/texlive/texmf-dist/tex/latex/tools/verbatim.sty)
(/usr/share/texlive/texmf-dist/tex/latex/url/url.sty)
(/usr/share/texlive/texmf-dist/tex/latex/base/textcomp.sty
(/usr/share/texlive/texmf-dist/tex/latex/base/ts1enc.def))
(/usr/share/texlive/texmf-dist/tex/latex/base/fontenc.sty
(/usr/share/texlive/texmf-dist/tex/latex/base/t1enc.def))
(/usr/share/texlive/texmf-dist/tex/latex/psnfss/times.sty)
(/usr/share/texlive/texmf-dist/tex/latex/graphics/color.sty
(/usr/share/texlive/texmf-dist/tex/latex/latexconfig/color.cfg)
(/usr/share/texlive/texmf-dist/tex/latex/pdftex-def/pdftex.def
(/usr/share/texlive/texmf-dist/tex/generic/oberdiek/infwarerr.sty)
(/usr/share/texlive/texmf-dist/tex/generic/oberdiek/ltxcmds.sty)))
(/usr/share/texlive/texmf-dist/tex/latex/hyperref/hyperref.sty
(/usr/share/texlive/texmf-dist/tex/generic/oberdiek/hobsub-hyperref.sty
(/usr/share/texlive/texmf-dist/tex/generic/oberdiek/hobsub-generic.sty))
(/usr/share/texlive/texmf-dist/tex/latex/graphics/keyval.sty)
(/usr/share/texlive/texmf-dist/tex/generic/ifxetex/ifxetex.sty)
(/usr/share/texlive/texmf-dist/tex/latex/oberdiek/auxhook.sty)
(/usr/share/texlive/texmf-dist/tex/latex/oberdiek/kvoptions.sty)
(/usr/share/texlive/texmf-dist/tex/latex/hyperref/pd1enc.def)
(/usr/share/texlive/texmf-dist/tex/latex/latexconfig/hyperref.cfg))

Package hyperref Message: Driver (autodetected): hpdftex.

(/usr/share/texlive/texmf-dist/tex/latex/hyperref/hpdftex.def
(/usr/share/texlive/texmf-dist/tex/latex/oberdiek/rerunfilecheck.sty))

Package hyperref Warning: Option `hyperindex' has already been used,
(hyperref)                setting the option has no effect on input line 377.


Package hyperref Warning: Option `pagebackref' has already been used,
(hyperref)                setting the option has no effect on input line 377.

) (/usr/share/texlive/texmf-dist/tex/latex/base/makeidx.sty)
(/usr/share/texlive/texmf-dist/tex/latex/base/inputenc.sty
(/usr/share/texlive/texmf-dist/tex/latex/base/utf8.def
(/usr/share/texlive/texmf-dist/tex/latex/base/t1enc.dfu)
(/usr/share/texlive/texmf-dist/tex/latex/base/ot1enc.dfu)
(/usr/share/texlive/texmf-dist/tex/latex/base/omsenc.dfu)
(/usr/share/texlive/texmf-dist/tex/latex/base/ts1enc.dfu))
(/usr/share/texlive/texmf-dist/tex/latex/base/latin1.def))
Writing index file Rd2.idx
(./Rd2.aux) (/usr/share/texlive/texmf-dist/tex/latex/base/ts1cmr.fd)
(/usr/share/texlive/texmf-dist/tex/latex/psnfss/t1ptm.fd)
(/usr/share/texlive/texmf-dist/tex/context/base/supp-pdf.mkii
[Loading MPS to PDF converter (version 2006.09.02).]
) (/usr/share/texlive/texmf-dist/tex/latex/hyperref/nameref.sty
(/usr/share/texlive/texmf-dist/tex/generic/oberdiek/gettitlestring.sty))
(./Rd2.out) (./Rd2.out)
(/usr/share/texlive/texmf-dist/tex/latex/psnfss/t1pcr.fd)
(/usr/share/texlive/texmf-dist/tex/latex/psnfss/t1phv.fd) (./Rd2.toc [1{/usr/sh
are/texlive/texmf/fonts/map/pdftex/updmap/pdftex.map}])
(/usr/share/texlive/texmf-dist/tex/latex/base/utf8.def)
Overfull \hbox (24.78088pt too wide) in paragraph at lines 42--42
 []  \T1/pcr/m/n/10 Observation_csl2_file = "Observations.csl2", Observation_la
bel = "",[] 

Overfull \hbox (18.78088pt too wide) in paragraph at lines 43--43
 []  \T1/pcr/m/n/10 Observation_out_filename = "Observation.csl2.0", fileEncodi
ng = "")[] 
(/usr/share/texlive/texmf-dist/tex/latex/base/utf8.def) [2]
Overfull \hbox (106.98032pt too wide) in paragraph at lines 103--103
 []\T1/pcr/m/n/9 tab <- extract.tabular(file = system.file("extdata", "tabular_
report.out", package="casal2"))[] 
(/usr/share/texlive/texmf-dist/tex/latex/base/utf8.def) [3]
(/usr/share/texlive/texmf-dist/tex/latex/base/utf8.def)
(/usr/share/texlive/texmf-dist/tex/latex/base/utf8.def) [4]
(/usr/share/texlive/texmf-dist/tex/latex/base/utf8.def)
(/usr/share/texlive/texmf-dist/tex/latex/base/utf8.def) [5]
(/usr/share/texlive/texmf-dist/tex/latex/base/utf8.def) [6]
Overfull \hbox (31.3804pt too wide) in paragraph at lines 292--292
 []\T1/pcr/m/n/9 data <- extract.mpd(file = system.file("extdata", "MPD.log", p
ackage="casal2"))[] 
(/usr/share/texlive/texmf-dist/tex/latex/base/utf8.def)
(/usr/share/texlive/texmf-dist/tex/latex/base/utf8.def) [7]
(/usr/share/texlive/texmf-dist/tex/latex/base/utf8.def) [8]
(/usr/share/texlive/texmf-dist/tex/latex/base/utf8.def)
Overfull \hbox (2.15576pt too wide) in paragraph at lines 429--431
\T1/ptm/m/n/10 weight-ing in sta-tis-ti-cal fish-eries stock as-sess-ment mod-e
ls. Cana-dian Jour-nal of Fish-eries and Aquatic
[9] (/usr/share/texlive/texmf-dist/tex/latex/base/utf8.def)
(/usr/share/texlive/texmf-dist/tex/latex/base/utf8.def)
Overfull \hbox (0.78088pt too wide) in paragraph at lines 464--464
 []\T1/pcr/m/n/10 plot.derived_quantities(model, report_label = "", type = "num
ber",[] 
(/usr/share/texlive/texmf-dist/tex/latex/psnfss/ts1pcr.fd)
Overfull \hbox (30.78088pt too wide) in paragraph at lines 469--469
 []  \T1/pcr/m/n/10 type = "number", xlim, ylim, xlab, ylab, main, col, plot.it
 = T, ...)[] 

Overfull \hbox (30.78088pt too wide) in paragraph at lines 473--473
 []  \T1/pcr/m/n/10 type = "number", xlim, ylim, xlab, ylab, main, col, plot.it
 = T, ...)[] 
[10] (/usr/share/texlive/texmf-dist/tex/latex/base/utf8.def)
Overfull \hbox (0.78088pt too wide) in paragraph at lines 513--513
 []\T1/pcr/m/n/10 plot.fits(model, report_label = "", plot.it = T, xlim, ylim, 
xlab,[] 
[11]
Overfull \hbox (58.38037pt too wide) in paragraph at lines 556--556
 []\T1/pcr/m/n/9 data <- extract.mpd(file = system.file("extdata", "estimate.lo
g", package="casal2"))[] 

Overfull \hbox (171.78024pt too wide) in paragraph at lines 561--561
 []\T1/pcr/m/n/9 # if you are unhappy with the default plotting you can use plo
t.it = FALSE and create a plot of your own.[] 

Overfull \hbox (144.78027pt too wide) in paragraph at lines 562--562
 []\T1/pcr/m/n/9 Tangaroa_fits = plot.fits(model = data, report_label = "Tangar
oa_propn_at_age_Aug", plot.it = FALSE)[] 

Overfull \hbox (106.98032pt too wide) in paragraph at lines 564--564
 []\T1/pcr/m/n/9 tab <- extract.tabular(file = system.file("extdata", "tabular_
report.out", package="casal2"))[] 
(/usr/share/texlive/texmf-dist/tex/latex/base/utf8.def)
Overfull \hbox (18.78088pt too wide) in paragraph at lines 582--582
 []\T1/pcr/m/n/10 plot.pressure(model, report_label = "", xlim, ylim, xlab, yla
b, main,[] 

Overfull \hbox (4.49771pt too wide) in paragraph at lines 598--599
[]\T1/ptm/m/n/10 <casal2MPD, casal2TAB> ob-ject that are gen-er-ated from one o
f the ex-tract.mpd()
[12] (/usr/share/texlive/texmf-dist/tex/latex/base/utf8.def)
Overfull \hbox (36.78088pt too wide) in paragraph at lines 630--630
 []\T1/pcr/m/n/10 plot.recruitment(model, report_label = "", xlim, ylim, xlab, 
ylab, main,[] 

Overfull \hbox (4.49771pt too wide) in paragraph at lines 646--647
[]\T1/ptm/m/n/10 <casal2MPD, casal2TAB> ob-ject that are gen-er-ated from one o
f the ex-tract.mpd()
[13] (/usr/share/texlive/texmf-dist/tex/latex/base/utf8.def)
Overfull \hbox (18.78088pt too wide) in paragraph at lines 676--676
 []\T1/pcr/m/n/10 plot.ycs(model, report_label = "", xlim, ylim, xlab, ylab, ma
in, col,[] 

Overfull \hbox (4.49771pt too wide) in paragraph at lines 692--693
[]\T1/ptm/m/n/10 <casal2MPD, casal2TAB> ob-ject that are gen-er-ated from one o
f the ex-tract.mpd()
(/usr/share/texlive/texmf-dist/tex/latex/base/utf8.def) [14]
(/usr/share/texlive/texmf-dist/tex/latex/base/utf8.def)
(/usr/share/texlive/texmf-dist/tex/latex/base/utf8.def) [15]
(/usr/share/texlive/texmf-dist/tex/latex/base/utf8.def) [16]
(/usr/share/texlive/texmf-dist/tex/latex/base/utf8.def) (./Rd2.ind [17]
[18]) (./Rd2.aux)

Package rerunfilecheck Warning: File `Rd2.out' has changed.
(rerunfilecheck)                Rerun to get outlines right
(rerunfilecheck)                or use package `bookmark'.

 )
(see the transcript file for additional information){/usr/share/texlive/texmf-d
ist/fonts/enc/dvips/base/8r.enc}</usr/share/texlive/texmf-dist/fonts/type1/urw/
courier/ucrr8a.pfb></usr/share/texlive/texmf-dist/fonts/type1/urw/courier/ucrro
8a.pfb></usr/share/texlive/texmf-dist/fonts/type1/urw/helvetic/uhvr8a.pfb></usr
/share/texlive/texmf-dist/fonts/type1/urw/times/utmb8a.pfb></usr/share/texlive/
texmf-dist/fonts/type1/urw/times/utmr8a.pfb></usr/share/texlive/texmf-dist/font
s/type1/urw/times/utmr8a.pfb></usr/share/texlive/texmf-dist/fonts/type1/urw/tim
es/utmri8a.pfb>
Output written on Rd2.pdf (18 pages, 116853 bytes).
Transcript written on Rd2.log.
This is makeindex, version 2.15 [TeX Live 2013] (kpathsea + Thai support).
Scanning input file Rd2.idx....done (25 entries accepted, 0 rejected).
Sorting entries....done (102 comparisons).
Generating output file Rd2.ind....done (58 lines written, 0 warnings).
Output written in Rd2.ind.
Transcript written in Rd2.ilg.
This is pdfTeX, Version 3.1415926-2.5-1.40.14 (TeX Live 2013)
 restricted \write18 enabled.
entering extended mode
LaTeX2e <2011/06/27>
Babel <v3.8m> and hyphenation patterns for english, dumylang, nohyphenation, lo
aded.
(./Rd2.tex
(/usr/share/texlive/texmf-dist/tex/latex/base/book.cls
Document Class: book 2007/10/19 v1.4h Standard LaTeX document class
(/usr/share/texlive/texmf-dist/tex/latex/base/bk10.clo))
(/usr/share/R/texmf/tex/latex/Rd.sty
(/usr/share/texlive/texmf-dist/tex/latex/base/ifthen.sty)
(/usr/share/texlive/texmf-dist/tex/latex/tools/longtable.sty)
(/usr/share/texlive/texmf-dist/tex/latex/tools/bm.sty)
(/usr/share/texlive/texmf-dist/tex/latex/base/alltt.sty)
(/usr/share/texlive/texmf-dist/tex/latex/tools/verbatim.sty)
(/usr/share/texlive/texmf-dist/tex/latex/url/url.sty)
(/usr/share/texlive/texmf-dist/tex/latex/base/textcomp.sty
(/usr/share/texlive/texmf-dist/tex/latex/base/ts1enc.def))
(/usr/share/texlive/texmf-dist/tex/latex/base/fontenc.sty
(/usr/share/texlive/texmf-dist/tex/latex/base/t1enc.def))
(/usr/share/texlive/texmf-dist/tex/latex/psnfss/times.sty)
(/usr/share/texlive/texmf-dist/tex/latex/graphics/color.sty
(/usr/share/texlive/texmf-dist/tex/latex/latexconfig/color.cfg)
(/usr/share/texlive/texmf-dist/tex/latex/pdftex-def/pdftex.def
(/usr/share/texlive/texmf-dist/tex/generic/oberdiek/infwarerr.sty)
(/usr/share/texlive/texmf-dist/tex/generic/oberdiek/ltxcmds.sty)))
(/usr/share/texlive/texmf-dist/tex/latex/hyperref/hyperref.sty
(/usr/share/texlive/texmf-dist/tex/generic/oberdiek/hobsub-hyperref.sty
(/usr/share/texlive/texmf-dist/tex/generic/oberdiek/hobsub-generic.sty))
(/usr/share/texlive/texmf-dist/tex/latex/graphics/keyval.sty)
(/usr/share/texlive/texmf-dist/tex/generic/ifxetex/ifxetex.sty)
(/usr/share/texlive/texmf-dist/tex/latex/oberdiek/auxhook.sty)
(/usr/share/texlive/texmf-dist/tex/latex/oberdiek/kvoptions.sty)
(/usr/share/texlive/texmf-dist/tex/latex/hyperref/pd1enc.def)
(/usr/share/texlive/texmf-dist/tex/latex/latexconfig/hyperref.cfg))

Package hyperref Message: Driver (autodetected): hpdftex.

(/usr/share/texlive/texmf-dist/tex/latex/hyperref/hpdftex.def
(/usr/share/texlive/texmf-dist/tex/latex/oberdiek/rerunfilecheck.sty))

Package hyperref Warning: Option `hyperindex' has already been used,
(hyperref)                setting the option has no effect on input line 377.


Package hyperref Warning: Option `pagebackref' has already been used,
(hyperref)                setting the option has no effect on input line 377.

) (/usr/share/texlive/texmf-dist/tex/latex/base/makeidx.sty)
(/usr/share/texlive/texmf-dist/tex/latex/base/inputenc.sty
(/usr/share/texlive/texmf-dist/tex/latex/base/utf8.def
(/usr/share/texlive/texmf-dist/tex/latex/base/t1enc.dfu)
(/usr/share/texlive/texmf-dist/tex/latex/base/ot1enc.dfu)
(/usr/share/texlive/texmf-dist/tex/latex/base/omsenc.dfu)
(/usr/share/texlive/texmf-dist/tex/latex/base/ts1enc.dfu))
(/usr/share/texlive/texmf-dist/tex/latex/base/latin1.def))
Writing index file Rd2.idx
(./Rd2.aux) (/usr/share/texlive/texmf-dist/tex/latex/base/ts1cmr.fd)
(/usr/share/texlive/texmf-dist/tex/latex/psnfss/t1ptm.fd)
(/usr/share/texlive/texmf-dist/tex/context/base/supp-pdf.mkii
[Loading MPS to PDF converter (version 2006.09.02).]
) (/usr/share/texlive/texmf-dist/tex/latex/hyperref/nameref.sty
(/usr/share/texlive/texmf-dist/tex/generic/oberdiek/gettitlestring.sty))
(./Rd2.out) (./Rd2.out)
(/usr/share/texlive/texmf-dist/tex/latex/psnfss/t1pcr.fd)
(/usr/share/texlive/texmf-dist/tex/latex/psnfss/t1phv.fd) (./Rd2.toc [1{/usr/sh
are/texlive/texmf/fonts/map/pdftex/updmap/pdftex.map}])
(/usr/share/texlive/texmf-dist/tex/latex/base/utf8.def)
Overfull \hbox (24.78088pt too wide) in paragraph at lines 42--42
 []  \T1/pcr/m/n/10 Observation_csl2_file = "Observations.csl2", Observation_la
bel = "",[] 

Overfull \hbox (18.78088pt too wide) in paragraph at lines 43--43
 []  \T1/pcr/m/n/10 Observation_out_filename = "Observation.csl2.0", fileEncodi
ng = "")[] 
(/usr/share/texlive/texmf-dist/tex/latex/base/utf8.def) [2]
Overfull \hbox (106.98032pt too wide) in paragraph at lines 103--103
 []\T1/pcr/m/n/9 tab <- extract.tabular(file = system.file("extdata", "tabular_
report.out", package="casal2"))[] 
(/usr/share/texlive/texmf-dist/tex/latex/base/utf8.def) [3]
(/usr/share/texlive/texmf-dist/tex/latex/base/utf8.def)
(/usr/share/texlive/texmf-dist/tex/latex/base/utf8.def) [4]
(/usr/share/texlive/texmf-dist/tex/latex/base/utf8.def)
(/usr/share/texlive/texmf-dist/tex/latex/base/utf8.def) [5]
(/usr/share/texlive/texmf-dist/tex/latex/base/utf8.def) [6]
Overfull \hbox (31.3804pt too wide) in paragraph at lines 292--292
 []\T1/pcr/m/n/9 data <- extract.mpd(file = system.file("extdata", "MPD.log", p
ackage="casal2"))[] 
(/usr/share/texlive/texmf-dist/tex/latex/base/utf8.def)
(/usr/share/texlive/texmf-dist/tex/latex/base/utf8.def) [7]
(/usr/share/texlive/texmf-dist/tex/latex/base/utf8.def) [8]
(/usr/share/texlive/texmf-dist/tex/latex/base/utf8.def)
Overfull \hbox (2.15576pt too wide) in paragraph at lines 429--431
\T1/ptm/m/n/10 weight-ing in sta-tis-ti-cal fish-eries stock as-sess-ment mod-e
ls. Cana-dian Jour-nal of Fish-eries and Aquatic
[9] (/usr/share/texlive/texmf-dist/tex/latex/base/utf8.def)
(/usr/share/texlive/texmf-dist/tex/latex/base/utf8.def)
Overfull \hbox (0.78088pt too wide) in paragraph at lines 464--464
 []\T1/pcr/m/n/10 plot.derived_quantities(model, report_label = "", type = "num
ber",[] 
(/usr/share/texlive/texmf-dist/tex/latex/psnfss/ts1pcr.fd)
Overfull \hbox (30.78088pt too wide) in paragraph at lines 469--469
 []  \T1/pcr/m/n/10 type = "number", xlim, ylim, xlab, ylab, main, col, plot.it
 = T, ...)[] 

Overfull \hbox (30.78088pt too wide) in paragraph at lines 473--473
 []  \T1/pcr/m/n/10 type = "number", xlim, ylim, xlab, ylab, main, col, plot.it
 = T, ...)[] 
[10] (/usr/share/texlive/texmf-dist/tex/latex/base/utf8.def)
Overfull \hbox (0.78088pt too wide) in paragraph at lines 513--513
 []\T1/pcr/m/n/10 plot.fits(model, report_label = "", plot.it = T, xlim, ylim, 
xlab,[] 
[11]
Overfull \hbox (58.38037pt too wide) in paragraph at lines 556--556
 []\T1/pcr/m/n/9 data <- extract.mpd(file = system.file("extdata", "estimate.lo
g", package="casal2"))[] 

Overfull \hbox (171.78024pt too wide) in paragraph at lines 561--561
 []\T1/pcr/m/n/9 # if you are unhappy with the default plotting you can use plo
t.it = FALSE and create a plot of your own.[] 

Overfull \hbox (144.78027pt too wide) in paragraph at lines 562--562
 []\T1/pcr/m/n/9 Tangaroa_fits = plot.fits(model = data, report_label = "Tangar
oa_propn_at_age_Aug", plot.it = FALSE)[] 

Overfull \hbox (106.98032pt too wide) in paragraph at lines 564--564
 []\T1/pcr/m/n/9 tab <- extract.tabular(file = system.file("extdata", "tabular_
report.out", package="casal2"))[] 
(/usr/share/texlive/texmf-dist/tex/latex/base/utf8.def)
Overfull \hbox (18.78088pt too wide) in paragraph at lines 582--582
 []\T1/pcr/m/n/10 plot.pressure(model, report_label = "", xlim, ylim, xlab, yla
b, main,[] 

Overfull \hbox (4.49771pt too wide) in paragraph at lines 598--599
[]\T1/ptm/m/n/10 <casal2MPD, casal2TAB> ob-ject that are gen-er-ated from one o
f the ex-tract.mpd()
[12] (/usr/share/texlive/texmf-dist/tex/latex/base/utf8.def)
Overfull \hbox (36.78088pt too wide) in paragraph at lines 630--630
 []\T1/pcr/m/n/10 plot.recruitment(model, report_label = "", xlim, ylim, xlab, 
ylab, main,[] 

Overfull \hbox (4.49771pt too wide) in paragraph at lines 646--647
[]\T1/ptm/m/n/10 <casal2MPD, casal2TAB> ob-ject that are gen-er-ated from one o
f the ex-tract.mpd()
[13] (/usr/share/texlive/texmf-dist/tex/latex/base/utf8.def)
Overfull \hbox (18.78088pt too wide) in paragraph at lines 676--676
 []\T1/pcr/m/n/10 plot.ycs(model, report_label = "", xlim, ylim, xlab, ylab, ma
in, col,[] 

Overfull \hbox (4.49771pt too wide) in paragraph at lines 692--693
[]\T1/ptm/m/n/10 <casal2MPD, casal2TAB> ob-ject that are gen-er-ated from one o
f the ex-tract.mpd()
(/usr/share/texlive/texmf-dist/tex/latex/base/utf8.def) [14]
(/usr/share/texlive/texmf-dist/tex/latex/base/utf8.def)
(/usr/share/texlive/texmf-dist/tex/latex/base/utf8.def) [15]
(/usr/share/texlive/texmf-dist/tex/latex/base/utf8.def) [16]
(/usr/share/texlive/texmf-dist/tex/latex/base/utf8.def) (./Rd2.ind [17]
[18]) (./Rd2.aux) )
(see the transcript file for additional information){/usr/share/texlive/texmf-d
ist/fonts/enc/dvips/base/8r.enc}</usr/share/texlive/texmf-dist/fonts/type1/urw/
courier/ucrr8a.pfb></usr/share/texlive/texmf-dist/fonts/type1/urw/courier/ucrro
8a.pfb></usr/share/texlive/texmf-dist/fonts/type1/urw/helvetic/uhvr8a.pfb></usr
/share/texlive/texmf-dist/fonts/type1/urw/times/utmb8a.pfb></usr/share/texlive/
texmf-dist/fonts/type1/urw/times/utmr8a.pfb></usr/share/texlive/texmf-dist/font
s/type1/urw/times/utmr8a.pfb></usr/share/texlive/texmf-dist/fonts/type1/urw/tim
es/utmri8a.pfb>
Output written on Rd2.pdf (18 pages, 117619 bytes).
Transcript written on Rd2.log.
Saving output to ‘casal2-manual.pdf’ ...
Done
You may want to clean up by 'rm -Rf /tmp/RtmpMZFMJk/Rd2pdf64eb53102767'
