CASAL2
Call: casal2 -e -o params.out 
Date: Fri Feb 26 14:56:30 2016
Version: 2016-02-23 23:54:47 UTC (rev. 2224a5a)
Copyright (c) 2012 - 2016, NIWA (www.niwa.co.nz)
Environment: machine:NIWA-1007004, user:marshc, os:Windows_NT, pid:9200

*Init (initialisation_partition)
year: 1975
time_step: 
values {d}
category 1 2 3 4 5 6 7 8 9 10 11 12 13 14 15 16 17 18 19 20 21 22 23 24 25 26 27 28 29 30
stock 0.000000 4659967.908648 3853603.025939 3186772.220892 2635330.395864 2179310.541818 1802200.758256 1490346.378239 1232455.550224 1019190.374437 842828.789368 696984.965718 576378.083622 476641.120856 394162.728505 325956.468597 269552.678974 222909.049957 184336.674900 152438.897030 126060.738267 104247.078941 86208.074118 71290.554311 58954.375051 48752.858935 40316.622002 33340.198814 27570.981937 131761.215024
*end

*state1 (partition)
year: 1975
time_step: step1
values {d}
category 1 2 3 4 5 6 7 8 9 10 11 12 13 14 15 16 17 18 19 20 21 22 23 24 25 26 27 28 29 30
stock 9990730.795706 4300825.455789 3555457.662201 2938944.356369 2429181.087807 2007857.423346 1659689.154279 1371881.177095 1134067.785591 937654.186025 775452.226071 641386.332802 530536.095874 438867.480163 363050.059968 300334.633123 248451.648081 205527.073629 170012.882246 140629.743202 116319.869994 96208.266300 79570.881292 65808.425395 54424.812116 45009.379091 37222.200905 30781.938160 25455.773914 121653.765853
*end

*state2 (partition)
year: 1975
time_step: step2
values {d}
category 1 2 3 4 5 6 7 8 9 10 11 12 13 14 15 16 17 18 19 20 21 22 23 24 25 26 27 28 29 30
stock 0.000000 8948247.854804 3852055.765049 3184463.384031 2632280.167490 2175708.154127 1798347.513170 1486508.866879 1228732.216993 1015733.467063 839814.647218 694537.652983 574460.867173 475177.299727 393073.846970 325167.596517 268996.211741 222526.957479 184081.348333 152272.885734 125955.730733 104182.471576 86169.413443 71268.056600 58941.644351 48745.854355 40312.874817 33338.249845 27569.996403 131759.392836
*end

*state1 (partition)
year: 1976
time_step: step1
values {d}
category 1 2 3 4 5 6 7 8 9 10 11 12 13 14 15 16 17 18 19 20 21 22 23 24 25 26 27 28 29 30
stock 10081054.875289 8255294.842688 3551350.363674 2933078.495174 2421636.047422 1999023.093703 1650123.065969 1362072.501026 1124512.447817 928956.712574 768120.695099 635514.139425 525973.053758 435414.913477 360507.075528 298511.771682 247180.256236 204664.410812 169443.543606 140264.307220 116091.774712 96069.830638 79489.189844 65761.557094 54398.670119 44995.203433 37214.728076 30778.108495 25453.865948 121649.328244
*end

*state2 (partition)
year: 1976
time_step: step2
values {d}
category 1 2 3 4 5 6 7 8 9 10 11 12 13 14 15 16 17 18 19 20 21 22 23 24 25 26 27 28 29 30
stock 0.000000 9029147.067073 7393895.989932 3180784.661625 2627026.379661 2168950.401083 1790435.001774 1477940.952184 1219947.027362 1007175.181139 832024.711753 687971.130711 569201.407894 471090.388302 389981.538402 322889.959824 267363.556802 221388.229034 183308.700079 151762.954741 125628.426174 103978.176899 86045.422852 71194.889248 58899.666523 48722.440145 40300.178318 33331.556768 27566.566345 131753.709392
*end

*state1 (partition)
year: 1977
time_step: step1
values {d}
category 1 2 3 4 5 6 7 8 9 10 11 12 13 14 15 16 17 18 19 20 21 22 23 24 25 26 27 28 29 30
stock 10115187.924716 8330258.166938 6815608.622646 2927400.506853 2411592.926670 1983714.217514 1629721.053090 1338080.313939 1099153.735334 904701.449880 747056.051069 618208.952012 512266.934998 424875.995535 352629.710238 292788.585240 243138.833560 201890.833628 167593.714857 139065.384330 115336.663558 95607.673270 79214.315226 65602.681581 54309.427477 44946.484382 37188.878403 30764.777568 25447.183525 121634.381499
*end

*state2 (partition)
year: 1977
time_step: step2
values {d}
category 1 2 3 4 5 6 7 8 9 10 11 12 13 14 15 16 17 18 19 20 21 22 23 24 25 26 27 28 29 30
stock 0.000000 9059718.502993 7461037.265092 6104433.848121 2621940.861109 2159955.229903 1776723.530479 1459667.787616 1198458.305363 984462.523856 810300.364775 669104.477249 553701.930497 458814.434691 380542.303996 315834.558322 262237.556327 217768.508662 180824.531845 150106.146398 124554.604909 103301.857829 85631.489301 70948.696425 58757.368878 48642.509527 40256.542858 33308.404379 27554.626434 131734.337118
*end

*state1 (partition)
year: 1978
time_step: step1
values {d}
category 1 2 3 4 5 6 7 8 9 10 11 12 13 14 15 16 17 18 19 20 21 22 23 24 25 26 27 28 29 30
stock 10096336.455714 8363848.386762 6887346.947099 5634441.443237 2419818.883806 1993306.009618 1639599.193235 1346993.426188 1105944.398865 908481.085034 747785.963869 617510.218937 511031.369792 423478.261778 351252.663277 291539.963150 242076.956696 201034.947928 166935.714519 138580.853033 114993.925221 95374.293485 79061.095977 65505.574692 54249.956883 44911.261938 37168.690517 30753.573943 25441.160318 121630.295446
*end

*state2 (partition)
year: 1978
time_step: step2
values {d}
category 1 2 3 4 5 6 7 8 9 10 11 12 13 14 15 16 17 18 19 20 21 22 23 24 25 26 27 28 29 30
stock 0.000000 9042834.090781 7491122.512971 6168686.636132 5046515.574129 2167322.849429 1785314.466905 1468515.193094 1206441.378793 990544.615508 813685.613847 669758.227288 553076.106734 457707.794554 379290.416787 314601.199345 261119.221726 216817.433354 180057.953549 149516.805115 124120.632037 102994.882528 85422.461533 70811.464841 58670.394609 48589.244393 40224.995700 33290.322999 27544.591851 131725.282710
*end

*state1 (partition)
year: 1979
time_step: step1
values {d}
category 1 2 3 4 5 6 7 8 9 10 11 12 13 14 15 16 17 18 19 20 21 22 23 24 25 26 27 28 29 30
stock 9957387.008348 8344438.818693 6908747.018995 5684136.679716 4644273.621452 1991310.873304 1637121.815223 1343719.603282 1101800.367149 903581.338532 742183.833555 611157.901491 505046.100472 418361.242784 347078.160939 288236.677033 239535.050566 199133.646760 165553.863486 137605.262655 114324.993117 94928.894734 78773.131111 65324.796561 54139.758332 44846.031945 37131.194604 30732.641878 25429.811287 121616.180034
*end

*state2 (partition)
year: 1979
time_step: step2
values {d}
category 1 2 3 4 5 6 7 8 9 10 11 12 13 14 15 16 17 18 19 20 21 22 23 24 25 26 27 28 29 30
stock 0.000000 8918383.325392 7473738.236547 6187853.717235 5091025.360481 4159666.827189 1783527.513117 1466296.317124 1203509.162983 986832.992838 809297.131460 664740.651338 547386.621939 452347.058242 374707.333209 310862.285510 258160.617043 214540.762454 178355.043677 148279.143347 123246.839650 102395.750154 85023.537921 70553.547673 58508.479774 48490.544512 40166.572131 33256.739597 27525.843943 131702.475355
*end

*state1 (partition)
year: 1980
time_step: step1
values {d}
category 1 2 3 4 5 6 7 8 9 10 11 12 13 14 15 16 17 18 19 20 21 22 23 24 25 26 27 28 29 30
stock 9744690.582257 8219584.700776 6878604.555895 5685075.057354 4668737.105805 3808812.245997 1631392.897519 1339938.851999 1099018.128719 900964.277273 739187.569772 607599.038848 500788.744662 414267.662436 343540.439534 285320.250935 237199.555561 197313.157595 164174.272075 136589.742285 113599.312865 94425.675240 78434.572142 65103.823752 53999.840791 44760.078929 37079.961783 30703.008271 25413.176242 121596.977491
*end

*state2 (partition)
year: 1980
time_step: step2
values {d}
category 1 2 3 4 5 6 7 8 9 10 11 12 13 14 15 16 17 18 19 20 21 22 23 24 25 26 27 28 29 30
stock 0.000000 8727880.710777 7361912.023263 6160856.469857 5091865.823092 4181577.668935 3411381.680332 1461165.183416 1200122.914244 984341.067114 806953.147495 662057.032740 544199.108867 448533.936282 371040.897558 307693.707694 255548.505466 212448.964707 176724.513480 147043.505420 122337.283766 101745.791017 84572.826871 70250.315644 58310.564376 48365.226668 40089.587884 33210.852666 27499.302455 131670.377240
*end

*state1 (partition)
year: 1981
time_step: step1
values {d}
category 1 2 3 4 5 6 7 8 9 10 11 12 13 14 15 16 17 18 19 20 21 22 23 24 25 26 27 28 29 30
stock 9528884.969878 8034145.512581 6761584.973101 5643156.287843 4652134.298848 3814385.317773 3110692.980563 1332338.930795 1094591.603414 898304.132928 737083.546012 605386.126435 498199.960394 411115.277422 340488.249787 282670.623070 235002.259231 195539.992451 162780.226472 135524.112722 112808.346718 93856.081569 78036.817603 64834.543747 53823.113475 44647.635106 37010.594787 30661.510369 25389.097490 121568.513017
*end

*state2 (partition)
year: 1981
time_step: step2
values {d}
category 1 2 3 4 5 6 7 8 9 10 11 12 13 14 15 16 17 18 19 20 21 22 23 24 25 26 27 28 29 30
stock 0.000000 8534593.337960 7195822.489685 6056047.297023 5054321.068156 4166707.282095 3416373.229857 2786107.679154 1193316.006921 980376.427653 804570.575947 660172.553368 542217.102830 446215.278744 368217.448202 304959.998727 253175.353057 210480.945292 175136.369276 145794.921525 121382.847335 101037.358244 84062.667460 69894.064808 58069.382397 48206.939966 39988.877013 33148.723770 27462.134652 131623.316638
*end

*state1 (partition)
year: 1982
time_step: step1
values {d}
category 1 2 3 4 5 6 7 8 9 10 11 12 13 14 15 16 17 18 19 20 21 22 23 24 25 26 27 28 29 30
stock 9044458.749319 7870005.060981 6629014.478798 5572115.065180 4644458.156511 3824814.664385 3133878.761868 2554128.962718 1093459.357817 898230.696913 737378.537123 605349.299280 497503.193144 409709.994434 338348.096815 280433.769826 232982.253266 193821.708242 161369.137807 134401.213307 111942.806465 93209.962775 77569.728075 64507.517168 53601.330325 44501.912339 36917.808428 30604.242759 25354.827634 121525.197760
*end

*state2 (partition)
year: 1982
time_step: step2
values {d}
category 1 2 3 4 5 6 7 8 9 10 11 12 13 14 15 16 17 18 19 20 21 22 23 24 25 26 27 28 29 30
stock 0.000000 8100714.577980 7048809.275742 5937309.872754 4990692.642839 4159832.106935 3425714.326155 2806874.139793 2287618.341329 979362.326238 804504.802615 660436.763627 542184.118405 445591.215681 366958.799487 303043.160046 251171.904295 208671.716877 173597.379457 144531.072925 120377.116875 100262.132800 83483.967940 69475.713743 57776.479411 48008.298783 39858.359690 33065.619205 27410.842631 131553.827144
*end

*state1 (partition)
year: 1983
time_step: step1
values {d}
category 1 2 3 4 5 6 7 8 9 10 11 12 13 14 15 16 17 18 19 20 21 22 23 24 25 26 27 28 29 30
stock 8609936.828352 7475738.991927 6502462.063114 5474305.191923 4598873.909145 3831188.023009 3153633.659132 2582766.490597 2104187.646511 900677.399165 739935.231502 607562.242301 498922.366805 410179.015749 337924.267933 279175.240862 231478.216646 192379.324553 160094.915306 133326.317775 111070.438828 92527.652466 77054.794893 64132.180203 53336.888084 44321.707854 36798.964953 30528.353351 25307.883671 121462.184952
*end

*state2 (partition)
year: 1983
time_step: step2
values {d}
category 1 2 3 4 5 6 7 8 9 10 11 12 13 14 15 16 17 18 19 20 21 22 23 24 25 26 27 28 29 30
stock 0.000000 7711532.852773 6695682.905032 5823962.570607 4903088.742139 4119004.348482 3431422.656586 2824567.712033 2313267.685971 1884626.157887 806696.203687 662726.679696 544166.151856 446862.305648 367378.880766 302663.555595 250044.696554 207324.618978 172305.501313 143389.809189 119414.381331 99480.792376 82872.853310 69014.511271 57440.306987 47771.449771 39696.958644 32959.176454 27342.871905 131455.343814
*end

*state1 (partition)
year: 1984
time_step: step1
values {d}
category 1 2 3 4 5 6 7 8 9 10 11 12 13 14 15 16 17 18 19 20 21 22 23 24 25 26 27 28 29 30
stock 8289421.477421 7115401.072492 6174974.126191 5367625.566180 4515928.468002 3791735.649741 3157688.402102 2598433.591165 2127589.987789 1733257.676448 742020.790025 609753.743328 500831.497876 411425.952195 338375.447368 278876.376352 230477.696636 191165.099195 158922.781272 132286.435613 110190.475274 91811.790654 76493.879599 63708.277279 53027.576606 44103.607112 36650.247695 30430.228781 25245.201763 121371.461290
*end

*state2 (partition)
year: 1984
time_step: step2
values {d}
category 1 2 3 4 5 6 7 8 9 10 11 12 13 14 15 16 17 18 19 20 21 22 23 24 25 26 27 28 29 30
stock 0.000000 7424461.680499 6372944.450707 5530646.366921 4807540.603396 4044713.850524 3396086.941744 2828199.362793 2327300.002717 1905586.581546 1552400.880601 664594.620587 546128.980678 448572.228411 368495.705612 303067.656706 249777.017065 206428.498243 171217.974317 142339.981496 118483.005688 98692.648631 82231.688108 68512.124691 57060.636219 47494.413403 39501.615627 32825.977101 27254.986145 131317.945350
*end

*state1 (partition)
year: 1985
time_step: step1
values {d}
category 1 2 3 4 5 6 7 8 9 10 11 12 13 14 15 16 17 18 19 20 21 22 23 24 25 26 27 28 29 30
stock 5156008.791114 6850184.245228 5876645.458801 5096010.253337 4425772.598778 3720199.658668 3121039.094605 2596938.565700 2135478.120626 1747889.917035 1424084.622319 609864.256829 501387.312544 412055.830157 338711.238680 278754.400644 229887.684541 190106.620440 157766.601676 131219.599804 109269.663728 91047.154306 75880.100653 63231.936071 52670.076660 43844.064186 36467.917990 30306.243356 25163.561674 121243.220957
*end

*state2 (partition)
year: 1985
time_step: step2
values {d}
category 1 2 3 4 5 6 7 8 9 10 11 12 13 14 15 16 17 18 19 20 21 22 23 24 25 26 27 28 29 30
stock 0.000000 4618004.983606 6135401.676894 5263446.808391 4564266.994070 3963965.296701 3332015.374634 2795374.227786 2325960.975705 1912651.627055 1565506.319844 1275488.493014 546227.962647 449070.046590 369059.858950 303368.409868 249667.768914 205900.050967 170269.942542 141304.443476 117527.488876 97867.919178 81546.837751 67962.390517 56633.998841 47174.216794 39269.154712 32662.672591 27143.937980 131129.964904
*end

*state1 (partition)
year: 1986
time_step: step1
values {d}
category 1 2 3 4 5 6 7 8 9 10 11 12 13 14 15 16 17 18 19 20 21 22 23 24 25 26 27 28 29 30
stock 3986110.729521 4260498.604049 5657126.791724 4849664.055432 4202503.689294 3647984.336873 3065750.331037 2571617.336393 2139645.718268 1759559.141930 1440506.575612 1173985.017737 502925.655963 413616.730814 340045.801610 279616.596722 230195.419321 189896.829181 157075.802564 130382.479570 108461.974254 90331.030836 75274.568748 62739.730141 52284.713090 43553.044361 36255.706279 30156.694174 25061.637452 121071.342532
*end

*state2 (partition)
year: 1986
time_step: step2
values {d}
category 1 2 3 4 5 6 7 8 9 10 11 12 13 14 15 16 17 18 19 20 21 22 23 24 25 26 27 28 29 30
stock 0.000000 3570179.951178 3815936.819203 5066833.819619 4343625.793539 3763993.384617 3267335.361574 2745854.571004 2303281.890414 1916384.356664 1575957.919309 1290196.897367 1051485.535078 450447.871544 370457.887406 304563.717812 250439.999130 206175.675158 170082.041954 140685.725807 116777.717964 97144.508074 80905.438194 67420.042847 56193.152145 46829.063991 39008.501354 32472.604113 27009.993509 130884.732197
*end

*state1 (partition)
year: 1987
time_step: step1
values {d}
category 1 2 3 4 5 6 7 8 9 10 11 12 13 14 15 16 17 18 19 20 21 22 23 24 25 26 27 28 29 30
stock 4217718.555992 3292801.055524 3516614.956992 4664730.305471 3994999.493489 3459480.866805 3002056.910170 2522356.343776 2115587.808476 1760359.622528 1448074.147463 1185980.151059 966999.817215 414461.761894 341035.559342 280513.556607 230770.327905 190061.424719 156845.250195 129775.886773 107748.256532 89650.355213 74674.965426 62234.792492 51875.368635 43233.122688 36014.394867 29980.872685 24937.802290 120844.455206
*end

*state2 (partition)
year: 1987
time_step: step2
values {d}
category 1 2 3 4 5 6 7 8 9 10 11 12 13 14 15 16 17 18 19 20 21 22 23 24 25 26 27 28 29 30
stock 0.000000 3777620.655842 2949213.684554 3149673.721426 4177988.958237 3578141.216949 3098501.288657 2688807.241005 2259161.036742 1894836.769797 1576674.873748 1296974.830831 1062229.036049 866098.208122 371214.743706 305450.199259 251243.365724 206690.594898 170229.462769 140479.230428 116234.420101 96505.263237 80295.787678 66883.005142 55740.902222 46462.432588 38721.961913 32256.472345 26852.518117 130570.605853
*end

*state1 (partition)
year: 1988
time_step: step1
values {d}
category 1 2 3 4 5 6 7 8 9 10 11 12 13 14 15 16 17 18 19 20 21 22 23 24 25 26 27 28 29 30
stock 3471794.191045 3483972.243331 2717643.277955 2899270.159738 3841691.963952 3287419.146659 2845417.816469 2468224.383193 2073300.240498 1738931.147125 1447361.769792 1191120.578744 976041.123385 796280.893111 341494.322154 281160.945760 231393.868349 190457.769786 156930.059913 129552.897256 107226.834706 89048.267234 74105.115395 61734.969859 51455.595787 42893.416387 35749.204332 29780.996955 24792.245779 120553.969320
*end

*state2 (partition)
year: 1988
time_step: step2
values {d}
category 1 2 3 4 5 6 7 8 9 10 11 12 13 14 15 16 17 18 19 20 21 22 23 24 25 26 27 28 29 30
stock 0.000000 3109529.778912 3120437.112167 2434070.753116 2596745.775446 3440830.563669 2944393.351042 2548512.655669 2210677.476324 1856961.698676 1557482.352902 1296336.786217 1066833.085738 874196.099077 713192.952478 305861.092459 251823.203046 207249.072005 170584.451204 140555.190674 116034.698428 96038.249179 79756.524577 66372.616120 55293.233589 46086.460944 38417.702270 32018.953119 26673.498422 130180.062306
*end

*state1 (partition)
year: 1989
time_step: step1
values {d}
category 1 2 3 4 5 6 7 8 9 10 11 12 13 14 15 16 17 18 19 20 21 22 23 24 25 26 27 28 29 30
stock 4173283.345254 2867481.580239 2874740.127308 2239568.404048 2385923.218793 3157505.699321 2699221.866450 2333990.692041 2022990.308324 1698725.398634 1425120.784605 1186805.122343 977379.609287 801555.645303 654516.845629 280954.527683 231523.305789 190700.433023 157079.679890 129510.097142 106972.799148 88575.298689 73582.742012 61249.753571 51034.497720 42542.085419 35466.077359 29560.570683 24626.399382 120191.801998
*end

*state2 (partition)
year: 1989
time_step: step2
values {d}
category 1 2 3 4 5 6 7 8 9 10 11 12 13 14 15 16 17 18 19 20 21 22 23 24 25 26 27 28 29 30
stock 0.000000 3737822.037774 2568274.175709 2574775.329584 2005880.608436 2136964.028044 2828035.724135 2417571.524045 2090450.401502 1811901.357059 1521471.873785 1276416.536932 1062967.925694 875394.920649 717917.310581 586221.276460 251638.323667 207365.003294 170801.793743 140689.198554 115996.364292 95810.720964 79332.907941 65904.749795 54858.647201 45709.302361 38103.030936 31765.369034 26476.072532 129707.144185
*end

*state1 (partition)
year: 1990
time_step: step1
values {d}
category 1 2 3 4 5 6 7 8 9 10 11 12 13 14 15 16 17 18 19 20 21 22 23 24 25 26 27 28 29 30
stock 4437138.471553 3447184.828247 2366325.459292 2369188.527673 1842779.937859 1959885.048865 2589335.280172 2209603.332589 1907734.198706 1652178.645936 1387529.578287 1164723.869619 970774.463403 800312.672990 657123.092424 537251.130640 230904.480958 190502.825459 157079.692211 129505.806859 106858.194273 88317.624591 73163.830000 60801.931585 50624.441407 42189.095881 35173.040353 29325.159463 24443.482700 119753.352522
*end

*state2 (partition)
year: 1990
time_step: step2
values {d}
category 1 2 3 4 5 6 7 8 9 10 11 12 13 14 15 16 17 18 19 20 21 22 23 24 25 26 27 28 29 30
stock 0.000000 3974145.197327 3087488.280410 2119411.197024 2121975.518496 1650495.040154 1755380.816757 2319151.055108 1979042.242766 1708671.647768 1479782.042631 1242747.785550 1043190.741586 869478.988802 716804.036231 588555.574399 481191.654099 206810.749749 170624.805542 140689.209588 115992.521679 95708.074537 79102.120851 65529.549162 54457.553206 45342.033379 37786.874097 31502.908979 26265.225299 129150.614488
*end

*state1 (partition)
year: 1991
time_step: step1
values {d}
category 1 2 3 4 5 6 7 8 9 10 11 12 13 14 15 16 17 18 19 20 21 22 23 24 25 26 27 28 29 30
stock 5656376.534448 3663641.700969 2842779.609095 1948307.527604 1947234.428878 1512153.241913 1606156.714274 2119278.534103 1806618.854985 1559099.986037 1350663.801777 1135081.551431 953663.662360 795694.104049 656724.457584 539856.079459 441878.560734 190115.709338 156999.384563 129559.624878 106888.611492 88243.763064 72963.295849 60462.865563 50258.268756 41852.264327 34882.329472 29083.441340 24249.109606 119240.344633
*end

*state2 (partition)
year: 1991
time_step: step2
values {d}
category 1 2 3 4 5 6 7 8 9 10 11 12 13 14 15 16 17 18 19 20 21 22 23 24 25 26 27 28 29 30
stock 0.000000 5066161.847949 3281358.957801 2546149.732079 1745011.352110 1744050.225885 1354367.591297 1438562.270055 1898142.386608 1618107.185964 1396415.676766 1209728.768991 1016641.451493 854153.614527 712667.391928 588198.535116 483524.789498 395770.736298 170278.083058 140617.281643 116040.724056 95735.317870 79035.966406 65349.939750 54153.867032 45014.069019 37485.189236 31242.532328 26048.729258 128517.045183
*end

*state1 (partition)
year: 1992
time_step: step1
values {d}
category 1 2 3 4 5 6 7 8 9 10 11 12 13 14 15 16 17 18 19 20 21 22 23 24 25 26 27 28 29 30
stock 7109452.112923 4663479.587787 3013253.147329 2330611.953852 1591504.936736 1585125.389842 1227249.203222 1299574.018219 1710453.853841 1456359.708487 1257514.659336 1090910.386702 918509.899298 773437.508830 646912.879981 535286.331186 441123.750676 361904.346914 156031.457503 129083.345536 106681.188221 88118.490316 72814.884171 60247.688913 49950.729010 41534.875907 34596.152145 28839.146790 24047.291183 118649.858325
*end

*state2 (partition)
year: 1992
time_step: step2
values {d}
category 1 2 3 4 5 6 7 8 9 10 11 12 13 14 15 16 17 18 19 20 21 22 23 24 25 26 27 28 29 30
stock 0.000000 6367616.235404 4176868.746706 2698835.206646 2087424.217796 1425439.332444 1419725.459458 1099191.868403 1163969.949594 1531976.523174 1304395.834877 1126299.275086 977079.327549 822667.971350 692733.161441 579410.746712 479431.871671 395094.686906 324141.432908 139750.352945 115614.142088 95549.538183 78923.765245 65217.014091 53961.142993 44738.619512 37200.918715 30986.216178 25829.925626 127807.413500
*end

*state1 (partition)
year: 1993
time_step: step1
values {d}
category 1 2 3 4 5 6 7 8 9 10 11 12 13 14 15 16 17 18 19 20 21 22 23 24 25 26 27 28 29 30
stock 6327859.769974 5859981.116285 3833124.063024 2466817.270934 1898334.797035 1288934.908894 1276041.516429 981562.498302 1033554.810999 1355992.889876 1154807.177113 998970.031343 869041.259437 734296.695822 620819.855623 521483.528363 433340.514136 358554.083864 295239.079861 127693.925148 105920.577665 87725.597753 72581.782566 60051.439304 49732.240279 41258.816629 34322.318172 28596.700455 23842.401759 117986.433178
*end

*state2 (partition)
year: 1993
time_step: step2
values {d}
category 1 2 3 4 5 6 7 8 9 10 11 12 13 14 15 16 17 18 19 20 21 22 23 24 25 26 27 28 29 30
stock 0.000000 5667579.156122 5248521.306922 3433156.680480 2209417.189213 1700253.026793 1154440.978276 1142892.947024 879141.346052 925708.520174 1214501.793320 1034308.806494 894732.489822 778361.137389 657676.497099 556040.399336 467069.322496 388123.592289 321140.753102 264432.354053 114369.700790 94868.293546 78571.869061 65008.235476 53785.371052 44542.928990 36953.664846 30740.955415 25612.777357 127029.703224
*end

*state1 (partition)
year: 1994
time_step: step1
values {d}
category 1 2 3 4 5 6 7 8 9 10 11 12 13 14 15 16 17 18 19 20 21 22 23 24 25 26 27 28 29 30
stock 5493933.640740 5219665.541890 4821670.005723 3141174.364099 2009451.993496 1534014.218117 1031389.944254 1009947.341692 769247.555274 805110.942762 1055692.760831 900887.846279 782096.397461 683651.079712 580938.046875 494184.969664 417697.768735 349168.172045 290481.937546 240326.258711 104359.224964 86844.685326 72108.016049 59773.608945 49522.878826 41052.874307 34080.872794 28363.568070 23638.602389 117258.867722
*end

*state2 (partition)
year: 1994
time_step: step2
values {d}
category 1 2 3 4 5 6 7 8 9 10 11 12 13 14 15 16 17 18 19 20 21 22 23 24 25 26 27 28 29 30
stock 0.000000 4920669.060197 4675019.469855 4318552.783329 2813408.482309 1799775.697876 1373947.483642 923769.546479 904564.372573 688980.408646 721101.630478 945536.485329 806884.691693 700488.538220 612315.498492 520320.058464 442619.232276 374113.089369 312734.214379 260171.595818 215249.411974 93469.860214 77782.875454 64583.904132 53536.530905 44355.413360 36769.211579 30524.703658 25403.971174 126195.521674
*end

*state1 (partition)
year: 1995
time_step: step1
values {d}
category 1 2 3 4 5 6 7 8 9 10 11 12 13 14 15 16 17 18 19 20 21 22 23 24 25 26 27 28 29 30
stock 4754731.767794 4526109.591146 4285135.117485 3937104.925930 2545745.030119 1613180.332258 1217900.029161 808856.065770 783388.989716 592764.899411 620202.448686 815387.206453 698883.013366 610251.025077 537048.263212 459674.480404 393883.976823 335235.646476 282006.340885 235900.037237 196068.665656 85457.629857 71321.384680 59347.934025 49274.183709 40869.563283 33905.292262 28161.265609 23444.517629 116484.907182
*end

*state2 (partition)
year: 1995
time_step: step2
values {d}
category 1 2 3 4 5 6 7 8 9 10 11 12 13 14 15 16 17 18 19 20 21 22 23 24 25 26 27 28 29 30
stock 0.000000 4258599.216748 4053832.624235 3838002.635309 3526287.658830 2280109.230291 1444853.008525 1090818.234036 724455.968575 701646.254919 530912.837912 555487.415734 730305.617294 625958.055821 546574.373557 481009.954875 411709.740488 352784.147899 300255.478380 252580.385406 211285.044640 175609.878069 76540.552306 63879.353825 53155.273042 44132.668339 36605.028146 30367.444079 25222.777966 125328.487074
*end

*state1 (partition)
year: 1996
time_step: step1
values {d}
category 1 2 3 4 5 6 7 8 9 10 11 12 13 14 15 16 17 18 19 20 21 22 23 24 25 26 27 28 29 30
stock 3941860.352546 3902822.597152 3692293.913910 3465900.333874 3151691.515106 2015775.333299 1263672.162951 943228.946128 620336.535449 597650.320218 452662.925312 475490.483885 628691.604202 542642.516930 477543.774854 423698.975477 365578.200588 315622.564451 270449.848701 228838.938695 192356.081341 160500.356566 70166.231136 58691.915074 48918.769917 40661.997094 33752.715228 28015.589980 23277.006962 115683.733007
*end

*state2 (partition)
year: 1996
time_step: step2
values {d}
category 1 2 3 4 5 6 7 8 9 10 11 12 13 14 15 16 17 18 19 20 21 22 23 24 25 26 27 28 29 30
stock 0.000000 3530546.880391 3495582.520115 3307021.455192 3104250.916347 2822828.221052 1805439.228701 1131814.273903 844807.708902 555607.511212 535288.489418 405429.806208 425875.422871 563090.770202 486020.476113 427714.463165 379488.100112 327431.938271 282688.923666 242229.755556 204960.736522 172284.683414 143752.944675 62844.734793 52567.706396 43814.340204 36419.120453 30230.787698 25092.302862 124460.879665
*end

*state1 (partition)
year: 1997
time_step: step1
values {d}
category 1 2 3 4 5 6 7 8 9 10 11 12 13 14 15 16 17 18 19 20 21 22 23 24 25 26 27 28 29 30
stock 2777675.421891 3233677.232016 3180989.174476 2983352.039068 2772716.841629 2497085.790022 1583426.828354 983943.696134 729079.149403 477783.530709 460984.197761 350510.403751 370134.874992 492487.296962 428033.578767 379377.005379 338948.300397 294352.265306 255602.950153 220110.992208 187012.934665 157716.272895 131932.281834 57786.862374 48403.529221 40382.508025 33588.530290 27893.194682 23158.411305 114888.084850
*end

*state2 (partition)
year: 1997
time_step: step2
values {d}
category 1 2 3 4 5 6 7 8 9 10 11 12 13 14 15 16 17 18 19 20 21 22 23 24 25 26 27 28 29 30
stock 0.000000 2487838.842176 2896259.137215 2849068.815756 2672054.129933 2483397.665038 2236527.339264 1418204.134391 881274.077764 653003.375632 427929.201692 412882.795369 313936.390899 331513.146421 441098.703256 383370.409163 339790.906588 303580.735377 263638.074175 228932.056839 197143.507729 167499.067451 141259.366253 118165.806090 51757.091433 43352.862305 36168.794675 30083.734640 24982.678903 123642.032634
*end

*state1 (partition)
year: 1998
time_step: step1
values {d}
category 1 2 3 4 5 6 7 8 9 10 11 12 13 14 15 16 17 18 19 20 21 22 23 24 25 26 27 28 29 30
stock 2373959.323081 2279298.448591 2637425.783383 2574093.082034 2393732.694806 2208266.664895 1977658.161417 1247331.924439 771854.140559 571010.308006 374854.317061 362902.316608 277128.302426 294103.166811 393411.436715 343769.220321 306273.872319 274945.181853 239782.199225 208969.580031 180488.768904 153712.052268 129868.603387 108784.887694 47694.946347 39977.722329 33368.459597 27763.009058 23059.949317 114139.971074
*end

*state2 (partition)
year: 1998
time_step: step2
values {d}
category 1 2 3 4 5 6 7 8 9 10 11 12 13 14 15 16 17 18 19 20 21 22 23 24 25 26 27 28 29 30
stock 0.000000 2126248.505193 2041465.020940 2362223.554107 2305499.304343 2143958.624176 1977845.049681 1771299.393638 1117179.057801 691315.009754 511428.229643 335740.138244 325035.269440 248211.345937 263414.967866 352360.914995 307898.616346 274315.720942 246256.023109 214762.122382 187164.646357 161655.665856 137672.966081 116317.462198 97433.727106 42718.216521 35806.246349 29886.627226 24866.077500 122883.792829
*end

*state1 (partition)
year: 1999
time_step: step1
values {d}
category 1 2 3 4 5 6 7 8 9 10 11 12 13 14 15 16 17 18 19 20 21 22 23 24 25 26 27 28 29 30
stock 2179443.903648 1948133.104844 1857881.650159 2128612.107280 2050749.184352 1878112.254772 1703541.836777 1497624.929388 929153.180089 569480.484894 421389.928646 277984.385374 271170.412897 209095.176933 224374.261582 303669.257080 268452.413390 241808.473293 219230.706353 192836.280925 169258.872899 147030.334293 125775.483347 106620.661810 89527.755783 39318.831715 32995.077294 27561.233731 22942.493987 113411.967375
*end

*state2 (partition)
year: 1999
time_step: step2
values {d}
category 1 2 3 4 5 6 7 8 9 10 11 12 13 14 15 16 17 18 19 20 21 22 23 24 25 26 27 28 29 30
stock 0.000000 1952029.799849 1744855.129495 1664020.964078 1906502.047965 1836763.732790 1682140.605977 1525785.740625 1341355.235740 832200.678862 510058.035945 377419.990804 248978.100897 242875.132471 187277.137849 200961.926202 271982.884316 240440.742660 216576.964855 196355.075313 172714.776566 151597.553502 131688.452059 112651.438825 95495.327402 80185.980887 35216.107684 29552.205505 24685.356422 122126.553235
*end

*state1 (partition)
year: 2000
time_step: step1
values {d}
category 1 2 3 4 5 6 7 8 9 10 11 12 13 14 15 16 17 18 19 20 21 22 23 24 25 26 27 28 29 30
stock 2236741.501070 1788459.865652 1588421.563400 1501383.043499 1701702.331043 1620775.934304 1467558.091584 1315206.503362 1144300.370509 705976.725817 433122.622628 321818.602592 213566.856042 209867.160186 163160.536219 176589.807758 241023.244084 214765.164170 194830.141861 177725.977182 157127.932277 138481.812568 120677.113962 103477.396532 87869.622734 73872.030861 32469.814647 27262.356111 22780.481500 112726.599109
*end

*state2 (partition)
year: 2000
time_step: step2
values {d}
category 1 2 3 4 5 6 7 8 9 10 11 12 13 14 15 16 17 18 19 20 21 22 23 24 25 26 27 28 29 30
stock 0.000000 2003348.678687 1601842.996620 1422677.693740 1344721.209384 1524138.178142 1451656.047372 1314425.722536 1177971.262862 1024898.332768 632311.574750 387928.436673 288238.436123 191282.219540 187968.568499 146135.547846 158163.541863 215873.670399 192355.490191 174500.588056 159181.157673 140732.416044 124031.925950 108085.058863 92680.046182 78700.865754 66163.852795 29081.751395 24417.665192 121367.592438
*end

*state1 (partition)
year: 2001
time_step: step1
values {d}
category 1 2 3 4 5 6 7 8 9 10 11 12 13 14 15 16 17 18 19 20 21 22 23 24 25 26 27 28 29 30
stock 2093501.461237 1833937.531752 1456268.420661 1281367.684812 1198196.087108 1343766.914911 1267690.994265 1136621.779648 1010281.711808 875415.516747 540907.329167 333249.363927 249038.851455 166412.011575 164774.179206 129108.027730 140804.596656 193551.818898 173564.279798 158315.327074 145071.241127 128722.465411 113764.786966 99345.467067 85315.107625 72523.707688 61014.661946 26831.189698 22534.861408 112030.109524
*end

*state2 (partition)
year: 2001
time_step: step2
values {d}
category 1 2 3 4 5 6 7 8 9 10 11 12 13 14 15 16 17 18 19 20 21 22 23 24 25 26 27 28 29 30
stock 0.000000 1875055.022761 1642575.295032 1304314.072480 1147663.356294 1073170.300085 1203551.537879 1135413.760208 1018020.964576 904863.852835 784070.272734 484466.346541 298476.454511 223052.889109 149047.747961 147580.815234 115636.248819 126112.339101 173355.651720 155453.712660 141795.912115 129933.780496 115290.918005 101893.998721 88979.262953 76412.901558 64956.220422 54648.086215 24031.488844 120523.787208
*end

*state1 (partition)
year: 2002
time_step: step1
values {d}
category 1 2 3 4 5 6 7 8 9 10 11 12 13 14 15 16 17 18 19 20 21 22 23 24 25 26 27 28 29 30
stock 3042537.163383 1724736.116294 1506119.835952 1190648.185171 1041920.512061 968479.166536 1079518.920930 1011794.166097 902093.691704 799333.766502 692881.644416 428988.461862 265088.481877 198844.965066 133435.886918 132713.195758 104448.251400 114388.137451 157834.604836 142000.005210 129878.949992 119275.996994 106015.365527 93816.674781 82002.152642 70467.323426 59928.788659 50433.294550 22182.196685 111262.053924
*end

*state2 (partition)
year: 2002
time_step: step2
values {d}
category 1 2 3 4 5 6 7 8 9 10 11 12 13 14 15 16 17 18 19 20 21 22 23 24 25 26 27 28 29 30
stock 0.000000 2725063.581646 1544768.502757 1348963.741164 1066409.984079 933201.302044 867423.194718 966876.504428 906218.490060 807964.713161 715927.273753 620582.899796 384225.654968 237427.820627 178096.484479 119512.517481 118865.235539 93549.597185 102452.305691 141365.350846 127183.012733 116326.729187 106830.141463 94953.190768 84027.372574 73445.636908 63114.409604 53675.518391 45170.831743 119520.008462
*end

*state1 (partition)
year: 2003
time_step: step1
values {d}
category 1 2 3 4 5 6 7 8 9 10 11 12 13 14 15 16 17 18 19 20 21 22 23 24 25 26 27 28 29 30
stock 6305488.002867 2505490.922781 1415507.872002 1230515.330766 967781.652339 842691.428746 779856.189896 865385.638100 808091.386943 719176.323595 637726.893090 553887.686940 343853.458574 213164.333095 160463.085981 108073.644151 107873.370802 85182.874725 93568.963713 129441.214366 116704.597353 106925.870732 98327.114241 87482.335293 77471.865353 67749.850436 58239.777758 49541.073009 41697.475227 110339.485793
*end

*state2 (partition)
year: 2003
time_step: step2
values {d}
category 1 2 3 4 5 6 7 8 9 10 11 12 13 14 15 16 17 18 19 20 21 22 23 24 25 26 27 28 29 30
stock 0.000000 5647541.771359 2244055.438331 1267806.683826 1102117.191824 866798.462650 754760.780140 698482.085143 775086.961911 723771.080170 644133.860318 571183.271747 496092.268705 307974.064758 190921.697856 143719.563090 96796.698281 96617.322457 76294.466502 83805.508921 115934.669090 104527.054553 95768.689295 88067.170167 78353.989826 69388.062508 60680.491370 52162.747355 44371.709072 136172.662253
*end

*state1 (partition)
year: 2004
time_step: step1
values {d}
category 1 2 3 4 5 6 7 8 9 10 11 12 13 14 15 16 17 18 19 20 21 22 23 24 25 26 27 28 29 30
stock 4403833.799200 5179246.766950 2046033.292460 1146272.539432 985855.633441 765931.521825 658242.200429 600562.318793 658155.030355 610214.212114 543300.469034 483704.862932 422684.994939 264437.787041 165379.149541 125650.370497 85408.464206 85992.774036 68438.057691 75686.660859 105296.137676 95367.229899 87684.811924 80846.891182 72068.272160 63907.752015 55939.219552 48116.097881 40945.274316 125687.277418
*end

*state2 (partition)
year: 2004
time_step: step2
values {d}
category 1 2 3 4 5 6 7 8 9 10 11 12 13 14 15 16 17 18 19 20 21 22 23 24 25 26 27 28 29 30
stock 0.000000 3944315.701464 4638818.192537 1832539.920701 1026664.715698 882986.513947 686010.386752 589557.909063 537896.635461 589479.834751 546541.401843 486609.774195 433232.672424 378579.923387 236845.022551 148122.659930 112539.380877 76496.516845 77019.856858 61296.887629 67789.135201 94309.010757 85416.134997 78535.339030 72410.921221 64548.307321 57239.296761 50102.240926 43095.422993 149245.275855
*end

*state1 (partition)
year: 2005
time_step: step1
values {d}
category 1 2 3 4 5 6 7 8 9 10 11 12 13 14 15 16 17 18 19 20 21 22 23 24 25 26 27 28 29 30
stock 3429410.722921 3557384.067813 4108131.351013 1585394.901144 866823.927934 731195.513228 561437.709108 477601.194661 432721.569526 473791.537776 442191.556055 397771.374903 358506.990220 317526.162531 201426.795258 127699.010147 98269.331033 67570.621075 68717.763696 55151.774141 61411.865742 85898.350432 78119.030723 72044.872787 66571.771570 59433.459265 52757.766010 46210.603557 39765.065187 137748.248768
*end

*state2 (partition)
year: 2005
time_step: step2
values {d}
category 1 2 3 4 5 6 7 8 9 10 11 12 13 14 15 16 17 18 19 20 21 22 23 24 25 26 27 28 29 30
stock 0.000000 3071568.814346 3186188.778823 3679468.329259 1419966.848599 776375.173372 654898.907445 502854.483707 427765.891502 387569.231462 424353.753316 396051.072118 356265.915373 321098.573445 284393.890778 180408.913564 114374.255194 88015.416348 60519.963699 61547.407707 49396.961517 55003.843775 76935.285887 69967.699399 64527.349555 59625.339159 53231.874149 47252.756197 41388.757499 158990.684794
*end

*state1 (partition)
year: 2006
time_step: step1
values {d}
category 1 2 3 4 5 6 7 8 9 10 11 12 13 14 15 16 17 18 19 20 21 22 23 24 25 26 27 28 29 30
stock 1615823.211814 2830715.985988 2931940.282883 3379011.662367 1300974.928016 709673.606551 597371.969797 457690.079458 388641.103887 351799.822333 385303.538759 359920.859885 324159.070081 292591.771176 259569.825923 164941.486512 104743.343123 80730.665969 55589.323626 56602.053659 45474.038571 50676.930219 70927.934723 64534.967136 59537.491816 55027.819501 49135.388176 43621.105058 38210.421479 146787.688336
*end

*state2 (partition)
year: 2006
time_step: step2
values {d}
category 1 2 3 4 5 6 7 8 9 10 11 12 13 14 15 16 17 18 19 20 21 22 23 24 25 26 27 28 29 30
stock 0.000000 1447220.116778 2535344.887890 2626006.934147 3026428.644452 1165224.681439 635622.704413 535039.183476 409932.401886 348088.342611 315091.265082 345099.035762 322364.912860 290334.687500 262061.278829 232485.008903 147730.664856 93813.897559 72306.823529 49788.854896 50695.911600 40729.049397 45389.045246 63526.958409 57801.065111 53325.051422 49285.940926 44008.355428 39069.460257 165694.479527
*end

*state1 (partition)
year: 2007
time_step: step1
values {d}
category 1 2 3 4 5 6 7 8 9 10 11 12 13 14 15 16 17 18 19 20 21 22 23 24 25 26 27 28 29 30
stock 2247161.580397 1332442.087325 2328537.219232 2403205.377223 2756924.932256 1055808.846235 572609.507953 478987.705688 364979.064767 308941.398721 279684.703912 306826.484627 287348.314969 259647.496973 235246.547295 209533.355643 133680.068907 85214.545784 65905.797067 45517.680959 46463.535630 37404.510105 41749.964993 58503.059392 53275.944263 49180.196209 45473.832508 40615.520522 36063.668944 152963.331565
*end

*state2 (partition)
year: 2007
time_step: step2
values {d}
category 1 2 3 4 5 6 7 8 9 10 11 12 13 14 15 16 17 18 19 20 21 22 23 24 25 26 27 28 29 30
stock 0.000000 2012681.474695 1193408.399582 2085565.971388 2152442.879417 2469253.562664 945640.457799 512860.561049 429007.727017 326895.319285 276704.904265 250500.999675 274810.670911 257364.951131 232554.575367 210699.743114 187669.594796 119731.220297 76322.832844 59028.855775 40768.137920 41615.297372 33501.535989 37393.564328 52398.556863 47716.865134 44048.487966 40728.864836 36377.493480 169302.975568
*end

*state1 (partition)
year: 2008
time_step: step1
values {d}
category 1 2 3 4 5 6 7 8 9 10 11 12 13 14 15 16 17 18 19 20 21 22 23 24 25 26 27 28 29 30
stock 1870264.269340 1853047.965109 1095916.543744 1907672.816589 1958278.368807 2231546.850325 848045.587943 456052.301395 378627.108447 287217.873827 243080.962489 220475.855880 242619.642370 228140.249200 207121.905992 188608.548551 168849.773011 108248.298903 69308.446979 53810.797120 37284.590026 38158.857045 30781.577269 34410.293221 48271.973348 43993.498534 40633.088476 37584.114680 33576.286625 156287.796189
*end

*state2 (partition)
year: 2008
time_step: step2
values {d}
category 1 2 3 4 5 6 7 8 9 10 11 12 13 14 15 16 17 18 19 20 21 22 23 24 25 26 27 28 29 30
stock 0.000000 1675111.518692 1659691.649960 981563.117066 1708616.670569 1753941.785752 1998696.063846 759556.259523 408465.517797 339119.257661 257248.120872 217716.676148 197470.299697 217303.492484 204334.951791 185509.767891 168928.186985 151231.141147 96953.128680 62076.456135 48195.908762 33394.128972 34177.170587 27569.673170 30819.750707 43235.033632 39402.996331 36393.228306 33662.399722 170052.712508
*end

*state1 (partition)
year: 2009
time_step: step1
values {d}
category 1 2 3 4 5 6 7 8 9 10 11 12 13 14 15 16 17 18 19 20 21 22 23 24 25 26 27 28 29 30
stock 1561923.764197 1531973.237125 1506528.778302 882297.030050 1519523.059784 1545102.533151 1747817.945296 659481.526973 352650.145275 292113.481292 222063.032553 188742.670402 172132.234926 190625.492579 180473.201102 164979.109282 151233.147952 136221.134807 87805.275349 56480.214463 44018.575909 30592.476075 31383.121619 25359.966264 28385.249673 39854.899049 36344.137435 33581.189797 31069.135965 156976.563534
*end

*state2 (partition)
year: 2009
time_step: step2
values {d}
category 1 2 3 4 5 6 7 8 9 10 11 12 13 14 15 16 17 18 19 20 21 22 23 24 25 26 27 28 29 30
stock 0.000000 1398944.807757 1372119.468839 1349330.012419 790233.734437 1360968.405422 1383878.788293 1565441.857998 590667.918062 315852.861065 261632.896109 198891.862398 169048.313889 154171.094529 170734.672961 161641.722476 147764.361878 135452.723070 122007.138641 78643.232697 50586.785716 39425.457006 27400.303742 28108.449366 22713.780239 25423.390409 35696.239065 32551.807919 30077.160091 168424.068424
*end

*state1 (partition)
year: 2010
time_step: step1
values {d}
category 1 2 3 4 5 6 7 8 9 10 11 12 13 14 15 16 17 18 19 20 21 22 23 24 25 26 27 28 29 30
stock 1619061.920539 1288887.256367 1262079.205345 1238484.933725 723691.367246 1244008.451422 1263250.125692 1427190.103157 537990.615494 287592.226270 238339.985314 181345.384781 154306.475243 140905.912110 156256.395350 148137.386311 135598.046464 124451.226351 112218.449105 72400.165478 46606.252065 36345.083619 25271.203743 25933.294575 20961.321714 23465.971290 32951.782951 30051.443560 27768.253934 155499.574033
*end

*state2 (partition)
year: 2010
time_step: step2
values {d}
category 1 2 3 4 5 6 7 8 9 10 11 12 13 14 15 16 17 18 19 20 21 22 23 24 25 26 27 28 29 30
stock 0.000000 1450120.882397 1154398.298053 1130387.533480 1109255.206454 648177.781677 1114202.372621 1131436.274128 1278269.932411 481853.977396 257583.411504 213470.396302 162422.898137 138205.363983 126203.082793 139951.819650 132679.988720 121449.066459 111465.361443 100509.013505 64845.569226 41743.122059 32552.655374 22634.279645 23227.284599 18774.112314 21017.414196 29513.428710 26915.725273 164144.743962
*end

*state1 (partition)
year: 2011
time_step: step1
values {d}
category 1 2 3 4 5 6 7 8 9 10 11 12 13 14 15 16 17 18 19 20 21 22 23 24 25 26 27 28 29 30
stock 1556405.150859 1328822.436602 1051891.643670 1022967.639672 997320.283860 580341.853565 996479.097023 1011598.564236 1143390.055283 431588.031433 231234.193263 192162.858190 146652.246713 125175.301962 114655.548463 127514.934536 121208.086430 111205.136426 102264.324411 92361.691385 59666.155628 38447.414874 30005.121441 20874.416084 21429.671419 17325.801778 19399.546211 27244.763382 24848.595681 151545.385412
*end

*state2 (partition)
year: 2011
time_step: step2
values {d}
category 1 2 3 4 5 6 7 8 9 10 11 12 13 14 15 16 17 18 19 20 21 22 23 24 25 26 27 28 29 30
stock 0.000000 1394002.034202 1190166.441363 942131.995790 916226.067382 893254.885262 519786.074954 892501.472077 906043.298278 1024083.004397 386553.972417 207106.058219 172111.622136 131349.816033 112113.883374 102691.813698 114209.386955 108560.627001 99601.434951 91593.552088 82724.209440 53440.289807 34435.618845 26874.236636 18696.274854 19193.592063 15517.940756 17375.300297 24401.908176 157988.148734
*end

*state1 (partition)
year: 2012
time_step: step1
values {d}
category 1 2 3 4 5 6 7 8 9 10 11 12 13 14 15 16 17 18 19 20 21 22 23 24 25 26 27 28 29 30
stock 1561510.991737 1276974.696768 1083839.498314 851800.820804 822683.241869 798443.473494 463972.846431 796230.996402 808509.105950 914993.034915 346182.839867 186016.403733 155082.350228 118749.336565 101694.394216 93440.860431 104219.454842 99315.813679 91316.486316 84124.592043 76087.070814 49207.215449 31734.458364 24781.365693 17247.782199 17711.896238 14322.887616 16039.323240 22527.542232 145860.241358
*end

*state2 (partition)
year: 2012
time_step: step2
values {d}
category 1 2 3 4 5 6 7 8 9 10 11 12 13 14 15 16 17 18 19 20 21 22 23 24 25 26 27 28 29 30
stock 0.000000 1398575.106044 1143728.754647 970746.251106 762919.652560 736840.347795 715129.878382 415559.593453 713148.262242 724145.212282 819518.074229 310060.386728 166606.519553 138900.280282 106358.435424 91083.091267 83690.772577 93344.674407 88952.703749 81788.066309 75346.610341 68147.764374 44072.687883 28423.125874 22195.553753 15448.062131 15863.748184 12828.365712 14365.699838 150817.358019
*end

*obs_tan (observation)
Comparisons {d}
year category age length observed expected residual error_value score
1992 stock 0 0 4.18e+006 3.62728e+006 552717 0.15 -1.15714
1993 stock 0 0 2.95e+006 3.34239e+006 -392390 0.17 -1.29138
1994 stock 0 0 3.353e+006 3.08399e+006 269014 0.1 -1.39052
1995 stock 0 0 3.303e+006 2.8755e+006 427497 0.23 -1.02196
1996 stock 0 0 2.457e+006 2.7032e+006 -246197 0.13 -1.40557
1997 stock 0 0 2.811e+006 2.57687e+006 234132 0.17 -1.24573
1998 stock 0 0 2.873e+006 2.47974e+006 393260 0.18 -1.09301
1999 stock 0 0 2.302e+006 2.29018e+006 11816.6 0.12 -1.45955
2000 stock 0 0 2.091e+006 2.12985e+006 -38853.6 0.09 -1.52875
2001 stock 0 0 1.589e+006 1.96482e+006 -375825 0.13 -1.13915
2002 stock 0 0 1.567e+006 1.84233e+006 -275328 0.15 -1.25879
2003 stock 0 0 888000 1.7345e+006 -846500 0.16 1.82242
2004 stock 0 0 1.547e+006 1.59078e+006 -43781 0.17 -1.35408
2005 stock 0 0 1.048e+006 1.43746e+006 -389457 0.18 -0.765358
2006 stock 0 0 1.384e+006 1.44864e+006 -64640.4 0.19 -1.30575
2007 stock 0 0 1.824e+006 1.45603e+006 367967 0.12 -0.870525
2008 stock 0 0 1.257e+006 1.45865e+006 -201653 0.13 -1.31459
2009 stock 0 0 2.419e+006 1.42378e+006 995225 0.21 0.756511
2010 stock 0 0 1.7e+006 1.42476e+006 275244 0.25 -0.903174
2011 stock 0 0 1.099e+006 1.38045e+006 -281453 0.15 -1.07918
2012 stock 0 0 1.292e+006 1.31421e+006 -22214.7 0.15 -1.40008
*end

*tan_at_age (observation)
Comparisons {d}
year category age length observed expected residual error_value score
1990 stock 3 0 0.1235 0.0558353 0.0676647 25 10.8113
1990 stock 4 0 0.1068 0.0708922 0.0359078 25 8.4596
1990 stock 5 0 0.0935 0.0671291 0.0263709 25 7.34006
1990 stock 6 0 0.0939 0.0834409 0.0104591 25 6.86694
1990 stock 7 0 0.1065 0.123686 -0.0171863 25 6.94917
1990 stock 8 0 0.0845 0.113686 -0.0291857 25 5.39267
1990 stock 9 0 0.0544 0.101494 -0.0470942 25 3.3025
1990 stock 10 0 0.1283 0.0878155 0.0404845 25 9.8607
1990 stock 11 0 0.0489 0.0726182 -0.0237182 25 3.31539
1990 stock 12 0 0.043 0.0592418 -0.0162418 25 3.07158
1990 stock 13 0 0.0162 0.047363 -0.031163 25 1.11531
1990 stock 14 0 0.0401 0.0369667 0.00313333 25 3.30704
1990 stock 15 0 0.0162 0.0283622 -0.0121622 25 1.32299
1990 stock 16 0 0.0274 0.0213859 0.0060141 25 2.53499
1990 stock 17 0 0.0035 0.00836667 -0.00486667 25 0.374093
1990 stock 18 0 0.0025 0.00620162 -0.00370162 25 0.284727
1990 stock 19 0 0.0107 0.0155145 -0.0048145 25 1.01233
1992 stock 3 0 0.024 0.0832111 -0.0592111 37 2.16469
1992 stock 4 0 0.0471 0.0816169 -0.0345169 37 4.83597
1992 stock 5 0 0.0446 0.0678509 -0.0232509 37 4.83547
1992 stock 6 0 0.0708 0.0789811 -0.00818105 37 7.98522
1992 stock 7 0 0.0778 0.0686083 0.00919165 37 9.35413
1992 stock 8 0 0.1039 0.0782535 0.0256465 37 12.7408
1992 stock 9 0 0.0671 0.106499 -0.0393991 37 6.74224
1992 stock 10 0 0.1212 0.0905928 0.0306072 37 14.7015
1992 stock 11 0 0.087 0.0770242 0.00997584 37 10.3259
1992 stock 12 0 0.1111 0.064939 0.046161 37 14.586
1992 stock 13 0 0.0791 0.0524464 0.0266536 37 10.3283
1992 stock 14 0 0.0438 0.0418106 0.00198937 37 5.51775
1992 stock 15 0 0.0412 0.0326776 0.00852239 37 5.51706
1992 stock 16 0 0.0244 0.0249372 -0.000537171 37 3.29461
1992 stock 17 0 0.029 0.0187065 0.0102935 37 4.3019
1992 stock 18 0 0.0121 0.0137882 -0.00168823 37 1.79653
1992 stock 19 0 0.0158 0.0180567 -0.00225671 37 2.23229
1993 stock 3 0 0.0999 0.111845 -0.0119452 31 8.69899
1993 stock 4 0 0.0576 0.091278 -0.033678 31 4.77909
1993 stock 5 0 0.0828 0.0855145 -0.0027145 31 7.58734
1993 stock 6 0 0.0412 0.0678593 -0.0266593 31 3.57673
1993 stock 7 0 0.0582 0.0753751 -0.0171751 31 5.1846
1993 stock 8 0 0.0646 0.062451 0.00214897 31 6.2495
1993 stock 9 0 0.0401 0.0679966 -0.0278966 31 3.46276
1993 stock 10 0 0.0571 0.0891254 -0.0320254 31 4.77135
1993 stock 11 0 0.0587 0.0747382 -0.0160382 31 5.25322
1993 stock 12 0 0.0842 0.062833 0.021367 31 8.54766
1993 stock 13 0 0.1388 0.0524314 0.0863686 31 16.3298
1993 stock 14 0 0.041 0.0419423 -0.00094229 31 4.16794
1993 stock 15 0 0.0636 0.0331352 0.0304648 31 7.38466
1993 stock 16 0 0.0432 0.0256697 0.0175303 31 5.08287
1993 stock 17 0 0.032 0.0194169 0.0125831 31 3.90672
1993 stock 18 0 0.0111 0.0144341 -0.00333406 31 1.3438
1993 stock 19 0 0.026 0.0239542 0.00204578 31 2.93832
1994 stock 3 0 0.2247 0.143057 0.0816429 34 24.697
1994 stock 4 0 0.0891 0.118187 -0.0290866 34 8.29807
1994 stock 5 0 0.0852 0.0920432 -0.00684325 34 8.57396
1994 stock 6 0 0.0787 0.0821212 -0.00342117 34 8.08824
1994 stock 7 0 0.045 0.0619489 -0.0169489 34 4.56161
1994 stock 8 0 0.0532 0.0653383 -0.0121383 34 5.45884
1994 stock 9 0 0.0265 0.0514597 -0.0249597 34 2.6346
1994 stock 10 0 0.0352 0.0538081 -0.0186081 34 3.59266
1994 stock 11 0 0.0376 0.0694733 -0.0318733 34 3.55061
1994 stock 12 0 0.0507 0.0576174 -0.00691736 34 5.37352
1994 stock 13 0 0.0209 0.0479798 -0.0270798 34 2.06452
1994 stock 14 0 0.0497 0.0397066 0.00999342 34 5.87841
1994 stock 15 0 0.0251 0.0315283 -0.00642831 34 2.89526
1994 stock 16 0 0.0312 0.0247353 0.00646471 34 3.95134
1994 stock 17 0 0.0476 0.0190309 0.0285691 34 6.78291
1994 stock 18 0 0.0335 0.0142928 0.0192072 34 4.9033
1994 stock 19 0 0.0663 0.0276726 0.0386274 34 9.02659
1995 stock 3 0 0.173 0.129664 0.0433358 22 10.665
1995 stock 4 0 0.1344 0.151077 -0.0166765 22 7.32602
1995 stock 5 0 0.0868 0.118925 -0.0321249 22 4.6774
1995 stock 6 0 0.0491 0.0880749 -0.0389749 22 2.66037
1995 stock 7 0 0.0759 0.0746047 0.00129534 22 4.74502
1995 stock 8 0 0.0608 0.0533684 0.00743163 22 4.09702
1995 stock 9 0 0.0229 0.0534468 -0.0305468 22 1.35503
1995 stock 10 0 0.0623 0.0404034 0.0218966 22 4.59593
1995 stock 11 0 0.0375 0.0416253 -0.00412532 22 2.55898
1995 stock 12 0 0.0543 0.0531851 0.00111487 22 3.59894
1995 stock 13 0 0.0517 0.0437267 0.0079733 22 3.62384
1995 stock 14 0 0.093 0.0361477 0.0568523 22 7.52902
1995 stock 15 0 0.0294 0.0297254 -0.000325416 22 2.16822
1995 stock 16 0 0.0168 0.0234651 -0.00666505 22 1.26956
1995 stock 17 0 0.0222 0.0183025 0.00389754 22 1.83281
1995 stock 18 0 0.0201 0.0139951 0.00610493 22 1.76647
1995 stock 19 0 0.01 0.0302633 -0.0202633 22 0.678617
1996 stock 3 0 0.1225 0.115532 0.00696815 20 6.43384
1996 stock 4 0 0.1991 0.137526 0.0615736 20 11.051
1996 stock 5 0 0.2293 0.152248 0.077052 20 12.7291
1996 stock 6 0 0.1278 0.113805 0.013995 20 6.81814
1996 stock 7 0 0.0678 0.0800458 -0.0122458 20 3.61275
1996 stock 8 0 0.058 0.0643546 -0.00635461 20 3.25792
1996 stock 9 0 0.0198 0.0437645 -0.0239645 20 1.1197
1996 stock 10 0 0.0431 0.0421243 0.000975734 20 2.67805
1996 stock 11 0 0.0038 0.0314159 -0.0276159 20 0.223708
1996 stock 12 0 0.0206 0.0320714 -0.0114714 20 1.29692
1996 stock 13 0 0.0328 0.0406752 -0.00787521 20 1.99639
1996 stock 14 0 0.0242 0.033238 -0.00903803 20 1.52632
1996 stock 15 0 0.0136 0.0273324 -0.0137324 20 0.876125
1996 stock 16 0 0.0151 0.0223655 -0.00726549 20 1.03916
1996 stock 17 0 0.0145 0.0175659 -0.00306594 20 1.06569
1996 stock 18 0 0.0079 0.0136252 -0.0057252 20 0.606644
1996 stock 19 0 0.0001 0.0323101 -0.0322101 20 0.00571361
1997 stock 3 0 0.2073 0.10356 0.10374 21 13.5952
1997 stock 4 0 0.1483 0.123168 0.025132 21 8.45915
1997 stock 5 0 0.1522 0.13936 0.0128405 21 8.34232
1997 stock 6 0 0.1318 0.146682 -0.0148817 21 6.82068
1997 stock 7 0 0.0544 0.104358 -0.0499579 21 2.6483
1997 stock 8 0 0.076 0.0698483 0.00615165 21 4.60205
1997 stock 9 0 0.0225 0.0535171 -0.0310171 21 1.26193
1997 stock 10 0 0.0259 0.035038 -0.00913803 21 1.70449
1997 stock 11 0 0.0091 0.0332877 -0.0241877 21 0.56748
1997 stock 12 0 0.0179 0.024598 -0.00669804 21 1.27491
1997 stock 13 0 0.0392 0.0249158 0.0142842 21 2.97519
1997 stock 14 0 0.035 0.0313863 0.00361372 21 2.45609
1997 stock 15 0 0.0154 0.0254898 -0.0100898 21 1.07488
1997 stock 16 0 0.0019 0.020836 -0.018936 21 0.132709
1997 stock 17 0 0.0318 0.0169452 0.0148548 21 2.62103
1997 stock 18 0 0.0062 0.013221 -0.00702104 21 0.501214
1997 stock 19 0 0.025 0.0337897 -0.00878972 21 1.65891
1998 stock 3 0 0.0596 0.0901167 -0.0305167 19 2.78677
1998 stock 4 0 0.1291 0.111536 0.0175644 19 6.5296
1998 stock 5 0 0.1527 0.126271 0.0264292 19 7.67291
1998 stock 6 0 0.1293 0.136141 -0.00684144 19 6.05233
1998 stock 7 0 0.1389 0.136796 0.00210351 19 6.60743
1998 stock 8 0 0.088 0.0929318 -0.00493175 19 4.38517
1998 stock 9 0 0.0489 0.0594633 -0.0105633 19 2.59396
1998 stock 10 0 0.0393 0.043949 -0.00464897 19 2.24802
1998 stock 11 0 0.0451 0.028409 0.016691 19 2.99777
1998 stock 12 0 0.0398 0.0267292 0.0130708 19 2.6561
1998 stock 13 0 0.016 0.0195791 -0.00357909 19 1.08688
1998 stock 14 0 0.0307 0.0196716 0.0110284 19 2.17696
1998 stock 15 0 0.0117 0.0245884 -0.0128884 19 0.732221
1998 stock 16 0 0.0123 0.0198156 -0.00751561 19 0.822
1998 stock 17 0 0.0147 0.0160702 -0.00137017 19 1.0493
1998 stock 18 0 0.0192 0.0129611 0.00623894 19 1.46854
1998 stock 19 0 0.0247 0.0349707 -0.0102707 19 1.45222
1999 stock 3 0 0.1308 0.0704909 0.0603091 17 6.80667
1999 stock 4 0 0.1072 0.102418 0.00478212 17 4.68833
1999 stock 5 0 0.1112 0.120124 -0.00892399 17 4.60061
1999 stock 6 0 0.0771 0.128573 -0.0514731 17 2.84922
1999 stock 7 0 0.06 0.130848 -0.0708478 17 2.08298
1999 stock 8 0 0.112 0.123901 -0.011901 17 4.58247
1999 stock 9 0 0.0669 0.0794861 -0.0125861 17 2.9438
1999 stock 10 0 0.0692 0.0486713 0.0205287 17 3.64013
1999 stock 11 0 0.037 0.0354623 0.00153766 17 1.99183
1999 stock 12 0 0.0382 0.0227356 0.0154644 17 2.35188
1999 stock 13 0 0.0227 0.0212737 0.00142627 17 1.36718
1999 stock 14 0 0.0204 0.0155301 0.00486988 17 1.32954
1999 stock 15 0 0.0032 0.0155721 -0.0123721 17 0.197399
1999 stock 16 0 0.0305 0.0194371 0.0110629 17 1.92324
1999 stock 17 0 0.0191 0.0156411 0.00345888 17 1.23804
1999 stock 18 0 0.0279 0.0126577 0.0152423 17 1.95104
1999 stock 19 0 0.0668 0.0371781 0.0296219 17 3.80153
2000 stock 3 0 0.0751 0.0668952 0.00820477 31 7.31296
2000 stock 4 0 0.0821 0.0801836 0.00191644 31 7.67346
2000 stock 5 0 0.0855 0.110641 -0.0251408 31 7.20567
2000 stock 6 0 0.0724 0.123159 -0.050759 31 5.63051
2000 stock 7 0 0.0813 0.125119 -0.043819 31 6.46185
2000 stock 8 0 0.1222 0.120776 0.00142406 31 10.8717
2000 stock 9 0 0.0921 0.108657 -0.0165572 31 7.94983
2000 stock 10 0 0.0678 0.066973 0.000827044 31 6.47125
2000 stock 11 0 0.0684 0.0404584 0.0279416 31 7.60821
2000 stock 12 0 0.0507 0.0292154 0.0214846 31 5.88926
2000 stock 13 0 0.0308 0.0185973 0.0122027 31 3.78618
2000 stock 14 0 0.0599 0.0173017 0.0425983 31 8.09856
2000 stock 15 0 0.0231 0.0125691 0.0105309 31 3.04167
2000 stock 16 0 0.0198 0.0125462 0.00725385 31 2.57665
2000 stock 17 0 0.0227 0.0155874 0.00711259 31 2.83327
2000 stock 18 0 0.0031 0.0124785 -0.0093785 31 0.373069
2000 stock 19 0 0.0429 0.0388424 0.00405765 31 4.49221
2001 stock 3 0 0.0097 0.0684732 -0.0587732 23 0.506485
2001 stock 4 0 0.0587 0.0764043 -0.0177043 23 3.657
2001 stock 5 0 0.0832 0.0869781 -0.00377807 23 5.28811
2001 stock 6 0 0.0623 0.114003 -0.0517033 23 3.3502
2001 stock 7 0 0.1438 0.120668 0.0231321 23 9.18513
2001 stock 8 0 0.1161 0.116534 -0.000433967 23 7.13355
2001 stock 9 0 0.1212 0.107105 0.0140947 23 7.75883
2001 stock 10 0 0.1086 0.09272 0.01588 23 7.13874
2001 stock 11 0 0.1065 0.0564119 0.0500881 23 8.18818
2001 stock 12 0 0.0692 0.0337769 0.0354231 23 5.74343
2001 stock 13 0 0.02 0.0242121 -0.00421214 23 1.59013
2001 stock 14 0 0.0245 0.0153172 0.00918277 23 2.23813
2001 stock 15 0 0.0056 0.0141719 -0.00857189 23 0.486747
2001 stock 16 0 0.0138 0.0102411 0.00355886 23 1.34317
2001 stock 17 0 0.0226 0.0101667 0.0124333 23 2.26529
2001 stock 18 0 0.0047 0.0125558 -0.00785585 23 0.419957
2001 stock 19 0 0.0296 0.0402603 -0.0106603 23 2.08733
2002 stock 3 0 0.0527 0.0769378 -0.0242378 24 3.37731
2002 stock 4 0 0.0445 0.0771309 -0.0326309 24 2.7667
2002 stock 5 0 0.0387 0.0821708 -0.0434708 24 2.29259
2002 stock 6 0 0.0478 0.0892657 -0.0414657 24 2.84081
2002 stock 7 0 0.0913 0.111637 -0.0203373 24 5.68084
2002 stock 8 0 0.1144 0.112701 0.00169852 24 7.4753
2002 stock 9 0 0.1172 0.103901 0.0132987 24 7.93074
2002 stock 10 0 0.1324 0.0919789 0.0404211 24 9.60163
2002 stock 11 0 0.1077 0.0785069 0.0291931 24 7.8729
2002 stock 12 0 0.0952 0.0472386 0.0479614 24 7.94586
2002 stock 13 0 0.0576 0.028 0.0296 24 5.14829
2002 stock 14 0 0.0287 0.0198843 0.00881567 24 2.6005
2002 stock 15 0 0.0131 0.0124684 0.000631563 24 1.26801
2002 stock 16 0 0.0098 0.0114369 -0.00163694 24 0.956784
2002 stock 17 0 0.0027 0.00819346 -0.00549346 24 0.277272
2002 stock 18 0 0.0047 0.00806177 -0.00336177 24 0.488586
2002 stock 19 0 0.0413 0.0404855 0.000814495 24 3.1749
2003 stock 3 0 0.0388 0.0783624 -0.0395624 10 0.869205
2003 stock 4 0 0.1001 0.0863867 0.0137133 10 2.45179
2003 stock 5 0 0.0304 0.0827133 -0.0523133 10 0.64884
2003 stock 6 0 0.1096 0.084174 0.025426 10 2.75596
2003 stock 7 0 0.0609 0.0873995 -0.0264995 10 1.37287
2003 stock 8 0 0.1157 0.104463 0.0112371 10 2.68765
2003 stock 9 0 0.0837 0.100866 -0.017166 10 1.86001
2003 stock 10 0 0.0741 0.0896831 -0.0155831 10 1.7003
2003 stock 11 0 0.1217 0.0783067 0.0433933 10 3.20613
2003 stock 12 0 0.0897 0.0660979 0.0236021 10 2.39676
2003 stock 13 0 0.0349 0.03936 -0.00446004 10 1.01389
2003 stock 14 0 0.0433 0.0231007 0.0201993 10 1.51041
2003 stock 15 0 0.0176 0.0162491 0.00135089 10 0.647002
2003 stock 16 0 0.0002 0.0100932 -0.00989325 10 0.00804063
2003 stock 17 0 0.0076 0.00917055 -0.00157055 10 0.317288
2003 stock 18 0 0.0133 0.00650605 0.00679395 10 0.606571
2003 stock 19 0 0.0586 0.0370678 0.0215322 10 1.8166
2004 stock 3 0 0.0319 0.121384 -0.0894838 16 0.955978
2004 stock 4 0 0.0301 0.0862383 -0.0561383 16 1.05893
2004 stock 5 0 0.0306 0.090295 -0.059695 16 1.05622
2004 stock 6 0 0.0536 0.0819883 -0.0283883 16 2.09155
2004 stock 7 0 0.0893 0.0790556 0.0102444 16 3.8616
2004 stock 8 0 0.0821 0.0776896 0.00441036 16 3.51869
2004 stock 9 0 0.1564 0.088037 0.068363 16 7.28445
2004 stock 10 0 0.0579 0.0815474 -0.0236474 16 2.29274
2004 stock 11 0 0.1151 0.0714918 0.0436082 16 5.4105
2004 stock 12 0 0.0998 0.0618585 0.0379415 16 4.79876
2004 stock 13 0 0.1081 0.0518503 0.0562497 16 5.57717
2004 stock 14 0 0.0475 0.0307105 0.0167895 16 2.56531
2004 stock 15 0 0.0339 0.0179468 0.0159532 16 2.06223
2004 stock 16 0 0.0179 0.0125756 0.00532444 16 1.14752
2004 stock 17 0 0.0131 0.00778098 0.00531902 16 0.929742
2004 stock 18 0 0.0002 0.00703849 -0.00683849 16 0.0140217
2004 stock 19 0 0.0325 0.0325121 -1.20679e-005 16 1.66173
2005 stock 3 0 0.4424 0.234895 0.207505 16 18.9375
2005 stock 4 0 0.1235 0.114956 0.00854429 16 4.94561
2005 stock 5 0 0.044 0.0765177 -0.0325177 16 1.71448
2005 stock 6 0 0.043 0.0754355 -0.0324355 16 1.67987
2005 stock 7 0 0.0604 0.0649874 -0.00458736 16 2.62788
2005 stock 8 0 0.0319 0.0595458 -0.0276458 16 1.31949
2005 stock 9 0 0.0147 0.0557861 -0.0410861 16 0.584068
2005 stock 10 0 0.0492 0.0610233 -0.0118233 16 2.12673
2005 stock 11 0 0.0292 0.0560799 -0.0268799 16 1.22452
2005 stock 12 0 0.0148 0.0490267 -0.0342267 16 0.61888
2005 stock 13 0 0.0282 0.0423851 -0.0141851 16 1.30479
2005 stock 14 0 0.0292 0.0355406 -0.00634055 16 1.43761
2005 stock 15 0 0.0154 0.0210671 -0.00566711 16 0.853669
2005 stock 16 0 0.0135 0.0123178 0.00118224 16 0.859853
2005 stock 17 0 0.0077 0.00862844 -0.00092844 16 0.52621
2005 stock 18 0 0.0136 0.00533035 0.00826965 16 1.04873
2005 stock 19 0 0.0392 0.026478 0.012722 16 2.16879
2006 stock 3 0 0.2396 0.15702 0.0825804 20 13.3084
2006 stock 4 0 0.2879 0.229484 0.0584158 20 14.6059
2006 stock 5 0 0.087 0.107565 -0.0205648 20 4.34666
2006 stock 6 0 0.0462 0.0685759 -0.0223759 20 2.44591
2006 stock 7 0 0.0703 0.0647653 0.00553471 20 4.06899
2006 stock 8 0 0.067 0.0534475 0.0135525 20 4.10356
2006 stock 9 0 0.0324 0.0469285 -0.0145285 20 1.87675
2006 stock 10 0 0.0317 0.0424399 -0.0107399 20 1.89541
2006 stock 11 0 0.0368 0.0457689 -0.00896887 20 2.18214
2006 stock 12 0 0.0283 0.0415505 -0.0132505 20 1.68398
2006 stock 13 0 0.0237 0.0358958 -0.0121958 20 1.45565
2006 stock 14 0 0.0115 0.0306745 -0.0191745 20 0.707913
2006 stock 15 0 0.0121 0.025428 -0.013328 20 0.792187
2006 stock 16 0 0.0133 0.014902 -0.00160199 20 1.01711
2006 stock 17 0 0.01 0.00861412 0.00138588 20 0.865496
2006 stock 18 0 0.0001 0.00596495 -0.00586495 20 0.00909257
2006 stock 19 0 0.0022 0.0209757 -0.0187757 20 0.146195
2007 stock 3 0 0.0993 0.121884 -0.0225836 21 5.16219
2007 stock 4 0 0.1484 0.159521 -0.0111209 21 7.66028
2007 stock 5 0 0.2786 0.222787 0.0558132 21 15.0861
2007 stock 6 0 0.1096 0.0997152 0.00988481 21 6.29495
2007 stock 7 0 0.0726 0.0606764 0.0119236 21 4.57436
2007 stock 8 0 0.0281 0.0546693 -0.0265693 21 1.6013
2007 stock 9 0 0.0516 0.0430744 0.00852562 21 3.44529
2007 stock 10 0 0.0376 0.0364265 0.00117345 21 2.54151
2007 stock 11 0 0.0495 0.0324713 0.0170287 21 3.57998
2007 stock 12 0 0.0135 0.0346199 -0.0211199 21 0.848275
2007 stock 13 0 0.0165 0.0310998 -0.0145998 21 1.08771
2007 stock 14 0 0.0319 0.0266049 0.00529506 21 2.32778
2007 stock 15 0 0.0388 0.0225239 0.0162761 21 3.02389
2007 stock 16 0 0.0064 0.0185025 -0.0121025 21 0.472622
2007 stock 17 0 0.0106 0.0107452 -0.0001452 21 0.917526
2007 stock 18 0 0.0001 0.00615383 -0.00605383 21 0.0094819
2007 stock 19 0 0.0068 0.0185255 -0.0117255 21 0.502853
2008 stock 3 0 0.0153 0.0602904 -0.0449904 17 0.630004
2008 stock 4 0 0.1008 0.133088 -0.032288 17 3.90159
2008 stock 5 0 0.1202 0.166321 -0.0461211 17 4.39909
2008 stock 6 0 0.3307 0.221508 0.109192 17 14.3562
2008 stock 7 0 0.0911 0.094447 -0.00334704 17 3.974
2008 stock 8 0 0.1118 0.0547069 0.0570931 17 6.1261
2008 stock 9 0 0.0304 0.0469646 -0.0165646 17 1.46052
2008 stock 10 0 0.0941 0.0355928 0.0585072 17 5.69317
2008 stock 11 0 0.0185 0.0296613 -0.0111613 17 0.995874
2008 stock 12 0 0.0213 0.0261458 -0.00484582 17 1.20298
2008 stock 13 0 0.0187 0.0275983 -0.00889834 17 1.03024
2008 stock 14 0 0.0138 0.0245691 -0.0107691 17 0.774864
2008 stock 15 0 0.0172 0.0208428 -0.00364277 17 1.02495
2008 stock 16 0 0.0001 0.0175044 -0.0174044 17 0.00589812
2008 stock 17 0 0.0097 0.0142645 -0.0045645 17 0.626385
2008 stock 18 0 0.0061 0.00821601 -0.00211601 17 0.446503
2008 stock 19 0 0.0001 0.0182787 -0.0181787 17 0.00582454
2009 stock 3 0 0.0539 0.0876598 -0.0337598 27 3.79637
2009 stock 4 0 0.0498 0.0651032 -0.0153032 27 3.85464
2009 stock 5 0 0.1413 0.1365 0.00479993 27 10.5009
2009 stock 6 0 0.1398 0.162216 -0.0224162 27 9.70963
2009 stock 7 0 0.2082 0.205882 0.00231814 27 14.7658
2009 stock 8 0 0.1102 0.0836725 0.0265275 27 9.14245
2009 stock 9 0 0.0759 0.0462654 0.0296346 27 7.03736
2009 stock 10 0 0.055 0.0382873 0.0167127 27 5.11921
2009 stock 11 0 0.0394 0.0286595 0.0107405 27 3.80718
2009 stock 12 0 0.0249 0.0236736 0.00122642 27 2.41541
2009 stock 13 0 0.0247 0.0207096 0.00399039 27 2.4834
2009 stock 14 0 0.027 0.021713 0.00528698 27 2.70253
2009 stock 15 0 0.0184 0.0192086 -0.000808564 27 1.84266
2009 stock 16 0 0.0172 0.0161945 0.0010055 27 1.79328
2009 stock 17 0 0.0102 0.0135131 -0.00331313 27 1.08168
2009 stock 18 0 0.0024 0.0109355 -0.00853546 27 0.258566
2009 stock 19 0 0.0016 0.0198063 -0.0182063 27 0.145988
2010 stock 3 0 0.0722 0.0763355 -0.00413548 16 3.04503
2010 stock 4 0 0.089 0.0949938 -0.00599376 16 3.58469
2010 stock 5 0 0.1032 0.0675765 0.0356235 16 4.84562
2010 stock 6 0 0.1441 0.135762 0.00833837 16 5.59685
2010 stock 7 0 0.1502 0.154678 -0.00447779 16 5.58111
2010 stock 8 0 0.1771 0.188226 -0.0111256 16 6.31917
2010 stock 9 0 0.072 0.0733675 -0.00136746 16 3.08083
2010 stock 10 0 0.0446 0.0391829 0.00541709 16 2.21882
2010 stock 11 0 0.0387 0.0319746 0.00672539 16 2.02178
2010 stock 12 0 0.0193 0.0236438 -0.00434379 16 1.04673
2010 stock 13 0 0.0163 0.0192979 -0.00299793 16 0.928916
2010 stock 14 0 0.0221 0.0166834 0.00541658 16 1.33176
2010 stock 15 0 0.0219 0.0172877 0.00461232 16 1.30655
2010 stock 16 0 0.0173 0.0151154 0.00218458 16 1.05641
2010 stock 17 0 0.0058 0.0125944 -0.00679444 16 0.359169
2010 stock 18 0 0.0061 0.010385 -0.00428504 16 0.396926
2010 stock 19 0 0.0001 0.0228965 -0.0227965 16 0.00512139
2011 stock 3 0 0.063 0.0685577 -0.00555765 13 2.12945
2011 stock 4 0 0.0511 0.0845496 -0.0334496 13 1.53836
2011 stock 5 0 0.177 0.100351 0.0766489 13 6.27832
2011 stock 6 0 0.0599 0.0682469 -0.00834686 13 2.01353
2011 stock 7 0 0.1653 0.131478 0.0338224 13 5.19479
2011 stock 8 0 0.1108 0.143764 -0.032964 13 3.03743
2011 stock 9 0 0.1187 0.168023 -0.0493228 13 3.0678
2011 stock 10 0 0.0711 0.0633628 0.00773724 13 2.5199
2011 stock 11 0 0.0168 0.0334276 -0.0166276 13 0.651725
2011 stock 12 0 0.034 0.0269976 0.0070024 13 1.47521
2011 stock 13 0 0.043 0.0197633 0.0232367 13 2.07645
2011 stock 14 0 0.0095 0.0159705 -0.00647054 13 0.451482
2011 stock 15 0 0.0011 0.0136691 -0.0125691 13 0.0532973
2011 stock 16 0 0.0211 0.0140204 0.00707956 13 1.06706
2011 stock 17 0 0.0241 0.0121312 0.0119688 13 1.27195
2011 stock 18 0 0.0319 0.00999952 0.0219005 13 1.78938
2011 stock 19 0 0.0019 0.0256883 -0.0237883 13 0.0766831
2012 stock 3 0 0.0491 0.0763868 -0.0272868 13 1.53453
2012 stock 4 0 0.0619 0.07613 -0.01423 13 2.00262
2012 stock 5 0 0.1059 0.0895135 0.0163865 13 3.52427
2012 stock 6 0 0.1332 0.101534 0.031666 13 4.42102
2012 stock 7 0 0.0625 0.066198 -0.00369796 13 2.13856
2012 stock 8 0 0.1253 0.122363 0.00293717 13 3.80125
2012 stock 9 0 0.1391 0.128478 0.0106225 13 4.23433
2012 stock 10 0 0.0591 0.145262 -0.0861616 13 1.40247
2012 stock 11 0 0.0947 0.0541162 0.0405838 13 3.7048
2012 stock 12 0 0.0313 0.0282602 0.00303979 13 1.33112
2012 stock 13 0 0.0382 0.0225997 0.0156003 13 1.76112
2012 stock 14 0 0.0314 0.0163833 0.0150167 13 1.55823
2012 stock 15 0 0.0111 0.0131102 -0.0020102 13 0.558184
2012 stock 16 0 0.0103 0.0111098 -0.000809787 13 0.539114
2012 stock 17 0 0.0001 0.0112794 -0.0111794 13 0.00508121
2012 stock 18 0 0.0074 0.00965697 -0.00225697 13 0.398123
2012 stock 19 0 0.0394 0.02762 0.01178 13 1.71813
*end

*eastF_at_age (observation)
Comparisons {d}
year category age length observed expected residual error_value score
1992 stock 4 0 0.028 0.0193443 0.00865574 19 1.97979
1992 stock 5 0 0.0241 0.0260594 -0.00195937 19 1.54865
1992 stock 6 0 0.0979 0.0458452 0.0520548 19 6.30172
1992 stock 7 0 0.057 0.0561193 0.000880728 19 3.15661
1992 stock 8 0 0.1119 0.0841427 0.0277573 19 6.07521
1992 stock 9 0 0.0708 0.140346 -0.0695463 19 2.82335
1992 stock 10 0 0.1301 0.135436 -0.00533641 19 6.11206
1992 stock 11 0 0.0906 0.119171 -0.0285707 19 4.11373
1992 stock 12 0 0.1035 0.100639 0.00286077 19 5.17796
1992 stock 13 0 0.096 0.0800817 0.0159183 19 5.14207
1992 stock 14 0 0.0431 0.0618798 -0.0187798 19 2.21307
1992 stock 15 0 0.0715 0.0461221 0.0253779 19 4.36958
1992 stock 16 0 0.0245 0.0330307 -0.00853067 19 1.46602
1992 stock 17 0 0.0334 0.0228847 0.0105153 19 2.28935
1992 stock 18 0 0.0095 0.0153343 -0.00583428 19 0.674573
1992 stock 19 0 0.0076 0.00524607 0.00235393 19 0.690839
1992 stock 20 0 0.0003 0.00334604 -0.00304604 19 0.0292264
1992 stock 21 0 0.0003 0.00497117 -0.00467117 19 0.0269699
1995 stock 4 0 0.0973 0.0444004 0.0528996 18 5.93111
1995 stock 5 0 0.0744 0.0568563 0.0175437 18 4.01792
1995 stock 6 0 0.0468 0.0640226 -0.0172226 18 2.25701
1995 stock 7 0 0.1406 0.0770416 0.0635584 18 7.72258
1995 stock 8 0 0.0826 0.0731192 0.00948078 18 4.16441
1995 stock 9 0 0.0199 0.090509 -0.070609 18 0.744367
1995 stock 10 0 0.0596 0.0780396 -0.0184396 18 2.76868
1995 stock 11 0 0.0579 0.0832781 -0.0253781 18 2.60887
1995 stock 12 0 0.1469 0.106448 0.040452 18 7.2867
1995 stock 13 0 0.0672 0.0860116 -0.0188116 18 3.06968
1995 stock 14 0 0.1135 0.0686743 0.0448257 18 6.20512
1995 stock 15 0 0.0335 0.0536263 -0.0201263 18 1.652
1995 stock 16 0 0.01 0.0395407 -0.0295407 18 0.502139
1995 stock 17 0 0.018 0.0283489 -0.0103489 18 1.04255
1995 stock 18 0 0.0252 0.0196156 0.00558435 18 1.66184
1995 stock 19 0 0.0011 0.0130386 -0.0119386 18 0.0748194
1995 stock 20 0 0.0054 0.00837784 -0.00297784 18 0.416146
1995 stock 21 0 0.0001 0.00905147 -0.00895147 18 0.00743236
1997 stock 4 0 0.129 0.0381764 0.0908236 15 6.95282
1997 stock 5 0 0.1608 0.0704389 0.0903611 15 7.50425
1997 stock 6 0 0.1319 0.112748 0.0191519 15 4.99167
1997 stock 7 0 0.075 0.113671 -0.0386707 15 2.50402
1997 stock 8 0 0.151 0.10059 0.0504103 15 6.15314
1997 stock 9 0 0.0469 0.0949118 -0.0480118 15 1.56153
1997 stock 10 0 0.0342 0.0706621 -0.0364621 15 1.23914
1997 stock 11 0 0.0383 0.0694117 -0.0311117 15 1.41707
1997 stock 12 0 0.0366 0.051249 -0.014649 15 1.51322
1997 stock 13 0 0.0481 0.0509728 -0.00287277 15 2.05638
1997 stock 14 0 0.0563 0.0619843 -0.00568432 15 2.29077
1997 stock 15 0 0.0036 0.0477933 -0.0441933 15 0.135375
1997 stock 16 0 0.0048 0.0364954 -0.0316954 15 0.200923
1997 stock 17 0 0.0207 0.0272907 -0.00659067 15 1.00829
1997 stock 18 0 0.0001 0.0192766 -0.0191766 15 0.00505932
1997 stock 19 0 0.0442 0.0132335 0.0309665 15 2.7645
1997 stock 20 0 0.0005 0.0087581 -0.0082581 15 0.0312503
1997 stock 21 0 0.018 0.0123369 0.00566306 15 1.08411
1998 stock 4 0 0.0346 0.0337364 0.000863641 23 2.62483
1998 stock 5 0 0.0816 0.0621925 0.0194075 23 5.79536
1998 stock 6 0 0.0895 0.101744 -0.0122438 23 5.45209
1998 stock 7 0 0.1034 0.144436 -0.0410364 23 5.67071
1998 stock 8 0 0.1289 0.129287 -0.000386658 23 7.81255
1998 stock 9 0 0.078 0.101557 -0.0235571 23 4.61479
1998 stock 10 0 0.0824 0.0851865 -0.00278645 23 5.26635
1998 stock 11 0 0.0659 0.0569185 0.00898149 23 4.63998
1998 stock 12 0 0.0782 0.0535344 0.0246656 23 5.7808
1998 stock 13 0 0.0415 0.038542 0.00295801 23 3.0893
1998 stock 14 0 0.0505 0.0374318 0.0130682 23 3.89222
1998 stock 15 0 0.0163 0.0444923 -0.0281923 23 1.04911
1998 stock 16 0 0.0315 0.0335536 -0.00205359 23 2.36893
1998 stock 17 0 0.036 0.0250648 0.0109352 23 2.98943
1998 stock 18 0 0.0224 0.0183325 0.00406753 23 1.94021
1998 stock 19 0 0.0136 0.0126593 0.000940678 23 1.25649
1998 stock 20 0 0.0291 0.00849036 0.0206096 23 3.08994
1998 stock 21 0 0.0168 0.0128411 0.00395887 23 1.56413
2001 stock 4 0 0.0212 0.0193957 0.00180433 53 4.48708
2001 stock 5 0 0.0348 0.0360353 -0.00123527 53 6.68386
2001 stock 6 0 0.0389 0.0718934 -0.0329934 53 6.1784
2001 stock 7 0 0.121 0.107937 0.0130633 53 21.6422
2001 stock 8 0 0.1385 0.13796 0.000539748 53 23.7591
2001 stock 9 0 0.1401 0.156292 -0.016192 53 23.1758
2001 stock 10 0 0.1279 0.153936 -0.0260355 53 20.7668
2001 stock 11 0 0.1272 0.0968313 0.0303687 53 23.749
2001 stock 12 0 0.0762 0.057911 0.018289 53 14.7417
2001 stock 13 0 0.0457 0.0407425 0.00495753 53 8.86794
2001 stock 14 0 0.0308 0.0248667 0.00593332 53 6.41245
2001 stock 15 0 0.0298 0.0218292 0.0079708 53 6.38247
2001 stock 16 0 0.0165 0.0147258 0.00177419 53 3.64093
2001 stock 17 0 0.0159 0.0134327 0.00246734 53 3.57384
2001 stock 18 0 0.0099 0.0150089 -0.00510892 53 2.08368
2001 stock 19 0 0.0088 0.0106343 -0.00183432 53 1.99769
2001 stock 20 0 0.0035 0.00745108 -0.00395108 53 0.827789
2001 stock 21 0 0.0133 0.0131177 0.000182264 53 2.96011
2004 stock 4 0 0.0065 0.0218171 -0.0153171 43 0.964639
2004 stock 5 0 0.0115 0.0372793 -0.0257793 43 1.5056
2004 stock 6 0 0.0156 0.0516093 -0.0360093 43 1.88673
2004 stock 7 0 0.0772 0.0708369 0.00636308 43 10.9955
2004 stock 8 0 0.0858 0.0925376 -0.00673758 43 11.5025
2004 stock 9 0 0.148 0.129807 0.0181932 43 20.2644
2004 stock 10 0 0.1419 0.137216 0.00468416 43 18.8897
2004 stock 11 0 0.1247 0.12451 0.000189594 43 16.5881
2004 stock 12 0 0.1171 0.107629 0.00947092 43 16.0718
2004 stock 13 0 0.1057 0.0885121 0.0171879 43 15.0508
2004 stock 14 0 0.0379 0.0505362 -0.0126362 43 5.24469
2004 stock 15 0 0.0322 0.0279868 0.00421323 43 5.15823
2004 stock 16 0 0.0337 0.0182803 0.0154197 43 6.04873
2004 stock 17 0 0.0157 0.0103767 0.00532325 43 2.98323
2004 stock 18 0 0.0085 0.0084791 2.09013e-005 43 1.62661
2004 stock 19 0 0.0098 0.00532406 0.00447594 43 2.08555
2004 stock 20 0 0.0055 0.00451689 0.000983106 43 1.18199
2004 stock 21 0 0.0228 0.0127455 0.0100545 43 4.26891
2007 stock 4 0 0.0277 0.0551443 -0.0274443 42 3.44872
2007 stock 5 0 0.0732 0.12492 -0.0517202 42 8.28099
2007 stock 6 0 0.1025 0.0846605 0.0178395 42 14.277
2007 stock 7 0 0.1159 0.0727966 0.0431034 42 17.3176
2007 stock 8 0 0.0942 0.0864988 0.00770121 42 12.7964
2007 stock 9 0 0.1308 0.0837763 0.0470237 42 19.2731
2007 stock 10 0 0.0977 0.0805293 0.0171707 42 13.672
2007 stock 11 0 0.1001 0.0743237 0.0257763 42 14.4182
2007 stock 12 0 0.0701 0.0793523 -0.0092523 42 9.1823
2007 stock 13 0 0.0463 0.0701859 -0.0238859 42 5.80868
2007 stock 14 0 0.0455 0.0581365 -0.0126365 42 6.04932
2007 stock 15 0 0.0439 0.0468772 -0.00297722 42 6.19637
2007 stock 16 0 0.0103 0.0360848 -0.0257848 42 1.31597
2007 stock 17 0 0.0246 0.0193256 0.0052744 42 4.09173
2007 stock 18 0 0.0119 0.0100467 0.0018533 42 2.17855
2007 stock 19 0 0.003 0.00615731 -0.00315731 42 0.580944
2007 stock 20 0 0.0001 0.00327462 -0.00317462 42 0.0216207
2007 stock 21 0 0.0021 0.00790934 -0.00580934 42 0.382091
*end

*westF_at_age (observation)
Comparisons {d}
year category age length observed expected residual error_value score
1992 stock 3 0 0.0583 0.0910347 -0.0327347 27 4.11047
1992 stock 4 0 0.0978 0.106253 -0.00845335 27 7.27933
1992 stock 5 0 0.0796 0.0950749 -0.0154749 27 5.8924
1992 stock 6 0 0.1452 0.107681 0.0375189 27 11.7958
1992 stock 7 0 0.0885 0.0841187 0.00438126 27 6.99639
1992 stock 8 0 0.1002 0.087036 0.013164 27 8.03943
1992 stock 9 0 0.0517 0.109274 -0.0575743 27 3.30456
1992 stock 10 0 0.0995 0.0865806 0.0129194 27 7.98535
1992 stock 11 0 0.0585 0.0678355 -0.00933549 27 4.59203
1992 stock 12 0 0.0607 0.0521152 0.00858483 27 5.22878
1992 stock 13 0 0.056 0.0379387 0.0180613 27 5.24009
1992 stock 14 0 0.0233 0.0269709 -0.00367087 27 2.16437
1992 stock 15 0 0.0296 0.0185992 0.0110008 27 3.11321
1992 stock 16 0 0.014 0.0123933 0.00160675 27 1.54164
1992 stock 17 0 0.0167 0.00803413 0.00866587 27 2.05374
1992 stock 18 0 0.008 0.00506556 0.00293444 27 1.05179
1992 stock 19 0 0.0122 0.00399373 0.00820627 27 1.70662
1994 stock 3 0 0.182 0.150943 0.0310568 9 3.4835
1994 stock 4 0 0.1107 0.148517 -0.0378167 9 1.89844
1994 stock 5 0 0.1768 0.124787 0.0520132 9 3.66234
1994 stock 6 0 0.1345 0.108822 0.0256778 9 2.78763
1994 stock 7 0 0.1009 0.0743278 0.0265722 9 2.32432
1994 stock 8 0 0.0905 0.0716802 0.0188198 9 2.07977
1994 stock 9 0 0.0448 0.0524652 -0.00766517 9 1.06867
1994 stock 10 0 0.0175 0.0513465 -0.0338465 9 0.395717
1994 stock 11 0 0.0175 0.0611594 -0.0436594 9 0.368172
1994 stock 12 0 0.0153 0.0461902 -0.0308902 9 0.35858
1994 stock 13 0 0.0009 0.0346124 -0.0337124 9 0.022623
1994 stock 14 0 0.0209 0.0254779 -0.00457787 9 0.608472
1994 stock 15 0 0.0154 0.0177928 -0.00239275 9 0.493235
1994 stock 16 0 0.0146 0.0121448 0.00245519 9 0.517105
1994 stock 17 0 0.013 0.00804497 0.00495503 9 0.507386
1994 stock 18 0 0.0176 0.00514964 0.0124504 9 0.762347
1994 stock 19 0 0.0271 0.00653955 0.0205605 9 1.12993
1995 stock 3 0 0.3379 0.13258 0.20532 11 10.271
1995 stock 4 0 0.1712 0.184221 -0.0130206 11 3.77376
1995 stock 5 0 0.1471 0.15669 -0.00959018 11 3.37021
1995 stock 6 0 0.1346 0.11359 0.02101 11 3.49168
1995 stock 7 0 0.0573 0.0872303 -0.0299303 11 1.42905
1995 stock 8 0 0.0429 0.0571314 -0.0142314 11 1.22933
1995 stock 9 0 0.0037 0.0532317 -0.0495317 11 0.0972207
1995 stock 10 0 0.0367 0.0376844 -0.000984379 11 1.2037
1995 stock 11 0 0.0092 0.035808 -0.026608 11 0.286574
1995 stock 12 0 0.0125 0.0416386 -0.0291386 11 0.372304
1995 stock 13 0 0.0079 0.0307799 -0.0228799 11 0.258292
1995 stock 14 0 0.0175 0.02261 -0.00511003 11 0.646282
1995 stock 15 0 0.0054 0.0163352 -0.0109352 11 0.212932
1995 stock 16 0 0.003 0.0112066 -0.00820658 11 0.130045
1995 stock 17 0 0.0028 0.00751781 -0.00471781 11 0.133617
1995 stock 18 0 0.01 0.00489472 0.00510528 11 0.531117
1995 stock 19 0 0.0002 0.00685062 -0.00665062 11 0.00969762
1996 stock 3 0 0.1625 0.114783 0.047717 11 4.37565
1996 stock 4 0 0.2141 0.163464 0.0506359 11 5.31012
1996 stock 5 0 0.2736 0.196085 0.0775152 11 6.7071
1996 stock 6 0 0.1439 0.143679 0.000220506 11 3.41573
1996 stock 7 0 0.0654 0.0915879 -0.0261879 11 1.62808
1996 stock 8 0 0.0669 0.0673567 -0.000456749 11 1.89746
1996 stock 9 0 0.0143 0.0425657 -0.0282657 11 0.424693
1996 stock 10 0 0.0261 0.0383169 -0.0122169 11 0.830584
1996 stock 11 0 0.0041 0.0263223 -0.0222223 11 0.139649
1996 stock 12 0 0.0046 0.0244236 -0.0198236 11 0.160686
1996 stock 13 0 0.0054 0.0278149 -0.0224149 11 0.181316
1996 stock 14 0 0.0059 0.0201726 -0.0142726 11 0.21923
1996 stock 15 0 0.0105 0.0145585 -0.00405846 11 0.432247
1996 stock 16 0 0.0003 0.0103437 -0.0100437 11 0.0131897
1996 stock 17 0 0.0017 0.00698184 -0.00528184 11 0.0823262
1996 stock 18 0 0.0004 0.00460841 -0.00420841 11 0.0211476
1996 stock 19 0 0.0001 0.00693549 -0.00683549 11 0.00483427
1997 stock 3 0 0.1477 0.10172 0.0459801 7 2.37771
1997 stock 4 0 0.2041 0.144753 0.0593466 7 2.99709
1997 stock 5 0 0.2076 0.177402 0.0301984 7 2.76539
1997 stock 6 0 0.143 0.182809 -0.0398092 7 1.70143
1997 stock 7 0 0.0652 0.117618 -0.0524175 7 0.855368
1997 stock 8 0 0.1273 0.0718255 0.0554745 7 2.3046
1997 stock 9 0 0.0146 0.0510129 -0.0364129 7 0.253313
1997 stock 10 0 0.0103 0.0311827 -0.0208827 7 0.21255
1997 stock 11 0 0.0272 0.0272749 -7.4895e-005 7 0.60324
1997 stock 12 0 0.0038 0.01832 -0.01452 7 0.0916143
1997 stock 13 0 0.0167 0.0166698 3.01938e-005 7 0.421776
1997 stock 14 0 0.0085 0.0186496 -0.0101496 7 0.205411
1997 stock 15 0 0.0034 0.0133044 -0.0099044 7 0.0895308
1997 stock 16 0 0.0007 0.00945253 -0.00875253 7 0.0200326
1997 stock 17 0 0.0049 0.0066138 -0.0017138 7 0.153291
1997 stock 18 0 0.0028 0.0043958 -0.0015958 7 0.0953708
1997 stock 19 0 0.0121 0.00699651 0.00510349 7 0.37709
1998 stock 3 0 0.2036 0.0888007 0.114799 55 45.102
1998 stock 4 0 0.1767 0.131398 0.0453024 55 34.1702
1998 stock 5 0 0.1548 0.160894 -0.00609363 55 27.2753
1998 stock 6 0 0.109 0.169454 -0.0604544 55 17.212
1998 stock 7 0 0.1254 0.153517 -0.0281169 55 21.2429
1998 stock 8 0 0.0962 0.0948276 0.00137239 55 17.7555
1998 stock 9 0 0.0381 0.0560694 -0.0179694 55 6.82053
1998 stock 10 0 0.036 0.0386149 -0.00261486 55 7.11792
1998 stock 11 0 0.0185 0.0229742 -0.00447418 55 3.84692
1998 stock 12 0 0.0115 0.0196575 -0.00815752 55 2.37723
1998 stock 13 0 0.0063 0.0129474 -0.0066474 55 1.39135
1998 stock 14 0 0.0073 0.0115687 -0.00426872 55 1.67077
1998 stock 15 0 0.0045 0.0127224 -0.00822241 55 0.982487
1998 stock 16 0 0.0038 0.00892701 -0.00512701 55 0.898279
1998 stock 17 0 0.0034 0.00623961 -0.00283961 55 0.86786
1998 stock 18 0 0.0007 0.00429422 -0.00359422 55 0.188818
1998 stock 19 0 0.0041 0.00709385 -0.00299385 55 1.02356
1999 stock 3 0 0.0756 0.0680046 0.00759538 30 7.05096
1999 stock 4 0 0.1427 0.118365 0.0243351 30 12.7454
1999 stock 5 0 0.1226 0.150826 -0.0282259 30 9.66225
1999 stock 6 0 0.1509 0.158943 -0.00804256 30 12.3275
1999 stock 7 0 0.0957 0.1475 -0.0517999 30 7.127
1999 stock 8 0 0.1168 0.128678 -0.0118783 30 9.64403
1999 stock 9 0 0.0806 0.0772245 0.00337548 30 7.30423
1999 stock 10 0 0.0671 0.0444153 0.0226847 30 6.974
1999 stock 11 0 0.0482 0.0298312 0.0183688 30 5.32608
1999 stock 12 0 0.0246 0.0173669 0.00723309 30 2.90394
1999 stock 13 0 0.0138 0.0145643 -0.000764268 30 1.63051
1999 stock 14 0 0.0188 0.00941074 0.00938926 30 2.515
1999 stock 15 0 0.0048 0.00825451 -0.00345451 30 0.623611
1999 stock 16 0 0.0116 0.0089144 0.0026856 30 1.52758
1999 stock 17 0 0.0064 0.00614287 0.000257135 30 0.894732
1999 stock 18 0 0.0041 0.00421578 -0.000115777 30 0.613434
1999 stock 19 0 0.0159 0.00734347 0.00855653 30 2.22258
2000 stock 3 0 0.0457 0.0659525 -0.0202525 31 4.07959
2000 stock 4 0 0.0861 0.0946097 -0.00850974 31 7.68588
2000 stock 5 0 0.0885 0.141522 -0.0530218 31 6.8435
2000 stock 6 0 0.0925 0.154508 -0.0620085 31 6.98292
2000 stock 7 0 0.1439 0.142343 0.00155676 31 12.5916
2000 stock 8 0 0.1583 0.125771 0.0325285 31 14.8044
2000 stock 9 0 0.1224 0.105209 0.0171913 31 11.4174
2000 stock 10 0 0.0803 0.060668 0.019632 31 8.16505
2000 stock 11 0 0.0704 0.0337583 0.0366417 31 8.26301
2000 stock 12 0 0.0353 0.0221523 0.0131477 31 4.21176
2000 stock 13 0 0.0176 0.0126589 0.00494114 31 2.26578
2000 stock 14 0 0.0159 0.0104487 0.00545135 31 2.12724
2000 stock 15 0 0.0125 0.00665903 0.00584097 31 1.8233
2000 stock 16 0 0.0095 0.00576891 0.00373109 31 1.411
2000 stock 17 0 0.0083 0.00615715 0.00214285 31 1.20979
2000 stock 18 0 0.002 0.00419286 -0.00219286 31 0.306694
2000 stock 19 0 0.0107 0.00762003 0.00307997 31 1.50472
2001 stock 3 0 0.014 0.0687711 -0.0547711 32 1.07789
2001 stock 4 0 0.0839 0.0918751 -0.00797512 32 7.81986
2001 stock 5 0 0.114 0.113379 0.000620958 32 10.6037
2001 stock 6 0 0.1084 0.145626 -0.0372256 32 9.09392
2001 stock 7 0 0.2003 0.139525 0.0607748 32 19.9827
2001 stock 8 0 0.1574 0.123066 0.0343337 32 15.4027
2001 stock 9 0 0.095 0.104944 -0.00994378 32 8.69539
2001 stock 10 0 0.0726 0.0848646 -0.0122646 32 6.74183
2001 stock 11 0 0.0573 0.0475342 0.00976581 32 6.13089
2001 stock 12 0 0.0322 0.0258619 0.0063381 32 3.77924
2001 stock 13 0 0.0146 0.0166456 -0.00204561 32 1.792
2001 stock 14 0 0.0103 0.00934687 0.00095313 32 1.42744
2001 stock 15 0 0.0115 0.00759147 0.00390853 32 1.67899
2001 stock 16 0 0.0064 0.00476486 0.00163514 32 1.00821
2001 stock 17 0 0.0056 0.00406686 0.00153314 32 0.90739
2001 stock 18 0 0.0063 0.00427579 0.00202421 32 1.01385
2001 stock 19 0 0.0102 0.00786168 0.00233832 32 1.4694
2002 stock 3 0 0.0641 0.0797319 -0.0156319 23 3.9954
2002 stock 4 0 0.1068 0.0952345 0.0115655 23 6.9292
2002 stock 5 0 0.0903 0.109405 -0.0191047 23 5.36083
2002 stock 6 0 0.0942 0.115932 -0.0217319 23 5.52074
2002 stock 7 0 0.1319 0.13079 0.00111003 23 8.00529
2002 stock 8 0 0.13 0.120193 0.00980733 23 8.114
2002 stock 9 0 0.1041 0.102541 0.00155852 23 6.53923
2002 stock 10 0 0.0972 0.084713 0.012487 23 6.43974
2002 stock 11 0 0.0659 0.0666424 -0.000742429 23 4.40093
2002 stock 12 0 0.0555 0.0365169 0.0189831 23 4.36543
2002 stock 13 0 0.017 0.0194885 -0.00248851 23 1.42071
2002 stock 14 0 0.0186 0.0123231 0.00627689 23 1.7598
2002 stock 15 0 0.0121 0.00680592 0.00529408 23 1.28447
2002 stock 16 0 0.0015 0.00544058 -0.00394058 23 0.160927
2002 stock 17 0 0.0016 0.00336177 -0.00176177 23 0.189439
2002 stock 18 0 0.0003 0.0028242 -0.0025242 23 0.036556
2002 stock 19 0 0.009 0.00805649 0.000943507 23 0.910638
2003 stock 3 0 0.0615 0.0824172 -0.0209172 14 2.09667
2003 stock 4 0 0.2039 0.108258 0.0956419 14 7.95862
2003 stock 5 0 0.1448 0.111736 0.033064 14 5.16124
2003 stock 6 0 0.1786 0.110804 0.0677955 14 6.70227
2003 stock 7 0 0.1252 0.103607 0.0215932 14 4.45137
2003 stock 8 0 0.1017 0.112497 -0.0107974 14 3.3433
2003 stock 9 0 0.0479 0.100328 -0.0524283 14 1.44032
2003 stock 10 0 0.0395 0.0831394 -0.0436394 14 1.25789
2003 stock 11 0 0.0182 0.0668825 -0.0486825 14 0.589838
2003 stock 12 0 0.0174 0.0514135 -0.0340135 14 0.626178
2003 stock 13 0 0.0164 0.0275742 -0.0111742 14 0.731084
2003 stock 14 0 0.0131 0.0144176 -0.00131756 14 0.697089
2003 stock 15 0 0.0224 0.00893849 0.0134615 14 1.369
2003 stock 16 0 0.0001 0.00484257 -0.00474257 14 0.00665594
2003 stock 17 0 0.0024 0.00379819 -0.00139819 14 0.16878
2003 stock 18 0 0.0036 0.00230264 0.00129736 14 0.279062
2003 stock 19 0 0.0032 0.00704263 -0.00384263 14 0.197775
2004 stock 3 0 0.0315 0.124748 -0.0932477 15 0.862061
2004 stock 4 0 0.0391 0.106013 -0.0669126 15 1.20201
2004 stock 5 0 0.0515 0.120321 -0.0688209 15 1.5572
2004 stock 6 0 0.0571 0.107237 -0.0501369 15 1.8585
2004 stock 7 0 0.1597 0.0939315 0.0657685 15 6.75333
2004 stock 8 0 0.1345 0.0846781 0.0498219 15 5.69036
2004 stock 9 0 0.1522 0.0894098 0.0627902 15 6.48192
2004 stock 10 0 0.1204 0.0775997 0.0428003 15 5.13824
2004 stock 11 0 0.0725 0.0626995 0.00980051 15 3.05114
2004 stock 12 0 0.0565 0.0493057 0.00719429 15 2.49401
2004 stock 13 0 0.0463 0.0370957 0.00920434 15 2.19092
2004 stock 14 0 0.0284 0.0194858 0.00891418 15 1.55675
2004 stock 15 0 0.0128 0.00998409 0.00281591 15 0.801477
2004 stock 16 0 0.01 0.00606768 0.00393232 15 0.696411
2004 stock 17 0 0.0103 0.00322275 0.00707725 15 0.81556
2004 stock 18 0 0.0002 0.0024779 -0.0022779 15 0.0162768
2004 stock 19 0 0.0171 0.00572365 0.0113764 15 1.22462
2005 stock 3 0 0.0214 0.235461 -0.214061 17 0.40942
2005 stock 4 0 0.0754 0.139917 -0.0645171 17 2.66428
2005 stock 5 0 0.0595 0.102342 -0.0428423 17 2.31055
2005 stock 6 0 0.2281 0.0997455 0.128354 17 11.9341
2005 stock 7 0 0.2038 0.0779553 0.125845 17 11.2451
2005 stock 8 0 0.1148 0.0652612 0.0495388 17 5.97556
2005 stock 9 0 0.0857 0.0566561 0.0290439 17 4.43724
2005 stock 10 0 0.0869 0.0577086 0.0291914 17 4.48262
2005 stock 11 0 0.0503 0.0485762 0.00172375 17 2.53208
2005 stock 12 0 0.0301 0.0383544 -0.00825444 17 1.5483
2005 stock 13 0 0.0134 0.0295798 -0.0161798 17 0.709082
2005 stock 14 0 0.0149 0.0218713 -0.00697133 17 0.869243
2005 stock 15 0 0.0001 0.0113092 -0.0112092 17 0.00664075
2005 stock 16 0 0.0007 0.00571007 -0.00501007 17 0.0547167
2005 stock 17 0 0.0001 0.00342124 -0.00332124 17 0.00867329
2005 stock 18 0 0.0128 0.00179137 0.0110086 17 1.28601
2005 stock 19 0 0.0019 0.004339 -0.002439 17 0.157916
2006 stock 3 0 0.1661 0.157566 0.0085338 8 2.6272
2006 stock 4 0 0.2186 0.273705 -0.0551045 8 2.74016
2006 stock 5 0 0.1687 0.137906 0.0307937 8 2.85841
2006 stock 6 0 0.0753 0.0854458 -0.0101458 8 1.36954
2006 stock 7 0 0.1089 0.0725051 0.0363949 8 2.23716
2006 stock 8 0 0.1103 0.0542314 0.0560686 8 2.5266
2006 stock 9 0 0.0325 0.0438969 -0.0113969 8 0.71225
2006 stock 10 0 0.0358 0.0369659 -0.00116586 8 0.83871
2006 stock 11 0 0.0158 0.0367459 -0.0209459 8 0.357026
2006 stock 12 0 0.0214 0.0304134 -0.00901344 8 0.521461
2006 stock 13 0 0.0326 0.0236989 0.00890113 8 0.87534
2006 stock 14 0 0.0042 0.0180732 -0.0138732 8 0.116367
2006 stock 15 0 0.003 0.0132302 -0.0102302 8 0.0904212
2006 stock 16 0 0.0024 0.00677575 -0.00437575 8 0.0851104
2006 stock 17 0 0.0023 0.00338756 -0.00108756 8 0.0943079
2006 stock 18 0 0.0005 0.00200808 -0.00150808 8 0.0225466
2006 stock 19 0 0.0016 0.0034449 -0.0018449 8 0.0653326
2008 stock 3 0 0.0262 0.0569478 -0.0307478 19 1.30565
2008 stock 4 0 0.1633 0.149698 0.0136015 19 7.81468
2008 stock 5 0 0.239 0.201713 0.0372868 19 11.2938
2008 stock 6 0 0.225 0.262229 -0.0372293 19 9.32268
2008 stock 7 0 0.1453 0.101022 0.0442778 19 7.82815
2008 stock 8 0 0.0861 0.0533709 0.0327291 19 5.17866
2008 stock 9 0 0.046 0.0424805 0.00351954 19 2.7127
2008 stock 10 0 0.0186 0.0300855 -0.0114855 19 1.12259
2008 stock 11 0 0.0125 0.0231203 -0.0106203 19 0.799338
2008 stock 12 0 0.0091 0.0185618 -0.00946181 19 0.612221
2008 stock 13 0 0.0085 0.0176394 -0.00913938 19 0.578783
2008 stock 14 0 0.0083 0.0139779 -0.00567794 19 0.601428
2008 stock 15 0 0.0049 0.0104392 -0.0055392 19 0.377825
2008 stock 16 0 0.0026 0.0076359 -0.0050359 19 0.214266
2008 stock 17 0 0.0008 0.00536351 -0.00456351 19 0.0708826
2008 stock 18 0 0.0018 0.00263588 -0.000835882 19 0.184304
2008 stock 19 0 0.002 0.00307825 -0.00107825 19 0.199001
2009 stock 3 0 0.0093 0.0833831 -0.0740831 12 0.222557
2009 stock 4 0 0.0663 0.0741779 -0.00787786 12 1.99726
2009 stock 5 0 0.1699 0.168581 0.00131853 12 4.359
2009 stock 6 0 0.2166 0.196107 0.0204929 12 5.54636
2009 stock 7 0 0.276 0.224802 0.0511979 12 7.14037
2009 stock 8 0 0.0985 0.08322 0.01528 12 3.02601
2009 stock 9 0 0.0722 0.0425836 0.0296164 12 2.68405
2009 stock 10 0 0.0289 0.0328597 -0.00395967 12 1.06963
2009 stock 11 0 0.0225 0.0226304 -0.000130381 12 0.920302
2009 stock 12 0 0.0113 0.016985 -0.00568499 12 0.488564
2009 stock 13 0 0.0057 0.0133449 -0.00764487 12 0.259501
2009 stock 14 0 0.0096 0.0124258 -0.00282576 12 0.449347
2009 stock 15 0 0.0001 0.00965712 -0.00955712 12 0.0048766
2009 stock 16 0 0.0065 0.00707825 -0.000578245 12 0.345957
2009 stock 17 0 0.0027 0.00508299 -0.00238299 12 0.15328
2009 stock 18 0 0.0001 0.00350528 -0.00340528 12 0.00609271
2009 stock 19 0 0.0038 0.00357551 0.00022449 12 0.232247
2010 stock 3 0 0.0458 0.0761547 -0.0303547 12 1.29737
2010 stock 4 0 0.1024 0.112649 -0.0102492 12 2.79592
2010 stock 5 0 0.1382 0.086134 0.052066 12 4.46821
2010 stock 6 0 0.1379 0.168105 -0.0302048 12 3.35005
2010 stock 7 0 0.1898 0.171951 0.0178486 12 4.97382
2010 stock 8 0 0.181 0.189478 -0.00847793 12 4.47067
2010 stock 9 0 0.089 0.0680274 0.0209726 12 2.90084
2010 stock 10 0 0.0316 0.0338103 -0.00221034 12 1.16623
2010 stock 11 0 0.022 0.0254265 -0.00342647 12 0.868059
2010 stock 12 0 0.008 0.0171413 -0.00914133 12 0.342195
2010 stock 13 0 0.0192 0.0126205 0.00657948 12 0.913826
2010 stock 14 0 0.0087 0.00973897 -0.00103897 12 0.431818
2010 stock 15 0 0.0096 0.00891417 0.000685832 12 0.487608
2010 stock 16 0 0.0084 0.00681344 0.00158656 12 0.452666
2010 stock 17 0 0.0021 0.00491181 -0.00281181 12 0.119936
2010 stock 18 0 0.0037 0.00346835 0.00023165 12 0.227444
2010 stock 19 0 0.0026 0.00465509 -0.00205509 12 0.150317
2011 stock 3 0 0.0559 0.0694308 -0.0135308 9 1.22132
2011 stock 4 0 0.1454 0.102266 0.0431345 9 3.14322
2011 stock 5 0 0.1752 0.131022 0.0441785 9 3.54479
2011 stock 6 0 0.1189 0.0867597 0.0321403 9 2.64718
2011 stock 7 0 0.1416 0.150025 -0.00842498 9 2.55648
2011 stock 8 0 0.0917 0.148403 -0.0567033 9 1.51089
2011 stock 9 0 0.1008 0.159535 -0.0587347 9 1.62876
2011 stock 10 0 0.0425 0.0558949 -0.0133949 9 0.984857
2011 stock 11 0 0.0139 0.0271271 -0.0132271 9 0.391201
2011 stock 12 0 0.02 0.0199369 6.31228e-005 9 0.625395
2011 stock 13 0 0.0335 0.0131403 0.0203597 9 1.19769
2011 stock 14 0 0.0033 0.00946078 -0.00616078 9 0.121992
2011 stock 15 0 0.0177 0.00714037 0.0105596 9 0.714716
2011 stock 16 0 0.0189 0.00639268 0.0125073 9 0.783289
2011 stock 17 0 0.0062 0.00477935 0.00142065 9 0.26845
2011 stock 18 0 0.0068 0.00336993 0.00343007 9 0.31607
2011 stock 19 0 0.0078 0.00531708 0.00248292 9 0.331026
*end

*summary (estimate_value)
values {m}
process[Recruitment].r0 catchability[chatTANq].q selectivity[chatTANSel].mu selectivity[chatTANSel].sigma_l selectivity[chatTANSel].sigma_r selectivity[eastFSel].mu selectivity[eastFSel].sigma_l selectivity[eastFSel].sigma_r selectivity[westFSel].mu selectivity[westFSel].sigma_l selectivity[westFSel].sigma_r process[Recruitment].ycs_values(1) process[Recruitment].ycs_values(2) process[Recruitment].ycs_values(3) process[Recruitment].ycs_values(4) process[Recruitment].ycs_values(5) process[Recruitment].ycs_values(6) process[Recruitment].ycs_values(7) process[Recruitment].ycs_values(8) process[Recruitment].ycs_values(9) process[Recruitment].ycs_values(10) process[Recruitment].ycs_values(11) process[Recruitment].ycs_values(12) process[Recruitment].ycs_values(13) process[Recruitment].ycs_values(14) process[Recruitment].ycs_values(15) process[Recruitment].ycs_values(16) process[Recruitment].ycs_values(17) process[Recruitment].ycs_values(18) process[Recruitment].ycs_values(19) process[Recruitment].ycs_values(20) process[Recruitment].ycs_values(21) process[Recruitment].ycs_values(22) process[Recruitment].ycs_values(23) process[Recruitment].ycs_values(24) process[Recruitment].ycs_values(25) process[Recruitment].ycs_values(26) process[Recruitment].ycs_values(27) process[Recruitment].ycs_values(28) process[Recruitment].ycs_values(29) process[Recruitment].ycs_values(30) process[Recruitment].ycs_values(31) process[Recruitment].ycs_values(32) process[Recruitment].ycs_values(33) process[Recruitment].ycs_values(34) process[Recruitment].ycs_values(35) process[Recruitment].ycs_values(36) process[Recruitment].ycs_values(37) process[Recruitment].ycs_values(38) 
5.63506e+006 0.0458153 9.31978 5.82785 10.2896 10.6237 3.54425 6.90197 6.38319 3.12893 7.68467 1.92061 1.93841 1.94504 1.94138 1.91493 1.87393 1.83152 1.73435 1.64787 1.58436 0.984268 0.760239 0.803956 0.661456 0.794955 0.845228 1.07817 1.35716 1.20944 1.05125 0.912087 0.759039 0.53599 0.458685 0.421449 0.433163 0.406422 0.590575 1.22716 0.86015 0.677723 0.317543 0.443524 0.369418 0.30951 0.319643 0.308138 0.309336 
*end

*objective (objective_function)
values {v}
obs->chatTANbiomass-1992 -1.15714
obs->chatTANbiomass-1993 -1.29138
obs->chatTANbiomass-1994 -1.39052
obs->chatTANbiomass-1995 -1.02196
obs->chatTANbiomass-1996 -1.40557
obs->chatTANbiomass-1997 -1.24573
obs->chatTANbiomass-1998 -1.09301
obs->chatTANbiomass-1999 -1.45955
obs->chatTANbiomass-2000 -1.52875
obs->chatTANbiomass-2001 -1.13915
obs->chatTANbiomass-2002 -1.25879
obs->chatTANbiomass-2003 1.82242
obs->chatTANbiomass-2004 -1.35408
obs->chatTANbiomass-2005 -0.765358
obs->chatTANbiomass-2006 -1.30575
obs->chatTANbiomass-2007 -0.870525
obs->chatTANbiomass-2008 -1.31459
obs->chatTANbiomass-2009 0.756511
obs->chatTANbiomass-2010 -0.903174
obs->chatTANbiomass-2011 -1.07918
obs->chatTANbiomass-2012 -1.40008
obs->chatTANage-1990 17.3178
obs->chatTANage-1992 21.9296
obs->chatTANage-1993 21.1731
obs->chatTANage-1994 21.7506
obs->chatTANage-1995 16.6771
obs->chatTANage-1996 14.0016
obs->chatTANage-1997 15.3164
obs->chatTANage-1998 13.9783
obs->chatTANage-1999 14.8408
obs->chatTANage-2000 20.1841
obs->chatTANage-2001 16.7737
obs->chatTANage-2002 16.9143
obs->chatTANage-2003 10.7649
obs->chatTANage-2004 15.6153
obs->chatTANage-2005 13.3068
obs->chatTANage-2006 13.1758
obs->chatTANage-2007 13.756
obs->chatTANage-2008 13.1491
obs->chatTANage-2009 15.8995
obs->chatTANage-2010 12.0536
obs->chatTANage-2011 12.1406
obs->chatTANage-2012 12.0808
obs->chatOBSwst-1992 17.5385
obs->chatOBSwst-1994 9.66642
obs->chatOBSwst-1995 9.94448
obs->chatOBSwst-1996 8.34174
obs->chatOBSwst-1997 6.99966
obs->chatOBSwst-1998 21.6162
obs->chatOBSwst-1999 16.4346
obs->chatOBSwst-2000 17.6014
obs->chatOBSwst-2001 17.0675
obs->chatOBSwst-2002 13.8267
obs->chatOBSwst-2003 11.8859
obs->chatOBSwst-2004 14.4915
obs->chatOBSwst-2005 17.1265
obs->chatOBSwst-2006 7.53335
obs->chatOBSwst-2008 10.877
obs->chatOBSwst-2009 8.91817
obs->chatOBSwst-2010 9.42977
obs->chatOBSwst-2011 9.18549
obs->chatOBSest-1992 14.8509
obs->chatOBSest-1995 15.7379
obs->chatOBSest-1997 15.5142
obs->chatOBSest-1998 17.2905
obs->chatOBSest-2001 21.5998
obs->chatOBSest-2004 20.7846
obs->chatOBSest-2007 21.5196
prior->R0->process[Recruitment].r0 0
prior->chatTANq->catchability[chatTANq].q -2.03538
prior->TANSel->selectivity[chatTANSel].mu 0.870909
prior->TANSel->selectivity[chatTANSel].sigma_l 3.48137e-005
prior->TANSel->selectivity[chatTANSel].sigma_r 1.67767e-007
prior->eastFSel_mu->selectivity[eastFSel].mu 0
prior->eastFSel_sl->selectivity[eastFSel].sigma_l 0
prior->eastFSel_sr->selectivity[eastFSel].sigma_r 0
prior->westFSel_mu->selectivity[westFSel].mu 0
prior->westFSel_sl->selectivity[westFSel].sigma_l 0
prior->westFSel_sr->selectivity[westFSel].sigma_r 0
prior->YCS->process[Recruitment].ycs_values(1) 1.34666
prior->YCS->process[Recruitment].ycs_values(2) 1.36814
prior->YCS->process[Recruitment].ycs_values(3) 1.37612
prior->YCS->process[Recruitment].ycs_values(4) 1.37171
prior->YCS->process[Recruitment].ycs_values(5) 1.33978
prior->YCS->process[Recruitment].ycs_values(6) 1.28987
prior->YCS->process[Recruitment].ycs_values(7) 1.23774
prior->YCS->process[Recruitment].ycs_values(8) 1.11624
prior->YCS->process[Recruitment].ycs_values(9) 1.00565
prior->YCS->process[Recruitment].ycs_values(10) 0.922915
prior->YCS->process[Recruitment].ycs_values(11) 0.0754975
prior->YCS->process[Recruitment].ycs_values(12) -0.264681
prior->YCS->process[Recruitment].ycs_values(13) -0.198169
prior->YCS->process[Recruitment].ycs_values(14) -0.413134
prior->YCS->process[Recruitment].ycs_values(15) -0.211879
prior->YCS->process[Recruitment].ycs_values(16) -0.135272
prior->YCS->process[Recruitment].ycs_values(17) 0.215595
prior->YCS->process[Recruitment].ycs_values(18) 0.616024
prior->YCS->process[Recruitment].ycs_values(19) 0.407166
prior->YCS->process[Recruitment].ycs_values(20) 0.175673
prior->YCS->process[Recruitment].ycs_values(21) -0.0335664
prior->YCS->process[Recruitment].ycs_values(22) -0.266502
prior->YCS->process[Recruitment].ycs_values(23) -0.591108
prior->YCS->process[Recruitment].ycs_values(24) -0.686952
prior->YCS->process[Recruitment].ycs_values(25) -0.726216
prior->YCS->process[Recruitment].ycs_values(26) -0.714492
prior->YCS->process[Recruitment].ycs_values(27) -0.740285
prior->YCS->process[Recruitment].ycs_values(28) -0.515977
prior->YCS->process[Recruitment].ycs_values(29) 0.432602
prior->YCS->process[Recruitment].ycs_values(30) -0.112539
prior->YCS->process[Recruitment].ycs_values(31) -0.388981
prior->YCS->process[Recruitment].ycs_values(32) -0.791862
prior->YCS->process[Recruitment].ycs_values(33) -0.703621
prior->YCS->process[Recruitment].ycs_values(34) -0.769345
prior->YCS->process[Recruitment].ycs_values(35) -0.792816
prior->YCS->process[Recruitment].ycs_values(36) -0.791482
prior->YCS->process[Recruitment].ycs_values(37) -0.792897
prior->YCS->process[Recruitment].ycs_values(38) -0.792828
additional_prior->YCS_average_1 0.0147758
additional_prior->smooth_YCS 0.841376
total_score 680.731
*end

Total elapsed time: 1.25 minutes
Completed
