Casal2
Call: ..\..\BuildSystem\bin\windows_gcc\release\Casal2 -r -i free.dat 
Date: Sat Aug 28 16:49:38 2021
Version: v21.08 (2021-08-28)
Copyright (c) 2017-2021, NIWA (www.niwa.co.nz)
Environment: User=alist Machine=DELL-9020 OS=Windows_NT PID=18416


*initialisation_partition[Init]
values {dataframe}
category 1 2 3 4 5 6 7 8 9 10 11 12 13 14 15 16 17 18 19 20 21 22 23 24 25 26 27 28 29 30
HAK4 0.000000 4289981.366815 3512339.675143 2875660.507296 2354391.692735 1927612.883633 1578195.947860 1292117.556896 1057896.380423 866132.300222 709129.150426 580585.843358 475343.484759 389178.329247 318632.266586 260874.035577 213585.595606 174869.095538 143170.706279 117218.260171 95970.194424 78573.749554 64330.745144 52669.559418 43122.188047 35305.461494 28905.667077 23665.958574 19376.048086 87514.935435
*end

*estimate_value[summary]
values {dataframe}
process[Recruitment].b0 selectivity[chatTANSel].mu selectivity[chatTANSel].sigma_l selectivity[chatTANSel].sigma_r selectivity[eastFSel].mu selectivity[eastFSel].sigma_l selectivity[eastFSel].sigma_r selectivity[westFSel].mu selectivity[westFSel].sigma_l selectivity[westFSel].sigma_r process[Recruitment].ycs_values{1975} process[Recruitment].ycs_values{1976} process[Recruitment].ycs_values{1977} process[Recruitment].ycs_values{1978} process[Recruitment].ycs_values{1979} process[Recruitment].ycs_values{1980} process[Recruitment].ycs_values{1981} process[Recruitment].ycs_values{1982} process[Recruitment].ycs_values{1983} process[Recruitment].ycs_values{1984} process[Recruitment].ycs_values{1985} process[Recruitment].ycs_values{1986} process[Recruitment].ycs_values{1987} process[Recruitment].ycs_values{1988} process[Recruitment].ycs_values{1989} process[Recruitment].ycs_values{1990} process[Recruitment].ycs_values{1991} process[Recruitment].ycs_values{1992} process[Recruitment].ycs_values{1993} process[Recruitment].ycs_values{1994} process[Recruitment].ycs_values{1995} process[Recruitment].ycs_values{1996} process[Recruitment].ycs_values{1997} process[Recruitment].ycs_values{1998} process[Recruitment].ycs_values{1999} process[Recruitment].ycs_values{2000} process[Recruitment].ycs_values{2001} process[Recruitment].ycs_values{2002} process[Recruitment].ycs_values{2003} process[Recruitment].ycs_values{2004} process[Recruitment].ycs_values{2005} process[Recruitment].ycs_values{2006} process[Recruitment].ycs_values{2007} process[Recruitment].ycs_values{2008} process[Recruitment].ycs_values{2009} process[Recruitment].ycs_values{2010} process[Recruitment].ycs_values{2011} 
52706.6 9.60609 5.44353 11.6161 10.9063 3.51779 7.05112 6.57337 3.05854 8.04369 1.02705 1.05105 1.06951 1.08056 1.08288 1.07386 1.05136 1.02566 1.00997 0.423066 0.474225 0.51584 0.37907 0.521172 0.439925 0.665949 0.988931 0.749362 0.643634 0.583776 0.481237 0.316734 0.299239 0.218352 0.328068 0.21671 0.324139 0.911016 0.518755 0.429983 0.185333 0.304419 0.257303 0.229267 0.25971 3 3 
*end

*objective_function[objective]
values {vector}
observation->chatTANbiomass-1992 -1.03333
observation->chatTANbiomass-1993 -1.33415
observation->chatTANbiomass-1994 -1.28471
observation->chatTANbiomass-1995 -0.935277
observation->chatTANbiomass-1996 -1.43611
observation->chatTANbiomass-1997 -1.19948
observation->chatTANbiomass-1998 -1.06253
observation->chatTANbiomass-1999 -1.45322
observation->chatTANbiomass-2000 -1.52771
observation->chatTANbiomass-2001 -1.15639
observation->chatTANbiomass-2002 -1.26326
observation->chatTANbiomass-2003 1.81922
observation->chatTANbiomass-2004 -1.35296
observation->chatTANbiomass-2005 -0.84485
observation->chatTANbiomass-2006 -1.3063
observation->chatTANbiomass-2007 -0.877354
observation->chatTANbiomass-2008 -1.28337
observation->chatTANbiomass-2009 0.59349
observation->chatTANbiomass-2010 -0.985978
observation->chatTANbiomass-2011 -0.837272
observation->chatTANbiomass-2012 -1.28603
observation->chatTANage-1990 17.6108
observation->chatTANage-1992 21.6245
observation->chatTANage-1993 21.1166
observation->chatTANage-1994 21.4521
observation->chatTANage-1995 16.6873
observation->chatTANage-1996 13.9139
observation->chatTANage-1997 15.4173
observation->chatTANage-1998 13.9446
observation->chatTANage-1999 15.0354
observation->chatTANage-2000 20.5055
observation->chatTANage-2001 16.3997
observation->chatTANage-2002 16.9129
observation->chatTANage-2003 10.6708
observation->chatTANage-2004 15.429
observation->chatTANage-2005 13.0481
observation->chatTANage-2006 13.0934
observation->chatTANage-2007 13.733
observation->chatTANage-2008 13.1011
observation->chatTANage-2009 15.8834
observation->chatTANage-2010 12.0737
observation->chatTANage-2011 12.3096
observation->chatTANage-2012 11.911
observation->chatOBSwst-1992 17.2591
observation->chatOBSwst-1994 9.58203
observation->chatOBSwst-1995 9.9018
observation->chatOBSwst-1996 8.22931
observation->chatOBSwst-1997 7.02403
observation->chatOBSwst-1998 21.5187
observation->chatOBSwst-1999 16.4986
observation->chatOBSwst-2000 17.654
observation->chatOBSwst-2001 16.7563
observation->chatOBSwst-2002 13.9499
observation->chatOBSwst-2003 11.6907
observation->chatOBSwst-2004 14.2075
observation->chatOBSwst-2005 17.1853
observation->chatOBSwst-2006 7.56759
observation->chatOBSwst-2008 10.6956
observation->chatOBSwst-2009 8.91511
observation->chatOBSwst-2010 9.36238
observation->chatOBSwst-2011 9.17571
observation->chatOBSest-1992 14.8542
observation->chatOBSest-1995 15.8078
observation->chatOBSest-1997 15.4447
observation->chatOBSest-1998 17.1892
observation->chatOBSest-2001 21.4569
observation->chatOBSest-2004 20.7887
observation->chatOBSest-2007 21.5101
prior->B0->process[Recruitment].b0 10.8725
prior->TANSel_mu->selectivity[chatTANSel].mu 1.28976
prior->TANSel_sl->selectivity[chatTANSel].sigma_l 4.15228e-05
prior->TANSel_sr->selectivity[chatTANSel].sigma_r 5.22356e-06
prior->eastFSel_mu->selectivity[eastFSel].mu 0
prior->eastFSel_sl->selectivity[eastFSel].sigma_l 0
prior->eastFSel_sr->selectivity[eastFSel].sigma_r 0
prior->westFSel_mu->selectivity[westFSel].mu 0
prior->westFSel_sl->selectivity[westFSel].sigma_l 0
prior->westFSel_sr->selectivity[westFSel].sigma_r 0
prior->YCS->process[Recruitment].ycs_values{1975} 0.139609
prior->YCS->process[Recruitment].ycs_values{1976} 0.175372
prior->YCS->process[Recruitment].ycs_values{1977} 0.202772
prior->YCS->process[Recruitment].ycs_values{1978} 0.219128
prior->YCS->process[Recruitment].ycs_values{1979} 0.222558
prior->YCS->process[Recruitment].ycs_values{1980} 0.209215
prior->YCS->process[Recruitment].ycs_values{1981} 0.175833
prior->YCS->process[Recruitment].ycs_values{1982} 0.137533
prior->YCS->process[Recruitment].ycs_values{1983} 0.114067
prior->YCS->process[Recruitment].ycs_values{1984} -0.724635
prior->YCS->process[Recruitment].ycs_values{1985} -0.669021
prior->YCS->process[Recruitment].ycs_values{1986} -0.617526
prior->YCS->process[Recruitment].ycs_values{1987} -0.762626
prior->YCS->process[Recruitment].ycs_values{1988} -0.610618
prior->YCS->process[Recruitment].ycs_values{1989} -0.707448
prior->YCS->process[Recruitment].ycs_values{1990} -0.406479
prior->YCS->process[Recruitment].ycs_values{1991} 0.0825061
prior->YCS->process[Recruitment].ycs_values{1992} -0.281184
prior->YCS->process[Recruitment].ycs_values{1993} -0.439397
prior->YCS->process[Recruitment].ycs_values{1994} -0.52557
prior->YCS->process[Recruitment].ycs_values{1995} -0.660678
prior->YCS->process[Recruitment].ycs_values{1996} -0.791994
prior->YCS->process[Recruitment].ycs_values{1997} -0.79281
prior->YCS->process[Recruitment].ycs_values{1998} -0.723428
prior->YCS->process[Recruitment].ycs_values{1999} -0.78945
prior->YCS->process[Recruitment].ycs_values{2000} -0.72023
prior->YCS->process[Recruitment].ycs_values{2001} -0.790497
prior->YCS->process[Recruitment].ycs_values{2002} -0.0351919
prior->YCS->process[Recruitment].ycs_values{2003} -0.613757
prior->YCS->process[Recruitment].ycs_values{2004} -0.717736
prior->YCS->process[Recruitment].ycs_values{2005} -0.637804
prior->YCS->process[Recruitment].ycs_values{2006} -0.792993
prior->YCS->process[Recruitment].ycs_values{2007} -0.775194
prior->YCS->process[Recruitment].ycs_values{2008} -0.742359
prior->YCS->process[Recruitment].ycs_values{2009} -0.777112
prior->YCS->process[Recruitment].ycs_values{2010} 2.50805
prior->YCS->process[Recruitment].ycs_values{2011} 2.50805
additional_prior->YCS_average_1 6.7366
additional_prior->smooth_YCS 0.302782
additional_prior->chatTANq -2.20451
total_negloglike 683.638
total_score 683.638
*end

*catchability[chatTANq]
chatTANq: 0.0555149
*end

*derived_quantity[SSB]
SSB {list}
type: biomass
initialisation_phase[1]: 52706.6 
values {vector}
1975 52631
1976 52355.7
1977 51646.6
1978 51280.5
1979 51611
1980 52425.5
1981 54160.5
1982 56810.9
1983 60212.1
1984 63913.7
1985 67394.8
1986 70511.7
1987 73068.4
1988 74647.6
1989 74724.8
1990 73059.3
1991 70082.6
1992 66078.9
1993 61164.7
1994 56037
1995 51575.2
1996 48353.9
1997 46391.5
1998 45393.7
1999 43647.7
2000 40998.7
2001 38420.3
2002 35958
2003 33811.4
2004 31058
2005 27478.1
2006 25398.1
2007 25460
2008 26049
2009 26524.4
2010 26787.6
2011 26829.8
2012 26199
{end_list}
*end

*observation[chatTANbiomass]
observation_type: biomass
likelihood: lognormal
Values {dataframe}
year category age length observed expected residual error_value process_error adjusted_error neglogLike pearsons_residuals normalised_residuals
1992 HAK4 0 0 4180 3488.01 691.988 0.15 0.2 0.25 -1.03333 0.793561 0.858139
1993 HAK4 0 0 2950 3212.15 -262.149 0.17 0.2 0.262488 -1.33415 -0.310916 -0.200753
1994 HAK4 0 0 3353 2962.23 390.767 0.1 0.2 0.223607 -1.28471 0.589948 0.671423
1995 HAK4 0 0 3303 2767.99 535.007 0.23 0.2 0.304795 -0.935277 0.634142 0.741905
1996 HAK4 0 0 2457 2615.71 -158.714 0.13 0.2 0.238537 -1.43611 -0.254372 -0.148466
1997 HAK4 0 0 2811 2517.39 293.613 0.17 0.2 0.262488 -1.19948 0.444341 0.556445
1998 HAK4 0 0 2873 2451.77 421.229 0.18 0.2 0.269072 -1.06253 0.638512 0.731873
1999 HAK4 0 0 2302 2269.11 32.8939 0.12 0.2 0.233238 -1.45322 0.0621528 0.177611
2000 HAK4 0 0 2091 2116.97 -25.9719 0.09 0.2 0.219317 -1.52771 -0.0559393 0.0514204
2001 HAK4 0 0 1589 1954.55 -365.548 0.13 0.2 0.238537 -1.15639 -0.784046 -0.762541
2002 HAK4 0 0 1567 1838.51 -271.506 0.15 0.2 0.25 -1.26326 -0.59071 -0.525862
2003 HAK4 0 0 888 1733.95 -845.946 0.16 0.2 0.256125 1.81922 -1.90483 -2.52874
2004 HAK4 0 0 1547 1578.17 -31.1728 0.17 0.2 0.262488 -1.35296 -0.075251 0.0517761
2005 HAK4 0 0 1048 1408.26 -360.262 0.18 0.2 0.269072 -0.84485 -0.950748 -0.985394
2006 HAK4 0 0 1384 1434.86 -50.8564 0.19 0.2 0.275862 -1.3063 -0.128483 0.00215929
2007 HAK4 0 0 1824 1458.13 365.868 0.12 0.2 0.233238 -0.877354 1.07579 1.08779
2008 HAK4 0 0 1257 1478.5 -221.499 0.13 0.2 0.238537 -1.28337 -0.628051 -0.572296
2009 HAK4 0 0 2419 1457.72 961.276 0.21 0.2 0.29 0.59349 2.27392 1.92442
2010 HAK4 0 0 1700 1481.81 218.189 0.25 0.2 0.320156 -0.985978 0.459915 0.595923
2011 HAK4 0 0 1099 1471.49 -372.492 0.15 0.2 0.25 -0.837272 -1.01256 -1.06231
2012 HAK4 0 0 1292 1499.06 -207.064 0.15 0.2 0.25 -1.28603 -0.552516 -0.480615
*end

*observation[chatTANage]
observation_type: proportions_at_age
likelihood: multinomial
Values {dataframe}
year category age length observed expected residual error_value process_error adjusted_error neglogLike pearsons_residuals
1990 HAK4 3 0 0.1235 0.052247 0.071253 25 0 25 11.0163 1.60101
1990 HAK4 4 0 0.1068 0.0730237 0.0337763 25 0 25 8.38051 0.649106
1990 HAK4 5 0 0.0935 0.0688167 0.0246833 25 0 25 7.28202 0.487538
1990 HAK4 6 0 0.0939 0.0764576 0.0174424 25 0 25 7.07212 0.3282
1990 HAK4 7 0 0.1065 0.122949 -0.0164486 25 0 25 6.96509 -0.250452
1990 HAK4 8 0 0.0845 0.122709 -0.0382091 25 0 25 5.23132 -0.582272
1990 HAK4 9 0 0.0544 0.106975 -0.0525751 25 0 25 3.23098 -0.850505
1990 HAK4 10 0 0.1283 0.0895458 0.0387542 25 0 25 9.79811 0.678636
1990 HAK4 11 0 0.0489 0.0727542 -0.0238542 25 0 25 3.31311 -0.459207
1990 HAK4 12 0 0.043 0.0578817 -0.0148817 25 0 25 3.09655 -0.31864
1990 HAK4 13 0 0.0162 0.0451265 -0.0289265 25 0 25 1.1349 -0.69675
1990 HAK4 14 0 0.0401 0.0340285 0.00607149 25 0 25 3.39007 0.167441
1990 HAK4 15 0 0.0162 0.0241154 -0.00791544 25 0 25 1.38868 -0.257987
1990 HAK4 16 0 0.0274 0.0158876 0.0115124 25 0 25 2.73857 0.460349
1990 HAK4 17 0 0.0035 0.0103449 -0.00684491 25 0 25 0.355522 -0.338246
1990 HAK4 18 0 0.0025 0.00717934 -0.00467934 25 0 25 0.275577 -0.277126
1990 HAK4 19 0 0.0107 0.0199584 -0.00925837 25 0 25 0.944953 -0.330994
1992 HAK4 3 0 0.024 0.069994 -0.045994 37 0 37 2.31829 -1.09655
1992 HAK4 4 0 0.0471 0.0842906 -0.0371906 37 0 37 4.77979 -0.814265
1992 HAK4 5 0 0.0446 0.0691448 -0.0245448 37 0 37 4.8043 -0.58849
1992 HAK4 6 0 0.0708 0.0815971 -0.0107971 37 0 37 7.89986 -0.239913
1992 HAK4 7 0 0.0778 0.0739474 0.00385264 37 0 37 9.13841 0.0895531
1992 HAK4 8 0 0.1039 0.0770575 0.0268425 37 0 37 12.8 0.61225
1992 HAK4 9 0 0.0671 0.101008 -0.033908 37 0 37 6.87367 -0.684459
1992 HAK4 10 0 0.1212 0.0975538 0.0236462 37 0 37 14.3695 0.484762
1992 HAK4 11 0 0.087 0.0806489 0.00635113 37 0 37 10.1778 0.141877
1992 HAK4 12 0 0.1111 0.0653829 0.0457171 37 0 37 14.558 1.12494
1992 HAK4 13 0 0.0791 0.0521596 0.0269404 37 0 37 10.3443 0.737003
1992 HAK4 14 0 0.0438 0.0408761 0.00292389 37 0 37 5.55438 0.0898236
1992 HAK4 15 0 0.0412 0.0313765 0.00982349 37 0 37 5.57899 0.342757
1992 HAK4 16 0 0.0244 0.0233061 0.00109391 37 0 37 3.35568 0.0441031
1992 HAK4 17 0 0.029 0.016411 0.012589 37 0 37 4.44238 0.602723
1992 HAK4 18 0 0.0121 0.0108785 0.00122153 37 0 37 1.90265 0.0716302
1992 HAK4 19 0 0.0158 0.0243672 -0.00856725 37 0 37 2.05708 -0.337984
1993 HAK4 3 0 0.0999 0.108349 -0.00844888 31 0 31 8.79734 -0.151346
1993 HAK4 4 0 0.0576 0.0797111 -0.0221111 31 0 31 5.02104 -0.454538
1993 HAK4 5 0 0.0828 0.0883865 -0.00558647 31 0 31 7.50255 -0.109577
1993 HAK4 6 0 0.0412 0.0724603 -0.0312603 31 0 31 3.49294 -0.671364
1993 HAK4 7 0 0.0582 0.0778042 -0.0196042 31 0 31 5.12737 -0.40749
1993 HAK4 8 0 0.0646 0.0686864 -0.00408641 31 0 31 6.05892 -0.0899579
1993 HAK4 9 0 0.0401 0.06798 -0.02788 31 0 31 3.46306 -0.616695
1993 HAK4 10 0 0.0571 0.0821894 -0.0250894 31 0 31 4.91476 -0.508613
1993 HAK4 11 0 0.0587 0.0790708 -0.0203708 31 0 31 5.15067 -0.420308
1993 HAK4 12 0 0.0842 0.065166 0.019034 31 0 31 8.4525 0.429372
1993 HAK4 13 0 0.1388 0.0524725 0.0863275 31 0 31 16.3264 2.1556
1993 HAK4 14 0 0.041 0.0416313 -0.000631272 31 0 31 4.1774 -0.0175963
1993 HAK4 15 0 0.0636 0.0324701 0.0311299 31 0 31 7.42463 0.97788
1993 HAK4 16 0 0.0432 0.0248039 0.0183961 31 0 31 5.12882 0.658569
1993 HAK4 17 0 0.032 0.0183484 0.0136516 31 0 31 3.96286 0.566351
1993 HAK4 18 0 0.0111 0.0129127 -0.00181267 31 0 31 1.38213 -0.0893952
1993 HAK4 19 0 0.026 0.0275577 -0.00155766 31 0 31 2.82537 -0.0529787
1994 HAK4 3 0 0.2247 0.160119 0.0645809 34 0 34 23.8361 1.02686
1994 HAK4 4 0 0.0891 0.113318 -0.0242178 34 0 34 8.42551 -0.445492
1994 HAK4 5 0 0.0852 0.082073 0.00312705 34 0 34 8.90608 0.0664308
1994 HAK4 6 0 0.0787 0.083146 -0.00444599 34 0 34 8.05505 -0.0938939
1994 HAK4 7 0 0.045 0.0671282 -0.0221282 34 0 34 4.43876 -0.515612
1994 HAK4 8 0 0.0532 0.0653529 -0.0121529 34 0 34 5.45844 -0.286724
1994 HAK4 9 0 0.0265 0.0559354 -0.0294354 34 0 34 2.55946 -0.746905
1994 HAK4 10 0 0.0352 0.0529394 -0.0177394 34 0 34 3.61213 -0.461956
1994 HAK4 11 0 0.0376 0.0603873 -0.0227873 34 0 34 3.72979 -0.557809
1994 HAK4 12 0 0.0507 0.0580703 -0.00737027 34 0 34 5.36002 -0.183754
1994 HAK4 13 0 0.0209 0.0480165 -0.0271165 34 0 34 2.06398 -0.739543
1994 HAK4 14 0 0.0497 0.0385091 0.0111909 34 0 34 5.93016 0.339119
1994 HAK4 15 0 0.0251 0.0304582 -0.00535822 34 0 34 2.92473 -0.181813
1994 HAK4 16 0 0.0312 0.0236996 0.00750045 34 0 34 3.99671 0.287518
1994 HAK4 17 0 0.0476 0.0180626 0.0295374 34 0 34 6.86743 1.29324
1994 HAK4 18 0 0.0335 0.0133385 0.0201615 34 0 34 4.982 1.02477
1994 HAK4 19 0 0.0663 0.0294462 0.0368538 34 0 34 8.88656 1.27115
1995 HAK4 3 0 0.173 0.127887 0.045113 22 0 22 10.7175 0.633598
1995 HAK4 4 0 0.1344 0.168126 -0.0337263 22 0 22 7.00985 -0.422994
1995 HAK4 5 0 0.0868 0.116027 -0.0292272 22 0 22 4.72451 -0.428055
1995 HAK4 6 0 0.0491 0.0817328 -0.0326328 22 0 22 2.74109 -0.558705
1995 HAK4 7 0 0.0759 0.0750461 0.00085393 22 0 22 4.73517 0.0152023
1995 HAK4 8 0 0.0608 0.058894 0.001906 22 0 22 3.96524 0.0379734
1995 HAK4 9 0 0.0229 0.0523297 -0.0294297 22 0 22 1.36567 -0.619861
1995 HAK4 10 0 0.0623 0.0437743 0.0185257 22 0 22 4.48609 0.424713
1995 HAK4 11 0 0.0375 0.0404778 -0.00297785 22 0 22 2.58205 -0.0708725
1995 HAK4 12 0 0.0543 0.0443494 0.00995063 22 0 22 3.81598 0.226709
1995 HAK4 13 0 0.0517 0.042628 0.00907197 22 0 22 3.65278 0.210632
1995 HAK4 14 0 0.093 0.0354994 0.0575006 22 0 22 7.56605 1.45754
1995 HAK4 15 0 0.0294 0.0284402 0.000959813 22 0 22 2.19681 0.027083
1995 HAK4 16 0 0.0168 0.022468 -0.00566803 22 0 22 1.28561 -0.179389
1995 HAK4 17 0 0.0222 0.0174692 0.00473084 22 0 22 1.85557 0.169371
1995 HAK4 18 0 0.0201 0.0133 0.00679996 22 0 22 1.789 0.278419
1995 HAK4 19 0 0.01 0.0315505 -0.0215505 22 0 22 0.669453 -0.578265
1996 HAK4 3 0 0.1225 0.111115 0.0113847 20 0 20 6.52934 0.162005
1996 HAK4 4 0 0.1991 0.139144 0.0599557 20 0 20 11.0045 0.774726
1996 HAK4 5 0 0.2293 0.166935 0.0623651 20 0 20 12.3067 0.7479
1996 HAK4 6 0 0.1278 0.114045 0.0137549 20 0 20 6.81275 0.193521
1996 HAK4 7 0 0.0678 0.0767229 -0.00892293 20 0 20 3.67024 -0.149932
1996 HAK4 8 0 0.058 0.0639572 -0.00595716 20 0 20 3.26511 -0.108884
1996 HAK4 9 0 0.0198 0.0486135 -0.0288135 20 0 20 1.07809 -0.599175
1996 HAK4 10 0 0.0431 0.0402703 0.00282971 20 0 20 2.71685 0.064371
1996 HAK4 11 0 0.0038 0.0335015 -0.0297015 20 0 20 0.218823 -0.738177
1996 HAK4 12 0 0.0206 0.0307696 -0.0101696 20 0 20 1.31399 -0.263356
1996 HAK4 13 0 0.0328 0.032705 9.50179e-05 20 0 20 2.13946 0.0023891
1996 HAK4 14 0 0.0242 0.0314116 -0.00721158 20 0 20 1.55367 -0.184897
1996 HAK4 15 0 0.0136 0.0264101 -0.0128101 20 0 20 0.885462 -0.357269
1996 HAK4 16 0 0.0151 0.0211917 -0.00609169 20 0 20 1.05544 -0.189157
1996 HAK4 17 0 0.0145 0.0167435 -0.00224345 20 0 20 1.0796 -0.0781945
1996 HAK4 18 0 0.0079 0.0130164 -0.00511638 20 0 20 0.613867 -0.201873
1996 HAK4 19 0 0.0001 0.0334473 -0.0333473 20 0 20 0.00564442 -0.829435
1997 HAK4 3 0 0.2073 0.102768 0.104532 21 0 21 13.6286 1.57752
1997 HAK4 4 0 0.1483 0.120193 0.0281074 21 0 21 8.53531 0.396094
1997 HAK4 5 0 0.1522 0.142368 0.00983172 21 0 21 8.27405 0.128938
1997 HAK4 6 0 0.1318 0.157623 -0.0258225 21 0 21 6.62157 -0.324748
1997 HAK4 7 0 0.0544 0.106815 -0.0524145 21 0 21 2.62172 -0.777634
1997 HAK4 8 0 0.076 0.0681711 0.00782894 21 0 21 4.64084 0.142346
1997 HAK4 9 0 0.0225 0.052188 -0.029688 21 0 21 1.27382 -0.611708
1997 HAK4 10 0 0.0259 0.0387689 -0.0128689 21 0 21 1.64946 -0.30549
1997 HAK4 11 0 0.0091 0.030877 -0.021777 21 0 21 0.581845 -0.5769
1997 HAK4 12 0 0.0179 0.0257454 -0.00784541 21 0 21 1.25777 -0.227007
1997 HAK4 13 0 0.0392 0.023579 0.015621 21 0 21 3.02058 0.471776
1997 HAK4 14 0 0.035 0.0244205 0.0105795 21 0 21 2.64054 0.314098
1997 HAK4 15 0 0.0154 0.0233865 -0.00798655 21 0 21 1.10273 -0.242172
1997 HAK4 16 0 0.0019 0.0198287 -0.0179287 21 0 21 0.134687 -0.589333
1997 HAK4 17 0 0.0318 0.0159335 0.0158665 21 0 21 2.66214 0.580662
1997 HAK4 18 0 0.0062 0.0125725 -0.00637251 21 0 21 0.507762 -0.262094
1997 HAK4 19 0 0.025 0.0347625 -0.0097625 21 0 21 1.64401 -0.24423
1998 HAK4 3 0 0.0596 0.0883501 -0.0287501 19 0 19 2.80919 -0.441569
1998 HAK4 4 0 0.1291 0.11184 0.0172597 19 0 19 6.52291 0.238708
1998 HAK4 5 0 0.1527 0.124239 0.0284613 19 0 19 7.71998 0.376106
1998 HAK4 6 0 0.1293 0.13993 -0.0106305 19 0 19 5.98489 -0.133569
1998 HAK4 7 0 0.1389 0.144012 -0.00511206 19 0 19 6.47177 -0.0634658
1998 HAK4 8 0 0.088 0.0967158 -0.00871578 19 0 19 4.31844 -0.128535
1998 HAK4 9 0 0.0489 0.0588243 -0.00992429 19 0 19 2.604 -0.18385
1998 HAK4 10 0 0.0393 0.0421876 -0.00288758 19 0 19 2.27856 -0.0626151
1998 HAK4 11 0 0.0451 0.0310628 0.0140372 19 0 19 2.92125 0.352687
1998 HAK4 12 0 0.0398 0.0242953 0.0155047 19 0 19 2.7283 0.438956
1998 HAK4 13 0 0.016 0.0202739 -0.00427392 19 0 19 1.07628 -0.132185
1998 HAK4 14 0 0.0307 0.0184938 0.0122062 19 0 19 2.21298 0.394911
1998 HAK4 15 0 0.0117 0.0186997 -0.0069997 19 0 19 0.79308 -0.225236
1998 HAK4 16 0 0.0123 0.0178032 -0.0055032 19 0 19 0.847027 -0.181403
1998 HAK4 17 0 0.0147 0.0151796 -0.000479636 19 0 19 1.06522 -0.0170993
1998 HAK4 18 0 0.0192 0.0121986 0.00700141 19 0 19 1.49066 0.278018
1998 HAK4 19 0 0.0247 0.0358939 -0.0111939 19 0 19 1.43999 -0.262293
1999 HAK4 3 0 0.1308 0.0657392 0.0650608 17 0 17 6.96185 1.08242
1999 HAK4 4 0 0.1072 0.102774 0.00442607 17 0 17 4.68201 0.0600966
1999 HAK4 5 0 0.1112 0.121907 -0.0107069 17 0 17 4.57276 -0.134928
1999 HAK4 6 0 0.0771 0.128526 -0.0514262 17 0 17 2.8497 -0.633557
1999 HAK4 7 0 0.06 0.135135 -0.0751348 17 0 17 2.0501 -0.906166
1999 HAK4 8 0 0.112 0.128029 -0.0160288 17 0 17 4.52007 -0.197798
1999 HAK4 9 0 0.0669 0.0839286 -0.0170286 17 0 17 2.88195 -0.253212
1999 HAK4 10 0 0.0692 0.0486693 0.0205307 17 0 17 3.64017 0.393401
1999 HAK4 11 0 0.037 0.0332496 0.00375039 17 0 17 2.03236 0.0862484
1999 HAK4 12 0 0.0382 0.0243877 0.0138123 17 0 17 2.30633 0.369204
1999 HAK4 13 0 0.0227 0.0189536 0.00374637 17 0 17 1.41174 0.113278
1999 HAK4 14 0 0.0204 0.0158825 0.00451747 17 0 17 1.32176 0.148983
1999 HAK4 15 0 0.0032 0.014537 -0.011337 17 0 17 0.201141 -0.39054
1999 HAK4 16 0 0.0305 0.0144986 0.0160014 17 0 17 2.07523 0.551937
1999 HAK4 17 0 0.0191 0.0137939 0.00530614 17 0 17 1.27885 0.187576
1999 HAK4 18 0 0.0279 0.0118854 0.0160146 17 0 17 1.9809 0.609297
1999 HAK4 19 0 0.0668 0.0381039 0.0286961 17 0 17 3.7736 0.618016
2000 HAK4 3 0 0.0751 0.0667219 0.00837807 31 0 31 7.319 0.186933
2000 HAK4 4 0 0.0821 0.0774654 0.00463462 31 0 31 7.76123 0.0965272
2000 HAK4 5 0 0.0855 0.111456 -0.0259561 31 0 31 7.18621 -0.459229
2000 HAK4 6 0 0.0724 0.125574 -0.0531743 31 0 31 5.58692 -0.893451
2000 HAK4 7 0 0.0813 0.125815 -0.0445153 31 0 31 6.44787 -0.747346
2000 HAK4 8 0 0.1222 0.123746 -0.00154598 31 0 31 10.7796 -0.0261399
2000 HAK4 9 0 0.0921 0.109445 -0.0173446 31 0 31 7.92921 -0.309326
2000 HAK4 10 0 0.0678 0.0709148 -0.00311479 31 0 31 6.35105 -0.0675638
2000 HAK4 11 0 0.0684 0.0404886 0.0279114 31 0 31 7.60663 0.788446
2000 HAK4 12 0 0.0507 0.0269495 0.0237505 31 0 31 6.01614 0.816602
2000 HAK4 13 0 0.0308 0.0196893 0.0111107 31 0 31 3.73171 0.445274
2000 HAK4 14 0 0.0599 0.0152492 0.0446508 31 0 31 8.33305 2.02872
2000 HAK4 15 0 0.0231 0.0127811 0.0103189 31 0 31 3.0297 0.511477
2000 HAK4 16 0 0.0198 0.0116831 0.00811689 31 0 31 2.6204 0.420575
2000 HAK4 17 0 0.0227 0.0114789 0.0112211 31 0 31 3.04857 0.586506
2000 HAK4 18 0 0.0031 0.0108676 -0.0077676 31 0 31 0.386352 -0.417132
2000 HAK4 19 0 0.0429 0.0396744 0.00322561 31 0 31 4.46402 0.0920086
2001 HAK4 3 0 0.0097 0.0559254 -0.0462254 23 0 23 0.551646 -0.9648
2001 HAK4 4 0 0.0587 0.0782813 -0.0195813 23 0 23 3.62423 -0.349605
2001 HAK4 5 0 0.0832 0.0876 -0.00439998 23 0 23 5.27448 -0.0746397
2001 HAK4 6 0 0.0623 0.116406 -0.0541057 23 0 23 3.32032 -0.809084
2001 HAK4 7 0 0.1438 0.124854 0.0189458 23 0 23 9.07233 0.274874
2001 HAK4 8 0 0.1161 0.118758 -0.00265818 23 0 23 7.08306 -0.0394066
2001 HAK4 9 0 0.1212 0.10975 0.0114499 23 0 23 7.69083 0.175674
2001 HAK4 10 0 0.1086 0.0921093 0.0164907 23 0 23 7.15525 0.273486
2001 HAK4 11 0 0.1065 0.0599173 0.0465827 23 0 23 8.04052 0.941303
2001 HAK4 12 0 0.0692 0.0344352 0.0347648 23 0 23 5.71271 0.914349
2001 HAK4 13 0 0.02 0.0225136 -0.00251355 23 0 23 1.62359 -0.0812595
2001 HAK4 14 0 0.0245 0.0163499 0.00815012 23 0 23 2.20136 0.308213
2001 HAK4 15 0 0.0056 0.0126404 -0.00704044 23 0 23 0.501477 -0.302235
2001 HAK4 16 0 0.0138 0.0105774 0.00322258 23 0 23 1.33292 0.151073
2001 HAK4 17 0 0.0226 0.00963415 0.0129658 23 0 23 2.29326 0.636591
2001 HAK4 18 0 0.0047 0.00933037 -0.00463037 23 0 23 0.452053 -0.230976
2001 HAK4 19 0 0.0296 0.0409175 -0.0113175 23 0 23 2.07631 -0.273987
2002 HAK4 3 0 0.0527 0.0866606 -0.0339606 24 0 24 3.2268 -0.591363
2002 HAK4 4 0 0.0445 0.0647739 -0.0202739 24 0 24 2.95318 -0.403538
2002 HAK4 5 0 0.0387 0.0836071 -0.0449071 24 0 24 2.27649 -0.794801
2002 HAK4 6 0 0.0478 0.0912675 -0.0434675 24 0 24 2.81537 -0.739424
2002 HAK4 7 0 0.0913 0.112373 -0.0210726 24 0 24 5.66645 -0.326872
2002 HAK4 8 0 0.1144 0.11506 -0.000659827 24 0 24 7.41843 -0.0101302
2002 HAK4 9 0 0.1172 0.104446 0.0127536 24 0 24 7.91602 0.204289
2002 HAK4 10 0 0.1324 0.0920734 0.0403266 24 0 24 9.59836 0.68329
2002 HAK4 11 0 0.1077 0.0749641 0.0327359 24 0 24 7.99226 0.609009
2002 HAK4 12 0 0.0952 0.0493323 0.0458677 24 0 24 7.84678 1.03761
2002 HAK4 13 0 0.0576 0.0286911 0.0289089 24 0 24 5.11458 0.848368
2002 HAK4 14 0 0.0287 0.0184368 0.0102632 24 0 24 2.65257 0.373756
2002 HAK4 15 0 0.0131 0.0132386 -0.000138564 24 0 24 1.24917 -0.00593922
2002 HAK4 16 0 0.0098 0.0101801 -0.000380094 24 0 24 0.984164 -0.01855
2002 HAK4 17 0 0.0027 0.00846246 -0.00576246 24 0 24 0.275179 -0.308184
2002 HAK4 18 0 0.0047 0.00763705 -0.00293705 24 0 24 0.494691 -0.16528
2002 HAK4 19 0 0.0413 0.0387962 0.00250377 24 0 24 3.21714 0.0635182
2003 HAK4 3 0 0.0388 0.0659784 -0.0271784 10 0 10 0.935948 -0.346214
2003 HAK4 4 0 0.1001 0.0977326 0.0023674 10 0 10 2.32827 0.0252107
2003 HAK4 5 0 0.0304 0.0734719 -0.0430719 10 0 10 0.684857 -0.52204
2003 HAK4 6 0 0.1096 0.0868741 0.0227259 10 0 10 2.72135 0.255159
2003 HAK4 7 0 0.0609 0.0920982 -0.0311982 10 0 10 1.34098 -0.341181
2003 HAK4 8 0 0.1157 0.105326 0.0103739 10 0 10 2.67813 0.106867
2003 HAK4 9 0 0.0837 0.10336 -0.0196605 10 0 10 1.83956 -0.204224
2003 HAK4 10 0 0.0741 0.0906853 -0.0165853 10 0 10 1.69207 -0.182641
2003 HAK4 11 0 0.1217 0.0778179 0.0438821 10 0 10 3.21375 0.518012
2003 HAK4 12 0 0.0897 0.0623017 0.0273983 10 0 10 2.44981 0.35846
2003 HAK4 13 0 0.0349 0.0414956 -0.00659556 10 0 10 0.99545 -0.104581
2003 HAK4 14 0 0.0433 0.0244669 0.0188331 10 0 10 1.48553 0.385488
2003 HAK4 15 0 0.0176 0.0154956 0.00210443 10 0 10 0.655359 0.0538793
2003 HAK4 16 0 0.0002 0.0109766 -0.0107766 10 0 10 0.00787284 -0.327072
2003 HAK4 17 0 0.0076 0.00838284 -0.000782835 10 0 10 0.324114 -0.0271521
2003 HAK4 18 0 0.0133 0.00690845 0.00639155 10 0 10 0.598589 0.244018
2003 HAK4 19 0 0.0586 0.0366276 0.0219724 10 0 10 1.8236 0.369894
2004 HAK4 3 0 0.0319 0.102398 -0.0704975 16 0 16 1.04279 -0.930138
2004 HAK4 4 0 0.0301 0.0779716 -0.0478716 16 0 16 1.10747 -0.714163
2004 HAK4 5 0 0.0306 0.103172 -0.0725717 16 0 16 0.990947 -0.954316
2004 HAK4 6 0 0.0536 0.0783323 -0.0247323 16 0 16 2.13067 -0.368185
2004 HAK4 7 0 0.0893 0.0835126 0.00578736 16 0 16 3.78324 0.083676
2004 HAK4 8 0 0.0821 0.0843973 -0.00229734 16 0 16 3.40991 -0.0330573
2004 HAK4 9 0 0.1564 0.0891635 0.0672365 16 0 16 7.25263 0.943737
2004 HAK4 10 0 0.0579 0.0841357 -0.0262357 16 0 16 2.2638 -0.378048
2004 HAK4 11 0 0.1151 0.0724538 0.0426462 16 0 16 5.38588 0.658025
2004 HAK4 12 0 0.0998 0.061302 0.038498 16 0 16 4.81318 0.641945
2004 HAK4 13 0 0.1081 0.0486143 0.0594857 16 0 16 5.68863 1.1064
2004 HAK4 14 0 0.0475 0.0328351 0.0146649 16 0 16 2.51447 0.329168
2004 HAK4 15 0 0.0339 0.019743 0.014157 16 0 16 2.01049 0.407057
2004 HAK4 16 0 0.0179 0.0124513 0.00544873 16 0 16 1.15036 0.196548
2004 HAK4 17 0 0.0131 0.00875665 0.00434335 16 0 16 0.904982 0.186477
2004 HAK4 18 0 0.0002 0.0066791 -0.0064791 16 0 16 0.0141894 -0.318179
2004 HAK4 19 0 0.0325 0.0340826 -0.00158256 16 0 16 1.6372 -0.0348886
2005 HAK4 3 0 0.4424 0.257089 0.185311 16 0 16 18.2984 1.6961
2005 HAK4 4 0 0.1235 0.0979943 0.0255057 16 0 16 5.26106 0.343157
2005 HAK4 5 0 0.044 0.0708773 -0.0268773 16 0 16 1.76838 -0.418943
2005 HAK4 6 0 0.043 0.0826173 -0.0396173 16 0 16 1.6173 -0.575618
2005 HAK4 7 0 0.0604 0.0628343 -0.00243429 16 0 16 2.66044 -0.040126
2005 HAK4 8 0 0.0319 0.0606406 -0.0287406 16 0 16 1.31019 -0.48168
2005 HAK4 9 0 0.0147 0.0587105 -0.0440105 16 0 16 0.57205 -0.748853
2005 HAK4 10 0 0.0492 0.0587333 -0.00953334 16 0 16 2.15684 -0.162183
2005 HAK4 11 0 0.0292 0.0547334 -0.0255334 16 0 16 1.23588 -0.44902
2005 HAK4 12 0 0.0148 0.0472498 -0.0324498 16 0 16 0.627621 -0.611763
2005 HAK4 13 0 0.0282 0.0399061 -0.0117061 16 0 16 1.33198 -0.239219
2005 HAK4 14 0 0.0292 0.0316205 -0.00242048 16 0 16 1.49221 -0.0553293
2005 HAK4 15 0 0.0154 0.0217409 -0.00634092 16 0 16 0.845912 -0.173919
2005 HAK4 16 0 0.0135 0.0133975 0.000102519 16 0 16 0.841703 0.00356682
2005 HAK4 17 0 0.0077 0.00848912 -0.000789118 16 0 16 0.528215 -0.034405
2005 HAK4 18 0 0.0136 0.0059511 0.0076489 16 0 16 1.02476 0.397792
2005 HAK4 19 0 0.0392 0.0274153 0.0117847 16 0 16 2.14697 0.288682
2006 HAK4 3 0 0.2396 0.151511 0.0880891 20 0 20 13.4796 1.09873
2006 HAK4 4 0 0.2879 0.244905 0.0429955 20 0 20 14.2314 0.447134
2006 HAK4 5 0 0.087 0.0986794 -0.0116794 20 0 20 4.49668 -0.175139
2006 HAK4 6 0 0.0462 0.0667588 -0.0205588 20 0 20 2.47072 -0.368351
2006 HAK4 7 0 0.0703 0.0699172 0.000382797 20 0 20 3.96137 0.00671321
2006 HAK4 8 0 0.067 0.0533696 0.0136304 20 0 20 4.10551 0.271198
2006 HAK4 9 0 0.0324 0.047539 -0.015139 20 0 20 1.86838 -0.318173
2006 HAK4 10 0 0.0317 0.0446866 -0.0129866 20 0 20 1.86271 -0.281093
2006 HAK4 11 0 0.0368 0.0432658 -0.00646582 20 0 20 2.22354 -0.142125
2006 HAK4 12 0 0.0283 0.0399267 -0.0116267 20 0 20 1.70654 -0.265576
2006 HAK4 13 0 0.0237 0.0343212 -0.0106212 20 0 20 1.47691 -0.260911
2006 HAK4 14 0 0.0115 0.028648 -0.017148 20 0 20 0.723633 -0.45972
2006 HAK4 15 0 0.0121 0.0224694 -0.0103694 20 0 20 0.822122 -0.312902
2006 HAK4 16 0 0.0133 0.0155384 -0.00223844 20 0 20 1.00598 -0.0809389
2006 HAK4 17 0 0.01 0.00968288 0.000317121 20 0 20 0.842105 0.0144827
2006 HAK4 18 0 0.0001 0.00609172 -0.00599172 20 0 20 0.00905051 -0.344368
2006 HAK4 19 0 0.0022 0.0226897 -0.0204897 20 0 20 0.142739 -0.615347
2007 HAK4 3 0 0.0993 0.118526 -0.019226 21 0 21 5.22044 -0.272576
2007 HAK4 4 0 0.1484 0.159745 -0.0113447 21 0 21 7.65591 -0.1419
2007 HAK4 5 0 0.2786 0.227833 0.0507666 21 0 21 14.955 0.554655
2007 HAK4 6 0 0.1096 0.0998844 0.00971564 21 0 21 6.29105 0.148485
2007 HAK4 7 0 0.0726 0.0611693 0.0114307 21 0 21 4.56203 0.218586
2007 HAK4 8 0 0.0281 0.0576467 -0.0295467 21 0 21 1.57001 -0.580931
2007 HAK4 9 0 0.0516 0.0436259 0.00797414 21 0 21 3.43151 0.178899
2007 HAK4 10 0 0.0376 0.0363893 0.00121072 21 0 21 2.54232 0.029629
2007 HAK4 11 0 0.0495 0.0335628 0.0159372 21 0 21 3.54561 0.405513
2007 HAK4 12 0 0.0135 0.031867 -0.018367 21 0 21 0.871765 -0.479193
2007 HAK4 13 0 0.0165 0.0291844 -0.0126844 21 0 21 1.10974 -0.345332
2007 HAK4 14 0 0.0319 0.0250321 0.00686793 21 0 21 2.3686 0.201461
2007 HAK4 15 0 0.0388 0.0207189 0.0180811 21 0 21 3.09196 0.5817
2007 HAK4 16 0 0.0064 0.0161386 -0.00973856 21 0 21 0.490994 -0.354164
2007 HAK4 17 0 0.0106 0.0112349 -0.00063485 21 0 21 0.907607 -0.0276027
2007 HAK4 18 0 0.0001 0.00708984 -0.00698984 21 0 21 0.00918457 -0.381772
2007 HAK4 19 0 0.0068 0.0203519 -0.0135519 21 0 21 0.489426 -0.439817
2008 HAK4 3 0 0.0153 0.0570279 -0.0417279 17 0 17 0.644474 -0.741921
2008 HAK4 4 0 0.1008 0.130762 -0.0299619 17 0 17 3.93181 -0.366424
2008 HAK4 5 0 0.1202 0.170664 -0.0504642 17 0 17 4.34641 -0.553059
2008 HAK4 6 0 0.3307 0.217437 0.113263 17 0 17 14.4605 1.1321
2008 HAK4 7 0 0.0911 0.102917 -0.0118166 17 0 17 3.84099 -0.160346
2008 HAK4 8 0 0.1118 0.0565832 0.0552168 17 0 17 6.062 0.985372
2008 HAK4 9 0 0.0304 0.0482986 -0.0178986 17 0 17 1.44605 -0.344213
2008 HAK4 10 0 0.0941 0.036252 0.057848 17 0 17 5.66381 1.27604
2008 HAK4 11 0 0.0185 0.0290948 -0.0105948 17 0 17 1.00194 -0.259908
2008 HAK4 12 0 0.0213 0.0264751 -0.00517515 17 0 17 1.19844 -0.132909
2008 HAK4 13 0 0.0187 0.0247953 -0.00609527 17 0 17 1.06429 -0.161616
2008 HAK4 14 0 0.0138 0.0225544 -0.00875442 17 0 17 0.794936 -0.243103
2008 HAK4 15 0 0.0172 0.0193246 -0.00212457 17 0 17 1.04706 -0.0636324
2008 HAK4 16 0 0.0001 0.0158977 -0.0157977 17 0 17 0.00606179 -0.520752
2008 HAK4 17 0 0.0097 0.0123246 -0.00262459 17 0 17 0.650489 -0.0980826
2008 HAK4 18 0 0.0061 0.00863529 -0.00253529 17 0 17 0.441341 -0.112979
2008 HAK4 19 0 0.0001 0.0209566 -0.0208566 17 0 17 0.00559212 -0.600354
2009 HAK4 3 0 0.0539 0.0869978 -0.0330978 27 0 27 3.8074 -0.610226
2009 HAK4 4 0 0.0498 0.0661159 -0.0163159 27 0 27 3.83388 -0.341189
2009 HAK4 5 0 0.1413 0.132847 0.00845289 27 0 27 10.6044 0.129409
2009 HAK4 6 0 0.1398 0.168483 -0.0286831 27 0 27 9.56655 -0.398193
2009 HAK4 7 0 0.2082 0.19358 0.0146201 27 0 27 15.1121 0.192275
2009 HAK4 8 0 0.1102 0.0974047 0.0127953 27 0 27 8.6903 0.224231
2009 HAK4 9 0 0.0759 0.0487623 0.0271377 27 0 27 6.92964 0.65474
2009 HAK4 10 0 0.055 0.0382868 0.0167132 27 0 27 5.11923 0.45258
2009 HAK4 11 0 0.0394 0.0288273 0.0105727 27 0 27 3.80096 0.328334
2009 HAK4 12 0 0.0249 0.0228252 0.00207477 27 0 27 2.43994 0.0721868
2009 HAK4 13 0 0.0247 0.0205424 0.00415761 27 0 27 2.48881 0.152303
2009 HAK4 14 0 0.027 0.0190693 0.00793066 27 0 27 2.79717 0.301304
2009 HAK4 15 0 0.0184 0.017267 0.001133 27 0 27 1.8956 0.0451945
2009 HAK4 16 0 0.0172 0.0148031 0.00239694 27 0 27 1.835 0.103134
2009 HAK4 17 0 0.0102 0.0121368 -0.00193679 27 0 27 1.11126 -0.0919101
2009 HAK4 18 0 0.0024 0.00938342 -0.00698342 27 0 27 0.268484 -0.376372
2009 HAK4 19 0 0.0016 0.0226679 -0.0210679 27 0 27 0.140158 -0.73549
2010 HAK4 3 0 0.0722 0.0784854 -0.00628542 16 0 16 3.01294 -0.0934865
2010 HAK4 4 0 0.089 0.0926763 -0.00367632 16 0 16 3.61986 -0.0507117
2010 HAK4 5 0 0.1032 0.0734718 0.0297282 16 0 16 4.70752 0.455763
2010 HAK4 6 0 0.1441 0.129927 0.0141727 16 0 16 5.69812 0.168611
2010 HAK4 7 0 0.1502 0.160767 -0.0105667 16 0 16 5.48832 -0.11507
2010 HAK4 8 0 0.1771 0.169496 0.00760391 16 0 16 6.61616 0.0810674
2010 HAK4 9 0 0.072 0.0897334 -0.0177334 16 0 16 2.84886 -0.248194
2010 HAK4 10 0 0.0446 0.0424048 0.00219523 16 0 16 2.16243 0.0435754
2010 HAK4 11 0 0.0387 0.0311989 0.0075011 16 0 16 2.03698 0.172583
2010 HAK4 12 0 0.0193 0.0235594 -0.00425939 16 0 16 1.04783 -0.112332
2010 HAK4 13 0 0.0163 0.0184848 -0.0021848 16 0 16 0.940144 -0.0648807
2010 HAK4 14 0 0.0221 0.0163446 0.00575535 16 0 16 1.33901 0.181561
2010 HAK4 15 0 0.0219 0.0149676 0.00693241 16 0 16 1.35705 0.228372
2010 HAK4 16 0 0.0173 0.0134146 0.00388541 16 0 16 1.08946 0.135095
2010 HAK4 17 0 0.0058 0.0114365 -0.0056365 16 0 16 0.36812 -0.212041
2010 HAK4 18 0 0.0061 0.00930138 -0.00320138 16 0 16 0.407682 -0.133399
2010 HAK4 19 0 0.0001 0.0243304 -0.0242304 16 0 16 0.00502421 -0.629063
2011 HAK4 3 0 0.063 0.0735972 -0.0105972 13 0 13 2.07136 -0.14633
2011 HAK4 4 0 0.0511 0.0877063 -0.0366063 13 0 13 1.514 -0.4666
2011 HAK4 5 0 0.177 0.0958636 0.0811364 13 0 13 6.38358 0.993673
2011 HAK4 6 0 0.0599 0.0789057 -0.0190057 13 0 13 1.90052 -0.254184
2011 HAK4 7 0 0.1653 0.123044 0.0422559 13 0 13 5.33725 0.463809
2011 HAK4 8 0 0.1108 0.147534 -0.0367337 13 0 13 3.00015 -0.373467
2011 HAK4 9 0 0.1187 0.144593 -0.0258925 13 0 13 3.29954 -0.265452
2011 HAK4 10 0 0.0711 0.0798765 -0.00877652 13 0 13 2.30583 -0.116724
2011 HAK4 11 0 0.0168 0.0370761 -0.0202761 13 0 13 0.629101 -0.386913
2011 HAK4 12 0 0.034 0.0258262 0.00817377 13 0 13 1.49481 0.1858
2011 HAK4 13 0 0.043 0.019495 0.023505 13 0 13 2.08409 0.612978
2011 HAK4 14 0 0.0095 0.0152336 -0.00573361 13 0 13 0.457316 -0.168784
2011 HAK4 15 0 0.0011 0.0132486 -0.0121486 13 0 13 0.0537441 -0.383097
2011 HAK4 16 0 0.0211 0.0119879 0.00911214 13 0 13 1.11002 0.301884
2011 HAK4 17 0 0.0241 0.0106483 0.0134517 13 0 13 1.3128 0.472536
2011 HAK4 18 0 0.0319 0.00903298 0.022867 13 0 13 1.83154 0.871437
2011 HAK4 19 0 0.0019 0.0263316 -0.0244316 13 0 13 0.0760722 -0.550148
2012 HAK4 3 0 0.0491 0.0871762 -0.0380762 13 0 13 1.4502 -0.486668
2012 HAK4 4 0 0.0619 0.0820815 -0.0201815 13 0 13 1.94205 -0.265095
2012 HAK4 5 0 0.1059 0.0924809 0.0134191 13 0 13 3.47937 0.16701
2012 HAK4 6 0 0.1332 0.0949774 0.0382226 13 0 13 4.53661 0.470059
2012 HAK4 7 0 0.0625 0.0798242 -0.0173242 13 0 13 1.98648 -0.230474
2012 HAK4 8 0 0.1253 0.110822 0.0144783 13 0 13 3.96262 0.166296
2012 HAK4 9 0 0.1391 0.128154 0.010946 13 0 13 4.23889 0.11807
2012 HAK4 10 0 0.0591 0.118544 -0.0594444 13 0 13 1.55863 -0.663044
2012 HAK4 11 0 0.0947 0.0682412 0.0264588 13 0 13 3.41929 0.378327
2012 HAK4 12 0 0.0313 0.0321202 -0.000820179 13 0 13 1.27902 -0.0167718
2012 HAK4 13 0 0.0382 0.0212492 0.0169508 13 0 13 1.79172 0.423792
2012 HAK4 14 0 0.0314 0.0159366 0.0154634 13 0 13 1.56951 0.445213
2012 HAK4 15 0 0.0111 0.0124153 -0.00131527 13 0 13 0.566043 -0.0428272
2012 HAK4 16 0 0.0103 0.0106221 -0.000322107 13 0 13 0.545125 -0.0113288
2012 HAK4 17 0 0.0001 0.00949336 -0.00939336 13 0 13 0.00530532 -0.349264
2012 HAK4 18 0 0.0074 0.00835615 -0.000956153 13 0 13 0.412042 -0.037872
2012 HAK4 19 0 0.0394 0.0275056 0.0118944 13 0 13 1.72025 0.262218
*end

*observation[chatOBSwst]
observation_type: process_removals_by_age
likelihood: multinomial
Values {dataframe}
year category age length observed expected residual error_value process_error adjusted_error neglogLike pearsons_residuals
1992 HAK4 3 0 0.0583 0.0788718 -0.0205718 27 0 27 4.33622 -0.396582
1992 HAK4 4 0 0.0978 0.1119 -0.0140997 27 0 27 7.14261 -0.232406
1992 HAK4 5 0 0.0796 0.097266 -0.017666 27 0 27 5.84343 -0.309784
1992 HAK4 6 0 0.1452 0.110773 0.0344267 27 0 27 11.6848 0.569972
1992 HAK4 7 0 0.0885 0.0905663 -0.00206632 27 0 27 6.81991 -0.0374119
1992 HAK4 8 0 0.1002 0.0831186 0.0170814 27 0 27 8.16403 0.321514
1992 HAK4 9 0 0.0517 0.100238 -0.0485381 27 0 27 3.42505 -0.839816
1992 HAK4 10 0 0.0995 0.0911324 0.00836765 27 0 27 7.8477 0.151077
1992 HAK4 11 0 0.0585 0.0700003 -0.0115003 27 0 27 4.54241 -0.234207
1992 HAK4 12 0 0.0607 0.0522157 0.00848427 27 0 27 5.22562 0.198171
1992 HAK4 13 0 0.056 0.0379605 0.0180395 27 0 27 5.23922 0.490505
1992 HAK4 14 0 0.0233 0.0268637 -0.00356375 27 0 27 2.16688 -0.11453
1992 HAK4 15 0 0.0296 0.0184843 0.0111157 27 0 27 3.11816 0.428815
1992 HAK4 16 0 0.014 0.0122634 0.00173657 27 0 27 1.54562 0.0819873
1992 HAK4 17 0 0.0167 0.00770069 0.00899931 27 0 27 2.07285 0.534939
1992 HAK4 18 0 0.008 0.0045099 0.0034901 27 0 27 1.07688 0.270656
1992 HAK4 19 0 0.0122 0.00613526 0.00606474 27 0 27 1.5652 0.403566
1994 HAK4 3 0 0.182 0.171834 0.0101659 9 0 9 3.27118 0.0808452
1994 HAK4 4 0 0.1107 0.143837 -0.0331365 9 0 9 1.93034 -0.28328
1994 HAK4 5 0 0.1768 0.110985 0.0658152 9 0 9 3.84885 0.62858
1994 HAK4 6 0 0.1345 0.109481 0.0250193 9 0 9 2.78033 0.240384
1994 HAK4 7 0 0.1009 0.0800539 0.0208461 9 0 9 2.25693 0.230448
1994 HAK4 8 0 0.0905 0.070421 0.020079 9 0 9 2.09421 0.235434
1994 HAK4 9 0 0.0448 0.0558798 -0.0110798 9 0 9 1.04325 -0.144715
1994 HAK4 10 0 0.0175 0.0486315 -0.0311315 9 0 9 0.404273 -0.434198
1994 HAK4 11 0 0.0175 0.0516102 -0.0341102 9 0 9 0.39491 -0.462535
1994 HAK4 12 0 0.0153 0.0462482 -0.0309482 9 0 9 0.358407 -0.44207
1994 HAK4 13 0 0.0009 0.0348875 -0.0339875 9 0 9 0.0225589 -0.555669
1994 HAK4 14 0 0.0209 0.0251689 -0.00426886 9 0 9 0.610768 -0.0817592
1994 HAK4 15 0 0.0154 0.0177363 -0.00233634 9 0 9 0.493676 -0.0531021
1994 HAK4 16 0 0.0146 0.0121927 0.00240732 9 0 9 0.516588 0.0658065
1994 HAK4 17 0 0.013 0.00816059 0.00483941 9 0 9 0.505717 0.161373
1994 HAK4 18 0 0.0176 0.00528062 0.0123194 9 0 9 0.758369 0.509938
1994 HAK4 19 0 0.0271 0.00759263 0.0195074 9 0 9 1.09351 0.674185
1995 HAK4 3 0 0.3379 0.132866 0.205034 11 0 11 10.263 2.00341
1995 HAK4 4 0 0.1712 0.205899 -0.0346985 11 0 11 3.56426 -0.284605
1995 HAK4 5 0 0.1471 0.151498 -0.004398 11 0 11 3.42473 -0.0406838
1995 HAK4 6 0 0.1346 0.10359 0.0310098 11 0 11 3.62812 0.337507
1995 HAK4 7 0 0.0573 0.0868193 -0.0295193 11 0 11 1.43203 -0.347709
1995 HAK4 8 0 0.0429 0.0619559 -0.0190559 11 0 11 1.19108 -0.262163
1995 HAK4 9 0 0.0037 0.0506667 -0.0469667 11 0 11 0.0992306 -0.710257
1995 HAK4 10 0 0.0367 0.0396762 -0.00297618 11 0 11 1.18291 -0.0505688
1995 HAK4 11 0 0.0092 0.0335056 -0.0243056 11 0 11 0.2933 -0.447965
1995 HAK4 12 0 0.0125 0.0336766 -0.0211766 11 0 11 0.401484 -0.389339
1995 HAK4 13 0 0.0079 0.0298466 -0.0219466 11 0 11 0.260968 -0.427756
1995 HAK4 14 0 0.0175 0.0224594 -0.00495944 11 0 11 0.647568 -0.11101
1995 HAK4 15 0 0.0054 0.0160043 -0.0106043 11 0 11 0.214147 -0.280262
1995 HAK4 16 0 0.003 0.0111422 -0.00814217 11 0 11 0.130235 -0.257267
1995 HAK4 17 0 0.0028 0.00757759 -0.00477759 11 0 11 0.133373 -0.182722
1995 HAK4 18 0 0.01 0.0050211 0.0049789 11 0 11 0.528313 0.233627
1995 HAK4 19 0 0.0002 0.00779531 -0.00759531 11 0 11 0.00941341 -0.286434
1996 HAK4 3 0 0.1625 0.111287 0.0512135 11 0 11 4.43095 0.540105
1996 HAK4 4 0 0.2141 0.165971 0.0481286 11 0 11 5.27427 0.429035
1996 HAK4 5 0 0.2736 0.212607 0.0609933 11 0 11 6.46363 0.494418
1996 HAK4 6 0 0.1439 0.141918 0.00198244 11 0 11 3.43526 0.0188414
1996 HAK4 7 0 0.0654 0.0868588 -0.0214588 11 0 11 1.66622 -0.252712
1996 HAK4 8 0 0.0669 0.0654785 0.00142145 11 0 11 1.91827 0.0190583
1996 HAK4 9 0 0.0143 0.0460553 -0.0317553 11 0 11 0.412299 -0.502471
1996 HAK4 10 0 0.0261 0.0354641 -0.00936409 11 0 11 0.852797 -0.167922
1996 HAK4 11 0 0.0041 0.027362 -0.023262 11 0 11 0.137902 -0.472927
1996 HAK4 12 0 0.0046 0.022556 -0.017956 11 0 11 0.164711 -0.401078
1996 HAK4 13 0 0.0054 0.0216522 -0.0162522 11 0 11 0.196194 -0.370348
1996 HAK4 14 0 0.0059 0.0189671 -0.0130671 11 0 11 0.22323 -0.317712
1996 HAK4 15 0 0.0105 0.0142845 -0.00378452 11 0 11 0.434441 -0.105779
1996 HAK4 16 0 0.0003 0.0100916 -0.00979162 11 0 11 0.0132711 -0.324917
1996 HAK4 17 0 0.0017 0.00695722 -0.00525722 11 0 11 0.0823922 -0.209774
1996 HAK4 18 0 0.0004 0.00468913 -0.00428913 11 0 11 0.0210712 -0.208228
1996 HAK4 19 0 0.0001 0.00780139 -0.00770139 11 0 11 0.00470486 -0.290322
1997 HAK4 3 0 0.1477 0.101799 0.0459006 7 0 7 2.3769 0.401613
1997 HAK4 4 0 0.2041 0.141714 0.062386 7 0 7 3.02741 0.473275
1997 HAK4 5 0 0.2076 0.179044 0.0285559 7 0 7 2.752 0.197063
1997 HAK4 6 0 0.143 0.193334 -0.0503338 7 0 7 1.6454 -0.337216
1997 HAK4 7 0 0.0652 0.120336 -0.0551356 7 0 7 0.844941 -0.448358
1997 HAK4 8 0 0.1273 0.0690658 0.0582342 7 0 7 2.33951 0.607626
1997 HAK4 9 0 0.0146 0.0483975 -0.0337975 7 0 7 0.258692 -0.416672
1997 HAK4 10 0 0.0103 0.0335329 -0.0232329 7 0 7 0.207311 -0.341447
1997 HAK4 11 0 0.0272 0.0246636 0.00253642 7 0 7 0.622402 0.0432678
1997 HAK4 12 0 0.0038 0.0187817 -0.0149817 7 0 7 0.0909522 -0.291985
1997 HAK4 13 0 0.0167 0.0152225 0.00147751 7 0 7 0.432394 0.0319277
1997 HAK4 14 0 0.0085 0.0140601 -0.00556012 7 0 7 0.222219 -0.124943
1997 HAK4 15 0 0.0034 0.0121735 -0.00877352 7 0 7 0.0916449 -0.211677
1997 HAK4 16 0 0.0007 0.00919431 -0.00849431 7 0 7 0.0201683 -0.235463
1997 HAK4 17 0 0.0049 0.00646285 -0.00156285 7 0 7 0.154083 -0.0516014
1997 HAK4 18 0 0.0028 0.00441962 -0.00161962 7 0 7 0.0952649 -0.0645998
1997 HAK4 19 0 0.0121 0.0077987 0.0043013 7 0 7 0.367897 0.129371
1998 HAK4 3 0 0.2036 0.0884293 0.115171 55 0 55 45.149 3.00836
1998 HAK4 4 0 0.1767 0.132901 0.0437988 55 0 55 34.0596 0.956852
1998 HAK4 5 0 0.1548 0.157198 -0.00239759 55 0 55 27.4732 -0.0488508
1998 HAK4 6 0 0.109 0.170471 -0.0614715 55 0 55 17.1762 -1.21231
1998 HAK4 7 0 0.1254 0.160134 -0.0347341 55 0 55 20.9518 -0.702409
1998 HAK4 8 0 0.0962 0.0984488 -0.00224883 55 0 55 17.5572 -0.0559806
1998 HAK4 9 0 0.0381 0.0545322 -0.0164322 55 0 55 6.87879 -0.536694
1998 HAK4 10 0 0.036 0.0361399 -0.000139919 55 0 55 7.24908 -0.00555979
1998 HAK4 11 0 0.0185 0.024679 -0.006179 55 0 55 3.77408 -0.295367
1998 HAK4 12 0 0.0115 0.0175898 -0.00608978 55 0 55 2.44753 -0.343563
1998 HAK4 13 0 0.0063 0.0132183 -0.00691826 55 0 55 1.38418 -0.449242
1998 HAK4 14 0 0.0073 0.0105579 -0.00325789 55 0 55 1.70748 -0.236393
1998 HAK4 15 0 0.0045 0.00942049 -0.00492049 55 0 55 1.05686 -0.377754
1998 HAK4 16 0 0.0038 0.00804697 -0.00424697 55 0 55 0.91997 -0.352532
1998 HAK4 17 0 0.0034 0.00608776 -0.00268776 55 0 55 0.872467 -0.256253
1998 HAK4 18 0 0.0007 0.0042607 -0.0035607 55 0 55 0.189119 -0.405418
1998 HAK4 19 0 0.0041 0.00788461 -0.00378461 55 0 55 0.999724 -0.317345
1999 HAK4 3 0 0.0756 0.0645424 0.0110576 30 0 30 7.16947 0.246483
1999 HAK4 4 0 0.1427 0.119849 0.0228511 30 0 30 12.6921 0.385365
1999 HAK4 5 0 0.1226 0.152047 -0.0294472 30 0 30 9.63259 -0.449189
1999 HAK4 6 0 0.1509 0.155979 -0.00507891 30 0 30 12.4127 -0.0766692
1999 HAK4 7 0 0.0957 0.149808 -0.0541081 30 0 30 7.08242 -0.830418
1999 HAK4 8 0 0.1168 0.131144 -0.0143438 30 0 30 9.57753 -0.232744
1999 HAK4 9 0 0.0806 0.0810436 -0.000443564 30 0 30 7.18751 -0.00890245
1999 HAK4 10 0 0.0671 0.0440105 0.0230895 30 0 30 6.99243 0.616552
1999 HAK4 11 0 0.0482 0.0279286 0.0202714 30 0 30 5.42137 0.673863
1999 HAK4 12 0 0.0246 0.0187921 0.00580787 30 0 30 2.84573 0.234266
1999 HAK4 13 0 0.0138 0.0130969 0.000703109 30 0 30 1.67448 0.0338736
1999 HAK4 14 0 0.0188 0.00968769 0.00911231 30 0 30 2.49864 0.509557
1999 HAK4 15 0 0.0048 0.00761879 -0.00281879 30 0 30 0.635152 -0.177558
1999 HAK4 16 0 0.0116 0.006579 0.005021 30 0 30 1.6333 0.340176
1999 HAK4 17 0 0.0064 0.00552981 0.00087019 30 0 30 0.914918 0.0642723
1999 HAK4 18 0 0.0041 0.00417856 -7.85597e-05 30 0 30 0.614525 -0.00667047
1999 HAK4 19 0 0.0159 0.00816518 0.00773482 30 0 30 2.17198 0.47077
2000 HAK4 3 0 0.0457 0.0669729 -0.0212729 31 0 31 4.05784 -0.473818
2000 HAK4 4 0 0.0861 0.0928435 -0.00674345 31 0 31 7.73618 -0.129374
2000 HAK4 5 0 0.0885 0.142363 -0.0538632 31 0 31 6.82724 -0.858267
2000 HAK4 6 0 0.0925 0.155418 -0.0629181 31 0 31 6.96609 -0.966907
2000 HAK4 7 0 0.1439 0.141508 0.00239155 31 0 31 12.6178 0.0382033
2000 HAK4 8 0 0.1583 0.126352 0.0319479 31 0 31 14.7818 0.535382
2000 HAK4 9 0 0.1224 0.104279 0.018121 31 0 31 11.4511 0.330126
2000 HAK4 10 0 0.0803 0.0640047 0.0162953 31 0 31 8.03178 0.370682
2000 HAK4 11 0 0.0704 0.0339565 0.0364435 31 0 31 8.25023 1.12032
2000 HAK4 12 0 0.0353 0.0206168 0.0146832 31 0 31 4.29037 0.575325
2000 HAK4 13 0 0.0176 0.0136153 0.00398473 31 0 31 2.22605 0.191445
2000 HAK4 14 0 0.0159 0.00934516 0.00655484 31 0 31 2.18225 0.379305
2000 HAK4 15 0 0.0125 0.00682837 0.00567163 31 0 31 1.81357 0.383458
2000 HAK4 16 0 0.0095 0.0053229 0.0041771 31 0 31 1.4347 0.319625
2000 HAK4 17 0 0.0083 0.00449443 0.00380557 31 0 31 1.29078 0.316769
2000 HAK4 18 0 0.002 0.00373604 -0.00173604 31 0 31 0.313846 -0.158434
2000 HAK4 19 0 0.0107 0.00834267 0.00235733 31 0 31 1.47466 0.1443
2001 HAK4 3 0 0.014 0.0575141 -0.0435141 32 0 32 1.15797 -1.05726
2001 HAK4 4 0 0.0839 0.0955869 -0.0116869 32 0 32 7.71352 -0.22485
2001 HAK4 5 0 0.114 0.114111 -0.00011071 32 0 32 10.5803 -0.00196974
2001 HAK4 6 0 0.1084 0.14669 -0.0382897 32 0 32 9.06866 -0.612215
2001 HAK4 7 0 0.2003 0.142993 0.0573074 32 0 32 19.8254 0.926055
2001 HAK4 8 0 0.1574 0.123391 0.0340094 32 0 32 15.3894 0.584965
2001 HAK4 9 0 0.095 0.10518 -0.0101804 32 0 32 8.68855 -0.187717
2001 HAK4 10 0 0.0726 0.0831579 -0.0105579 32 0 32 6.78903 -0.216299
2001 HAK4 11 0 0.0573 0.0510643 0.00623568 32 0 32 5.99954 0.160244
2001 HAK4 12 0 0.0322 0.0269531 0.00524687 32 0 32 3.73666 0.183275
2001 HAK4 13 0 0.0146 0.0158302 -0.00123018 32 0 32 1.81546 -0.0557525
2001 HAK4 14 0 0.0103 0.0102484 5.16433e-05 32 0 32 1.39709 0.00290067
2001 HAK4 15 0 0.0115 0.00693828 0.00456172 32 0 32 1.7121 0.310878
2001 HAK4 16 0 0.0064 0.00499417 0.00140583 32 0 32 0.998588 0.112814
2001 HAK4 17 0 0.0056 0.00384258 0.00175742 32 0 32 0.917555 0.160685
2001 HAK4 18 0 0.0063 0.00316811 0.00313189 32 0 32 1.0743 0.315262
2001 HAK4 19 0 0.0102 0.00833794 0.00186206 32 0 32 1.45021 0.11584
2002 HAK4 3 0 0.0641 0.0919608 -0.0278608 23 0 23 3.78503 -0.462385
2002 HAK4 4 0 0.1068 0.0817706 0.0250294 23 0 23 7.30362 0.438066
2002 HAK4 5 0 0.0903 0.112076 -0.0217764 23 0 23 5.31072 -0.331058
2002 HAK4 6 0 0.0942 0.117092 -0.0228922 23 0 23 5.49916 -0.341453
2002 HAK4 7 0 0.1319 0.130148 0.00175167 23 0 23 8.02021 0.0249674
2002 HAK4 8 0 0.13 0.121009 0.00899092 23 0 23 8.09376 0.132211
2002 HAK4 9 0 0.1041 0.101123 0.00297665 23 0 23 6.57257 0.0473496
2002 HAK4 10 0 0.0972 0.0830214 0.0141786 23 0 23 6.48483 0.246446
2002 HAK4 11 0 0.0659 0.0634968 0.00240319 23 0 23 4.47421 0.047263
2002 HAK4 12 0 0.0555 0.0391445 0.0163555 23 0 23 4.27673 0.404448
2002 HAK4 13 0 0.017 0.0207542 -0.00375419 23 0 23 1.39611 -0.126294
2002 HAK4 14 0 0.0186 0.0118613 0.00673866 23 0 23 1.77614 0.298512
2002 HAK4 15 0 0.0121 0.00751646 0.00458354 23 0 23 1.25684 0.254505
2002 HAK4 16 0 0.0015 0.00502109 -0.00352109 23 0 23 0.163696 -0.238911
2002 HAK4 17 0 0.0016 0.00355831 -0.00195831 23 0 23 0.187349 -0.157724
2002 HAK4 18 0 0.0003 0.00269596 -0.00239596 23 0 23 0.0368766 -0.221602
2002 HAK4 19 0 0.009 0.00774909 0.00125091 23 0 23 0.918691 0.0684154
2003 HAK4 3 0 0.0615 0.071719 -0.010219 14 0 14 2.21639 -0.148189
2003 HAK4 4 0 0.2039 0.124894 0.0790056 14 0 14 7.55055 0.89417
2003 HAK4 5 0 0.1448 0.0996126 0.0451874 14 0 14 5.39406 0.564559
2003 HAK4 6 0 0.1786 0.113603 0.0649973 14 0 14 6.6399 0.766391
2003 HAK4 7 0 0.1252 0.107904 0.0172963 14 0 14 4.38015 0.20859
2003 HAK4 8 0 0.1017 0.111065 -0.00936508 14 0 14 3.36154 -0.11152
2003 HAK4 9 0 0.0479 0.100659 -0.0527591 14 0 14 1.43811 -0.656104
2003 HAK4 10 0 0.0395 0.0821691 -0.0426691 14 0 14 1.26438 -0.581356
2003 HAK4 11 0 0.0182 0.0654825 -0.0472825 14 0 14 0.595228 -0.715168
2003 HAK4 12 0 0.0174 0.0488207 -0.0314207 14 0 14 0.638783 -0.545565
2003 HAK4 13 0 0.0164 0.0302157 -0.0138157 14 0 14 0.71008 -0.301983
2003 HAK4 14 0 0.0131 0.0161276 -0.00302765 14 0 14 0.676532 -0.089932
2003 HAK4 15 0 0.0224 0.00898638 0.0134136 14 0 14 1.36733 0.531836
2003 HAK4 16 0 0.0001 0.00554799 -0.00544799 14 0 14 0.00646556 -0.274436
2003 HAK4 17 0 0.0024 0.00364186 -0.00124186 14 0 14 0.170192 -0.0771377
2003 HAK4 18 0 0.0036 0.00253014 0.00106986 14 0 14 0.274314 0.0796835
2003 HAK4 19 0 0.0032 0.00702156 -0.00382156 14 0 14 0.197909 -0.171245
2004 HAK4 3 0 0.0315 0.107067 -0.0755675 15 0 15 0.934276 -0.946547
2004 HAK4 4 0 0.0391 0.0976118 -0.0585118 15 0 15 1.25043 -0.763556
2004 HAK4 5 0 0.0515 0.137993 -0.0864932 15 0 15 1.45133 -0.971278
2004 HAK4 6 0 0.0571 0.101352 -0.0442517 15 0 15 1.90684 -0.567892
2004 HAK4 7 0 0.1597 0.0982276 0.0614724 15 0 15 6.6462 0.799946
2004 HAK4 8 0 0.1345 0.0902525 0.0442475 15 0 15 5.56173 0.598059
2004 HAK4 9 0 0.1522 0.088341 0.063859 15 0 15 6.50937 0.871506
2004 HAK4 10 0 0.1204 0.0784245 0.0419755 15 0 15 5.11914 0.604713
2004 HAK4 11 0 0.0725 0.0628709 0.00962909 15 0 15 3.04817 0.153641
2004 HAK4 12 0 0.0565 0.048917 0.00758301 15 0 15 2.50072 0.13616
2004 HAK4 13 0 0.0463 0.0357161 0.0105839 15 0 15 2.21724 0.220879
2004 HAK4 14 0 0.0284 0.0221707 0.00622926 15 0 15 1.50176 0.163855
2004 HAK4 15 0 0.0128 0.0119299 0.000870078 15 0 15 0.76729 0.0310378
2004 HAK4 16 0 0.01 0.0065091 0.0034909 15 0 15 0.685877 0.168128
2004 HAK4 17 0 0.0103 0.00391013 0.00638987 15 0 15 0.785689 0.396545
2004 HAK4 18 0 0.0002 0.00251569 -0.00231569 15 0 15 0.0162314 -0.179038
2004 HAK4 19 0 0.0171 0.00619051 0.0109095 15 0 15 1.20451 0.538686
2005 HAK4 3 0 0.0214 0.259759 -0.238359 17 0 17 0.373692 -2.24122
2005 HAK4 4 0 0.0754 0.119743 -0.0443433 17 0 17 2.86386 -0.563147
2005 HAK4 5 0 0.0595 0.0947447 -0.0352447 17 0 17 2.38857 -0.496199
2005 HAK4 6 0 0.2281 0.109159 0.118941 17 0 17 11.5844 1.57263
2005 HAK4 7 0 0.2038 0.0756357 0.128164 17 0 17 11.3497 1.99851
2005 HAK4 8 0 0.1148 0.0655836 0.0492164 17 0 17 5.96595 0.819723
2005 HAK4 9 0 0.0857 0.0584772 0.0272228 17 0 17 4.39115 0.478352
2005 HAK4 10 0 0.0869 0.0543161 0.0325839 17 0 17 4.57213 0.592777
2005 HAK4 11 0 0.0503 0.0469738 0.00332618 17 0 17 2.56076 0.0648171
2005 HAK4 12 0 0.0301 0.037006 -0.00690601 17 0 17 1.56662 -0.150836
2005 HAK4 13 0 0.0134 0.0282182 -0.0148182 17 0 17 0.719818 -0.368952
2005 HAK4 14 0 0.0149 0.0202744 -0.0053744 17 0 17 0.888448 -0.157227
2005 HAK4 15 0 0.0001 0.0126465 -0.0125465 17 0 17 0.00645075 -0.46294
2005 HAK4 16 0 0.0007 0.00689438 -0.00619438 17 0 17 0.0524738 -0.308658
2005 HAK4 17 0 0.0001 0.00372546 -0.00362546 17 0 17 0.00852847 -0.245362
2005 HAK4 18 0 0.0128 0.002192 0.010608 17 0 17 1.24209 0.935221
2005 HAK4 19 0 0.0019 0.00465118 -0.00275118 17 0 17 0.155672 -0.166715
2006 HAK4 3 0 0.1661 0.156068 0.010032 8 0 8 2.63989 0.0781846
2006 HAK4 4 0 0.2186 0.294405 -0.0758053 8 0 8 2.61266 -0.470429
2006 HAK4 5 0 0.1687 0.125432 0.0432684 8 0 8 2.98638 0.369501
2006 HAK4 6 0 0.0753 0.081669 -0.006369 8 0 8 1.39677 -0.0657791
2006 HAK4 7 0 0.1089 0.0774267 0.0314733 8 0 8 2.17994 0.333075
2006 HAK4 8 0 0.1103 0.0533469 0.0569531 8 0 8 2.54111 0.716823
2006 HAK4 9 0 0.0325 0.0429281 -0.0104281 8 0 8 0.718053 -0.145514
2006 HAK4 10 0 0.0358 0.0373689 -0.00156888 8 0 8 0.835605 -0.0233964
2006 HAK4 11 0 0.0158 0.0334755 -0.0176755 8 0 8 0.368808 -0.277937
2006 HAK4 12 0 0.0214 0.02853 -0.00713002 8 0 8 0.532406 -0.121135
2006 HAK4 13 0 0.0326 0.0223626 0.0102374 8 0 8 0.890476 0.195832
2006 HAK4 14 0 0.0042 0.0168906 -0.0126906 8 0 8 0.118641 -0.27855
2006 HAK4 15 0 0.003 0.0120433 -0.00904327 8 0 8 0.0926771 -0.234493
2006 HAK4 16 0 0.0024 0.00757917 -0.00517917 8 0 8 0.082959 -0.168907
2006 HAK4 17 0 0.0023 0.00420613 -0.00190613 8 0 8 0.0903255 -0.0833049
2006 HAK4 18 0 0.0005 0.00227239 -0.00177239 8 0 8 0.022052 -0.105283
2006 HAK4 19 0 0.0016 0.00399594 -0.00239594 8 0 8 0.0634333 -0.107419
2008 HAK4 3 0 0.0262 0.0552667 -0.0290667 19 0 19 1.32056 -0.554481
2008 HAK4 4 0 0.1633 0.148417 0.0148833 19 0 19 7.84136 0.182483
2008 HAK4 5 0 0.239 0.204952 0.0340481 19 0 19 11.2214 0.36766
2008 HAK4 6 0 0.225 0.255374 -0.0303744 19 0 19 9.43592 -0.303617
2008 HAK4 7 0 0.1453 0.112229 0.0330714 19 0 19 7.53774 0.456696
2008 HAK4 8 0 0.0861 0.0541948 0.0319052 19 0 19 5.1536 0.614269
2008 HAK4 9 0 0.046 0.042369 0.00363104 19 0 19 2.715 0.0785751
2008 HAK4 10 0 0.0186 0.0297888 -0.0111888 19 0 19 1.12609 -0.286881
2008 HAK4 11 0 0.0125 0.0219761 -0.00947613 19 0 19 0.811392 -0.281746
2008 HAK4 12 0 0.0091 0.0182643 -0.00916428 19 0 19 0.615015 -0.298316
2008 HAK4 13 0 0.0085 0.0154844 -0.00698437 19 0 19 0.599827 -0.246573
2008 HAK4 14 0 0.0083 0.0127228 -0.00442279 19 0 19 0.616265 -0.172013
2008 HAK4 15 0 0.0049 0.00974548 -0.00484548 19 0 19 0.384227 -0.215
2008 HAK4 16 0 0.0026 0.00711864 -0.00451864 19 0 19 0.217731 -0.234281
2008 HAK4 17 0 0.0008 0.00492523 -0.00412523 19 0 19 0.0721784 -0.256852
2008 HAK4 18 0 0.0018 0.00308949 -0.00128949 19 0 19 0.178873 -0.10128
2008 HAK4 19 0 0.002 0.00408269 -0.00208269 19 0 19 0.18827 -0.14237
2009 HAK4 3 0 0.0093 0.0837937 -0.0744937 12 0 12 0.222009 -0.931339
2009 HAK4 4 0 0.0663 0.0767708 -0.0104708 12 0 12 1.96992 -0.136245
2009 HAK4 5 0 0.1699 0.163799 0.00610076 12 0 12 4.41767 0.0571036
2009 HAK4 6 0 0.2166 0.19901 0.01759 12 0 12 5.50816 0.152618
2009 HAK4 7 0 0.276 0.21099 0.0650098 12 0 12 7.35038 0.551946
2009 HAK4 8 0 0.0985 0.0988463 -0.000346282 12 0 12 2.82262 -0.00401921
2009 HAK4 9 0 0.0722 0.0441957 0.0280043 12 0 12 2.65185 0.471999
2009 HAK4 10 0 0.0289 0.0320826 -0.00318265 12 0 12 1.07793 -0.0625641
2009 HAK4 11 0 0.0225 0.0224837 1.63e-05 12 0 12 0.922057 0.000380875
2009 HAK4 12 0 0.0113 0.0161059 -0.00480587 12 0 12 0.495771 -0.13225
2009 HAK4 13 0 0.0057 0.0130203 -0.00732035 12 0 12 0.261185 -0.223695
2009 HAK4 14 0 0.0096 0.0107941 -0.00119411 12 0 12 0.465564 -0.0400311
2009 HAK4 15 0 0.0001 0.00872073 -0.00862073 12 0 12 0.00499899 -0.321189
2009 HAK4 16 0 0.0065 0.00661848 -0.000118477 12 0 12 0.351196 -0.00506158
2009 HAK4 17 0 0.0027 0.00477624 -0.00207624 12 0 12 0.155297 -0.104319
2009 HAK4 18 0 0.0001 0.00326783 -0.00316783 12 0 12 0.00617688 -0.19228
2009 HAK4 19 0 0.0038 0.004724 -0.000923997 12 0 12 0.219545 -0.0466804
2010 HAK4 3 0 0.0458 0.0806161 -0.0348161 12 0 12 1.26609 -0.443008
2010 HAK4 4 0 0.1024 0.111875 -0.00947522 12 0 12 2.80439 -0.10413
2010 HAK4 5 0 0.1382 0.0935636 0.0446364 12 0 12 4.331 0.530954
2010 HAK4 6 0 0.1379 0.158649 -0.0207489 12 0 12 3.44585 -0.196733
2010 HAK4 7 0 0.1898 0.175382 0.014418 12 0 12 4.92883 0.131334
2010 HAK4 8 0 0.181 0.169364 0.0116361 12 0 12 4.71441 0.107468
2010 HAK4 9 0 0.089 0.0843493 0.00465066 12 0 12 2.67116 0.0579694
2010 HAK4 10 0 0.0316 0.0361309 -0.00453091 12 0 12 1.14106 -0.084106
2010 HAK4 11 0 0.022 0.0244436 -0.00244358 12 0 12 0.878467 -0.0548162
2010 HAK4 12 0 0.008 0.017026 -0.00902596 12 0 12 0.342844 -0.241689
2010 HAK4 13 0 0.0192 0.0119865 0.00721346 12 0 12 0.925701 0.229618
2010 HAK4 14 0 0.0087 0.009442 -0.000742 12 0 12 0.435051 -0.026578
2010 HAK4 15 0 0.0096 0.00768518 0.00191482 12 0 12 0.504698 0.0759566
2010 HAK4 16 0 0.0084 0.00612092 0.00227908 12 0 12 0.46347 0.101222
2010 HAK4 17 0 0.0021 0.00461155 -0.00251155 12 0 12 0.121526 -0.128414
2010 HAK4 18 0 0.0037 0.00329764 0.000402362 12 0 12 0.229685 0.0243122
2010 HAK4 19 0 0.0026 0.00545659 -0.00285659 12 0 12 0.145361 -0.134328
2011 HAK4 3 0 0.0559 0.0767681 -0.0208681 9 0 9 1.17078 -0.235157
2011 HAK4 4 0 0.1454 0.108605 0.0367947 9 0 9 3.06451 0.354769
2011 HAK4 5 0 0.1752 0.126216 0.0489843 9 0 9 3.60372 0.442506
2011 HAK4 6 0 0.1189 0.0982996 0.0206004 9 0 9 2.51355 0.207582
2011 HAK4 7 0 0.1416 0.137543 0.00405742 9 0 9 2.66719 0.0353414
2011 HAK4 8 0 0.0917 0.14863 -0.0569298 9 0 9 1.50963 -0.480119
2011 HAK4 9 0 0.1008 0.135518 -0.0347182 9 0 9 1.77677 -0.304299
2011 HAK4 10 0 0.0425 0.0712042 -0.0287042 9 0 9 0.892262 -0.334853
2011 HAK4 11 0 0.0139 0.0301684 -0.0162684 9 0 9 0.377908 -0.285326
2011 HAK4 12 0 0.02 0.0190493 0.00095065 9 0 9 0.633592 0.0208631
2011 HAK4 13 0 0.0335 0.0130915 0.0204085 9 0 9 1.19882 0.538643
2011 HAK4 14 0 0.0033 0.00906594 -0.00576594 9 0 9 0.123258 -0.1825
2011 HAK4 15 0 0.0177 0.00692233 0.0107777 9 0 9 0.719656 0.389968
2011 HAK4 16 0 0.0189 0.00550319 0.0133968 9 0 9 0.808774 0.543268
2011 HAK4 17 0 0.0062 0.00429944 0.00190056 9 0 9 0.274354 0.0871427
2011 HAK4 18 0 0.0068 0.00319724 0.00360276 9 0 9 0.319289 0.191454
2011 HAK4 19 0 0.0078 0.00591916 0.00188084 9 0 9 0.323495 0.0735584
*end

*observation[chatOBSest]
observation_type: process_removals_by_age
likelihood: multinomial
Values {dataframe}
year category age length observed expected residual error_value process_error adjusted_error neglogLike pearsons_residuals
1992 HAK4 4 0 0.028 0.0192992 0.00870078 19 0 19 1.98103 0.275675
1992 HAK4 5 0 0.0241 0.0263255 -0.00222551 19 0 19 1.544 -0.0605915
1992 HAK4 6 0 0.0979 0.0461141 0.0517859 19 0 19 6.29084 1.07628
1992 HAK4 7 0 0.057 0.058086 -0.001086 19 0 19 3.11931 -0.0202378
1992 HAK4 8 0 0.1119 0.0834938 0.0284062 19 0 19 6.09167 0.447605
1992 HAK4 9 0 0.0708 0.131474 -0.0606741 19 0 19 2.9112 -0.782652
1992 HAK4 10 0 0.1301 0.140848 -0.010748 19 0 19 6.01521 -0.134677
1992 HAK4 11 0 0.0906 0.123767 -0.0331669 19 0 19 4.04859 -0.439005
1992 HAK4 12 0 0.1035 0.101679 0.00182074 19 0 19 5.15774 0.0262599
1992 HAK4 13 0 0.096 0.0800143 0.0159857 19 0 19 5.1436 0.256823
1992 HAK4 14 0 0.0431 0.0608021 -0.0177021 19 0 19 2.22746 -0.322896
1992 HAK4 15 0 0.0715 0.0446153 0.0268847 19 0 19 4.41471 0.56761
1992 HAK4 16 0 0.0245 0.0313247 -0.00682467 19 0 19 1.49071 -0.170776
1992 HAK4 17 0 0.0334 0.0206534 0.0127466 19 0 19 2.35445 0.390667
1992 HAK4 18 0 0.0095 0.0126362 -0.00313623 19 0 19 0.709504 -0.122388
1992 HAK4 19 0 0.0076 0.00738609 0.000213907 19 0 19 0.641437 0.0108894
1992 HAK4 20 0 0.0003 0.0043782 -0.0040782 19 0 19 0.0276939 -0.269247
1992 HAK4 21 0 0.0003 0.00710293 -0.00680293 19 0 19 0.0249358 -0.353103
1995 HAK4 4 0 0.0973 0.0489665 0.0483335 18 0 18 5.75967 0.950248
1995 HAK4 5 0 0.0744 0.0538867 0.0205133 18 0 18 4.08976 0.385442
1995 HAK4 6 0 0.0468 0.0587393 -0.0119393 18 0 18 2.32956 -0.215424
1995 HAK4 7 0 0.1406 0.0760973 0.0645027 18 0 18 7.75379 1.03209
1995 HAK4 8 0 0.0826 0.079555 0.00304504 18 0 18 4.03899 0.0477415
1995 HAK4 9 0 0.0199 0.0885606 -0.0686606 18 0 18 0.752162 -1.02532
1995 HAK4 10 0 0.0596 0.0844967 -0.0248967 18 0 18 2.6834 -0.379776
1995 HAK4 11 0 0.0579 0.083906 -0.026006 18 0 18 2.60104 -0.397964
1995 HAK4 12 0 0.1469 0.0928591 0.0540409 18 0 18 7.64783 0.789967
1995 HAK4 13 0 0.0672 0.0877661 -0.0205661 18 0 18 3.04525 -0.308369
1995 HAK4 14 0 0.1135 0.0705715 0.0429285 18 0 18 6.14945 0.711146
1995 HAK4 15 0 0.0335 0.0536641 -0.0201641 18 0 18 1.65157 -0.379622
1995 HAK4 16 0 0.01 0.0396322 -0.0296322 18 0 18 0.501722 -0.644403
1995 HAK4 17 0 0.018 0.0284149 -0.0104149 18 0 18 1.0418 -0.265937
1995 HAK4 18 0 0.0252 0.0197263 0.00547368 18 0 18 1.65929 0.167001
1995 HAK4 19 0 0.0011 0.0131708 -0.0120708 18 0 18 0.0746195 -0.449207
1995 HAK4 20 0 0.0054 0.00835844 -0.00295844 18 0 18 0.416371 -0.137867
1995 HAK4 21 0 0.0001 0.0116284 -0.0115284 18 0 18 0.00698142 -0.456231
1997 HAK4 4 0 0.129 0.0383726 0.0906274 15 0 15 6.9429 1.82722
1997 HAK4 5 0 0.1608 0.0748022 0.0859978 15 0 15 7.35928 1.26607
1997 HAK4 6 0 0.1319 0.120153 0.0117467 15 0 15 4.86581 0.139923
1997 HAK4 7 0 0.075 0.110866 -0.0358663 15 0 15 2.53212 -0.442434
1997 HAK4 8 0 0.151 0.095799 0.055201 15 0 15 6.26366 0.726407
1997 HAK4 9 0 0.0469 0.0919055 -0.0450055 15 0 15 1.58418 -0.603358
1997 HAK4 10 0 0.0342 0.0782835 -0.0440835 15 0 15 1.1866 -0.635606
1997 HAK4 11 0 0.0383 0.0671238 -0.0288238 15 0 15 1.43632 -0.446115
1997 HAK4 12 0 0.0366 0.0564379 -0.0198379 15 0 15 1.46028 -0.332944
1997 HAK4 13 0 0.0481 0.0503579 -0.00225794 15 0 15 2.06513 -0.0399893
1997 HAK4 14 0 0.0563 0.0501435 0.00615655 15 0 15 2.4698 0.109256
1997 HAK4 15 0 0.0036 0.0458201 -0.0422201 15 0 15 0.137652 -0.782027
1997 HAK4 16 0 0.0048 0.0364496 -0.0316496 15 0 15 0.201013 -0.654079
1997 HAK4 17 0 0.0207 0.0269835 -0.00628352 15 0 15 1.0118 -0.150189
1997 HAK4 18 0 0.0001 0.0193432 -0.0192432 15 0 15 0.00505414 -0.541129
1997 HAK4 19 0 0.0442 0.0134798 0.0307202 15 0 15 2.75228 1.03175
1997 HAK4 20 0 0.0005 0.00910732 -0.00860732 15 0 15 0.0309571 -0.350917
1997 HAK4 21 0 0.018 0.0145708 0.00342917 15 0 15 1.03917 0.110836
1998 HAK4 4 0 0.0346 0.0346864 -8.64279e-05 23 0 23 2.60273 -0.00226519
1998 HAK4 5 0 0.0816 0.0629743 0.0186257 23 0 23 5.77191 0.367721
1998 HAK4 6 0 0.0895 0.10761 -0.01811 23 0 23 5.3367 -0.280271
1998 HAK4 7 0 0.1034 0.149638 -0.0462376 23 0 23 5.58658 -0.621637
1998 HAK4 8 0 0.1289 0.127602 0.0012982 23 0 23 7.85144 0.0186604
1998 HAK4 9 0 0.078 0.0977167 -0.0197167 23 0 23 4.68394 -0.318451
1998 HAK4 10 0 0.0824 0.0817582 0.000641809 23 0 23 5.3442 0.0112338
1998 HAK4 11 0 0.0659 0.0641822 0.00171777 23 0 23 4.45794 0.0336145
1998 HAK4 12 0 0.0782 0.0509332 0.0272668 23 0 23 5.87039 0.594769
1998 HAK4 13 0 0.0415 0.0416515 -0.000151469 23 0 23 3.01524 -0.00363589
1998 HAK4 14 0 0.0505 0.0362642 0.0142358 23 0 23 3.92903 0.365196
1998 HAK4 15 0 0.0163 0.0346907 -0.0183907 23 0 23 1.1424 -0.481972
1998 HAK4 16 0 0.0315 0.0311383 0.000361721 23 0 23 2.42306 0.00998757
1998 HAK4 17 0 0.036 0.0246528 0.0113472 23 0 23 3.00315 0.350945
1998 HAK4 18 0 0.0224 0.0180528 0.00434719 23 0 23 1.94813 0.156587
1998 HAK4 19 0 0.0136 0.0127535 0.000846488 23 0 23 1.25417 0.036179
1998 HAK4 20 0 0.0291 0.00875777 0.0203422 23 0 23 3.06919 1.04707
1998 HAK4 21 0 0.0168 0.0149379 0.00186209 23 0 23 1.50569 0.0736186
2001 HAK4 4 0 0.0212 0.0196948 0.00150522 53 0 53 4.46989 0.0788647
2001 HAK4 5 0 0.0348 0.0368764 -0.00207644 53 0 53 6.6413 -0.0802124
2001 HAK4 6 0 0.0389 0.0735078 -0.0346078 53 0 53 6.13262 -0.965438
2001 HAK4 7 0 0.121 0.109527 0.0114733 53 0 53 21.5484 0.267459
2001 HAK4 8 0 0.1385 0.137129 0.00137081 53 0 53 23.8034 0.029012
2001 HAK4 9 0 0.1401 0.156457 -0.0163568 53 0 53 23.168 -0.327783
2001 HAK4 10 0 0.1279 0.148872 -0.0209722 53 0 53 20.9936 -0.428922
2001 HAK4 11 0 0.1272 0.102704 0.024496 53 0 53 23.3521 0.587451
2001 HAK4 12 0 0.0762 0.0601549 0.0160451 53 0 53 14.5882 0.491265
2001 HAK4 13 0 0.0457 0.0387739 0.00692614 53 0 53 8.9879 0.261184
2001 HAK4 14 0 0.0308 0.0271242 0.00367577 53 0 53 6.27059 0.164732
2001 HAK4 15 0 0.0298 0.0197501 0.0100499 53 0 53 6.54055 0.525831
2001 HAK4 16 0 0.0165 0.0152062 0.00129376 53 0 53 3.61286 0.0769675
2001 HAK4 17 0 0.0159 0.0124568 0.00344322 53 0 53 3.6374 0.226007
2001 HAK4 18 0 0.0099 0.0108181 -0.000918093 53 0 53 2.25548 -0.0646117
2001 HAK4 19 0 0.0088 0.00919125 -0.000391252 53 0 53 2.06571 -0.0298478
2001 HAK4 20 0 0.0035 0.00716235 -0.00366235 53 0 53 0.83512 -0.316177
2001 HAK4 21 0 0.0133 0.0145942 -0.00129425 53 0 53 2.88493 -0.0785699
2004 HAK4 4 0 0.0065 0.0194224 -0.0129224 43 0 43 0.997136 -0.614022
2004 HAK4 5 0 0.0115 0.0402526 -0.0287526 43 0 43 1.46765 -0.95926
2004 HAK4 6 0 0.0156 0.0470698 -0.0314698 43 0 43 1.94849 -0.974375
2004 HAK4 7 0 0.0772 0.0721488 0.00505115 43 0 43 10.9346 0.128018
2004 HAK4 8 0 0.0858 0.0973438 -0.0115438 43 0 43 11.3157 -0.255369
2004 HAK4 9 0 0.148 0.127071 0.0209293 43 0 43 20.3999 0.412076
2004 HAK4 10 0 0.1419 0.135913 0.00598704 43 0 43 18.9479 0.114561
2004 HAK4 11 0 0.1247 0.124446 0.000253614 43 0 43 16.5909 0.0050382
2004 HAK4 12 0 0.1171 0.106529 0.0105714 43 0 43 16.1236 0.224695
2004 HAK4 13 0 0.1057 0.083405 0.022295 43 0 43 15.3209 0.528757
2004 HAK4 14 0 0.0379 0.054844 -0.016944 43 0 43 5.11137 -0.488015
2004 HAK4 15 0 0.0322 0.0314151 0.000784871 43 0 43 4.99823 0.0295049
2004 HAK4 16 0 0.0337 0.0183701 0.0153299 43 0 43 6.04163 0.748591
2004 HAK4 17 0 0.0157 0.0117478 0.00395215 43 0 43 2.89945 0.240522
2004 HAK4 18 0 0.0085 0.00798172 0.000518282 43 0 43 1.64871 0.0381938
2004 HAK4 19 0 0.0098 0.00570268 0.00409732 43 0 43 2.0566 0.35681
2004 HAK4 20 0 0.0055 0.00431652 0.00118348 43 0 43 1.19272 0.118377
2004 HAK4 21 0 0.0228 0.012021 0.010779 43 0 43 4.32628 0.648585
2007 HAK4 4 0 0.0277 0.0582297 -0.0305297 42 0 42 3.38538 -0.844895
2007 HAK4 5 0 0.0732 0.124188 -0.0509883 42 0 42 8.29906 -1.00196
2007 HAK4 6 0 0.1025 0.0776454 0.0248546 42 0 42 14.6494 0.6019
2007 HAK4 7 0 0.1159 0.072764 0.043136 42 0 42 17.3198 1.07624
2007 HAK4 8 0 0.0942 0.0900367 0.00416333 42 0 42 12.6378 0.0942635
2007 HAK4 9 0 0.1308 0.0830168 0.0477832 42 0 42 19.3231 1.12237
2007 HAK4 10 0 0.0977 0.0809778 0.0167222 42 0 42 13.6492 0.397257
2007 HAK4 11 0 0.1001 0.0792757 0.0208243 42 0 42 14.1471 0.499529
2007 HAK4 12 0 0.0701 0.0760522 -0.00595219 42 0 42 9.30736 -0.14552
2007 HAK4 13 0 0.0463 0.0685419 -0.0222419 42 0 42 5.85477 -0.570474
2007 HAK4 14 0 0.0455 0.0568556 -0.0113556 42 0 42 6.0919 -0.317805
2007 HAK4 15 0 0.0439 0.0449188 -0.00101881 42 0 42 6.27505 -0.0318773
2007 HAK4 16 0 0.0103 0.033191 -0.022891 42 0 42 1.35213 -0.828149
2007 HAK4 17 0 0.0246 0.0217625 0.00283753 42 0 42 3.96903 0.126034
2007 HAK4 18 0 0.0119 0.0126697 -0.000769707 42 0 42 2.06261 -0.0446001
2007 HAK4 19 0 0.003 0.00709782 -0.00409782 42 0 42 0.563033 -0.316346
2007 HAK4 20 0 0.0001 0.00418652 -0.00408652 42 0 42 0.0205889 -0.410169
2007 HAK4 21 0 0.0021 0.00858958 -0.00648958 42 0 42 0.374814 -0.455752
*end

*process[Recruitment]
age: 1
b0: 52706.599999999999
b0_initialisation_phase: 
categories: HAK4
label: Recruitment
proportions: 1
r0: 5239795.0738839442
ssb: SSB
ssb_offset: 1
standardise_ycs_years: 1975 1976 1977 1978 1979 1980 1981 1982 1983 1984 1985 1986 1987 1988 1989 1990 1991 1992 1993 1994 1995 1996 1997 1998 1999 2000 2001 2002 2003 2004 2005 2006 2007 2008 2009
steepness: 0.90000000000000002
type: recruitment_beverton_holt
ycs_years: 1974 1975 1976 1977 1978 1979 1980 1981 1982 1983 1984 1985 1986 1987 1988 1989 1990 1991 1992 1993 1994 1995 1996 1997 1998 1999 2000 2001 2002 2003 2004 2005 2006 2007 2008 2009 2010 2011 
standardised_ycs: 1 1.70065 1.74039 1.77095 1.78925 1.79309 1.77816 1.7409 1.69834 1.67236 0.700536 0.785248 0.854156 0.627685 0.862985 0.728452 1.10272 1.63753 1.24083 1.06576 0.966648 0.796859 0.524466 0.495496 0.361559 0.543233 0.35884 0.536727 1.50851 0.858983 0.71199 0.306885 0.504074 0.426056 0.379633 0.430042 3 3 
ycs_values: 1 1.02705 1.05105 1.06951 1.08056 1.08288 1.07386 1.05136 1.02566 1.00997 0.423066 0.474225 0.51584 0.37907 0.521172 0.439925 0.665949 0.988931 0.749362 0.643634 0.583776 0.481237 0.316734 0.299239 0.218352 0.328068 0.21671 0.324139 0.911016 0.518755 0.429983 0.185333 0.304419 0.257303 0.229267 0.25971 3 3 
true_ycs: 1 1.70058 1.74006 1.76994 1.78787 1.79204 1.77789 1.7422 1.70176 1.67817 0.703965 0.790031 0.86019 0.632582 0.870089 0.734464 1.11131 1.64888 1.24785 1.06987 0.968247 0.796373 0.523157 0.49363 0.359949 0.540119 0.356016 0.53124 1.48924 0.845853 0.698466 0.299253 0.489455 0.413757 0.369139 0.418565 2.92148 2.92172 
Recruits: 5.2398e+06 8.91068e+06 9.11757e+06 9.27415e+06 9.36807e+06 9.3899e+06 9.31579e+06 9.12877e+06 8.91687e+06 8.79329e+06 3.68863e+06 4.1396e+06 4.50722e+06 3.3146e+06 4.55909e+06 3.84844e+06 5.82306e+06 8.63981e+06 6.53848e+06 5.60592e+06 5.07342e+06 4.17283e+06 2.74124e+06 2.58652e+06 1.88606e+06 2.83011e+06 1.86545e+06 2.78359e+06 7.80332e+06 4.43209e+06 3.65982e+06 1.56802e+06 2.56464e+06 2.168e+06 1.93422e+06 2.1932e+06 1.5308e+07 1.53092e+07 
SSB: 52706.6 52631 52355.7 51646.6 51280.5 51611 52425.5 54160.5 56810.9 60212.1 63913.7 67394.8 70511.7 73068.4 74647.6 74724.8 73059.3 70082.6 66078.9 61164.7 56037 51575.2 48353.9 46391.5 45393.7 43647.7 40998.7 38420.3 35958 33811.4 31058 27478.1 25398.1 25460 26049 26524.4 26787.6 26829.8 
*end

*process[Ageing]
categories: HAK4
label: Ageing
type: ageing
*end

*process[Instantaneous_Mortality]
categories: HAK4
label: Instantaneous_Mortality
m: 0.20000000000000001
relative_m_by_age: One
time_step_ratio: 0.41999999999999998 0.25 0.33000000000000002
type: mortality_instantaneous
year: 1975 1976 1977 1978 1979 1980 1981 1982 1983 1984 1985 1986 1987 1988 1989 1990 1991 1992 1993 1994 1995 1996 1997 1998 1999 2000 2001 2002 2003 2004 2005 2006 2007 2008 2009 2010 2011 2012 
fishing_pressure[FishingEest]: 0.00295767 0.00898254 0.0327174 0.000165171 0.0137946 0.00727052 0.00219207 0.00515753 0.00354169 0.0026674 0.00644144 0.00155162 0.00224574 0.00335916 0.00731147 0.0121506 0.00917938 0.0209839 0.0421173 0.0688701 0.077577 0.0738342 0.0587128 0.0377154 0.112615 0.0756417 0.062779 0.0413439 0.0293612 0.0858221 0.069991 0.014632 0.039869 0.052674 0.0474034 0.00887165 0.00618599 0.00771159 
catch[FishingEest]: 111 336 1214 6 506 269 83 203 148 120 312 80 122 189 418 689 503 1087 1996 2912 2903 2483 1820 1124 3339 2130 1700 1058 718 1983 1434 255 683 901 832 159 118 150 
actual_catch[FishingEest]: 111 336 1214 6 506 269 83 203 148 120 312 80 122 189 418 689 503 1087 1996 2912 2903 2483 1820 1124 3339 2130 1700 1058 718 1983 1434 255 683 901 832 159 118 150 
fishing_pressure[FishingWest]: 0.00162556 0.00309369 0.0015052 0.000566095 0.00198723 0.0087342 0.0154704 0.00623316 0.00229281 0.00315125 0.00312408 0.00370145 0.00505021 0.00513588 0.00541127 0.00465895 0.00670377 0.012782 0.0126651 0.00757057 0.0127356 0.029243 0.0324127 0.0321091 0.0273453 0.029672 0.0341937 0.0143355 0.0170296 0.0250072 0.0998832 0.00749576 0.0101631 0.00927639 0.0381118 0.00866183 0.0314163 0.0307476 
catch[FishingWest]: 80 152 74 28 103 481 914 393 154 224 232 282 387 385 386 309 409 718 656 368 597 1353 1475 1424 1169 1155 1208 454 497 687 2585 184 270 259 1069 231 822 800 
actual_catch[FishingWest]: 80 152 74 28 103 481 914 393 154 224 232 282 387 385 386 309 409 718 656 368 597 1353 1475 1424 1169 1155 1208 454 497 687 2585 184 270 259 1069 231 822 800 
*end

*selectivity[MaturationSel]
h: 13 
intervals: 5 
l: 2 
label: MaturationSel 
length_based: 0 
type: all_values_bounded 
v: 0.02 0.050000000000000003 0.13 0.28999999999999998 0.5 0.69999999999999996 0.83999999999999997 0.93000000000000005 0.96999999999999997 0.98999999999999999 0.98999999999999999 1 
Values {vector}
1 0
2 0.02
3 0.05
4 0.13
5 0.29
6 0.5
7 0.7
8 0.84
9 0.93
10 0.97
11 0.99
12 0.99
13 1
14 1
15 1
16 1
17 1
18 1
19 1
20 1
21 1
22 1
23 1
24 1
25 1
26 1
27 1
28 1
29 1
30 1
*end

*selectivity[westFSel]
alpha: 1 
intervals: 5 
label: westFSel 
length_based: 0 
mu: 6.5733699999999997 
sigma_l: 3.0585399999999998 
sigma_r: 8.0436899999999998 
type: double_normal 
Values {vector}
1 0.100097
2 0.212295
3 0.388239
4 0.612208
5 0.832414
6 0.975935
7 0.998052
8 0.978432
9 0.938864
10 0.881799
11 0.810646
12 0.729437
13 0.642449
14 0.55384
15 0.467332
16 0.385976
17 0.312026
18 0.246897
19 0.191221
20 0.14496
21 0.107562
22 0.0781198
23 0.0555341
24 0.0386414
25 0.0263173
26 0.0175438
27 0.0114472
28 0.00731093
29 0.00457024
30 0.00279641
*end

*selectivity[eastFSel]
alpha: 1 
intervals: 5 
label: eastFSel 
length_based: 0 
mu: 10.9063 
sigma_l: 3.5177900000000002 
sigma_r: 7.0511200000000001 
type: double_normal 
Values {vector}
1 0.00409994
2 0.0117601
3 0.0301574
4 0.0691393
5 0.141711
6 0.259675
7 0.425408
8 0.623059
9 0.815831
10 0.955035
11 0.999878
12 0.983462
13 0.940716
14 0.875085
15 0.791649
16 0.696475
17 0.595894
18 0.495819
19 0.401207
20 0.315721
21 0.241618
22 0.179823
23 0.130152
24 0.0916115
25 0.0627102
26 0.0417462
27 0.0270263
28 0.0170155
29 0.0104183
30 0.0062035
*end

*selectivity[chatTANSel]
alpha: 1 
intervals: 5 
label: chatTANSel 
length_based: 0 
mu: 9.60609 
sigma_l: 5.44353 
sigma_r: 11.616099999999999 
type: double_normal 
Values {vector}
1 0.17684
2 0.258392
3 0.360296
4 0.479427
5 0.60879
6 0.737725
7 0.853107
8 0.941445
9 0.991444
10 0.999203
11 0.990069
12 0.97099
13 0.942546
14 0.905583
15 0.861177
16 0.810577
17 0.755152
18 0.696326
19 0.63552
20 0.574094
21 0.513306
22 0.454262
23 0.397901
24 0.344971
25 0.296024
26 0.251426
27 0.211364
28 0.17587
29 0.14484
30 0.118066
*end

*selectivity[One]
c: 1 
intervals: 5 
label: One 
length_based: 0 
type: constant 
Values {vector}
1 1
2 1
3 1
4 1
5 1
6 1
7 1
8 1
9 1
10 1
11 1
12 1
13 1
14 1
15 1
16 1
17 1
18 1
19 1
20 1
21 1
22 1
23 1
24 1
25 1
26 1
27 1
28 1
29 1
30 1
*end

*year_age_matrix[year_age_mat]
time_step: Sep_Feb
values {dataframe}
year         AG1          AG2          AG3          AG4          AG5          AG6          AG7          AG8          AG9          AG10         AG11         AG12         AG13         AG14         AG15         AG16         AG17         AG18         AG19         AG20         AG21         AG22         AG23         AG24         AG25         AG26         AG27         AG28         AG29         AG30         
1975         4816789      3942845      3227029      2640800      2160865      1768135      1446863      1183934      968832       792958       649208       531623       435373       356574       292052       239211       195932       160480       131439       107648       88160        72196        59120        48410        39639        32456        26574        21758        17814        80462        
1976         8189920      3940647      3223376      2635423      2153784      1759698      1437625      1174376      959405       784244       641760       525632       430713       353041       289440       237330       194612       159578       130839       107259       87914        72045        59029        48357        39609        32440        26565        21753        17812        80457        
1977         8380592      6700617      3221260      2630676      2144994      1745798      1418503      1151301      934475       759908       620296       507946       416689       342248       281356       231436       190430       156691       128899       105992       87108        71546        58729        48182        39509        32384        26535        21738        17804        80439        
1978         8526451      6860611      5484768      2636400      2152750      1755127      1428430      1160609      941977       764580       621772       507563       415655       341000       280098       230278       189432       155877       128265       105519       86770        71313        58574        48082        39447        32347        26514        21725        17797        80434        
1979         8611096      6976790      5610323      4480802      2150712      1752791      1425694      1157174      937759       759714       616343       501419       409635       335827       275879       226946       186869       153957       126866       104527       86086        70854        58275        47892        39330        32277        26473        21702        17784        80418        
1980         8625562      7036494      5691491      4566473      3638118      1742520      1418115      1151997      934025       756528       613075       497796       405416       331624       272247       223966       184496       152114       125471       103499       85349        70341        57927        47663        39184        32186        26418        21670        17766        80395        
1981         8551887      7038637      5726012      4614959      3689404      2931972      1403296      1141894      927789       752682       610267       495197       402670       328446       269077       221226       182243       150312       124062       102425       84552        69766        57524        47389        39002        32069        26345        21626        17740        80363        
1982         8387858      6992003      5747907      4668500      3756043      2998208      2380295      1138223      925499       751693       609952       494839       401843       327052       267028       218980       180215       148597       122663       101316       83698        69128        57061        47063        38780        31922        26251        21567        17704        80316        
1983         8196449      6863769      5718860      4698230      3813031      3065478      2445410      1940149      927199       753640       612111       496812       403193       327563       266730       217891       178779       147205       121434       100283       82859        68470        56564        46699        38521        31744        26132        21491        17657        80250        
1984         8082189      6705985      5612251      4672310      3835041      3110083      2499060      1992632      1580303      755083       613806       498687       404911       328760       267225       217709       177935       146064       120320       99293        82024        67790        56029        46293        38224        31533        25987        21394        17594        80157        
1985         3390293      6612246      5482670      4584088      3811924      3125041      2531403      2031591      1618070      1282319      612663       498213       404997       329071       267400       217540       177387       145103       119207       98265        81140        67061        55446        45840        37883        31285        25812        21274        17514        80028        
1986         3804642      2773505      5405617      4478177      3740745      3108408      2547426      2063028      1655440      1318477      1045095      499486       406337       330454       268624       218379       177736       144988       118642       97498        80390        66394        54883        45382        37524        31012        25612        21132        17417        79860        
1987         4141945      3111556      2266148      4411374      3649842      3045782      2529691      2072432      1677961      1346417      1072634      850610       406754       331096       269433       219158       178273       145175       118484       96996        79738        65765        54328        44916        37146        30716        25388        20968        17300        79641        
1988         3045937      3387306      2542189      1849101      3594567      2970653      2477329      2056393      1683932      1363170      1094061      872007       691922       331096       269707       219640       178784       145529       118582       96832        79305        65218        53805        44457        36761        30405        25145        20784        17166        79366        
1989         4189373      2490723      2766854      2073421      1505528      2921853      2411465      2008287      1665036      1362482      1103014      885765       706547       561175       268824       219232       178739       145650       118677       96787        79093        64817        53329        44013        36377        30086        24887        20583        17015        79029        
1990         3536548      3426086      2034795      2256944      1688067      1223128      2368722      1950394      1620755      1341797      1097740      889211       714743       570828       454032       217836       177931       145289       118561       96726        78970        64591        52970        43606        36003        29765        24623        20371        16850        78627        
1991         5350111      2891048      2796965      1658055      1835114      1369736      990802       1915534      1574838      1307485      1082517      886245       718602       578309       462494       368391       177000       144774       118362       96694        78960        64514        52799        43320        35675        29462        24362        20155        16676        78164        
1992         7932861      4367333      2353746      2268720      1339020      1475535      1097128      790449       1522638      1248996      1036926      859736       705315       573373       462786       371256       296639       142951       117243       96085        78656        64338        52638        43124        35409        29176        24104        19937        16497        77635        
1993         6003020      6474197      3553546      1906530      1826802      1070756      1171151      863549       617233       1182564      969029       805956       670277       552129       451008       365930       295129       237036       114777       94538        77760        63846        52350        42909        35202        28933        23857        19719        16315        77046        
1994         5148899      4902977      5274036      2882060      1535864      1457860      844353       910610       662265       468735       895588       735257       613901       513402       425800       350463       286595       232929       188426       91825        76050        62838        51783        42577        34972        28734        23642        19508        16132        76403        
1995         4657227      4200318      3984979      4261188      2308675      1216499      1139032      649270       689445       495955       350038       670491       553121       464953       392022       328066       272530       224881       184306       150207       73668        61334        50892        42074        34678        28534        23473        19329        15958        75723        
1996         3824242      3786032      3392229      3187559      3367338      1799999      935633       862978       484962       510111       366451       259664       500510       416263       353219       300833       254329       213350       177634       146740       120398       59375        49652        41338        34261        28290        23307        19190        15811        75021        
1997         2511596      3107318      3055246      2710937      2517626      2627700      1389231      713715       651202       363441       382152       275607       196426       381373       319804       273747       235193       200499       169479       142055       118017       97283        48154        40382        33691        27966        23117        19059        15699        74334        
1998         2370116      2041392      2509449      2445729      2148341      1976478      2047917      1074945      548745       498859       278594       293946       212987       152652       298233       251711       216843       187432       160663       136459       114843       95726        79116        39240        32956        27525        22865        18910        15595        73689        
1999         1728552      1926652      1647930      2004171      1924858      1660536      1496516      1514186      776638       390121       353388       198282       210939       154554       112242       222444       190495       166424       145721       126341       108355       91921        77106        64038        31877        26842        22460        18681        15462        73043        
2000         2593560      1405045      1555639      1317646      1582758      1499350      1275523      1131927      1128671      573286       287564       261544       147693       158433       117206       86002        172227       148973       131348       115943       101219       87301        74393        62620        52140        26002        21924        18361        15280        72422        
2001         1708843      2106445      1132904      1241459      1038494      1231484      1152886      968523       849527       840811       426893       215029       196784       111988       121194       90498        67027        135428       118099       104874       93137        81714        70756        60477        51021        42551        21245        17926        15020        71769        
2002         2555212      1394144      1712863      916752       998337       829223       976095       906349       755541       659279       651940       331645       167582       154005       88073        95819        71937        53558        108736       95228        84874        75602        66489        57679        49368        41690        34793        17380        14670        71036        
2003         7161526      2083745      1132872      1384906      736810       797553       658891       771224       712417       591950       516474       511720       261057       132386       122154       70159        76661        57792        43190        87980        77270        69029        61603        54254        47115        40357        34099        28469        14224        70154        
2004         4063372      5826316      1685047      907813       1096472      575083       612843       497410       572390       522608       433234       379450       378406       194724       99757        93068        54056        59706        45460        34275        70345        62164        55807        49991        44151        38420        32956        27872        23285        69041        
2005         3330342      3253525      4575134      1288563      674085       793891       409882       430837       345800       396032       363287       304444       270277       273698       143151       74544        70645        41630        46577        35858        27286        56419        50149        45221        40642        35979        31360        26930        22792        75536        
2006         1440520      2721845      2654834      3724824      1046216      545760       641074       330062       346046       277290       317530       291528       244626       217532       220705       115669       60357        57313        33835        37916        29231        22268        46085        40992        36983        33250        29443        25668        22044        80495        
2007         2355230      1176301      2216986      2154079      3006599      839205       434720       506610       258864       269992       216105       247851       228172       192168       171633       174971       92151        48315        46082        27312        30710        23742        18126        37578        33468        30223        27190        24088        21005        83929        
2008         1991046      1923307      958075       1798196      1736828      2405640      665326       341007       393340       199544       207746       166569       191658       177241       150091       134863       138343       73304        38651        37050        22054        24887        19295        14764        30658        27337        24707        22240        19710        85883        
2009         1771248      1616033      1549120      763533       1415642      1351600      1854936      508321       258406       296638       150582       157430       126955       147095       137082       117019       105984       109538       58437        30996        29863        17849        20207        15705        12040        25034        22343        20206        18196        86417        
2010         2014672      1447357      1318292      1260809      619835       1146562      1092853      1497427      409782       208156       239007       121432       127100       102636       119098       111165       95042        86205        89214        47650        25300        24394        14590        16525        12848        9852         20489        18289        16541        85643        
2011         14029993     1638353      1170321      1058106      1004363      491103       906821       863801       1183641      324225       165030       190007       96835        101687       82386        95907        89786        76972        69980        72567        38823        20640        19921        11924        13513        10511        8062         16769        14971        83651        
2012         14032021     11410764     1325045      939631       843184       795981       388423       716539       682355       935671       256789       131060       151363       77396        81550        66289        77408        72672        62454        56900        59106        31665        16853        16279        9750         11054        8601         6598         13727        80734        
*end

*info[messages_encountered]
{string}
Creating default report for catchability chatTANq
Creating default report for derived quantity SSB
Creating default report for observation chatTANbiomass
Creating default report for observation chatTANage
Creating default report for observation chatOBSwst
Creating default report for observation chatOBSest
Creating default report for process Recruitment
Creating default report for process Ageing
Creating default report for process Instantaneous_Mortality
Creating default report for selectivity MaturationSel
Creating default report for selectivity westFSel
Creating default report for selectivity eastFSel
Creating default report for selectivity chatTANSel
Creating default report for selectivity One
Initiating basic run mode
Estimable parameters were loaded from the free parameter file: free.dat
*end

*warnings[messages_encountered]
{string}
estimated parameter 'process[Recruitment].ycs_values{2010}' was within 0.001 of upper bound 3
estimated parameter 'process[Recruitment].ycs_values{2011}' was within 0.001 of upper bound 3
*end

