
[INFO] Estimable parameters were loaded from the free parameter file: free.dat
[WARNING] obs sum total (0.9999) for year (1990) doesn't sum to 1.0
[WARNING] obs sum total (1.0001) for year (1993) doesn't sum to 1.0
[WARNING] obs sum total (1.0002) for year (1994) doesn't sum to 1.0
[WARNING] obs sum total (1.0002) for year (1995) doesn't sum to 1.0
[WARNING] obs sum total (0.9999) for year (1997) doesn't sum to 1.0
[WARNING] obs sum total (1.0002) for year (1999) doesn't sum to 1.0
[WARNING] obs sum total (0.9999) for year (2000) doesn't sum to 1.0
[WARNING] obs sum total (1.0001) for year (2001) doesn't sum to 1.0
[WARNING] obs sum total (0.9998) for year (2002) doesn't sum to 1.0
[WARNING] obs sum total (1.0002) for year (2003) doesn't sum to 1.0
[WARNING] obs sum total (0.9999) for year (2005) doesn't sum to 1.0
[WARNING] obs sum total (1.0001) for year (2006) doesn't sum to 1.0
[WARNING] obs sum total (0.9999) for year (2007) doesn't sum to 1.0
[WARNING] obs sum total (0.9999) for year (2008) doesn't sum to 1.0
[WARNING] obs sum total (0.9999) for year (2009) doesn't sum to 1.0
[WARNING] obs sum total (1.0003) for year (2011) doesn't sum to 1.0
[WARNING] obs sum total (0.9998) for year (1992) doesn't sum to 1.0
[WARNING] obs sum total (0.9999) for year (1995) doesn't sum to 1.0
[WARNING] obs sum total (0.9998) for year (1996) doesn't sum to 1.0
[WARNING] obs sum total (0.9999) for year (1997) doesn't sum to 1.0
[WARNING] obs sum total (0.9999) for year (1998) doesn't sum to 1.0
[WARNING] obs sum total (1.0002) for year (1999) doesn't sum to 1.0
[WARNING] obs sum total (0.9999) for year (2000) doesn't sum to 1.0
[WARNING] obs sum total (1.0001) for year (2002) doesn't sum to 1.0
[WARNING] obs sum total (0.9999) for year (2003) doesn't sum to 1.0
[WARNING] obs sum total (1.0001) for year (2004) doesn't sum to 1.0
[WARNING] obs sum total (0.9999) for year (2005) doesn't sum to 1.0
[WARNING] obs sum total (1.0001) for year (2011) doesn't sum to 1.0
[WARNING] obs sum total (1.0001) for year (1992) doesn't sum to 1.0
[WARNING] obs sum total (1.0002) for year (1998) doesn't sum to 1.0
[WARNING] obs sum total (1.0001) for year (2004) doesn't sum to 1.0
[WARNING] obs sum total (0.9999) for year (2007) doesn't sum to 1.0
[INFO] Creating default report for tabular catchability __catchabilities__
[INFO] Creating default report for derived quantity SSB
[INFO] Creating default report for observation chatTANbiomass
[INFO] Creating default report for observation chatTANage
[INFO] Creating default report for observation chatOBSwst
[INFO] Creating default report for observation chatOBSest
[INFO] Creating default report for process Recruitment
[INFO] Creating default report for process Ageing
[INFO] Creating default report for process Instantaneous_Mortality
[INFO] Creating default report for projections __projections__
[INFO] Creating default report for selectivity __selectivities__
[INFO] Tabular mode for reports of type initialisation_partition has not been implemented
[INFO] Tabular mode for reports of type category_list has not been implemented
[INFO] Tabular mode for reports of type hessian_matrix has not been implemented
[INFO] Initiating basic run mode
[INFO] Completed
[INFO] Total elapsed time: 1 seconds
