CASAL2
Call: casal2 -e 
Date: Wed Sep 27 12:24:10 2017
Version: 2017-09-23 06:00:00 UTC (rev. e87014bc)
Copyright (c) 2012 - 2017, NIWA (www.niwa.co.nz)
Environment: machine:NIWA-1019128, user:marshc, os:Windows_NT, pid:15660

*initialisation_partition[Init]
year: 1972
time_step: 
values {d}
category 3 4 5 6 7 8 9 10 11 12 13 14 15 16 17 18 19 20 21 22 23 24 25 26 27 28
immature 0.000000 8135435.919262 6370782.298664 4757091.451555 2897403.411640 1191760.679257 311085.474911 41831.688662 2316.221977 54.963980 0.000000 0.000000 0.000000 0.000000 0.000000 0.000000 0.000000 0.000000 0.000000 0.000000 0.000000 0.000000 0.000000 0.000000 0.000000 0.000000
mature 0.000000 0.000000 64351.336350 333102.277638 1128942.220057 1993080.607413 2208125.479416 1950865.359999 1573908.079891 1246739.199472 986214.769165 780096.345836 617056.576127 488092.041674 386081.034321 305390.279569 241563.854643 191077.122535 151142.093713 119553.467149 94566.848694 74802.421754 59168.750758 46802.509653 37020.807128 140112.639589
*end

*partition[step1]
year: 1972
time_step: step1
values {d}
category 3 4 5 6 7 8 9 10 11 12 13 14 15 16 17 18 19 20 21 22 23 24 25 26 27 28
immature 8626540.055807 6755361.265415 5044258.274940 3072308.212663 1263702.564752 329864.476438 44356.902497 2456.043150 58.281939 0.000000 0.000000 0.000000 0.000000 0.000000 0.000000 0.000000 0.000000 0.000000 0.000000 0.000000 0.000000 0.000000 0.000000 0.000000 0.000000 0.000000
mature 0.000000 68235.972378 353210.346593 1197092.003263 2113395.012256 2341421.293889 2068631.397080 1668918.694718 1321999.921102 1045748.659846 827187.681340 654305.844639 517556.230571 409387.221583 323825.484645 256146.110522 202611.693787 160265.944993 126770.437799 100275.475869 79317.948533 62740.534561 49627.792320 39255.607045 31051.203619 117519.482664
*end

*partition[step2]
year: 1972
time_step: step2
values {d}
category 3 4 5 6 7 8 9 10 11 12 13 14 15 16 17 18 19 20 21 22 23 24 25 26 27 28
immature 0.000000 8135435.919262 6370782.298664 4757091.451555 2897403.411640 1191760.679257 311085.474911 41831.688662 2316.221977 54.963980 0.000000 0.000000 0.000000 0.000000 0.000000 0.000000 0.000000 0.000000 0.000000 0.000000 0.000000 0.000000 0.000000 0.000000 0.000000 0.000000
mature 0.000000 0.000000 64351.336350 333102.277638 1128942.220057 1993080.607413 2208125.479416 1950865.359999 1573908.079891 1246739.199472 986214.769165 780096.345836 617056.576127 488092.041674 386081.034321 305390.279569 241563.854643 191077.122535 151142.093713 119553.467149 94566.848694 74802.421754 59168.750758 46802.509653 37020.807128 140112.639589
*end

*partition[step1]
year: 1973
time_step: step1
values {d}
category 3 4 5 6 7 8 9 10 11 12 13 14 15 16 17 18 19 20 21 22 23 24 25 26 27 28
immature 8626537.628156 6755356.809784 5044250.486941 3072297.141490 1263692.007860 329858.185901 44355.036004 2455.830363 58.272734 0.000000 0.000000 0.000000 0.000000 0.000000 0.000000 0.000000 0.000000 0.000000 0.000000 0.000000 0.000000 0.000000 0.000000 0.000000 0.000000 0.000000
mature 0.000000 68235.927372 353209.801260 1197087.689499 2113377.357087 2341376.642834 2068544.351185 1668774.102596 1321791.144843 1045494.295550 826926.286713 654068.860098 517356.320257 409224.483116 323695.138848 256042.450989 202529.510149 160200.873796 126718.944875 100234.737662 79285.722136 62715.042639 49607.627918 39239.656900 31038.587015 117471.732554
*end

*partition[step2]
year: 1973
time_step: step2
values {d}
category 3 4 5 6 7 8 9 10 11 12 13 14 15 16 17 18 19 20 21 22 23 24 25 26 27 28
immature 0.000000 8135159.368080 6370346.786817 4756482.481209 2896756.237042 1191327.395389 310913.400144 41798.682775 2313.770618 54.890671 0.000000 0.000000 0.000000 0.000000 0.000000 0.000000 0.000000 0.000000 0.000000 0.000000 0.000000 0.000000 0.000000 0.000000 0.000000 0.000000
mature 0.000000 0.000000 64346.937241 333059.636161 1128690.055403 1992355.990725 2206904.070165 1949326.095322 1572242.344206 1245076.337815 984669.597322 778768.771471 615981.058493 487239.977007 385416.669880 304878.451411 241173.410222 190781.841401 150920.525958 119388.394699 94444.654562 74712.476133 59102.854700 46754.410202 36985.786020 139990.784901
*end

*partition[step1]
year: 1974
time_step: step1
values {d}
category 3 4 5 6 7 8 9 10 11 12 13 14 15 16 17 18 19 20 21 22 23 24 25 26 27 28
immature 8626535.193500 6755122.703855 5043897.847947 3071892.745302 1263399.160012 329731.954227 44328.630481 2453.679440 58.201841 0.000000 0.000000 0.000000 0.000000 0.000000 0.000000 0.000000 0.000000 0.000000 0.000000 0.000000 0.000000 0.000000 0.000000 0.000000 0.000000 0.000000
mature 0.000000 68233.562665 353185.108682 1196930.120854 2112887.603248 2340480.633867 2067312.901471 1667312.517583 1320183.078402 1043845.089971 825368.945108 652718.496409 516254.440490 408347.174767 323007.630454 255509.544403 202119.870135 159888.149165 126481.614585 100055.540033 79150.995815 62614.096655 49532.179986 39183.350142 30996.583952 117321.722203
*end

*partition[step2]
year: 1974
time_step: step2
values {d}
category 3 4 5 6 7 8 9 10 11 12 13 14 15 16 17 18 19 20 21 22 23 24 25 26 27 28
immature 0.000000 8134966.021156 6369825.582876 4755730.896035 2895931.455758 1190756.494951 310678.727713 41752.046310 2310.177661 54.778926 0.000000 0.000000 0.000000 0.000000 0.000000 0.000000 0.000000 0.000000 0.000000 0.000000 0.000000 0.000000 0.000000 0.000000 0.000000 0.000000
mature 0.000000 0.000000 64341.672554 333007.008471 1128368.688206 1991401.226391 2205238.334488 1947151.154077 1569800.874753 1242541.646725 982208.508234 776550.474617 614117.033552 485741.005059 384235.277536 303960.573755 240467.989757 190244.566184 150514.538942 119083.784036 94217.554819 74544.106121 58978.613319 46663.073278 36918.816025 139764.618568
*end

*partition[step1]
year: 1975
time_step: step1
values {d}
category 3 4 5 6 7 8 9 10 11 12 13 14 15 16 17 18 19 20 21 22 23 24 25 26 27 28
immature 8626442.568357 6754792.164675 5043188.069882 3070985.055650 1262636.852228 329334.133807 44224.050454 2442.838498 57.761201 0.000000 0.000000 0.000000 0.000000 0.000000 0.000000 0.000000 0.000000 0.000000 0.000000 0.000000 0.000000 0.000000 0.000000 0.000000 0.000000 0.000000
mature 0.000000 68230.223886 353135.408420 1196576.449299 2111612.732473 2337656.852377 2062435.700513 1659945.932749 1310188.111272 1032047.661740 813373.217054 641858.386984 507101.111001 400911.660634 317068.069019 250803.764912 198407.251175 156965.952448 124184.854694 98252.027308 77735.639210 61503.725375 48661.172456 38500.051223 30460.407961 115314.836247
*end

*partition[step2]
year: 1975
time_step: step2
values {d}
category 3 4 5 6 7 8 9 10 11 12 13 14 15 16 17 18 19 20 21 22 23 24 25 26 27 28
immature 0.000000 8134033.134964 6368184.280466 4753207.248486 2893113.548991 1188733.988514 309792.492142 41557.499139 2293.068592 54.166698 0.000000 0.000000 0.000000 0.000000 0.000000 0.000000 0.000000 0.000000 0.000000 0.000000 0.000000 0.000000 0.000000 0.000000 0.000000 0.000000
mature 0.000000 0.000000 64325.093742 332830.296975 1127270.721002 1988018.820486 2198947.718233 1938078.239546 1558175.002476 1228654.583018 967135.245738 761985.980123 601321.433999 475123.559371 375695.732888 297196.815512 235155.345471 186092.339694 147279.732853 116569.340260 92266.102804 73031.113806 57806.164435 45754.565901 36214.572951 137171.741790
*end

*partition[step1]
year: 1976
time_step: step1
values {d}
category 3 4 5 6 7 8 9 10 11 12 13 14 15 16 17 18 19 20 21 22 23 24 25 26 27 28
immature 8626279.544677 6753718.394684 5041365.826888 3068612.571388 1260700.358651 328353.403306 43973.078483 2417.260281 56.721518 0.000000 0.000000 0.000000 0.000000 0.000000 0.000000 0.000000 0.000000 0.000000 0.000000 0.000000 0.000000 0.000000 0.000000 0.000000 0.000000 0.000000
mature 0.000000 68219.377724 353007.810854 1195652.036206 2108374.173036 2330695.498722 2050731.355309 1642565.145141 1286605.143316 1003679.634606 783677.147623 614275.361480 483453.052647 381510.446609 301503.660492 238448.584357 188651.397817 149284.335700 118146.385020 93510.041811 74014.120243 58584.089620 46370.912395 36703.358836 29050.572058 110036.293393
*end

*partition[step2]
year: 1976
time_step: step2
values {d}
category 3 4 5 6 7 8 9 10 11 12 13 14 15 16 17 18 19 20 21 22 23 24 25 26 27 28
immature 0.000000 8133286.980592 6366240.487364 4750190.908435 2889504.670801 1185998.540339 308512.695367 41254.744956 2264.273048 53.055821 0.000000 0.000000 0.000000 0.000000 0.000000 0.000000 0.000000 0.000000 0.000000 0.000000 0.000000 0.000000 0.000000 0.000000 0.000000 0.000000
mature 0.000000 0.000000 64305.459468 332619.086038 1125864.560252 1983444.102756 2189863.552961 1923958.975698 1538607.992155 1203456.734032 937844.592366 731952.901538 573751.884276 451627.312673 356485.912777 281825.353009 222982.233722 176503.821888 139749.660398 110666.515894 87644.190878 69414.726128 54977.595611 43542.381215 34484.169000 130746.754680
*end

*partition[step1]
year: 1977
time_step: step1
values {d}
category 3 4 5 6 7 8 9 10 11 12 13 14 15 16 17 18 19 20 21 22 23 24 25 26 27 28
immature 8625696.593383 6752557.950335 5038881.993736 3065322.823824 1257849.316486 326837.640896 43566.643496 2374.167465 54.916626 0.000000 0.000000 0.000000 0.000000 0.000000 0.000000 0.000000 0.000000 0.000000 0.000000 0.000000 0.000000 0.000000 0.000000 0.000000 0.000000 0.000000
mature 0.000000 68207.656064 352833.887252 1194370.221287 2103606.137852 2319936.418445 2031776.826746 1613282.920500 1245665.068499 953280.245479 729758.052466 563062.856725 438715.853137 344358.478086 271472.639374 214499.463488 169673.623595 134293.355056 106324.299912 84195.728191 66679.689092 52810.538929 41826.749114 33126.860740 26235.404170 99471.545220
*end

*partition[step2]
year: 1977
time_step: step2
values {d}
category 3 4 5 6 7 8 9 10 11 12 13 14 15 16 17 18 19 20 21 22 23 24 25 26 27 28
immature 0.000000 8132086.392914 6364123.243819 4746423.974265 2884898.953387 1182316.226053 306697.761614 40800.585464 2218.742750 51.222998 0.000000 0.000000 0.000000 0.000000 0.000000 0.000000 0.000000 0.000000 0.000000 0.000000 0.000000 0.000000 0.000000 0.000000 0.000000 0.000000
mature 0.000000 0.000000 64284.073170 332355.316808 1124069.991770 1977285.861993 2176980.915270 1902778.764037 1507669.461430 1161883.094448 887925.999549 679327.989965 524176.794506 408499.543114 320750.387922 252980.166150 200004.484362 158314.983569 125397.369446 99360.837834 78747.123624 62417.184987 49475.808741 39217.196205 31083.879799 118038.694627
*end

*partition[step1]
year: 1978
time_step: step1
values {d}
category 3 4 5 6 7 8 9 10 11 12 13 14 15 16 17 18 19 20 21 22 23 24 25 26 27 28
immature 4428315.315749 6752497.178930 5038841.194473 3065213.480282 1258053.412081 327134.398540 43697.073420 2391.647727 55.665274 0.000000 0.000000 0.000000 0.000000 0.000000 0.000000 0.000000 0.000000 0.000000 0.000000 0.000000 0.000000 0.000000 0.000000 0.000000 0.000000 0.000000
mature 0.000000 68207.042211 352831.030395 1194327.616747 2103947.463908 2322042.843097 2037859.565182 1625161.024549 1262646.542036 970167.310327 740374.566929 565951.349563 436497.536808 340097.976959 267017.052263 210591.399889 166489.293323 131784.809918 104383.144656 82709.730327 65550.469642 51957.133040 41184.505626 32645.060411 25874.749156 98257.412172
*end

*partition[step2]
year: 1978
time_step: step2
values {d}
category 3 4 5 6 7 8 9 10 11 12 13 14 15 16 17 18 19 20 21 22 23 24 25 26 27 28
immature 0.000000 4175663.667287 6366396.680037 4749634.496352 2888230.347162 1184786.402335 307866.996283 41089.145370 2246.928078 52.255050 0.000000 0.000000 0.000000 0.000000 0.000000 0.000000 0.000000 0.000000 0.000000 0.000000 0.000000 0.000000 0.000000 0.000000 0.000000 0.000000
mature 0.000000 0.000000 64307.037172 332580.124809 1125368.033689 1981416.943453 2185280.296224 1916236.062599 1526821.820801 1185292.962850 910203.421956 694443.452264 530851.376167 409460.500551 319077.346488 250562.400858 197661.920726 156311.638163 123767.438556 98065.660379 77731.001494 61626.329961 48863.750941 38745.551197 30721.649182 116853.343275
*end

*partition[step1]
year: 1979
time_step: step1
values {d}
category 3 4 5 6 7 8 9 10 11 12 13 14 15 16 17 18 19 20 21 22 23 24 25 26 27 28
immature 6028577.316664 3467267.541955 5040625.329356 3067264.269705 1259484.708391 327805.113956 43859.893458 2408.136189 56.354193 0.000000 0.000000 0.000000 0.000000 0.000000 0.000000 0.000000 0.000000 0.000000 0.000000 0.000000 0.000000 0.000000 0.000000 0.000000 0.000000 0.000000
mature 0.000000 35022.904464 352955.959546 1195126.684890 2106341.139894 2326803.669044 2045452.851123 1636365.185595 1278273.186666 989221.171876 758457.936856 578113.791267 441704.852423 340619.552093 265404.550481 208405.267881 164402.107805 130008.600548 102940.348602 81563.439803 64650.599970 51255.972982 40641.050775 32225.521060 25551.865983 97189.474509
*end

*partition[step2]
year: 1979
time_step: step2
values {d}
category 3 4 5 6 7 8 9 10 11 12 13 14 15 16 17 18 19 20 21 22 23 24 25 26 27 28
immature 0.000000 5684034.262890 3268330.799794 4749463.760244 2888203.958577 1184834.275701 307989.456671 41147.044866 2255.618416 52.709177 0.000000 0.000000 0.000000 0.000000 0.000000 0.000000 0.000000 0.000000 0.000000 0.000000 0.000000 0.000000 0.000000 0.000000 0.000000 0.000000
mature 0.000000 0.000000 33013.442422 332568.169481 1125357.751659 1981497.006067 2186149.536110 1918936.267269 1532727.037807 1195593.864002 924274.076550 708349.686702 539939.024648 412599.676313 318256.378063 248066.727716 194875.941291 153807.333079 121698.689534 96418.544768 76443.658946 60630.698471 48098.931049 38160.863532 30276.271157 115378.735895
*end

*partition[step1]
year: 1980
time_step: step1
values {d}
category 3 4 5 6 7 8 9 10 11 12 13 14 15 16 17 18 19 20 21 22 23 24 25 26 27 28
immature 5613033.704894 4719754.831984 2587729.383739 3067189.097453 1259506.605778 327838.211757 43883.205548 2412.193944 56.600605 0.000000 0.000000 0.000000 0.000000 0.000000 0.000000 0.000000 0.000000 0.000000 0.000000 0.000000 0.000000 0.000000 0.000000 0.000000 0.000000 0.000000
mature 0.000000 47674.291232 181198.650565 1195097.394826 2106377.760717 2327038.601574 2046540.035284 1639122.491722 1283862.490929 998592.407988 770960.429941 590373.606110 449821.676631 343667.638706 265062.753832 206596.777884 162295.372406 128091.971390 101351.334300 80297.789026 63662.581450 50493.473729 40056.966726 31780.506198 25214.188485 96087.829201
*end

*partition[step2]
year: 1980
time_step: step2
values {d}
category 3 4 5 6 7 8 9 10 11 12 13 14 15 16 17 18 19 20 21 22 23 24 25 26 27 28
immature 0.000000 5292236.711057 4448950.852953 2438249.328423 2888122.712323 1184847.930857 308017.835982 41168.406249 2259.382790 52.938617 0.000000 0.000000 0.000000 0.000000 0.000000 0.000000 0.000000 0.000000 0.000000 0.000000 0.000000 0.000000 0.000000 0.000000 0.000000 0.000000
mature 0.000000 0.000000 44938.897505 170731.719795 1125326.094926 1981519.842722 2186350.976176 1919932.478162 1535284.987410 1200798.213733 933009.526637 720009.601940 551376.625744 420172.164784 321097.282798 247742.017853 193180.968527 151833.492453 119902.459561 94928.669009 75256.349169 59703.326794 47382.842260 37612.037663 29857.907930 114024.877656
*end

*partition[step1]
year: 1981
time_step: step1
values {d}
category 3 4 5 6 7 8 9 10 11 12 13 14 15 16 17 18 19 20 21 22 23 24 25 26 27 28
immature 4371535.505861 4394425.524942 3522497.398728 1574615.802372 1259474.663167 327844.062924 43887.861645 2413.515636 56.698040 0.000000 0.000000 0.000000 0.000000 0.000000 0.000000 0.000000 0.000000 0.000000 0.000000 0.000000 0.000000 0.000000 0.000000 0.000000 0.000000 0.000000
mature 0.000000 44388.136616 246653.216244 613532.189727 2106324.340429 2327080.133926 2046757.177284 1640020.601882 1286072.612446 1003020.422118 778328.853157 600164.051593 459409.515678 350021.442197 267464.757838 206354.222073 160905.559020 126465.278958 99868.963461 79067.735126 62682.285237 49727.898706 39465.957399 31327.690445 24869.146652 94973.210772
*end

*partition[step2]
year: 1981
time_step: step2
values {d}
category 3 4 5 6 7 8 9 10 11 12 13 14 15 16 17 18 19 20 21 22 23 24 25 26 27 28
immature 0.000000 4121774.724077 4142453.224092 3319268.118553 1482880.064972 1185066.537297 308120.651475 41190.994963 2261.924340 53.066809 0.000000 0.000000 0.000000 0.000000 0.000000 0.000000 0.000000 0.000000 0.000000 0.000000 0.000000 0.000000 0.000000 0.000000 0.000000 0.000000
mature 0.000000 0.000000 41842.961860 232422.643467 577788.341762 1981885.436472 2187080.774022 1920985.926889 1537012.009324 1203705.965890 937884.748739 727490.744662 560981.122544 429475.285741 327291.334235 250176.445596 193093.183414 150635.237718 118454.301447 93594.352879 74142.469906 58811.744487 46683.989473 37070.737342 29441.886265 112683.662283
*end

*partition[step1]
year: 1982
time_step: step1
values {d}
category 3 4 5 6 7 8 9 10 11 12 13 14 15 16 17 18 19 20 21 22 23 24 25 26 27 28
immature 7396074.746791 3422515.960040 3279796.517315 2143532.096212 646635.187927 327869.235947 43892.074130 2413.656985 56.711074 0.000000 0.000000 0.000000 0.000000 0.000000 0.000000 0.000000 0.000000 0.000000 0.000000 0.000000 0.000000 0.000000 0.000000 0.000000 0.000000 0.000000
mature 0.000000 34570.868283 229658.752882 835204.332865 1081421.862258 2327258.815340 2046953.631051 1640116.650123 1286368.249491 1004062.765157 780992.401837 605152.247319 466385.964821 356962.912791 272000.391291 207902.535098 160461.558935 125177.612298 98434.927066 77776.305467 61611.871969 48872.131959 38794.050728 30805.507455 24465.988285 93639.283466
*end

*partition[step2]
year: 1982
time_step: step2
values {d}
category 3 4 5 6 7 8 9 10 11 12 13 14 15 16 17 18 19 20 21 22 23 24 25 26 27 28
immature 0.000000 6972925.583029 3225727.386930 3089594.740600 2017544.480052 607892.886993 307732.686861 41117.879749 2256.543174 52.922233 0.000000 0.000000 0.000000 0.000000 0.000000 0.000000 0.000000 0.000000 0.000000 0.000000 0.000000 0.000000 0.000000 0.000000 0.000000 0.000000
mature 0.000000 0.000000 32583.104918 216340.395293 786114.607038 1016629.886803 2184326.950340 1917576.120985 1533355.425005 1200426.569096 935734.821666 727435.386039 563678.758720 434506.203888 332671.232341 253604.350676 193949.622299 149789.507387 116936.189032 92024.824315 72769.457553 57692.075621 45799.306001 36382.919806 28912.041491 110921.643227
*end

*partition[step1]
year: 1983
time_step: step1
values {d}
category 3 4 5 6 7 8 9 10 11 12 13 14 15 16 17 18 19 20 21 22 23 24 25 26 27 28
immature 10435130.100216 5789901.273089 2553906.567108 1995084.500553 879653.804823 168126.970581 43803.920776 2405.647209 56.416438 0.000000 0.000000 0.000000 0.000000 0.000000 0.000000 0.000000 0.000000 0.000000 0.000000 0.000000 0.000000 0.000000 0.000000 0.000000 0.000000 0.000000
mature 0.000000 58483.851243 178830.300624 777363.316481 1471118.295934 1193387.276032 2042842.505479 1634673.885427 1279685.069348 996964.876239 774784.508736 601170.009600 465375.956805 358563.971073 274470.913835 209217.928871 159997.955703 123566.215135 96463.771632 75913.497137 60029.204017 47591.497982 37780.874579 30013.083474 23850.188020 91501.736385
*end

*partition[step2]
year: 1983
time_step: step2
values {d}
category 3 4 5 6 7 8 9 10 11 12 13 14 15 16 17 18 19 20 21 22 23 24 25 26 27 28
immature 0.000000 9836392.346915 5455080.052525 2404224.917951 1875683.154918 825426.198968 157363.177349 40875.679914 2237.650417 52.323620 0.000000 0.000000 0.000000 0.000000 0.000000 0.000000 0.000000 0.000000 0.000000 0.000000 0.000000 0.000000 0.000000 0.000000 0.000000 0.000000
mature 0.000000 0.000000 55101.818712 168349.253799 730839.860452 1380428.955786 1116984.460706 1906280.873686 1520517.508864 1186848.328320 922681.413837 716413.736817 555918.565924 430477.778027 331847.778696 254202.001633 193939.616140 148466.800715 114791.703128 89723.242595 70698.367432 55976.859748 44434.893864 35318.140813 28089.277634 108074.909590
*end

*partition[step1]
year: 1984
time_step: step1
values {d}
category 3 4 5 6 7 8 9 10 11 12 13 14 15 16 17 18 19 20 21 22 23 24 25 26 27 28
immature 5699642.182571 8167584.875667 4318992.161888 1552544.575720 817842.156239 228316.514526 22405.267633 2392.700070 55.996398 0.000000 0.000000 0.000000 0.000000 0.000000 0.000000 0.000000 0.000000 0.000000 0.000000 0.000000 0.000000 0.000000 0.000000 0.000000 0.000000 0.000000
mature 0.000000 82500.857330 302425.576821 604932.372554 1367745.529698 1620620.548874 1044893.522242 1625876.107630 1270157.376737 987112.349882 765414.840710 593341.626853 460028.488908 356083.877938 274450.529234 210218.512126 160377.809125 122772.472328 94924.769185 74194.703145 58462.428679 46288.786714 36744.414154 29205.522301 23227.779717 89370.050280
*end

*partition[step2]
year: 1984
time_step: step2
values {d}
category 3 4 5 6 7 8 9 10 11 12 13 14 15 16 17 18 19 20 21 22 23 24 25 26 27 28
immature 0.000000 5372814.367456 7695844.999716 4066432.922180 1459985.628016 767729.314615 213827.001964 20925.031622 2228.042932 52.003030 0.000000 0.000000 0.000000 0.000000 0.000000 0.000000 0.000000 0.000000 0.000000 0.000000 0.000000 0.000000 0.000000 0.000000 0.000000 0.000000
mature 0.000000 0.000000 77735.808078 284740.808966 568867.769507 1283937.652361 1517772.089358 975861.139125 1513989.076514 1179576.436588 914931.778206 708861.343543 549537.896619 426186.615423 330046.218401 254549.350944 195134.028378 149010.813446 114190.683722 88388.716569 69166.525319 54564.623970 43252.899009 34373.167447 27349.995935 105549.230277
*end

*partition[step1]
year: 1985
time_step: step1
values {d}
category 3 4 5 6 7 8 9 10 11 12 13 14 15 16 17 18 19 20 21 22 23 24 25 26 27 28
immature 4487909.563161 4461330.742582 6093246.825900 2626084.351838 636676.838518 212424.813533 30465.924045 1226.641562 55.903475 0.000000 0.000000 0.000000 0.000000 0.000000 0.000000 0.000000 0.000000 0.000000 0.000000 0.000000 0.000000 0.000000 0.000000 0.000000 0.000000 0.000000
mature 0.000000 45063.946895 426662.891935 1023225.653117 1064767.685430 1507819.172064 1420810.820260 833521.607740 1268049.611338 985073.594914 763026.083716 590674.216178 457714.439661 354901.609664 274816.921357 211945.197669 162471.519303 124067.739994 95075.893663 73592.913723 57588.383062 45430.758580 36012.560318 28619.254211 22771.729518 87880.762740
*end

*partition[step2]
year: 1985
time_step: step2
values {d}
category 3 4 5 6 7 8 9 10 11 12 13 14 15 16 17 18 19 20 21 22 23 24 25 26 27 28
immature 0.000000 4230018.011996 4202563.751733 5734151.056598 2467438.281743 596847.628236 198533.887041 28370.920775 1137.921234 51.679179 0.000000 0.000000 0.000000 0.000000 0.000000 0.000000 0.000000 0.000000 0.000000 0.000000 0.000000 0.000000 0.000000 0.000000 0.000000 0.000000
mature 0.000000 0.000000 42450.138906 401518.195882 961410.910353 998157.980979 1409219.554944 1323108.111132 773234.794603 1172230.583615 908330.000516 702827.141634 544119.338269 421793.588454 327252.799695 253624.119099 195808.541925 150286.767872 114920.054556 88194.503075 68369.854730 53583.118907 42334.976210 33607.650650 26745.145404 103540.327672
*end

*partition[step1]
year: 1986
time_step: step1
values {d}
category 3 4 5 6 7 8 9 10 11 12 13 14 15 16 17 18 19 20 21 22 23 24 25 26 27 28
immature 4184420.206333 3512396.777026 3327391.366143 3703031.936759 1075972.479262 165129.612862 28281.848699 1662.504705 28.531956 0.000000 0.000000 0.000000 0.000000 0.000000 0.000000 0.000000 0.000000 0.000000 0.000000 0.000000 0.000000 0.000000 0.000000 0.000000 0.000000 0.000000
mature 0.000000 35478.755323 232991.451593 1442846.749897 1799438.360279 1172111.638034 1318954.139995 1129697.245900 647185.811488 977910.466686 756485.015614 584727.855532 452443.163989 350638.560107 272015.795366 210804.589182 162746.634962 124910.005030 95514.793028 73301.965938 56824.871070 44535.021025 35186.246248 27932.624830 22228.929453 86056.388253
*end

*partition[step2]
year: 1986
time_step: step2
values {d}
category 3 4 5 6 7 8 9 10 11 12 13 14 15 16 17 18 19 20 21 22 23 24 25 26 27 28
immature 0.000000 3944022.967260 3308762.273057 3131460.087354 3479641.327259 1008810.066523 154365.630260 26345.228176 1542.885968 26.388979 0.000000 0.000000 0.000000 0.000000 0.000000 0.000000 0.000000 0.000000 0.000000 0.000000 0.000000 0.000000 0.000000 0.000000 0.000000 0.000000
mature 0.000000 0.000000 33421.841142 219271.901340 1355804.990501 1687117.065653 1095707.478534 1228637.779008 1048414.493981 598577.002273 902227.054805 697208.869037 538954.915113 417174.650125 323501.900441 251173.414503 194853.881099 150613.223146 115751.590491 88637.754116 68124.752872 52890.263405 41512.500753 32845.001507 26109.328524 101344.772179
*end

*partition[step1]
year: 1987
time_step: step1
values {d}
category 3 4 5 6 7 8 9 10 11 12 13 14 15 16 17 18 19 20 21 22 23 24 25 26 27 28
immature 5352609.813327 3274917.504653 2619715.608463 2022240.909616 1517343.725892 279099.225806 21988.554486 1543.602965 38.676866 0.000000 0.000000 0.000000 0.000000 0.000000 0.000000 0.000000 0.000000 0.000000 0.000000 0.000000 0.000000 0.000000 0.000000 0.000000 0.000000 0.000000
mature 0.000000 33079.974794 183438.398196 787944.520538 2537580.243660 1981082.890369 1025459.660751 1048901.704254 877301.177828 499170.384743 751048.291872 579740.100922 447890.389241 346592.911631 268736.328190 208641.428423 161855.030592 125105.407067 96147.537890 73625.657402 56586.790045 43932.479090 34481.711892 27282.187130 21687.305113 84180.448025
*end

*partition[step2]
year: 1987
time_step: step2
values {d}
category 3 4 5 6 7 8 9 10 11 12 13 14 15 16 17 18 19 20 21 22 23 24 25 26 27 28
immature 0.000000 5044929.863509 3084842.725743 2465144.002820 1899828.746452 1422124.320836 260766.045912 20467.436681 1431.129631 35.729180 0.000000 0.000000 0.000000 0.000000 0.000000 0.000000 0.000000 0.000000 0.000000 0.000000 0.000000 0.000000 0.000000 0.000000 0.000000 0.000000
mature 0.000000 0.000000 31160.027533 172614.945583 740247.931693 2378336.904818 1850951.576282 954520.711616 972474.361755 810439.295703 459917.079620 691219.740316 533605.060505 412404.347574 319338.175232 247823.488760 192616.734818 149614.663575 115807.999884 89136.849990 68364.263243 52626.312733 40921.635353 32167.201698 25487.506028 99036.041602
*end

*partition[step1]
year: 1988
time_step: step1
values {d}
category 3 4 5 6 7 8 9 10 11 12 13 14 15 16 17 18 19 20 21 22 23 24 25 26 27 28
immature 5906880.090738 4189066.578061 2442442.904687 1591969.947786 828474.522104 393478.961057 37151.279711 1199.651499 35.899209 0.000000 0.000000 0.000000 0.000000 0.000000 0.000000 0.000000 0.000000 0.000000 0.000000 0.000000 0.000000 0.000000 0.000000 0.000000 0.000000 0.000000
mature 0.000000 42313.803819 171025.363468 620294.046696 1385526.920363 2792965.244595 1732589.502961 815181.448565 814296.029487 676541.421214 383363.493676 575640.179503 444169.059906 343206.027285 265729.366130 206211.335529 160271.416841 124489.520698 96359.765266 74167.532610 56883.383467 43788.403535 34049.371688 26765.131583 21207.204940 82404.202684
*end

*partition[step2]
year: 1988
time_step: step2
values {d}
category 3 4 5 6 7 8 9 10 11 12 13 14 15 16 17 18 19 20 21 22 23 24 25 26 27 28
immature 0.000000 5566249.333995 3944382.442967 2296639.971127 1493688.141775 774873.404584 366482.094150 34429.322465 1105.857894 32.932100 0.000000 0.000000 0.000000 0.000000 0.000000 0.000000 0.000000 0.000000 0.000000 0.000000 0.000000 0.000000 0.000000 0.000000 0.000000 0.000000
mature 0.000000 0.000000 39842.246899 160815.913061 581999.593178 1295885.308818 2601337.944417 1605648.127377 751447.267132 746993.565198 618437.142324 349915.494549 525478.640752 405671.055906 313730.445200 243197.292809 189004.963097 147150.434499 114515.249499 88819.314336 68507.586234 52654.128228 40617.795387 31648.007565 24925.358611 96662.365983
*end

*partition[step1]
year: 1989
time_step: step1
values {d}
category 3 4 5 6 7 8 9 10 11 12 13 14 15 16 17 18 19 20 21 22 23 24 25 26 27 28
immature 5685427.249686 4621925.230374 3122957.193300 1483116.512109 651329.786870 214368.319069 52198.262697 2016.851552 27.711226 0.000000 0.000000 0.000000 0.000000 0.000000 0.000000 0.000000 0.000000 0.000000 0.000000 0.000000 0.000000 0.000000 0.000000 0.000000 0.000000 0.000000
mature 0.000000 46686.113438 218676.509512 577880.470858 1089273.030932 1521614.429127 2434321.582624 1370481.320263 628569.318357 622582.771102 514427.393403 290711.627920 436293.014594 336719.301267 260371.382334 201822.882647 156846.262642 122111.885685 95029.350007 73705.690287 56850.188944 43694.373994 33706.167745 26262.700229 20683.994158 80214.043116
*end

*partition[step2]
year: 1989
time_step: step2
values {d}
category 3 4 5 6 7 8 9 10 11 12 13 14 15 16 17 18 19 20 21 22 23 24 25 26 27 28
immature 0.000000 5355810.613591 4349090.373510 2932911.371935 1388568.192328 607069.580538 198611.218886 48016.569154 1841.205788 25.122229 0.000000 0.000000 0.000000 0.000000 0.000000 0.000000 0.000000 0.000000 0.000000 0.000000 0.000000 0.000000 0.000000 0.000000 0.000000 0.000000
mature 0.000000 0.000000 43930.205793 205369.072269 541040.730279 1015253.002872 1409768.466516 2239303.849888 1251127.351219 569843.524614 561560.003980 463009.506760 261699.203266 393040.500750 303716.177216 235254.019950 182740.970296 142366.926297 111141.585781 86744.017805 67482.414912 52208.479677 40247.223306 31137.000211 24327.533798 93702.373834
*end

*partition[step1]
year: 1990
time_step: step1
values {d}
category 3 4 5 6 7 8 9 10 11 12 13 14 15 16 17 18 19 20 21 22 23 24 25 26 27 28
immature 7091851.086304 4447177.613379 3443365.429516 1893982.003033 605474.142224 167934.337103 28284.170303 2811.935969 46.112556 0.000000 0.000000 0.000000 0.000000 0.000000 0.000000 0.000000 0.000000 0.000000 0.000000 0.000000 0.000000 0.000000 0.000000 0.000000 0.000000 0.000000
mature 0.000000 44920.985994 241112.217201 737969.810715 1012584.818547 1192019.938351 1319062.410477 1910753.280705 1045963.761009 474532.558157 466598.377534 384181.617115 216988.101708 325779.866236 251703.775900 194953.300417 151431.882877 117973.730118 92098.079646 71880.745726 55919.496550 43262.689214 33350.958133 25801.748057 20159.067168 77646.687860
*end

*partition[step2]
year: 1990
time_step: step2
values {d}
category 3 4 5 6 7 8 9 10 11 12 13 14 15 16 17 18 19 20 21 22 23 24 25 26 27 28
immature 0.000000 6679409.858616 4183038.487551 3231478.587150 1771001.949562 563172.959700 155107.846883 25904.617134 2552.346392 41.512626 0.000000 0.000000 0.000000 0.000000 0.000000 0.000000 0.000000 0.000000 0.000000 0.000000 0.000000 0.000000 0.000000 0.000000 0.000000 0.000000
mature 0.000000 0.000000 42252.914016 226275.422384 690051.949491 941841.029104 1100975.829414 1208089.413714 1734358.213208 941624.267792 424641.409998 416481.390059 342986.254604 193889.146250 291528.867707 225697.476585 175249.630109 136523.510431 106702.217676 83585.268526 65468.850419 51114.173466 39684.889960 30697.330020 23825.607200 90586.710361
*end

*partition[step1]
year: 1991
time_step: step1
values {d}
category 3 4 5 6 7 8 9 10 11 12 13 14 15 16 17 18 19 20 21 22 23 24 25 26 27 28
immature 7452897.673122 5546228.301743 3311901.767778 2086797.466236 772240.045609 155795.172768 22090.121251 1517.198224 63.936573 0.000000 0.000000 0.000000 0.000000 0.000000 0.000000 0.000000 0.000000 0.000000 0.000000 0.000000 0.000000 0.000000 0.000000 0.000000 0.000000 0.000000
mature 0.000000 56022.508098 231906.834963 813098.291690 1291481.323356 1105854.558643 1030196.335029 1030959.280699 1450263.098366 784388.908592 352984.877723 345745.511991 284537.108406 160796.227660 241736.255032 187137.128457 145304.406073 113194.197841 88468.375042 69301.629210 54281.024140 42379.370014 32903.209635 25451.516097 19754.089591 75106.500116
*end

*partition[step2]
year: 1991
time_step: step2
values {d}
category 3 4 5 6 7 8 9 10 11 12 13 14 15 16 17 18 19 20 21 22 23 24 25 26 27 28
immature 0.000000 7019212.356931 5216442.651272 3107693.285449 1950847.267177 718018.517967 143814.154460 20215.474389 1375.687425 57.484796 0.000000 0.000000 0.000000 0.000000 0.000000 0.000000 0.000000 0.000000 0.000000 0.000000 0.000000 0.000000 0.000000 0.000000 0.000000 0.000000
mature 0.000000 0.000000 52691.339912 217607.696242 760126.752095 1200802.148309 1020811.720169 942770.181723 934800.539643 1303918.451806 700900.731109 314590.615069 308202.726833 253867.462929 143681.862931 216457.449283 168000.723490 130836.620066 102261.491141 80206.382528 63059.495548 49574.053168 38845.175626 30265.125366 23488.708386 87815.754189
*end

*partition[step1]
year: 1992
time_step: step1
values {d}
category 3 4 5 6 7 8 9 10 11 12 13 14 15 16 17 18 19 20 21 22 23 24 25 26 27 28
immature 8394249.065210 5828284.907734 4129933.269799 2006677.179184 850480.965845 198535.353595 20459.836722 1181.387578 34.322628 0.000000 0.000000 0.000000 0.000000 0.000000 0.000000 0.000000 0.000000 0.000000 0.000000 0.000000 0.000000 0.000000 0.000000 0.000000 0.000000 0.000000
mature 0.000000 58871.564725 289187.246593 781880.279599 1422330.128442 1409229.964735 954166.279397 802770.836931 778534.700367 1079446.040432 577919.885302 258738.730355 253151.375756 208392.965820 117912.255880 177614.278794 137846.041960 107350.228637 83903.818657 65807.714344 51738.952666 40674.409348 31871.593837 24831.852110 19271.953880 72050.838062
*end

*partition[step2]
year: 1992
time_step: step2
values {d}
category 3 4 5 6 7 8 9 10 11 12 13 14 15 16 17 18 19 20 21 22 23 24 25 26 27 28
immature 0.000000 7907963.595306 5484763.644693 3879304.333850 1879339.506157 793090.200423 184083.317897 18841.124410 1080.031128 31.169719 0.000000 0.000000 0.000000 0.000000 0.000000 0.000000 0.000000 0.000000 0.000000 0.000000 0.000000 0.000000 0.000000 0.000000 0.000000 0.000000
mature 0.000000 0.000000 55401.652977 271637.642963 732264.518568 1326350.773191 1306647.520911 878675.906496 733897.586201 707017.776043 975547.430118 521223.140858 233393.276108 228513.531994 188335.119711 106737.690285 161108.059643 125330.112657 97857.740160 76697.470524 60328.997278 47569.466768 37503.858985 29468.658169 23019.978569 84866.398261
*end

*partition[step1]
year: 1993
time_step: step1
values {d}
category 3 4 5 6 7 8 9 10 11 12 13 14 15 16 17 18 19 20 21 22 23 24 25 26 27 28
immature 6027778.296665 6566212.783396 4342317.714708 2504850.055564 819256.602402 219262.309028 26180.661130 1100.367971 26.914692 0.000000 0.000000 0.000000 0.000000 0.000000 0.000000 0.000000 0.000000 0.000000 0.000000 0.000000 0.000000 0.000000 0.000000 0.000000 0.000000 0.000000
mature 0.000000 66325.381650 304058.884663 975988.007495 1370111.025781 1556352.611378 1220963.019507 747716.780991 610501.675499 584245.163594 802480.356363 427524.745762 191149.863659 187021.804969 154090.524035 87317.947432 131788.550208 102519.155723 80046.095643 62737.042527 49347.853586 38910.793335 30677.333431 24104.711926 18829.833151 69418.834211
*end

*partition[step2]
year: 1993
time_step: step2
values {d}
category 3 4 5 6 7 8 9 10 11 12 13 14 15 16 17 18 19 20 21 22 23 24 25 26 27 28
immature 0.000000 5678419.900509 6178838.038280 4078355.615158 2345454.375128 763737.369268 203206.725071 24093.511130 1005.097207 24.416669 0.000000 0.000000 0.000000 0.000000 0.000000 0.000000 0.000000 0.000000 0.000000 0.000000 0.000000 0.000000 0.000000 0.000000 0.000000 0.000000
mature 0.000000 0.000000 62412.505437 285575.662832 913881.187087 1277261.589795 1442387.971813 1123626.556018 682978.847131 553839.412496 527384.610175 722852.914682 385167.514381 172335.920146 168820.584165 139328.477498 79117.582860 119701.019630 93365.885967 73107.926656 57468.975392 45339.252572 35855.432489 28349.005458 22335.363330 81976.504918
*end

*partition[step1]
year: 1994
time_step: step1
values {d}
category 3 4 5 6 7 8 9 10 11 12 13 14 15 16 17 18 19 20 21 22 23 24 25 26 27 28
immature 12268553.227378 4714906.101194 4891695.085249 2633219.324729 1022307.485704 211080.453462 28880.222854 1405.089375 24.981132 0.000000 0.000000 0.000000 0.000000 0.000000 0.000000 0.000000 0.000000 0.000000 0.000000 0.000000 0.000000 0.000000 0.000000 0.000000 0.000000 0.000000
mature 0.000000 47625.314153 342527.527798 1026005.718918 1709689.923517 1498276.728057 1346859.956095 954779.611849 566643.042853 455793.549648 431507.578132 589269.384927 313385.677913 140092.330064 137179.803001 113195.518829 64273.203541 97239.098948 75844.725199 59388.055175 46683.887528 36830.486668 29126.471186 23028.765095 18143.697990 66592.017047
*end

*partition[step2]
year: 1994
time_step: step2
values {d}
category 3 4 5 6 7 8 9 10 11 12 13 14 15 16 17 18 19 20 21 22 23 24 25 26 27 28
immature 0.000000 11560922.901803 4439397.713295 4599469.793744 2470455.797518 956040.658950 196559.272282 26756.834534 1294.763815 22.906302 0.000000 0.000000 0.000000 0.000000 0.000000 0.000000 0.000000 0.000000 0.000000 0.000000 0.000000 0.000000 0.000000 0.000000 0.000000 0.000000
mature 0.000000 0.000000 44842.401144 322065.253491 962586.653069 1598866.391898 1395203.480539 1247833.479951 879811.714775 519579.997854 416440.351103 393653.172939 537640.026974 286076.522932 127996.938965 125487.718906 103703.203690 58986.107761 89412.678474 69884.187932 54837.858792 43200.162155 34154.712439 27066.066969 21441.541813 79039.113734
*end

*partition[step1]
year: 1995
time_step: step1
values {d}
category 3 4 5 6 7 8 9 10 11 12 13 14 15 16 17 18 19 20 21 22 23 24 25 26 27 28
immature 6086314.346665 9599139.181075 3514496.668544 2969465.157592 1076610.551877 264127.441830 27911.756614 1557.672682 32.077176 0.000000 0.000000 0.000000 0.000000 0.000000 0.000000 0.000000 0.000000 0.000000 0.000000 0.000000 0.000000 0.000000 0.000000 0.000000 0.000000 0.000000
mature 0.000000 96961.001829 246092.987063 1157020.307882 1800505.462237 1874811.205132 1301694.501364 1058462.290964 727601.474102 425467.458614 338513.194318 318501.211383 433940.142497 230634.392502 103138.486382 101094.282149 83536.520595 47513.425857 72020.842239 56290.461423 44170.773854 34796.800517 27510.869786 21801.116428 17270.684412 63664.243036
*end

*partition[step2]
year: 1995
time_step: step2
values {d}
category 3 4 5 6 7 8 9 10 11 12 13 14 15 16 17 18 19 20 21 22 23 24 25 26 27 28
immature 0.000000 5732742.972210 9030238.195780 3299079.330250 2777894.715776 1002122.007638 244222.588731 25603.244175 1416.756023 28.949185 0.000000 0.000000 0.000000 0.000000 0.000000 0.000000 0.000000 0.000000 0.000000 0.000000 0.000000 0.000000 0.000000 0.000000 0.000000 0.000000
mature 0.000000 0.000000 91214.527230 231008.978954 1082376.936160 1675932.067947 1733523.948620 1194034.564758 962707.276881 656649.754960 381807.672795 303047.498748 285186.600272 388870.065599 206968.053489 92732.366290 91110.205095 75493.812360 43069.828540 65497.545308 51364.263266 40442.057774 31966.026036 25354.491488 20153.799143 75032.576621
*end

*partition[step1]
year: 1996
time_step: step1
values {d}
category 3 4 5 6 7 8 9 10 11 12 13 14 15 16 17 18 19 20 21 22 23 24 25 26 27 28
immature 6985893.290351 4759903.068320 7148724.872999 2129808.545317 1210444.207239 276781.889001 34658.824631 1488.630678 35.018004 0.000000 0.000000 0.000000 0.000000 0.000000 0.000000 0.000000 0.000000 0.000000 0.000000 0.000000 0.000000 0.000000 0.000000 0.000000 0.000000 0.000000
mature 0.000000 48079.828973 500569.846440 829857.098182 2024326.626808 1964634.129959 1616351.205351 1011547.198809 794307.808903 535770.728450 308896.740974 243860.702382 228842.810133 311630.050721 165761.322760 74250.700480 72943.850967 60438.361687 34479.883296 52434.117790 41119.556868 32375.757217 25590.280795 20297.436194 16134.040916 60067.017176
*end

*partition[step2]
year: 1996
time_step: step2
values {d}
category 3 4 5 6 7 8 9 10 11 12 13 14 15 16 17 18 19 20 21 22 23 24 25 26 27 28
immature 0.000000 6579609.408918 4477183.050090 6708810.825309 1991506.166314 1125868.208467 255638.796587 31742.437534 1351.174937 31.523956 0.000000 0.000000 0.000000 0.000000 0.000000 0.000000 0.000000 0.000000 0.000000 0.000000 0.000000 0.000000 0.000000 0.000000 0.000000 0.000000
mature 0.000000 0.000000 45224.071213 469766.072171 775969.056854 1882883.142441 1814557.688469 1480342.386559 918143.930752 715052.876623 479426.554047 275709.555356 217704.859804 204475.483280 278858.206786 148630.341218 66744.428458 65760.863240 54662.606537 31292.146207 47755.941052 37585.360977 29697.829278 23553.817265 18742.641800 70575.929382
*end

*partition[step1]
year: 1997
time_step: step1
values {d}
category 3 4 5 6 7 8 9 10 11 12 13 14 15 16 17 18 19 20 21 22 23 24 25 26 27 28
immature 5344318.706505 5463056.496977 3544329.497381 4331048.312965 867780.524105 310958.840352 36278.637308 1845.543897 33.395924 0.000000 0.000000 0.000000 0.000000 0.000000 0.000000 0.000000 0.000000 0.000000 0.000000 0.000000 0.000000 0.000000 0.000000 0.000000 0.000000 0.000000
mature 0.000000 55182.388858 248181.949055 1687546.607410 1451261.620044 2207226.610716 1691892.894999 1254075.161665 757514.411207 583392.558858 387847.790513 221844.676614 174678.720229 163847.068250 223318.879806 118997.707819 53431.639190 52641.785133 43756.718103 25048.749226 38227.554807 30086.187894 23772.390553 18854.252942 15003.023197 56494.290540
*end

*partition[step2]
year: 1997
time_step: step2
values {d}
category 3 4 5 6 7 8 9 10 11 12 13 14 15 16 17 18 19 20 21 22 23 24 25 26 27 28
immature 0.000000 5033873.672794 5139328.438019 3327137.566000 4051752.060140 807777.633931 287544.735187 33281.384116 1678.800608 30.144065 0.000000 0.000000 0.000000 0.000000 0.000000 0.000000 0.000000 0.000000 0.000000 0.000000 0.000000 0.000000 0.000000 0.000000 0.000000 0.000000
mature 0.000000 0.000000 51912.408465 232973.679934 1578721.812612 1350913.791092 2041030.223028 1552112.799666 1140770.559484 683753.023762 523620.128750 347278.101910 198677.052889 156564.771087 147060.169244 200821.462577 107262.856851 48294.697498 47725.290190 39798.585008 22859.308587 35004.207442 27641.193076 21910.824220 17430.829816 66287.212018
*end

*partition[step1]
year: 1998
time_step: step1
values {d}
category 3 4 5 6 7 8 9 10 11 12 13 14 15 16 17 18 19 20 21 22 23 24 25 26 27 28
immature 5739302.383777 4179641.388874 4068536.868275 2147951.220723 1765571.971315 223120.721490 40813.329455 1935.687741 41.519897 0.000000 0.000000 0.000000 0.000000 0.000000 0.000000 0.000000 0.000000 0.000000 0.000000 0.000000 0.000000 0.000000 0.000000 0.000000 0.000000 0.000000
mature 0.000000 42218.599888 284888.132019 836926.197420 2952713.005443 1583740.128817 1903373.093633 1315329.275760 941789.197133 558405.977195 424146.933045 279847.047135 159665.309058 125661.871507 117966.444914 161052.228379 86012.204789 38724.921168 38267.605754 31911.467100 18329.081655 28067.078859 22163.251443 17568.524383 13976.376245 53150.365154
*end

*partition[step2]
year: 1998
time_step: step2
values {d}
category 3 4 5 6 7 8 9 10 11 12 13 14 15 16 17 18 19 20 21 22 23 24 25 26 27 28
immature 0.000000 5405529.514588 3931404.362198 3818201.757400 2008500.194810 1642247.320129 206084.193200 37380.971612 1757.069537 37.380148 0.000000 0.000000 0.000000 0.000000 0.000000 0.000000 0.000000 0.000000 0.000000 0.000000 0.000000 0.000000 0.000000 0.000000 0.000000 0.000000
mature 0.000000 0.000000 39711.155174 267359.102684 782590.598121 2746466.923514 1462812.617789 1743301.429453 1193955.488313 847887.936872 499727.534560 378614.235435 249855.543529 142677.605154 112457.322817 105784.318290 144783.065641 77548.463070 35026.761799 34732.015521 29066.089095 16754.622055 25746.779160 20400.369766 16223.358361 62173.417850
*end

*partition[step1]
year: 1999
time_step: step1
values {d}
category 3 4 5 6 7 8 9 10 11 12 13 14 15 16 17 18 19 20 21 22 23 24 25 26 27 28
immature 4967959.228660 4488213.342930 3112262.231428 2464929.802679 875177.102754 453570.052456 29244.740639 2173.156519 43.420073 0.000000 0.000000 0.000000 0.000000 0.000000 0.000000 0.000000 0.000000 0.000000 0.000000 0.000000 0.000000 0.000000 0.000000 0.000000 0.000000 0.000000
mature 0.000000 45335.488312 217927.624149 960433.508341 1463631.534343 3219499.688353 1363859.631282 1476692.923920 984890.588992 691570.263668 404118.660196 304512.824389 200382.237931 114273.477628 90015.896996 84652.674931 115848.125072 62047.436168 28024.756199 27788.691069 23255.362082 13405.112385 20599.583573 16322.002820 12980.042605 49743.928033
*end

*partition[step2]
year: 1999
time_step: step2
values {d}
category 3 4 5 6 7 8 9 10 11 12 13 14 15 16 17 18 19 20 21 22 23 24 25 26 27 28
immature 0.000000 4678331.307867 4220356.008064 2919090.530755 2302593.467031 812722.755679 417906.104290 26692.288107 1963.634736 38.873474 0.000000 0.000000 0.000000 0.000000 0.000000 0.000000 0.000000 0.000000 0.000000 0.000000 0.000000 0.000000 0.000000 0.000000 0.000000 0.000000
mature 0.000000 0.000000 42629.858667 204401.305783 897180.893111 1359183.929911 2966352.309280 1244823.288586 1334319.684395 881760.810096 615000.901975 358351.044569 270087.148992 177902.247085 101621.594608 80231.939076 75664.396292 103886.134532 55841.917028 25319.193867 25206.072106 21178.882118 12256.527423 18906.559042 15034.763204 57971.742283
*end

*partition[step1]
year: 2000
time_step: step1
values {d}
category 3 4 5 6 7 8 9 10 11 12 13 14 15 16 17 18 19 20 21 22 23 24 25 26 27 28
immature 7292433.877245 3884461.653616 3341091.411828 1884596.877876 1003459.465415 224533.898336 59344.094951 1553.953251 48.650340 0.000000 0.000000 0.000000 0.000000 0.000000 0.000000 0.000000 0.000000 0.000000 0.000000 0.000000 0.000000 0.000000 0.000000 0.000000 0.000000 0.000000
mature 0.000000 39236.986400 233950.759705 734312.997173 1678168.809940 1593771.043311 2767575.081558 1055934.881030 1103527.902732 722096.361985 499963.597395 289969.204379 218017.417379 143441.166910 81895.183647 64643.390912 60957.532244 83690.438235 44985.347732 20396.584147 20305.392046 17061.163973 9873.538353 15230.626426 12111.608333 46700.503117
*end

*partition[step2]
year: 2000
time_step: step2
values {d}
category 3 4 5 6 7 8 9 10 11 12 13 14 15 16 17 18 19 20 21 22 23 24 25 26 27 28
immature 0.000000 6866949.929381 3652271.467440 3133130.528268 1759905.746753 931356.118761 206712.556065 54103.100454 1402.035979 43.476692 0.000000 0.000000 0.000000 0.000000 0.000000 0.000000 0.000000 0.000000 0.000000 0.000000 0.000000 0.000000 0.000000 0.000000 0.000000 0.000000
mature 0.000000 0.000000 36891.630984 219388.869382 685728.432861 1557584.380158 1467272.819772 2523155.720453 952704.782672 986174.880636 640820.950132 442379.718181 256632.024366 193147.662525 127296.515061 72849.130204 57670.956181 54566.886914 75197.229608 40581.530463 18475.892570 18469.878517 15582.568159 9053.543187 14018.050410 54318.437775
*end

*partition[step1]
year: 2001
time_step: step1
values {d}
category 3 4 5 6 7 8 9 10 11 12 13 14 15 16 17 18 19 20 21 22 23 24 25 26 27 28
immature 4723213.917414 5701676.414432 2891342.643519 2022753.444045 766932.308399 257288.943862 29348.785795 3148.604590 34.713436 0.000000 0.000000 0.000000 0.000000 0.000000 0.000000 0.000000 0.000000 0.000000 0.000000 0.000000 0.000000 0.000000 0.000000 0.000000 0.000000 0.000000
mature 0.000000 57592.691055 202458.336107 788144.224092 1282604.752509 1826270.650139 1368711.887994 2139524.731845 787399.337490 806775.766630 520255.034116 357410.218942 206814.164641 155468.428097 102409.336267 58593.262910 46380.734341 43882.495963 60472.254806 32634.683619 14857.816515 14852.959433 12531.057784 7280.599891 11272.913061 43681.323758
*end

*partition[step2]
year: 2001
time_step: step2
values {d}
category 3 4 5 6 7 8 9 10 11 12 13 14 15 16 17 18 19 20 21 22 23 24 25 26 27 28
immature 0.000000 4447459.361692 5360441.613848 2710975.661956 1888435.172679 711526.568357 236717.508944 26732.857120 2837.444339 30.977232 0.000000 0.000000 0.000000 0.000000 0.000000 0.000000 0.000000 0.000000 0.000000 0.000000 0.000000 0.000000 0.000000 0.000000 0.000000 0.000000
mature 0.000000 0.000000 54145.874887 189828.633066 735808.547651 1189945.120471 1680251.908491 1246715.267736 1928086.606277 702651.609660 714800.973753 459545.170575 315779.453701 182914.728847 137744.951547 90954.598531 52195.706226 41460.439683 39378.242184 54487.863520 29529.926032 13501.793996 13554.238648 11481.835074 6696.660187 50727.466939
*end

*partition[step1]
year: 2002
time_step: step1
values {d}
category 3 4 5 6 7 8 9 10 11 12 13 14 15 16 17 18 19 20 21 22 23 24 25 26 27 28
immature 7741872.925750 3692801.280067 4243746.206705 1750325.603004 823069.333450 196629.611335 33634.948145 1558.254152 70.460330 0.000000 0.000000 0.000000 0.000000 0.000000 0.000000 0.000000 0.000000 0.000000 0.000000 0.000000 0.000000 0.000000 0.000000 0.000000 0.000000 0.000000
mature 0.000000 37301.023031 297156.685249 681995.632413 1376487.373352 1395702.756360 1568601.634813 1058857.408371 1598240.431764 577463.517697 583797.440283 373843.824022 256359.595449 148352.347773 111669.546657 73722.946672 42303.664311 33601.775223 31913.783038 44158.979749 23932.080475 10942.311656 10984.809266 9305.262035 5427.196256 41111.225690
*end

*partition[step2]
year: 2002
time_step: step2
values {d}
category 3 4 5 6 7 8 9 10 11 12 13 14 15 16 17 18 19 20 21 22 23 24 25 26 27 28
immature 0.000000 7290042.855927 3471949.428867 3979347.724278 1634336.764660 763789.895646 180973.480656 30652.608573 1405.201746 62.928224 0.000000 0.000000 0.000000 0.000000 0.000000 0.000000 0.000000 0.000000 0.000000 0.000000 0.000000 0.000000 0.000000 0.000000 0.000000 0.000000
mature 0.000000 0.000000 35070.196251 278642.906905 636801.823316 1277349.434031 1284573.488523 1429517.052075 954855.969353 1427390.881774 512106.432078 516175.961326 330620.038697 226951.517847 131562.245152 99267.507850 65729.017363 37845.882818 30174.929797 28774.915472 39982.177177 21759.735155 9990.348009 10069.300493 8562.058916 42972.365965
*end

*partition[step1]
year: 2003
time_step: step1
values {d}
category 3 4 5 6 7 8 9 10 11 12 13 14 15 16 17 18 19 20 21 22 23 24 25 26 27 28
immature 5151401.706422 6053051.008156 2748672.095656 2569252.413435 712327.532311 211076.790782 25715.484880 1786.900794 34.900328 0.000000 0.000000 0.000000 0.000000 0.000000 0.000000 0.000000 0.000000 0.000000 0.000000 0.000000 0.000000 0.000000 0.000000 0.000000 0.000000 0.000000
mature 0.000000 61141.929375 192468.222415 1001081.696755 1191284.639177 1498250.729877 1199269.029575 1214226.281364 791638.576833 1173387.490343 418394.857408 420079.311726 268520.945032 184148.271937 106704.222556 80496.588909 53295.819131 30685.976489 24465.906032 23330.627305 32417.361061 17642.671085 8100.114205 8164.126744 6942.063966 34841.725007
*end

*partition[step2]
year: 2003
time_step: step2
values {d}
category 3 4 5 6 7 8 9 10 11 12 13 14 15 16 17 18 19 20 21 22 23 24 25 26 27 28
immature 0.000000 4851509.645051 5692819.531414 2578929.224798 2401444.899796 662121.550388 194759.339472 23518.668608 1618.922981 31.347570 0.000000 0.000000 0.000000 0.000000 0.000000 0.000000 0.000000 0.000000 0.000000 0.000000 0.000000 0.000000 0.000000 0.000000 0.000000 0.000000
mature 0.000000 0.000000 57503.227590 180582.443579 935697.295595 1107320.995564 1382427.321515 1096818.162678 1100082.801212 711051.928483 1047322.124149 372447.869180 374026.733092 239301.830990 164364.309347 95443.292742 72191.415419 47943.321259 27697.637606 22163.038316 21213.575177 29586.793234 16161.944338 7446.867249 7531.184432 38666.080328
*end

*partition[step1]
year: 2004
time_step: step1
values {d}
category 3 4 5 6 7 8 9 10 11 12 13 14 15 16 17 18 19 20 21 22 23 24 25 26 27 28
immature 8155955.961851 4028291.567400 4506883.834373 1665071.615747 1046664.719995 182977.183194 27673.354171 1370.920000 40.202713 0.000000 0.000000 0.000000 0.000000 0.000000 0.000000 0.000000 0.000000 0.000000 0.000000 0.000000 0.000000 0.000000 0.000000 0.000000 0.000000 0.000000
mature 0.000000 40689.813812 315582.175699 648777.328998 1750424.554354 1298796.031790 1290576.349503 931561.001408 911911.733277 584391.935117 855423.874105 303008.741982 303667.218590 194098.517291 133259.269473 77366.768374 58514.009597 38858.636658 22448.939471 17963.034010 17193.453118 23979.860167 13099.120784 6035.622413 6103.960236 31338.524515
*end

*partition[step2]
year: 2004
time_step: step2
values {d}
category 3 4 5 6 7 8 9 10 11 12 13 14 15 16 17 18 19 20 21 22 23 24 25 26 27 28
immature 0.000000 7680734.473055 3788144.307152 4227698.140785 1555764.013739 972329.673791 168683.629308 25277.899043 1240.023922 36.038408 0.000000 0.000000 0.000000 0.000000 0.000000 0.000000 0.000000 0.000000 0.000000 0.000000 0.000000 0.000000 0.000000 0.000000 0.000000 0.000000
mature 0.000000 0.000000 38264.083911 296032.963462 606186.792112 1626107.867607 1197338.512642 1178861.747960 842615.124483 817453.457280 520432.012276 759683.251275 269154.988051 269996.686106 172855.458375 118938.138210 69242.140118 52536.160387 35011.851584 20302.692248 16308.875626 15671.392287 21941.497775 12030.358120 5562.750111 34622.352751
*end

*partition[step1]
year: 2005
time_step: step1
values {d}
category 3 4 5 6 7 8 9 10 11 12 13 14 15 16 17 18 19 20 21 22 23 24 25 26 27 28
immature 13057064.604605 6377413.188352 2998957.603556 2729514.929792 678033.063025 268663.837565 23960.504568 1472.481938 30.755771 0.000000 0.000000 0.000000 0.000000 0.000000 0.000000 0.000000 0.000000 0.000000 0.000000 0.000000 0.000000 0.000000 0.000000 0.000000 0.000000 0.000000
mature 0.000000 64418.315034 209993.778438 1063526.270500 1133931.142906 1907011.136713 1117423.653317 1000573.883876 697628.247577 670562.681502 424018.004993 616280.356978 217855.382291 218305.706680 139696.527597 96102.576161 55943.071046 42444.152554 28285.747838 16402.243439 13175.659972 12660.632441 17726.127105 9719.099911 4494.040690 27970.743351
*end

*partition[step2]
year: 2005
time_step: step2
values {d}
category 3 4 5 6 7 8 9 10 11 12 13 14 15 16 17 18 19 20 21 22 23 24 25 26 27 28
immature 0.000000 12299881.635562 6000764.047506 2816293.581080 2555249.438135 631854.049056 248853.663229 22033.241879 1343.625606 27.866678 0.000000 0.000000 0.000000 0.000000 0.000000 0.000000 0.000000 0.000000 0.000000 0.000000 0.000000 0.000000 0.000000 0.000000 0.000000 0.000000
mature 0.000000 0.000000 60613.778258 197203.231409 995625.587344 1056702.133076 1766395.922467 1027543.704888 913014.045231 632095.404580 604452.985868 381382.329944 554408.467930 196129.776210 196783.685969 126143.346095 86965.878973 50751.057678 38611.574551 25807.662233 15011.043956 12095.351351 11657.928558 16370.229288 9000.677595 30143.006917
*end

*partition[step1]
year: 2006
time_step: step1
values {d}
category 3 4 5 6 7 8 9 10 11 12 13 14 15 16 17 18 19 20 21 22 23 24 25 26 27 28
immature 5393652.869126 10212884.564178 4750766.386330 1818404.538555 1113813.626293 174653.430094 35377.822197 1285.699992 33.431356 0.000000 0.000000 0.000000 0.000000 0.000000 0.000000 0.000000 0.000000 0.000000 0.000000 0.000000 0.000000 0.000000 0.000000 0.000000 0.000000 0.000000
mature 0.000000 103160.450143 332659.382299 708521.860805 1862723.261033 1239712.941172 1649882.422746 873652.709365 758318.121614 521072.429749 495654.011757 311690.157695 452306.756177 159878.867019 160353.529626 102774.448327 70850.059010 41345.077849 31455.083766 21024.210887 12228.718726 9853.445761 9497.096558 13335.955895 7332.373199 24555.903343
*end

*partition[step2]
year: 2006
time_step: step2
values {d}
category 3 4 5 6 7 8 9 10 11 12 13 14 15 16 17 18 19 20 21 22 23 24 25 26 27 28
immature 0.000000 5080128.636329 9606881.098611 4458940.297795 1700672.034171 1036334.303814 161393.148633 32423.972595 1168.071505 30.129897 0.000000 0.000000 0.000000 0.000000 0.000000 0.000000 0.000000 0.000000 0.000000 0.000000 0.000000 0.000000 0.000000 0.000000 0.000000 0.000000
mature 0.000000 0.000000 97039.203016 312225.061085 662648.650903 1733148.139285 1145589.725147 1512126.500086 793722.362746 683431.654515 466875.378095 443001.038291 278634.444444 404681.105106 143250.092289 143959.523026 92493.210392 63943.678197 37432.180709 28573.730845 19164.672511 11186.160346 9044.507010 8746.468628 12320.691399 29547.184896
*end

*partition[step1]
year: 2007
time_step: step1
values {d}
category 3 4 5 6 7 8 9 10 11 12 13 14 15 16 17 18 19 20 21 22 23 24 25 26 27 28
immature 14751594.413112 4218067.199231 7605349.196687 2878701.682456 741121.571117 286291.269778 22914.729890 1887.015044 28.922249 0.000000 0.000000 0.000000 0.000000 0.000000 0.000000 0.000000 0.000000 0.000000 0.000000 0.000000 0.000000 0.000000 0.000000 0.000000 0.000000 0.000000
mature 0.000000 42606.739386 532543.711941 1121655.291499 1239439.307603 2032132.961241 1068652.837284 1282255.437194 656038.754430 559154.172008 379079.014653 357958.885308 224576.751113 325782.745954 115260.677331 115804.993635 74396.764807 51430.832198 30106.708083 22981.679713 15413.980424 8996.919544 7274.404362 7034.693364 9909.402340 23764.488551
*end

*partition[step2]
year: 2007
time_step: step2
values {d}
category 3 4 5 6 7 8 9 10 11 12 13 14 15 16 17 18 19 20 21 22 23 24 25 26 27 28
immature 0.000000 13898588.072773 3970351.526316 7146838.526269 2698019.019586 691938.962996 265932.424449 21155.665522 1730.891125 26.372474 0.000000 0.000000 0.000000 0.000000 0.000000 0.000000 0.000000 0.000000 0.000000 0.000000 0.000000 0.000000 0.000000 0.000000 0.000000 0.000000
mature 0.000000 0.000000 40104.560872 500437.760186 1051254.226281 1157187.137203 1887623.208370 986616.996686 1176166.858536 598202.614990 507664.324272 343543.405206 324450.206906 203681.156093 295783.450787 104799.546315 105484.676468 67908.776679 47054.678206 27613.277446 21132.478091 14210.452861 8315.652524 6740.188367 6533.355236 31342.322820
*end

*partition[step1]
year: 2008
time_step: step1
values {d}
category 3 4 5 6 7 8 9 10 11 12 13 14 15 16 17 18 19 20 21 22 23 24 25 26 27 28
immature 8806316.477945 11539890.408315 3143022.434644 4613562.754174 1175479.918273 191051.514274 37713.945789 1228.296401 42.671153 0.000000 0.000000 0.000000 0.000000 0.000000 0.000000 0.000000 0.000000 0.000000 0.000000 0.000000 0.000000 0.000000 0.000000 0.000000 0.000000 0.000000
mature 0.000000 116564.549579 220081.522987 1797625.334858 1965852.935316 1356108.692218 1758830.034900 834646.095896 967902.958002 486107.184564 408541.409544 274758.163669 258647.679236 162125.329395 235277.372080 83337.057590 83871.293869 53991.630066 37410.484784 21953.522696 16800.989841 11297.740223 6611.190467 5358.647982 5194.208841 24918.063505
*end

*partition[step2]
year: 2008
time_step: step2
values {d}
category 3 4 5 6 7 8 9 10 11 12 13 14 15 16 17 18 19 20 21 22 23 24 25 26 27 28
immature 0.000000 8298639.737884 10866251.692471 2955605.802593 4329269.944786 1099646.299444 177996.670959 34965.488785 1132.887139 39.170565 0.000000 0.000000 0.000000 0.000000 0.000000 0.000000 0.000000 0.000000 0.000000 0.000000 0.000000 0.000000 0.000000 0.000000 0.000000 0.000000
mature 0.000000 0.000000 109760.118106 206958.187512 1686853.685288 1839030.060801 1263443.703079 1630652.814846 769814.050619 888499.690434 444694.589817 373192.691522 251013.990976 236413.456103 148313.693097 215484.096512 76436.173843 77054.965854 49695.671571 34502.062664 20288.353378 15558.837932 10483.878329 6147.078223 4991.819172 28099.989547
*end

*partition[step1]
year: 2009
time_step: step1
values {d}
category 3 4 5 6 7 8 9 10 11 12 13 14 15 16 17 18 19 20 21 22 23 24 25 26 27 28
immature 9417767.206013 6890375.412303 8602207.642926 1908078.103698 1886461.332901 303724.476392 25261.628928 2033.180804 28.006872 0.000000 0.000000 0.000000 0.000000 0.000000 0.000000 0.000000 0.000000 0.000000 0.000000 0.000000 0.000000 0.000000 0.000000 0.000000 0.000000 0.000000
mature 0.000000 69599.751639 602345.989720 743462.205427 3154886.349818 2155876.147016 1178102.973843 1381577.295614 635275.423087 725152.675225 359912.451297 300438.742510 201516.719216 189547.587278 118843.428530 172623.405305 61226.067421 61718.866735 39804.052266 27634.405183 16249.885324 12461.777449 8397.007137 4923.468560 3998.169689 22506.528566
*end

*partition[step2]
year: 2009
time_step: step2
values {d}
category 3 4 5 6 7 8 9 10 11 12 13 14 15 16 17 18 19 20 21 22 23 24 25 26 27 28
immature 0.000000 8874978.617341 6488353.599233 8089735.004078 1790682.192344 1765051.022611 283040.907437 23428.840339 1876.108654 25.723582 0.000000 0.000000 0.000000 0.000000 0.000000 0.000000 0.000000 0.000000 0.000000 0.000000 0.000000 0.000000 0.000000 0.000000 0.000000 0.000000
mature 0.000000 0.000000 65538.925245 566461.499173 697720.145396 2951841.779553 2009061.463276 1092628.925672 1274844.379396 583483.914988 663791.821833 328987.817757 274655.375207 184312.589042 173508.703450 108911.138609 158419.792895 56280.439076 56836.473190 36726.385593 25548.969802 15054.094646 11567.887990 7809.793920 4587.583627 24738.826831
*end

*partition[step1]
year: 2010
time_step: step1
values {d}
category 3 4 5 6 7 8 9 10 11 12 13 14 15 16 17 18 19 20 21 22 23 24 25 26 27 28
immature 5014577.684391 7368890.826999 5136436.706555 5222489.305657 780255.740619 487472.646042 40162.795079 1361.860116 46.350207 0.000000 0.000000 0.000000 0.000000 0.000000 0.000000 0.000000 0.000000 0.000000 0.000000 0.000000 0.000000 0.000000 0.000000 0.000000 0.000000 0.000000
mature 0.000000 74433.240677 359664.888372 2034887.046541 1304886.637492 3460144.741735 1873034.730030 925404.672572 1051354.347309 475728.174625 536522.020381 264444.753063 220134.039632 147524.863330 138793.664016 87097.761900 126676.278866 45001.028917 45444.692668 29365.029097 20427.913826 12036.620693 9249.190253 6244.376585 3668.034847 19780.102448
*end

*partition[step2]
year: 2010
time_step: step2
values {d}
category 3 4 5 6 7 8 9 10 11 12 13 14 15 16 17 18 19 20 21 22 23 24 25 26 27 28
immature 0.000000 4724946.445675 6937124.860682 4828059.487817 4896973.387982 729025.571059 453323.474158 37139.148271 1251.809137 42.372055 0.000000 0.000000 0.000000 0.000000 0.000000 0.000000 0.000000 0.000000 0.000000 0.000000 0.000000 0.000000 0.000000 0.000000 0.000000 0.000000
mature 0.000000 0.000000 70071.968290 338071.619674 1908053.254157 1219210.159619 3217749.443275 1732023.740368 850623.357672 961118.578713 433169.219845 487701.902536 240414.139546 200245.336623 134327.396753 126547.215029 79545.079695 115915.449858 41266.576643 41768.812112 27053.791104 18865.153385 11142.067952 8581.349496 5806.045234 21846.146218
*end

*partition[step1]
year: 2011
time_step: step1
values {d}
category 3 4 5 6 7 8 9 10 11 12 13 14 15 16 17 18 19 20 21 22 23 24 25 26 27 28
immature 5751118.420449 3923142.611990 5491772.739923 3116943.883577 2133912.482165 201374.850798 64348.235207 2160.387757 30.968219 0.000000 0.000000 0.000000 0.000000 0.000000 0.000000 0.000000 0.000000 0.000000 0.000000 0.000000 0.000000 0.000000 0.000000 0.000000 0.000000 0.000000
mature 0.000000 39627.703151 384546.319231 1214483.814570 3568719.508996 1429385.088097 3000948.492817 1468016.356216 702447.170431 785264.264224 351078.221899 393261.599906 193342.040121 160836.480235 107831.293193 101561.188756 63832.724335 93014.805858 33113.185548 33515.918857 21708.291265 15137.606427 8940.512184 6885.762997 4658.829814 17529.569317
*end

*partition[step2]
year: 2011
time_step: step2
values {d}
category 3 4 5 6 7 8 9 10 11 12 13 14 15 16 17 18 19 20 21 22 23 24 25 26 27 28
immature 0.000000 5417901.788625 3691842.909958 5158320.861377 2918976.077736 1989720.572766 186688.490720 59244.875477 1974.499250 28.114094 0.000000 0.000000 0.000000 0.000000 0.000000 0.000000 0.000000 0.000000 0.000000 0.000000 0.000000 0.000000 0.000000 0.000000 0.000000 0.000000
mature 0.000000 0.000000 37291.342525 361197.266273 1137347.778446 3327575.373791 1325139.379105 2762947.875681 1341702.286645 637707.505981 709414.124887 316510.724906 354599.051596 174457.567996 145301.256616 97576.812953 92091.184150 58018.244057 84764.596647 30260.860429 30717.973808 19954.444110 13954.885511 8265.021032 6382.383483 20617.068105
*end

*partition[step1]
year: 2012
time_step: step1
values {d}
category 3 4 5 6 7 8 9 10 11 12 13 14 15 16 17 18 19 20 21 22 23 24 25 26 27 28
immature 10310954.122503 4498528.875579 2922680.621810 3330248.432849 1272058.302120 549689.805014 26508.526601 3448.572353 48.906367 0.000000 0.000000 0.000000 0.000000 0.000000 0.000000 0.000000 0.000000 0.000000 0.000000 0.000000 0.000000 0.000000 0.000000 0.000000 0.000000 0.000000
mature 0.000000 45439.685612 204652.692060 1297595.648579 2127369.007538 3901770.291829 1236253.375003 2343357.391423 1109335.321650 522016.871255 576401.520101 255951.875921 286043.871669 140566.274476 117013.704039 78562.764756 74138.947380 46706.257926 68236.597920 24360.202033 24728.102494 16063.392411 11233.721704 6653.363305 5137.834667 16596.790646
*end

*partition[step2]
year: 2012
time_step: step2
values {d}
category 3 4 5 6 7 8 9 10 11 12 13 14 15 16 17 18 19 20 21 22 23 24 25 26 27 28
immature 0.000000 9713992.627983 4233699.526929 2745698.000339 3119679.330351 1186687.588770 509980.320822 24431.781907 3156.176967 44.473384 0.000000 0.000000 0.000000 0.000000 0.000000 0.000000 0.000000 0.000000 0.000000 0.000000 0.000000 0.000000 0.000000 0.000000 0.000000 0.000000
mature 0.000000 0.000000 42764.641686 192259.969549 1215549.652120 1984596.455816 3619907.167735 1139402.174038 2144670.277382 1008782.676315 472487.956509 520681.749642 231245.782847 258607.902613 127229.586092 106078.774081 71360.376880 67494.994014 42627.559901 62444.819398 22354.504120 22755.749059 14823.038844 10394.000176 6171.618345 20208.458521
*end

*partition[step1]
year: 2013
time_step: step1
values {d}
category 3 4 5 6 7 8 9 10 11 12 13 14 15 16 17 18 19 20 21 22 23 24 25 26 27 28
immature 17864408.876816 8065603.055892 3351640.696655 1772635.152223 1359510.346937 327833.277788 72410.518099 1422.010256 78.161802 0.000000 0.000000 0.000000 0.000000 0.000000 0.000000 0.000000 0.000000 0.000000 0.000000 0.000000 0.000000 0.000000 0.000000 0.000000 0.000000 0.000000
mature 0.000000 81470.737938 234689.444433 690688.309423 2273622.343158 2327003.579613 3376941.643469 966277.608066 1772931.694876 825550.753630 383762.989923 420887.580848 186457.817992 208275.936490 102413.901571 85369.150037 57423.195253 54310.489144 34300.062496 50245.545086 17987.250625 18310.081748 11927.135115 8363.373716 4965.898044 16260.425464
*end

*partition[step2]
year: 2013
time_step: step2
values {d}
category 3 4 5 6 7 8 9 10 11 12 13 14 15 16 17 18 19 20 21 22 23 24 25 26 27 28
immature 0.000000 16829294.205874 7590018.158402 3148091.600524 1660009.767625 1267597.393586 303906.609416 66662.302623 1299.515536 70.948914 0.000000 0.000000 0.000000 0.000000 0.000000 0.000000 0.000000 0.000000 0.000000 0.000000 0.000000 0.000000 0.000000 0.000000 0.000000 0.000000
mature 0.000000 0.000000 76666.850085 220436.477421 646805.034069 2119908.658790 2157168.951096 3108867.491729 883040.581488 1609322.896072 745699.175429 345923.730839 379450.489402 168220.211197 188130.753974 92661.458557 77398.537580 52185.959388 49487.466812 31342.132822 46046.507199 16532.589092 16878.185944 11025.245872 7751.519531 19722.133266
*end

*partition[step1]
year: 2014
time_step: step1
values {d}
category 3 4 5 6 7 8 9 10 11 12 13 14 15 16 17 18 19 20 21 22 23 24 25 26 27 28
immature 17001552.586525 13973241.805322 6008443.338059 2032222.723866 723243.075450 350003.094619 43101.084195 3870.729016 32.041459 0.000000 0.000000 0.000000 0.000000 0.000000 0.000000 0.000000 0.000000 0.000000 0.000000 0.000000 0.000000 0.000000 0.000000 0.000000 0.000000 0.000000
mature 0.000000 141143.856619 420724.760361 791833.827597 1209539.610774 2484367.845605 2010064.972852 2630219.268012 726791.296210 1308067.014924 600286.125669 276761.242189 302609.440289 133952.289676 149706.381599 73714.531728 61564.785018 41507.830173 39360.595132 24928.189972 36623.267285 13149.235264 13424.096427 8768.946885 6165.182573 15686.027070
*end

*partition[step2]
year: 2014
time_step: step2
values {d}
category 3 4 5 6 7 8 9 10 11 12 13 14 15 16 17 18 19 20 21 22 23 24 25 26 27 28
immature 0.000000 16018630.774121 13152940.855663 5646455.590654 1904815.814697 675331.040971 325174.754490 39802.942007 3551.712265 29.229032 0.000000 0.000000 0.000000 0.000000 0.000000 0.000000 0.000000 0.000000 0.000000 0.000000 0.000000 0.000000 0.000000 0.000000 0.000000 0.000000
mature 0.000000 0.000000 132857.988441 395377.561475 742191.089444 1129412.326459 2308133.032757 1856252.598697 2413442.531165 662997.484212 1188180.318118 544286.579297 250978.672893 274588.087541 121675.519402 136181.381161 67174.489488 56218.830039 37990.416434 36113.323868 22929.597295 33773.263477 12156.592222 12440.993058 8145.564580 20341.556224
*end

*partition[step1]
year: 2015
time_step: step1
values {d}
category 3 4 5 6 7 8 9 10 11 12 13 14 15 16 17 18 19 20 21 22 23 24 25 26 27 28
immature 22329574.671127 13300249.205878 10412363.374200 3645162.441602 829977.130475 186508.031764 46138.624116 2313.349240 87.726159 0.000000 0.000000 0.000000 0.000000 0.000000 0.000000 0.000000 0.000000 0.000000 0.000000 0.000000 0.000000 0.000000 0.000000 0.000000 0.000000 0.000000
mature 0.000000 134345.951575 729097.178574 1420298.520654 1388039.857445 1323858.457782 2151723.882657 1571956.010944 1989878.482365 540359.296290 959907.365010 437262.509596 201038.237862 219647.772499 97270.909450 108838.438706 53680.858104 44923.719774 30357.005111 28856.820498 18322.123208 26986.819190 9713.823802 9941.073687 6508.776849 16254.078139
*end

*partition[step2]
year: 2015
time_step: step2
values {d}
category 3 4 5 6 7 8 9 10 11 12 13 14 15 16 17 18 19 20 21 22 23 24 25 26 27 28
immature 0.000000 21038485.198827 12519294.584980 9784818.204807 3416490.959784 774941.408807 173259.722955 42601.853678 2122.284288 80.007494 0.000000 0.000000 0.000000 0.000000 0.000000 0.000000 0.000000 0.000000 0.000000 0.000000 0.000000 0.000000 0.000000 0.000000 0.000000 0.000000
mature 0.000000 0.000000 126457.521060 685155.049780 1331199.125896 1295999.037941 1229820.225205 1986782.825901 1442124.469086 1814797.234156 490705.861537 870120.351823 396419.415242 182373.159493 199464.739517 88460.848230 99158.457244 49008.503637 41108.281271 27847.217323 26538.658747 16893.682992 24946.137844 9001.354402 9233.400839 21188.321996
*end

*partition[step1]
year: 2016
time_step: step1
values {d}
category 3 4 5 6 7 8 9 10 11 12 13 14 15 16 17 18 19 20 21 22 23 24 25 26 27 28
immature 11977359.312570 17468469.863455 9911066.248494 6317228.439911 1488913.982221 214103.529824 24605.410039 2480.569234 52.596703 0.000000 0.000000 0.000000 0.000000 0.000000 0.000000 0.000000 0.000000 0.000000 0.000000 0.000000 0.000000 0.000000 0.000000 0.000000 0.000000 0.000000
mature 0.000000 176449.190540 693995.222673 2461440.430044 2490034.816318 1519734.920352 1147499.506922 1685584.541712 1193042.633096 1486873.643114 399160.603828 704573.451561 320233.598608 147159.346010 160870.873607 71329.433122 79947.928652 39512.244111 33142.268414 22450.787697 21395.745016 13619.846553 20111.800358 7256.971027 7444.048148 17082.208932
*end

*partition[step2]
year: 2016
time_step: step2
values {d}
category 3 4 5 6 7 8 9 10 11 12 13 14 15 16 17 18 19 20 21 22 23 24 25 26 27 28
immature 0.000000 11285220.196445 16443905.890021 9314939.244651 5922265.636717 1390692.806780 199004.980891 22736.949294 2278.011325 48.028418 0.000000 0.000000 0.000000 0.000000 0.000000 0.000000 0.000000 0.000000 0.000000 0.000000 0.000000 0.000000 0.000000 0.000000 0.000000 0.000000
mature 0.000000 0.000000 166100.059495 652253.064726 2307547.402209 2325771.366940 1412563.440838 1060361.849806 1547943.360088 1089420.944116 1352138.230780 362356.363198 639697.710116 290920.819832 133824.479855 146497.494847 65068.608746 73076.961500 36196.700829 30433.279585 20666.376999 19744.064792 12599.213786 18648.704731 6744.138442 22840.680917
*end

*estimate_value[summary]
values {d}
process[Recruitment].b0 catchability[wcsiTANq].q catchability[wcsiTRLcpueq].q process[Instantaneou_Mortality].m{immature} selectivity[wcsiTANsel_mature].mu selectivity[wcsiTANsel_mature].sigma_l selectivity[wcsiTANsel_mature].sigma_r observation[wcsiTRLcpue].process_error selectivity[wcsiTANsel_immature].alpha selectivity[wcsiTRLsel].mu selectivity[wcsiTRLsel].sigma_l selectivity[wcsiTRLsel].sigma_r selectivity[wcsiLLNsel].a50 selectivity[wcsiLLNsel].ato95 process[Recruitment].ycs_values{1974} process[Recruitment].ycs_values{1975} process[Recruitment].ycs_values{1976} process[Recruitment].ycs_values{1977} process[Recruitment].ycs_values{1978} process[Recruitment].ycs_values{1979} process[Recruitment].ycs_values{1980} process[Recruitment].ycs_values{1981} process[Recruitment].ycs_values{1982} process[Recruitment].ycs_values{1983} process[Recruitment].ycs_values{1984} process[Recruitment].ycs_values{1985} process[Recruitment].ycs_values{1986} process[Recruitment].ycs_values{1987} process[Recruitment].ycs_values{1988} process[Recruitment].ycs_values{1989} process[Recruitment].ycs_values{1990} process[Recruitment].ycs_values{1991} process[Recruitment].ycs_values{1992} process[Recruitment].ycs_values{1993} process[Recruitment].ycs_values{1994} process[Recruitment].ycs_values{1995} process[Recruitment].ycs_values{1996} process[Recruitment].ycs_values{1997} process[Recruitment].ycs_values{1998} process[Recruitment].ycs_values{1999} process[Recruitment].ycs_values{2000} process[Recruitment].ycs_values{2001} process[Recruitment].ycs_values{2002} process[Recruitment].ycs_values{2003} process[Recruitment].ycs_values{2004} process[Recruitment].ycs_values{2005} process[Recruitment].ycs_values{2006} process[Recruitment].ycs_values{2007} process[Recruitment].ycs_values{2008} process[Recruitment].ycs_values{2009} process[Recruitment].ycs_values{2010} process[Recruitment].ycs_values{2011} process[Recruitment].ycs_values{2012} 
82200.8 0.0770786 2.81364e-005 0.234457 21.43 8.03536 200 0.748815 0.0343201 14.1364 4.37714 11.0247 11.5311 3.45314 0.513396 0.699323 0.652015 0.509197 0.522967 0.737737 0.402956 0.317463 0.296446 0.380156 0.420694 0.405877 0.506947 0.532995 0.601058 0.432923 0.884909 0.440818 0.507716 0.389215 0.418207 0.361854 0.530879 0.343321 0.561507 0.373354 0.591621 0.949369 0.393256 1.07823 0.644874 0.690464 0.36761 0.421268 0.752673 1.29719 1.22847 1.60607 0.858779 
*end

*objective_function[objective]
values {v}
observation->wcsiTANbio-2000 -1.21944
observation->wcsiTANbio-2012 -1.10976
observation->wcsiTANbio-2013 -1.28796
observation->wcsiTANbio-2016 -0.948168
observation->wcsiTRLcpue-1987 6.79697
observation->wcsiTRLcpue-1988 0.66945
observation->wcsiTRLcpue-1989 -0.367204
observation->wcsiTRLcpue-1990 0.070579
observation->wcsiTRLcpue-1991 0.705269
observation->wcsiTRLcpue-1992 -0.0971938
observation->wcsiTRLcpue-1993 -0.395679
observation->wcsiTRLcpue-1994 -0.393473
observation->wcsiTRLcpue-1995 0.50928
observation->wcsiTRLcpue-1996 0.286396
observation->wcsiTRLcpue-1997 0.0170335
observation->wcsiTRLcpue-1998 -0.207544
observation->wcsiTRLcpue-1999 0.0178731
observation->wcsiTRLcpue-2000 -0.383624
observation->wcsiTRLcpue-2001 -0.300432
observation->wcsiTRLcpue-2002 -0.126781
observation->wcsiTRLcpue-2003 -0.1845
observation->wcsiTRLcpue-2004 0.0161617
observation->wcsiTRLcpue-2005 -0.341348
observation->wcsiTRLcpue-2006 -0.335939
observation->wcsiTRLcpue-2007 -0.350308
observation->wcsiTRLcpue-2008 -0.149131
observation->wcsiTRLcpue-2009 -0.0228491
observation->wcsiTRLcpue-2010 -0.397253
observation->wcsiTRLcpue-2011 -0.358392
observation->wcsiTRLcpue-2012 -0.394614
observation->wcsiTRLcpue-2013 -0.329501
observation->wcsiTRLcpue-2014 -0.380726
observation->wcsiTRLcpue-2015 -0.29607
observation->wcsiTRLcpue-2016 -0.0309116
observation->wcsiTRLage-1991 65.7663
observation->wcsiTRLage-1994 50.553
observation->wcsiTRLage-1995 49.0192
observation->wcsiTRLage-1996 41.0321
observation->wcsiTRLage-1997 73.6345
observation->wcsiTRLage-1998 67.1445
observation->wcsiTRLage-1999 48.3437
observation->wcsiTRLage-2000 58.3874
observation->wcsiTRLage-2001 40.7449
observation->wcsiTRLage-2002 51.9394
observation->wcsiTRLage-2003 59.7031
observation->wcsiTRLage-2004 62.3834
observation->wcsiTRLage-2005 53.053
observation->wcsiTRLage-2006 45.3474
observation->wcsiTRLage-2007 35.6917
observation->wcsiTRLage-2008 53.6088
observation->wcsiTRLage-2012 59.4268
observation->wcsiTRLage-2013 52.8312
observation->wcsiTRLage-2014 42.8346
observation->wcsiTRLage-2015 49.5898
observation->wcsiLLNage-2003 6.45819
observation->wcsiLLNage-2006 9.82114
observation->wcsiLLNage-2007 10.9165
observation->wcsiLLNage-2012 13.3546
observation->wcsiLLNage-2015 7.71413
observation->Tangaroa_propn_at_age_Aug-2000 36.0403
observation->Tangaroa_propn_at_age_Aug-2012 39.9285
observation->Tangaroa_propn_at_age_Aug-2013 31.1996
observation->Tangaroa_propn_at_age_Aug-2016 33.2449
prior->B0->process[Recruitment].b0 11.3169
prior->wcsiTANq->catchability[wcsiTANq].q -2.45328
prior->wcsiTRLcpueq->catchability[wcsiTRLcpueq].q -10.4784
prior->M->process[Instantaneou_Mortality].m{immature} 0.949812
prior->wcsiTANsel_mature_mu->selectivity[wcsiTANsel_mature].mu 0
prior->wcsiTANsel_mature_sigma_l->selectivity[wcsiTANsel_mature].sigma_l 0
prior->wcsiTANsel_mature_sigma_r->selectivity[wcsiTANsel_mature].sigma_r 0
prior->process_error->observation[wcsiTRLcpue].process_error 0
prior->wcsiTANsel_immature_alpha->selectivity[wcsiTANsel_immature].alpha 0
prior->wcsiTRLsel_mu->selectivity[wcsiTRLsel].mu 0
prior->wcsiTRLsel_sigma_l->selectivity[wcsiTRLsel].sigma_l 0
prior->wcsiTRLsel_sigma_r->selectivity[wcsiTRLsel].sigma_r 0
prior->wcsiLLNsel_a50->selectivity[wcsiLLNsel].a50 0
prior->wcsiLLNsel_at095->selectivity[wcsiLLNsel].ato95 0
prior->YCS->process[Recruitment].ycs_values{1974} -0.392885
prior->YCS->process[Recruitment].ycs_values{1975} -0.326241
prior->YCS->process[Recruitment].ycs_values{1976} -0.362337
prior->YCS->process[Recruitment].ycs_values{1977} -0.391389
prior->YCS->process[Recruitment].ycs_values{1978} -0.395632
prior->YCS->process[Recruitment].ycs_values{1979} -0.290402
prior->YCS->process[Recruitment].ycs_values{1980} -0.277688
prior->YCS->process[Recruitment].ycs_values{1981} -0.0205535
prior->YCS->process[Recruitment].ycs_values{1982} 0.0796693
prior->YCS->process[Recruitment].ycs_values{1983} -0.228044
prior->YCS->process[Recruitment].ycs_values{1984} -0.308932
prior->YCS->process[Recruitment].ycs_values{1985} -0.283251
prior->YCS->process[Recruitment].ycs_values{1986} -0.390512
prior->YCS->process[Recruitment].ycs_values{1987} -0.397565
prior->YCS->process[Recruitment].ycs_values{1988} -0.388822
prior->YCS->process[Recruitment].ycs_values{1989} -0.327137
prior->YCS->process[Recruitment].ycs_values{1990} -0.114813
prior->YCS->process[Recruitment].ycs_values{1991} -0.337561
prior->YCS->process[Recruitment].ycs_values{1992} -0.390818
prior->YCS->process[Recruitment].ycs_values{1993} -0.249141
prior->YCS->process[Recruitment].ycs_values{1994} -0.304907
prior->YCS->process[Recruitment].ycs_values{1995} -0.179335
prior->YCS->process[Recruitment].ycs_values{1996} -0.397235
prior->YCS->process[Recruitment].ycs_values{1997} -0.120711
prior->YCS->process[Recruitment].ycs_values{1998} -0.398221
prior->YCS->process[Recruitment].ycs_values{1999} -0.210927
prior->YCS->process[Recruitment].ycs_values{2000} -0.392044
prior->YCS->process[Recruitment].ycs_values{2001} -0.0247048
prior->YCS->process[Recruitment].ycs_values{2002} -0.257956
prior->YCS->process[Recruitment].ycs_values{2003} 0.169941
prior->YCS->process[Recruitment].ycs_values{2004} -0.366893
prior->YCS->process[Recruitment].ycs_values{2005} -0.333726
prior->YCS->process[Recruitment].ycs_values{2006} -0.195577
prior->YCS->process[Recruitment].ycs_values{2007} -0.309845
prior->YCS->process[Recruitment].ycs_values{2008} -0.275122
prior->YCS->process[Recruitment].ycs_values{2009} 0.52504
prior->YCS->process[Recruitment].ycs_values{2010} 0.411584
prior->YCS->process[Recruitment].ycs_values{2011} 1.04199
prior->YCS->process[Recruitment].ycs_values{2012} -0.149457
total_score 1240.17
*end

*process[Rec]
age: 3
b0: 82200.8
b0_intialisation_phase: 
categories: immature mature
label: Recruitment
proportions: 1 0
r0: 1.0285e+007
ssb: SSB
ssb_offset: 4
standardise_ycs_years: 1978 1979 1980 1981 1982 1983 1984 1985 1986 1987 1988 1989 1990 1991 1992 1993 1994 1995 1996 1997 1998 1999 2000 2001 2002 2003 2004 2005 2006 2007 2008 2009 2010 2011 2012
steepness: 0.84
type: recruitment_beverton_holt
ycs_years: 1968 1969 1970 1971 1972 1973 1974 1975 1976 1977 1978 1979 1980 1981 1982 1983 1984 1985 1986 1987 1988 1989 1990 1991 1992 1993 1994 1995 1996 1997 1998 1999 2000 2001 2002 2003 2004 2005 2006 2007 2008 2009 2010 2011 2012 
standardiesed_ycs: 1 1 1 1 1 1 0.513396 0.699323 0.652015 0.509197 0.861363 1.2151 0.663697 0.522884 0.488267 0.626143 0.692912 0.668507 0.834977 0.87788 0.989984 0.713054 1.45751 0.726058 0.836244 0.641064 0.688815 0.595999 0.874395 0.565473 0.92484 0.614939 0.974441 1.56368 0.64772 1.77592 1.06215 1.13724 0.605479 0.693858 1.2397 2.13656 2.02337 2.64531 1.41447 
ycs_values: 1 1 1 1 1 1 0.513396 0.699323 0.652015 0.509197 0.522967 0.737737 0.402956 0.317463 0.296446 0.380156 0.420694 0.405877 0.506947 0.532995 0.601058 0.432923 0.884909 0.440818 0.507716 0.389215 0.418207 0.361854 0.530879 0.343321 0.561507 0.373354 0.591621 0.949369 0.393256 1.07823 0.644874 0.690464 0.36761 0.421268 0.752673 1.29719 1.22847 1.60607 0.858779 
true_ycs: 1 1 1 1 1 0.999967 0.513339 0.698845 0.650674 0.506757 0.857368 1.20967 0.660717 0.520247 0.485067 0.620486 0.684737 0.659067 0.822104 0.863957 0.973087 0.69876 1.42222 0.705553 0.80984 0.61954 0.665328 0.575911 0.845372 0.547537 0.897469 0.597171 0.945471 1.51363 0.625252 1.71007 1.02088 1.09175 0.581315 0.666697 1.19529 2.07092 1.97091 2.58856 1.38847 
Recruits: 1.0285e+007 1.0285e+007 1.0285e+007 1.0285e+007 1.0285e+007 1.02847e+007 5.27969e+006 7.18761e+006 6.69217e+006 5.21199e+006 8.81803e+006 1.24414e+007 6.79547e+006 5.35074e+006 4.98891e+006 6.38169e+006 7.04252e+006 6.7785e+006 8.45533e+006 8.88579e+006 1.00082e+007 7.18674e+006 1.46275e+007 7.25661e+006 8.3292e+006 6.37197e+006 6.84289e+006 5.92324e+006 8.69464e+006 5.63141e+006 9.23047e+006 6.1419e+006 9.72417e+006 1.55677e+007 6.43071e+006 1.75881e+007 1.04997e+007 1.12287e+007 5.97883e+006 6.85698e+006 1.22936e+007 2.12994e+007 2.02708e+007 2.66233e+007 1.42804e+007 
SSB: 82200.8 82200.8 82200.8 82200.8 82200.8 82143.2 82007.7 81036.9 78790.7 74652 74875.4 75113 75088.8 74293.4 72197.4 68991.7 65722.8 63192.6 61859.3 61416.4 60236.4 57499.7 54042 51046.6 48793.1 47526.6 47205.5 47446.5 47764.3 48699.9 50108.7 50590.5 50017.2 48515.5 46847.9 45450.1 44455.6 43841.3 43889.6 44300.8 46173.8 49352 52729.6 56287.6 59000.3 
*end

*process[exploit]
categories: immature mature
label: Instantaneou_Mortality
m: 0.234457 0.234457
selectivities: One One
time_step_ratio: 0.75 0.25
type: mortality_instantaneous
year: 1972 1973 1974 1975 1976 1977 1978 1979 1980 1981 1982 1983 1984 1985 1986 1987 1988 1989 1990 1991 1992 1993 1994 1995 1996 1997 1998 1999 2000 2001 2002 2003 2004 2005 2006 2007 2008 2009 2010 2011 2012 2013 2014 2015 2016 
fishing_pressure[wcsiLLN]: 0 0.000406317 0.000813806 0.0163165 0.0436018 0.0929414 0.00755062 0.00837942 0.00708963 0.00695496 0.00924889 0.0164862 0.0140962 0.00732705 0.00907446 0.00967596 0.00797292 0.0106262 0.012039 0.0114913 0.0217856 0.0247657 0.0314987 0.039669 0.045549 0.0456331 0.0440307 0.0461002 0.0395547 0.0412267 0.0337607 0.0333309 0.0336914 0.0368036 0.0287372 0.0410857 0.0521262 0.0450739 0.0467279 0.0433263 0.0402356 0.0406742 0.051742 0.0473232 0.0387975 
catch[wcsiLLN]: 0 20 40 800 2100 4300 323 360 305 300 400 710 595 302 362 370 291 370 399 364 661 716 860 1032 1121 1077 1021 1069 923 977 810 807 814 871 666 933 1170 1009 1063 1011 976 1045 1411 1358 1160 
actual_catch[wcsiLLN]: 0 20 40 800 2100 4300 323 360 305 300 400 710 595 302 362 370 291 370 399 364 661 716 860 1032 1121 1077 1021 1069 923 977 810 807 814 871 666 933 1170 1009 1063 1011 976 1045 1411 1358 1160 fishing_pressure[wcsiTRL]: 0 0.00138718 0.00235348 0.00663014 0.00962669 0.0129194 0.00542024 0.00969457 0.0097174 0.00889987 0.0123575 0.019533 0.0179923 0.0233072 0.0227367 0.024119 0.0321713 0.04565 0.0535631 0.0550073 0.0436904 0.0448807 0.0326775 0.0507616 0.0535934 0.0505845 0.0535016 0.0597637 0.0618044 0.0634134 0.0624986 0.0561182 0.0583514 0.0462866 0.0523111 0.039061 0.0314024 0.0307641 0.0361449 0.0440683 0.0421661 0.0442164 0.0385794 0.0388437 0.0374292 
catch[wcsiTRL]: 0 85 144 401 565 715 300 539 540 492 675 1040 924 1156 1082 1105 1428 1959 2205 2163 1631 1609 1136 1750 1838 1749 1887 2146 2247 2304 2250 1980 2013 1558 1753 1306 1067 1089 1346 1733 1744 1915 1721 1786 1780 
actual_catch[wcsiTRL]: 0 85 144 401 565 715 300 539 540 492 675 1040 924 1156 1082 1105 1428 1959 2205 2163 1631 1609 1136 1750 1838 1749 1887 2146 2247 2304 2250 1980 2013 1558 1753 1306 1067 1089 1346 1733 1744 1915 1721 1786 1780 
*end

*derived_quantity[biomass]
SSB {L} 
type: biomass 
initialisation_phase[1]: 82200.8 
values {v}
1972 82200.8
1973 82143.2
1974 82007.7
1975 81036.9
1976 78790.7
1977 74652
1978 74875.4
1979 75113
1980 75088.8
1981 74293.4
1982 72197.4
1983 68991.7
1984 65722.8
1985 63192.6
1986 61859.3
1987 61416.4
1988 60236.4
1989 57499.7
1990 54042
1991 51046.6
1992 48793.1
1993 47526.6
1994 47205.5
1995 47446.5
1996 47764.3
1997 48699.9
1998 50108.7
1999 50590.5
2000 50017.2
2001 48515.5
2002 46847.9
2003 45450.1
2004 44455.6
2005 43841.3
2006 43889.6
2007 44300.8
2008 46173.8
2009 49352
2010 52729.6
2011 56287.6
2012 59000.3
2013 59984.6
2014 59065.7
2015 58577.9
2016 61070
end {L}
*end

*observation[Tangaroa_propn_at_age_Aug]
observation_type: proportions_at_age
likelihood: multinomial
Values {d}
year category age length observed expected residual error_value process_error adjusted_error score pearsons_residuals
2000 immature+mature 3 0 0.021 0.00612624 0.0148738 85 0 85 9.59903 1.75739
2000 immature+mature 4 0 0.0433 0.0506793 -0.00737932 85 0 85 13.6845 -0.310173
2000 immature+mature 5 0 0.0476 0.0352561 0.0123439 85 0 85 16.7819 0.617079
2000 immature+mature 6 0 0.0355 0.0340679 0.00143215 85 0 85 12.0111 0.0727866
2000 immature+mature 7 0 0.0317 0.0444748 -0.0127748 85 0 85 9.80919 -0.571326
2000 immature+mature 8 0 0.1025 0.0677699 0.0347301 85 0 85 35.6097 1.2739
2000 immature+mature 9 0 0.0608 0.0946649 -0.0338649 85 0 85 17.2598 -1.0665
2000 immature+mature 10 0 0.2001 0.111791 0.0883087 85 0 85 70.7971 2.58376
2000 immature+mature 11 0 0.0944 0.103434 -0.00903436 85 0 85 28.861 -0.273517
2000 immature+mature 12 0 0.0794 0.0878663 -0.0084663 85 0 85 24.4366 -0.275716
2000 immature+mature 13 0 0.1029 0.0750498 0.0278502 85 0 85 34.8844 0.974547
2000 immature+mature 14 0 0.0283 0.0609884 -0.0326884 85 0 85 7.82657 -1.25934
2000 immature+mature 15 0 0.039 0.0473147 -0.00831471 85 0 85 12.315 -0.361064
2000 immature+mature 16 0 0.0194 0.0361514 -0.0167514 85 0 85 5.86951 -0.827359
2000 immature+mature 17 0 0.0247 0.0276812 -0.00298124 85 0 85 8.3178 -0.167537
2000 immature+mature 18 0 0.0115 0.0215803 -0.0100803 85 0 85 3.74031 -0.639578
2000 immature+mature 19 0 0.0196 0.0174294 0.00217064 85 0 85 7.15462 0.152924
2000 immature+mature 20 0 0.0062 0.0146336 -0.00843364 85 0 85 2.10682 -0.647514
2000 immature+mature 21 0 0.0044 0.0124261 -0.00802608 85 0 85 1.52343 -0.667976
2000 immature+mature 22 0 0.0125 0.0103181 0.0021819 85 0 85 4.88739 0.199066
2000 immature+mature 23 0 0.0153 0.0402958 -0.0249958 85 0 85 4.33106 -1.17186
2012 immature+mature 3 0 0.0436 0.00730369 0.0362963 93 0 93 23.208 4.11078
2012 immature+mature 4 0 0.0477 0.0593209 -0.0116209 93 0 93 16.3863 -0.474415
2012 immature+mature 5 0 0.0431 0.0345923 0.00850772 93 0 93 16.675 0.448962
2012 immature+mature 6 0 0.0275 0.0330975 -0.00559755 93 0 93 9.98167 -0.301752
2012 immature+mature 7 0 0.05 0.0559546 -0.00595459 93 0 93 17.6086 -0.24985
2012 immature+mature 8 0 0.0607 0.0876746 -0.0269746 93 0 93 19.6653 -0.919782
2012 immature+mature 9 0 0.0761 0.110266 -0.0341661 93 0 93 24.2858 -1.05193
2012 immature+mature 10 0 0.0962 0.106996 -0.0107956 93 0 93 32.6771 -0.336804
2012 immature+mature 11 0 0.0865 0.100412 -0.0139124 93 0 93 29.19 -0.446405
2012 immature+mature 12 0 0.0718 0.0864143 -0.0146143 93 0 93 24.2322 -0.501594
2012 immature+mature 13 0 0.0601 0.0658592 -0.00575917 93 0 93 21.0275 -0.223917
2012 immature+mature 14 0 0.0544 0.0513331 0.00306694 93 0 93 19.9117 0.134027
2012 immature+mature 15 0 0.0418 0.0416667 0.000133286 93 0 93 15.3642 0.00643238
2012 immature+mature 16 0 0.0372 0.0336209 0.00357906 93 0 93 14.1349 0.191484
2012 immature+mature 17 0 0.0187 0.0266971 -0.0079971 93 0 93 6.76742 -0.478429
2012 immature+mature 18 0 0.045 0.021127 0.023873 93 0 93 19.6028 1.60091
2012 immature+mature 19 0 0.0357 0.0168478 0.0188522 93 0 93 15.7657 1.41261
2012 immature+mature 20 0 0.0266 0.0136498 0.0129502 93 0 93 11.7948 1.07631
2012 immature+mature 21 0 0.0226 0.0111646 0.0114354 93 0 93 10.2367 1.04957
2012 immature+mature 22 0 0.0203 0.00903407 0.0112659 93 0 93 9.4781 1.14825
2012 immature+mature 23 0 0.0345 0.0269677 0.00753233 93 0 93 13.6524 0.44842
2013 immature+mature 3 0 0.0339 0.0116304 0.0222696 79 0 79 13.3312 1.84616
2013 immature+mature 4 0 0.0728 0.0946275 -0.0218275 79 0 79 19.6783 -0.66282
2013 immature+mature 5 0 0.0483 0.0528279 -0.00452788 79 0 79 14.1252 -0.179913
2013 immature+mature 6 0 0.0305 0.0310756 -0.000575608 79 0 79 9.46668 -0.0294839
2013 immature+mature 7 0 0.0435 0.0394721 0.00402789 79 0 79 13.4734 0.183862
2013 immature+mature 8 0 0.0838 0.0691193 0.0146807 79 0 79 25.458 0.514416
2013 immature+mature 9 0 0.1055 0.0964457 0.00905429 79 0 79 30.8197 0.272615
2013 immature+mature 10 0 0.1294 0.107923 0.0214771 79 0 79 38.3892 0.615221
2013 immature+mature 11 0 0.0791 0.0985543 -0.0194543 79 0 79 21.5297 -0.580126
2013 immature+mature 12 0 0.0896 0.0858988 0.00370121 79 0 79 26.0581 0.117399
2013 immature+mature 13 0 0.0721 0.0713088 0.000791225 79 0 79 21.0583 0.0273279
2013 immature+mature 14 0 0.0456 0.0538667 -0.00826668 79 0 79 13.1207 -0.325468
2013 immature+mature 15 0 0.0241 0.0406656 -0.0165656 79 0 79 6.70331 -0.745455
2013 immature+mature 16 0 0.0224 0.0319795 -0.00957951 79 0 79 6.58348 -0.483926
2013 immature+mature 17 0 0.0141 0.0252809 -0.0111809 79 0 79 4.14884 -0.633074
2013 immature+mature 18 0 0.0228 0.0197422 0.00305781 79 0 79 7.58742 0.195369
2013 immature+mature 19 0 0.0225 0.0153665 0.00713345 79 0 79 7.91996 0.515452
2013 immature+mature 20 0 0.0204 0.0120564 0.0083436 79 0 79 7.48646 0.679505
2013 immature+mature 21 0 0.0127 0.00960061 0.00309939 79 0 79 4.66266 0.282511
2013 immature+mature 22 0 0.0107 0.00775006 0.00294994 79 0 79 4.05078 0.298994
2013 immature+mature 23 0 0.0161 0.0248082 -0.00870823 79 0 79 4.83922 -0.497623
2016 immature+mature 3 0 0.029 0.00706652 0.0219335 69 0 69 10.6038 2.17505
2016 immature+mature 4 0 0.073 0.0679486 0.00505141 69 0 69 18.3953 0.166735
2016 immature+mature 5 0 0.0574 0.0904886 -0.0330886 69 0 69 12.6343 -0.958081
2016 immature+mature 6 0 0.0297 0.0750924 -0.0453924 69 0 69 6.04483 -1.43074
2016 immature+mature 7 0 0.0439 0.073837 -0.029937 69 0 69 9.72195 -0.950937
2016 immature+mature 8 0 0.0653 0.0660322 -0.000732245 69 0 69 16.2117 -0.0244927
2016 immature+mature 9 0 0.0712 0.0576808 0.0135192 69 0 69 18.6548 0.481682
2016 immature+mature 10 0 0.0976 0.0621337 0.0354663 69 0 69 26.7059 1.22041
2016 immature+mature 11 0 0.0916 0.0745796 0.0170204 69 0 69 23.5941 0.538165
2016 immature+mature 12 0 0.1253 0.0810072 0.0442928 69 0 69 33.7392 1.34846
2016 immature+mature 13 0 0.0669 0.0769173 -0.0100173 69 0 69 15.9866 -0.312278
2016 immature+mature 14 0 0.0725 0.0650479 0.00745209 69 0 69 18.4617 0.25101
2016 immature+mature 15 0 0.0442 0.0516093 -0.00740926 69 0 69 10.8944 -0.27819
2016 immature+mature 16 0 0.0116 0.0394569 -0.0278569 69 0 69 2.51636 -1.18861
2016 immature+mature 17 0 0.0339 0.0289818 0.0049182 69 0 69 9.31079 0.243531
2016 immature+mature 18 0 0.0129 0.020725 -0.00782502 69 0 69 3.40792 -0.456258
2016 immature+mature 19 0 0.0086 0.0150478 -0.00644783 69 0 69 2.37681 -0.43994
2016 immature+mature 20 0 0.0097 0.0111755 -0.0014755 69 0 69 2.90602 -0.116593
2016 immature+mature 21 0 0.0118 0.00836224 0.00343776 69 0 69 3.82819 0.31359
2016 immature+mature 22 0 0.0072 0.00628053 0.000919475 69 0 69 2.39803 0.0966795
2016 immature+mature 23 0 0.0366 0.020529 0.016071 69 0 69 11.0426 0.941426
*end

*observation[wcsiTRLcpue]
observation_type: biomass
likelihood: lognormal
Values {d}
year category age length observed expected residual error_value process_error adjusted_error score normalised_residuals
1987 immature+mature 0 0 0.08 1.27789 -1.19789 0.09 0.748815 0.754204 6.79697 -3.79364
1988 immature+mature 0 0 0.37 1.23449 -0.864493 0.08 0.748815 0.753077 0.66945 -1.46256
1989 immature+mature 0 0 1.13 1.18752 -0.057523 0.07 0.748815 0.75208 -0.367204 0.260612
1990 immature+mature 0 0 1.74 1.13568 0.604321 0.06 0.748815 0.751215 0.070579 0.972286
1991 immature+mature 0 0 0.32 1.08404 -0.764042 0.07 0.748815 0.75208 0.705269 -1.48757
1992 immature+mature 0 0 0.49 1.03364 -0.543639 0.09 0.748815 0.754204 -0.0971938 -0.776785
1993 immature+mature 0 0 0.76 0.992455 -0.232455 0.1 0.748815 0.755463 -0.395679 -0.0611555
1994 immature+mature 0 0 0.72 0.967072 -0.247072 0.09 0.748815 0.754204 -0.393473 -0.1041
1995 immature+mature 0 0 1.88 0.953113 0.926887 0.08 0.748815 0.753077 0.50928 1.34861
1996 immature+mature 0 0 1.66 0.947499 0.712501 0.08 0.748815 0.753077 0.286396 1.17174
1997 immature+mature 0 0 1.41 0.956386 0.453614 0.07 0.748815 0.75208 0.0170335 0.914546
1998 immature+mature 0 0 1.18 0.974527 0.205473 0.08 0.748815 0.753077 -0.207544 0.620568
1999 immature+mature 0 0 1.46 0.989692 0.470308 0.07 0.748815 0.75208 0.0178731 0.915463
2000 immature+mature 0 0 0.91 1.00086 -0.0908628 0.06 0.748815 0.751215 -0.383624 0.192181
2001 immature+mature 0 0 1.08 0.999067 0.0809327 0.06 0.748815 0.751215 -0.300432 0.450908
2002 immature+mature 0 0 1.3 0.98978 0.31022 0.06 0.748815 0.751215 -0.126781 0.742037
2003 immature+mature 0 0 0.5 0.972133 -0.472133 0.07 0.748815 0.75208 -0.1845 -0.658276
2004 immature+mature 0 0 1.4 0.949709 0.450291 0.06 0.748815 0.751215 0.0161617 0.914606
2005 immature+mature 0 0 0.94 0.931184 0.00881587 0.06 0.748815 0.751215 -0.341348 0.348547
2006 immature+mature 0 0 0.58 0.925251 -0.345251 0.06 0.748815 0.751215 -0.335939 -0.363735
2007 immature+mature 0 0 0.6 0.928022 -0.328022 0.08 0.748815 0.753077 -0.350308 -0.315558
2008 immature+mature 0 0 0.47 0.94597 -0.47597 0.08 0.748815 0.753077 -0.149131 -0.708471
2009 immature+mature 0 0 0.44 0.985935 -0.545935 0.08 0.748815 0.753077 -0.0228491 -0.868617
2010 immature+mature 0 0 0.87 1.03542 -0.165423 0.08 0.748815 0.753077 -0.397253 0.0754169
2011 immature+mature 0 0 1.06 1.09044 -0.0304442 0.07 0.748815 0.75208 -0.358392 0.292478
2012 immature+mature 0 0 0.99 1.14736 -0.157358 0.07 0.748815 0.75208 -0.394614 0.114452
2013 immature+mature 0 0 1.24 1.20014 0.0398635 0.05 0.748815 0.750483 -0.329501 0.383085
2014 immature+mature 0 0 1.14 1.23827 -0.0982718 0.05 0.748815 0.750483 -0.380726 0.210485
2015 immature+mature 0 0 1.39 1.27604 0.113964 0.05 0.748815 0.750483 -0.29607 0.462184
2016 immature+mature 0 0 1.88 1.32068 0.559319 0.05 0.748815 0.750483 -0.0309116 0.862515
*end

*warnings[warnings_encounted]
warnings_found: 2
warning_0 {s}
estimated parameter 'catchability[wcsiTRLcpueq].q' was within 0.001 of its bound
warning_1 {s}
estimated parameter 'selectivity[wcsiTANsel_mature].sigma_r' was within 0.001 of its bound
*end

Total elapsed time: 18 seconds
Completed
